Concurrent Atomistic-Continuum (CAC) Simulator
Author: Shuozhi Xu (Georgia Institute of Technology)
Version: 1.0

There are              23 elements             184 nodes          108433 atoms, and            7680 cells

The system contains               2 grains

The lattice space of               1 grain is
x     2.48901587 y     4.31110195 z     6.09681884

The unit length of               1 grain is
x     4.97803174 y     2.87406796 z     2.03227295

The boundaries of               1 grain are (Angstrom)
x from    -0.62225397 to   128.80657126 length is   129.42882523
y from    -0.35925850 to    74.03359572 length is    74.39285421
z from    -4.40325805 to   101.27493522 length is   105.67819327

The lattice space of               2 grain is
x     2.48901587 y    12.93330584 z    18.29045653

The unit length of               2 grain is
x     4.97803174 y     2.39505664 z     3.38712158

The boundaries of               2 grain are (Angstrom)
x from    -0.62225397 to   128.80657126 length is   129.42882523
y from    74.03359572 to   126.39192887 length is    52.35833315
z from    -4.40325805 to   101.27493522 length is   105.67819327

The boundary conditions are
p        in the x direction
s        in the y direction
s        in the z direction

The periodic bounary condition is applied on
               1 direction with periodic length   129.42882523

The box boundaries/lengths are (Angstrom)
x from    -0.62225397 to   128.80657126 length is   129.42882523
y from    -0.35925850 to   126.39192887 length is   126.75118736
z from    -4.40325805 to   101.27493522 length is   105.67819327

The lattice_space_max are
x     2.48901587 y    12.93330584 z    18.29045653

The box contains number of lattice_space_max
x    52.00000000 y     9.80037037 z     5.77777778

In coarse-grained domain, there are              23 elements with             184 and nodes

There are               1 element types

The               1 type contains            2197 atoms per element

In atomistic domain, there are          108433 atoms

There are           50531 atomaps in mapping configuration

The unit cell volume is    10.90355200 Angstrom^3

The lattice name is Ni       type is fcc      the lattice parameters are (Angstrom)

x     3.52000000 y     3.52000000 z     3.52000000

The atomic mass is    58.69340000 g/mol

The potential type is eam     

The cutoff radius are     5.80375000 and     6.80375000 Angstrom

No modify

The output is done every             100 step
The reduce is done every             100 step
The restart is done every             500 step

The given temperature is    10.00000000 k

There are               4 groups:

Group               1 has              10 elements              80 nodes and           57538 atoms

Group               1 has velocity     0.00000000     0.00000000     0.00000000

Group               1 has shape block    and it is in unit of node     in coarse-grained and atom     in atomistic domain, respectively

Group/Modify               1 is inside the bound

Group/Modify               1 has boundary/length
x from    -0.62225397 to   128.80657126 length is   129.42882523
y from    -0.35925850 to   126.39192887 length is   126.75118736
z from    -4.40325805 to    48.45616131 length is    52.85941937

Group               2 has              13 elements             104 nodes and           50895 atoms

Group               2 has velocity     4.00000000     0.00000000     0.00000000

Group               2 has shape block    and it is in unit of node     in coarse-grained and atom     in atomistic domain, respectively

Group/Modify               2 is inside the bound

Group/Modify               2 has boundary/length
x from    -0.62225397 to   128.80657126 length is   129.42882523
y from    -0.35925850 to   126.39192887 length is   126.75118736
z from    48.45616131 to   101.27493522 length is    52.81877391

Group               3 has               5 elements              20 nodes and           19903 atoms

Group               3 has velocity     0.00000000     0.00000000     0.00000000

Group               3 has shape block    and it is in unit of node     in coarse-grained and atom     in atomistic domain, respectively

Group/Modify               3 is inside the bound

Group/Modify               3 has boundary/length
x from    -0.62225397 to   128.80657126 length is   129.42882523
y from    -0.35925850 to   126.39192887 length is   126.75118736
z from    -4.40325805 to    13.88719847 length is    18.29045653

Group               4 has               8 elements              32 nodes and           15340 atoms

Group               4 has velocity     0.00000000     0.00000000     0.00000000

Group               4 has shape block    and it is in unit of node     in coarse-grained and atom     in atomistic domain, respectively

Group/Modify               4 is inside the bound

Group/Modify               4 has boundary/length
x from    -0.62225397 to   128.80657126 length is   129.42882523
y from    -0.35925850 to   126.39192887 length is   126.75118736
z from    82.98488515 to   101.27493522 length is    18.29005007

timestep and time
               0     0.00000000 ps

in the coarse-grained domain

average/maximum/minimum energy (eV) per node is    -4.42395672    -4.33522706 and    -4.45000716

ave velocity (Angstrom/ps) is     0.00000000     0.00000000     0.00000000

total force (eV/Angstrom) is    -0.00008748    -0.08971941    -0.09499692

average/maximum/minimum number of neighbor atoms per intpo is   123.68869565             134 and              46

average/maximum/minimum host electron density per intpo is     0.96244658     1.00000003 and     0.47428523

in the atomistic domain

average/maximum/minimum energy (eV) per atom is    -4.39748434    -2.85737833 and    -4.45666025

ave velocity (Angstrom/ps) is     0.00000000     0.00000000     0.00000000

total force (eV/Angstrom) is    -0.03758143    27.98266882    -5.07784872

average/maximum/minimum number of neighbor atoms per atom is   127.07469128             134 and              43

average/maximum/minimum host electron density per atom is     0.97490068     1.00000003 and     0.40692722

in total

total force (eV/Angstrom) is    -0.03766891    27.89294941    -5.17284564

ave velocity (Angstrom/ps) is     0.00000000     0.00000000     0.00000000

ave kinetic energy (eV) is      0.00000000

global force vector length (eV/Angstrom) is    26.56063000

maximum force (eV/Angstrom) is      0.40312225

average/maximum/minimum number of neighbor cells per cell is    24.67083333              27 and              14

average/maximum/minimum number of atomps per cell is    35.50312500             116 and              22

box boundaries/lengths are (Angstrom)
x from    -0.62225397 to   128.80657126 length is   129.42882523
y from    -0.35925850 to   126.39192887 length is   126.75118736
z from    -4.40325805 to   101.27493522 length is   105.67819327

center of mass (Angstrom) is at    64.09073379    63.00214896    48.42885825

quasi-statics using cg       at timestep               1

dynamics using ld       at timestep              50

dynamics using ld       at timestep             100

timestep and time
             100     0.20000000 ps

in the coarse-grained domain

average/maximum/minimum energy (eV) per node is    -4.41996346    -4.33513177 and    -4.45002712

ave velocity (Angstrom/ps) is    -0.00197151    -0.00001534    -0.00113976

total force (eV/Angstrom) is    -2.20890988    -0.01718595    -1.27700875

average/maximum/minimum number of neighbor atoms per intpo is   123.68869565             134 and              46

average/maximum/minimum host electron density per intpo is     0.96180091     1.02166791 and     0.47370595

in the atomistic domain

average/maximum/minimum energy (eV) per atom is    -4.39007608    -2.87151770 and    -4.46392211

ave velocity (Angstrom/ps) is     0.00020703     0.00007060     0.00030407

total force (eV/Angstrom) is   136.69841447    46.61261600   200.76731097

average/maximum/minimum number of neighbor atoms per atom is   127.07469128             134 and              43

average/maximum/minimum host electron density per atom is     0.97448353     1.02327567 and     0.41358145

in total

total force (eV/Angstrom) is   134.48950459    46.59543004   199.49030222

ave velocity (Angstrom/ps) is     0.00020334     0.00007045     0.00030162

ave kinetic energy (eV) is      0.00001777

global force vector length (eV/Angstrom) is   153.38107521

maximum force (eV/Angstrom) is      3.89356998

average/maximum/minimum number of neighbor cells per cell is    24.67083333              27 and              14

average/maximum/minimum number of atomps per cell is    35.50312500             116 and              22

box boundaries/lengths are (Angstrom)
x from    -0.62225397 to   128.80657126 length is   129.42882523
y from    -0.35925850 to   126.39192887 length is   126.75118736
z from    -4.40325805 to   101.27493522 length is   105.67819327

center of mass (Angstrom) is at    64.09073379    63.00214896    48.42885825

dynamics using ld       at timestep             150

dynamics using ld       at timestep             200

Update neighbor list at             200

quasi-statics using cg       at timestep             200

Update neighbor list at             200

timestep and time
             200     0.40000000 ps

in the coarse-grained domain

average/maximum/minimum energy (eV) per node is    -4.41563769    -4.33511619 and    -4.45002382

ave velocity (Angstrom/ps) is    -0.00108212     0.00014928    -0.00070098

total force (eV/Angstrom) is    -1.53205519    -0.11923866    -0.50703692

average/maximum/minimum number of neighbor atoms per intpo is   122.92452174             136 and              46

average/maximum/minimum host electron density per intpo is     0.96070721     1.03123007 and     0.47382076

in the atomistic domain

average/maximum/minimum energy (eV) per atom is    -4.39050656    -2.87101620 and    -4.47300386

ave velocity (Angstrom/ps) is     0.00048281     0.00013726     0.00029963

total force (eV/Angstrom) is   260.48752647    82.70619622   112.66855617

average/maximum/minimum number of neighbor atoms per atom is   126.36822738             136 and              43

average/maximum/minimum host electron density per atom is     0.97408729     1.04863724 and     0.41293746

in total

total force (eV/Angstrom) is   258.95547128    82.58695757   112.16151925

ave velocity (Angstrom/ps) is     0.00048016     0.00013728     0.00029794

ave kinetic energy (eV) is      0.00002446

global force vector length (eV/Angstrom) is   179.98571126

maximum force (eV/Angstrom) is      4.29581909

average/maximum/minimum number of neighbor cells per cell is    24.67083333              27 and              14

average/maximum/minimum number of atomps per cell is    36.47773437             124 and              22

box boundaries/lengths are (Angstrom)
x from    -0.62225397 to   128.80657126 length is   129.42882523
y from    -0.35925850 to   126.39192887 length is   126.75118736
z from    -4.40325805 to   101.27493522 length is   105.67819327

center of mass (Angstrom) is at    63.70317081    63.00217566    48.42885476

dynamics using ld       at timestep             250

dynamics using ld       at timestep             300

timestep and time
             300     0.60000000 ps

in the coarse-grained domain

average/maximum/minimum energy (eV) per node is    -4.41178914    -4.30665254 and    -4.45002382

ave velocity (Angstrom/ps) is     0.00002963    -0.00029703     0.00059891

total force (eV/Angstrom) is     0.03319956    -0.33280036     0.67102663

average/maximum/minimum number of neighbor atoms per intpo is   122.92452174             136 and              46

average/maximum/minimum host electron density per intpo is     0.96063044     1.06262863 and     0.47382076

in the atomistic domain

average/maximum/minimum energy (eV) per atom is    -4.39082582    -2.75500496 and    -4.49752516

ave velocity (Angstrom/ps) is     0.00023113    -0.00000796    -0.00026202

total force (eV/Angstrom) is   152.60654100    -5.25664527  -173.00350249

average/maximum/minimum number of neighbor atoms per atom is   126.36822738             136 and              43

average/maximum/minimum host electron density per atom is     0.97458186     1.08255097 and     0.41293746

in total

total force (eV/Angstrom) is   152.63974056    -5.58944563  -172.33247586

ave velocity (Angstrom/ps) is     0.00023079    -0.00000845    -0.00026056

ave kinetic energy (eV) is      0.00000831

global force vector length (eV/Angstrom) is   104.87203775

maximum force (eV/Angstrom) is      4.00233844

average/maximum/minimum number of neighbor cells per cell is    24.67083333              27 and              14

average/maximum/minimum number of atomps per cell is    36.47773437             124 and              22

box boundaries/lengths are (Angstrom)
x from    -0.62225397 to   128.80657126 length is   129.42882523
y from    -0.35925850 to   126.39192887 length is   126.75118736
z from    -4.40325805 to   101.27493522 length is   105.67819327

center of mass (Angstrom) is at    63.70317081    63.00217566    48.42885476

dynamics using ld       at timestep             350

dynamics using ld       at timestep             400

Update neighbor list at             400

quasi-statics using cg       at timestep             400

Update neighbor list at             400

timestep and time
             400     0.80000000 ps

in the coarse-grained domain

average/maximum/minimum energy (eV) per node is    -4.41253713    -4.31362691 and    -4.45009340

ave velocity (Angstrom/ps) is    -0.00030306    -0.00099223     0.00011806

total force (eV/Angstrom) is    -0.55638618     0.25199519     0.13991498

average/maximum/minimum number of neighbor atoms per intpo is   122.66469565             136 and              46

average/maximum/minimum host electron density per intpo is     0.96046462     1.04893743 and     0.47346977

in the atomistic domain

average/maximum/minimum energy (eV) per atom is    -4.39219603    -2.84348005 and    -4.49553118

ave velocity (Angstrom/ps) is     0.00024531    -0.00001615    -0.00027170

total force (eV/Angstrom) is   161.25630121   -35.97011781   -62.30197713

average/maximum/minimum number of neighbor atoms per atom is   126.68843433             139 and              43

average/maximum/minimum host electron density per atom is     0.97479602     1.07538968 and     0.41231626

in total

total force (eV/Angstrom) is   160.69991503   -35.71812262   -62.16206214

ave velocity (Angstrom/ps) is     0.00024438    -0.00001780    -0.00027104

ave kinetic energy (eV) is      0.00000864

global force vector length (eV/Angstrom) is   106.95538404

maximum force (eV/Angstrom) is      3.75855452

average/maximum/minimum number of neighbor cells per cell is    24.67083333              27 and              14

average/maximum/minimum number of atomps per cell is    35.62473958             123 and              22

box boundaries/lengths are (Angstrom)
x from    -0.62225397 to   128.80657126 length is   129.42882523
y from    -0.35925850 to   126.39192887 length is   126.75118736
z from    -4.40325805 to   101.27493522 length is   105.67819327

center of mass (Angstrom) is at    63.70808023    63.00205044    48.42881364

dynamics using ld       at timestep             450

dynamics using ld       at timestep             500

timestep and time
             500     1.00000000 ps

in the coarse-grained domain

average/maximum/minimum energy (eV) per node is    -4.41254550    -4.31364829 and    -4.45009341

ave velocity (Angstrom/ps) is    -0.00056291     0.00000181    -0.00078673

total force (eV/Angstrom) is    -0.63069840     0.00203067    -0.88146292

average/maximum/minimum number of neighbor atoms per intpo is   122.66469565             136 and              46

average/maximum/minimum host electron density per intpo is     0.96046672     1.04894925 and     0.47346882

in the atomistic domain

average/maximum/minimum energy (eV) per atom is    -4.39219924    -2.84356252 and    -4.49555401

ave velocity (Angstrom/ps) is     0.00023858    -0.00006756    -0.00007464

total force (eV/Angstrom) is   157.52647310   -44.61122205   -49.27994486

average/maximum/minimum number of neighbor atoms per atom is   126.68843433             139 and              43

average/maximum/minimum host electron density per atom is     0.97479684     1.07540125 and     0.41231669

in total

total force (eV/Angstrom) is   156.89577470   -44.60919138   -50.16140778

ave velocity (Angstrom/ps) is     0.00023722    -0.00006745    -0.00007584

ave kinetic energy (eV) is      0.00000344

global force vector length (eV/Angstrom) is    67.51567818

maximum force (eV/Angstrom) is      3.70997517

average/maximum/minimum number of neighbor cells per cell is    24.67083333              27 and              14

average/maximum/minimum number of atomps per cell is    35.62473958             123 and              22

box boundaries/lengths are (Angstrom)
x from    -0.62225397 to   128.80657126 length is   129.42882523
y from    -0.35925850 to   126.39192887 length is   126.75118736
z from    -4.40325805 to   101.27493522 length is   105.67819327

center of mass (Angstrom) is at    63.70808023    63.00205044    48.42881364

dynamics using ld       at timestep             550

dynamics using ld       at timestep             600

Update neighbor list at             600

quasi-statics using cg       at timestep             600

timestep and time
             600     1.20000000 ps

in the coarse-grained domain

average/maximum/minimum energy (eV) per node is    -4.41650087    -4.32118317 and    -4.44941414

ave velocity (Angstrom/ps) is     0.00067896    -0.03459332    -0.00044268

total force (eV/Angstrom) is     0.71391360     0.05425417    -0.23359176

average/maximum/minimum number of neighbor atoms per intpo is   122.71791304             135 and              46

average/maximum/minimum host electron density per intpo is     0.96076084     1.03054051 and     0.47256320

in the atomistic domain

average/maximum/minimum energy (eV) per atom is    -4.39303668    -2.87044808 and    -4.46018260

ave velocity (Angstrom/ps) is     0.01870768    -0.00475437    -0.00001015

total force (eV/Angstrom) is  -165.81863045    23.23335881    21.44619087

average/maximum/minimum number of neighbor atoms per atom is   126.72557247             136 and              43

average/maximum/minimum host electron density per atom is     0.97493135     1.04973682 and     0.41251750

in total

total force (eV/Angstrom) is  -165.10471686    23.28761299    21.21259911

ave velocity (Angstrom/ps) is     0.01867713    -0.00480492    -0.00001088

ave kinetic energy (eV) is      0.00170624

global force vector length (eV/Angstrom) is    66.69877732

maximum force (eV/Angstrom) is      2.38569768

average/maximum/minimum number of neighbor cells per cell is    24.67083333              27 and              14

average/maximum/minimum number of atomps per cell is    36.43541667             128 and              22

box boundaries/lengths are (Angstrom)
x from    -0.62225397 to   128.80657126 length is   129.42882523
y from    -0.35925850 to   126.39192887 length is   126.75118736
z from    -4.40325805 to   101.27493522 length is   105.67819327

center of mass (Angstrom) is at    64.10698991    63.00211764    48.42881369

dynamics using ld       at timestep             650

dynamics using ld       at timestep             700

timestep and time
             700     1.40000000 ps

in the coarse-grained domain

average/maximum/minimum energy (eV) per node is    -4.41511730    -4.32179031 and    -4.44772426

ave velocity (Angstrom/ps) is     0.03006821     0.00389039     0.00013098

total force (eV/Angstrom) is     0.50138218     1.04160640     0.14675687

average/maximum/minimum number of neighbor atoms per intpo is   122.71791304             135 and              46

average/maximum/minimum host electron density per intpo is     0.96082754     1.03216211 and     0.47219143

in the atomistic domain

average/maximum/minimum energy (eV) per atom is    -4.38925773    -2.87176904 and    -4.45501626

ave velocity (Angstrom/ps) is     0.02514735    -0.02288218     0.00009742

total force (eV/Angstrom) is   -93.30997627    24.74918116    64.32574752

average/maximum/minimum number of neighbor atoms per atom is   126.72557247             136 and              43

average/maximum/minimum host electron density per atom is     0.97468242     1.05142418 and     0.41277336

in total

total force (eV/Angstrom) is   -92.80859409    25.79078756    64.47250439

ave velocity (Angstrom/ps) is     0.02515569    -0.02283683     0.00009748

ave kinetic energy (eV) is      0.00132135

global force vector length (eV/Angstrom) is    63.16628378

maximum force (eV/Angstrom) is      2.36189371

average/maximum/minimum number of neighbor cells per cell is    24.67083333              27 and              14

average/maximum/minimum number of atomps per cell is    36.43541667             128 and              22

box boundaries/lengths are (Angstrom)
x from    -0.62225397 to   128.80657126 length is   129.42882523
y from    -0.35925850 to   126.39192887 length is   126.75118736
z from    -4.40325805 to   101.27493522 length is   105.67819327

center of mass (Angstrom) is at    64.10698991    63.00211764    48.42881369

dynamics using ld       at timestep             750

dynamics using ld       at timestep             800

Update neighbor list at             800

quasi-statics using cg       at timestep             800

timestep and time
             800     1.60000000 ps

in the coarse-grained domain

average/maximum/minimum energy (eV) per node is    -4.41138901    -4.32364579 and    -4.44512757

ave velocity (Angstrom/ps) is    -0.02674235     0.00139504     0.00019373

total force (eV/Angstrom) is     0.15978304     0.35186388    -0.19068416

average/maximum/minimum number of neighbor atoms per intpo is   122.81704348             136 and              46

average/maximum/minimum host electron density per intpo is     0.96048477     1.02644727 and     0.47120378

in the atomistic domain

average/maximum/minimum energy (eV) per atom is    -4.38369279    -2.87365983 and    -4.45241498

ave velocity (Angstrom/ps) is     0.07293159    -0.02866356     0.00009285

total force (eV/Angstrom) is   -46.76243228   -32.97574923    11.53847535

average/maximum/minimum number of neighbor atoms per atom is   126.69504671             136 and              43

average/maximum/minimum host electron density per atom is     0.97419511     1.04823081 and     0.41282827

in total

total force (eV/Angstrom) is   -46.60264924   -32.62388535    11.34779119

ave velocity (Angstrom/ps) is     0.07276273    -0.02861264     0.00009302

ave kinetic energy (eV) is      0.00142509

global force vector length (eV/Angstrom) is    66.06134786

maximum force (eV/Angstrom) is      2.55655006

average/maximum/minimum number of neighbor cells per cell is    24.67083333              27 and              14

average/maximum/minimum number of atomps per cell is    36.41875000             130 and              22

box boundaries/lengths are (Angstrom)
x from    -0.62225397 to   128.80657126 length is   129.42882523
y from    -0.35925850 to   126.39192887 length is   126.75118736
z from    -4.40325805 to   101.27493522 length is   105.67819327

center of mass (Angstrom) is at    64.34363186    63.00220092    48.42889546

dynamics using ld       at timestep             850

dynamics using ld       at timestep             900

timestep and time
             900     1.80000000 ps

in the coarse-grained domain

average/maximum/minimum energy (eV) per node is    -4.40519589    -4.31671019 and    -4.44039264

ave velocity (Angstrom/ps) is    -0.03149149     0.02507240     0.00050182

total force (eV/Angstrom) is     0.30151606    -0.03994107     0.56225080

average/maximum/minimum number of neighbor atoms per intpo is   122.81704348             136 and              46

average/maximum/minimum host electron density per intpo is     0.96038044     1.02830482 and     0.47029555

in the atomistic domain

average/maximum/minimum energy (eV) per atom is    -4.37499541    -2.87615809 and    -4.45308703

ave velocity (Angstrom/ps) is     0.09314968    -0.03144881     0.00010232

total force (eV/Angstrom) is  -254.26293763    11.32091454    67.56219772

average/maximum/minimum number of neighbor atoms per atom is   126.69504671             136 and              43

average/maximum/minimum host electron density per atom is     0.97330893     1.05028968 and     0.41332271

in total

total force (eV/Angstrom) is  -253.96142156    11.28097347    68.12444852

ave velocity (Angstrom/ps) is     0.09293854    -0.03135306     0.00010300

ave kinetic energy (eV) is      0.00133857

global force vector length (eV/Angstrom) is    65.65951945

maximum force (eV/Angstrom) is      2.51448397

average/maximum/minimum number of neighbor cells per cell is    24.67083333              27 and              14

average/maximum/minimum number of atomps per cell is    36.41875000             130 and              22

box boundaries/lengths are (Angstrom)
x from    -0.62225397 to   128.80657126 length is   129.42882523
y from    -0.35925850 to   126.39192887 length is   126.75118736
z from    -4.40325805 to   101.27493522 length is   105.67819327

center of mass (Angstrom) is at    64.34363186    63.00220092    48.42889546

The deformation gradient is reversed

dynamics using ld       at timestep             950

dynamics using ld       at timestep            1000

Update neighbor list at            1000

quasi-statics using cg       at timestep            1000

timestep and time
            1000     2.00000000 ps

in the coarse-grained domain

average/maximum/minimum energy (eV) per node is    -4.41265006    -4.32505531 and    -4.44595272

ave velocity (Angstrom/ps) is     0.00657407    -0.03242225    -0.00010415

total force (eV/Angstrom) is     0.76458595    -0.06990614    -0.24860949

average/maximum/minimum number of neighbor atoms per intpo is   123.11200000             136 and              46

average/maximum/minimum host electron density per intpo is     0.96098812     1.02347927 and     0.47076219

in the atomistic domain

average/maximum/minimum energy (eV) per atom is    -4.38424534    -2.87295921 and    -4.45339638

ave velocity (Angstrom/ps) is     0.10814462    -0.02699531     0.00005455

total force (eV/Angstrom) is  -183.59015782    45.28058783    26.05362072

average/maximum/minimum number of neighbor atoms per atom is   126.78659633             137 and              43

average/maximum/minimum host electron density per atom is     0.97434261     1.03986016 and     0.41313151

in total

total force (eV/Angstrom) is  -182.82557187    45.21068169    25.80501123

ave velocity (Angstrom/ps) is     0.10797256    -0.02700450     0.00005428

ave kinetic energy (eV) is      0.00123195

global force vector length (eV/Angstrom) is    64.77105670

maximum force (eV/Angstrom) is      2.59140389

average/maximum/minimum number of neighbor cells per cell is    24.67083333              27 and              14

average/maximum/minimum number of atomps per cell is    36.43190104             126 and              22

box boundaries/lengths are (Angstrom)
x from    -0.62225397 to   128.80657126 length is   129.42882523
y from    -0.35925850 to   126.39192887 length is   126.75118736
z from    -4.40325805 to   101.27493522 length is   105.67819327

center of mass (Angstrom) is at    64.31140500    63.00215478    48.42885948

The deformation gradient is reversed

dynamics using ld       at timestep            1050

dynamics using ld       at timestep            1100

timestep and time
            1100     2.20000000 ps

in the coarse-grained domain

average/maximum/minimum energy (eV) per node is    -4.40709806    -4.31740323 and    -4.44145895

ave velocity (Angstrom/ps) is     0.02336275    -0.02048245    -0.00002154

total force (eV/Angstrom) is     0.36541089     0.14314774    -0.02412891

average/maximum/minimum number of neighbor atoms per intpo is   123.11200000             136 and              46

average/maximum/minimum host electron density per intpo is     0.96060381     1.02494831 and     0.46988294

in the atomistic domain

average/maximum/minimum energy (eV) per atom is    -4.37598838    -2.87555493 and    -4.45175386

ave velocity (Angstrom/ps) is     0.11380835    -0.03146520     0.00003855

total force (eV/Angstrom) is  -199.12237936    34.82802957    25.45622007

average/maximum/minimum number of neighbor atoms per atom is   126.78659633             137 and              43

average/maximum/minimum host electron density per atom is     0.97380311     1.04133015 and     0.41364082

in total

total force (eV/Angstrom) is  -198.75696847    34.97117731    25.43209116

ave velocity (Angstrom/ps) is     0.11365514    -0.03144659     0.00003845

ave kinetic energy (eV) is      0.00113657

global force vector length (eV/Angstrom) is    64.03757635

maximum force (eV/Angstrom) is      2.63093207

average/maximum/minimum number of neighbor cells per cell is    24.67083333              27 and              14

average/maximum/minimum number of atomps per cell is    36.43190104             126 and              22

box boundaries/lengths are (Angstrom)
x from    -0.62225397 to   128.80657126 length is   129.42882523
y from    -0.35925850 to   126.39192887 length is   126.75118736
z from    -4.40325805 to   101.27493522 length is   105.67819327

center of mass (Angstrom) is at    64.31140500    63.00215478    48.42885948

dynamics using ld       at timestep            1150

dynamics using ld       at timestep            1200

Update neighbor list at            1200

quasi-statics using cg       at timestep            1200

Update neighbor list at            1200

timestep and time
            1200     2.40000000 ps

in the coarse-grained domain

average/maximum/minimum energy (eV) per node is    -4.40022276    -4.30786278 and    -4.43679600

ave velocity (Angstrom/ps) is     0.05176883    -0.04353193     0.00057004

total force (eV/Angstrom) is     1.02619748     0.12588700    -0.02973397

average/maximum/minimum number of neighbor atoms per intpo is   120.97321739             136 and              42

average/maximum/minimum host electron density per intpo is     0.95999394     1.01993561 and     0.46846048

in the atomistic domain

average/maximum/minimum energy (eV) per atom is    -4.36571865    -2.87924160 and    -4.44955053

ave velocity (Angstrom/ps) is     0.09838493    -0.03506440    -0.00001353

total force (eV/Angstrom) is  -297.93388316    22.94464974     7.62471629

average/maximum/minimum number of neighbor atoms per atom is   123.05655105             137 and              44

average/maximum/minimum host electron density per atom is     0.97282947     1.04067848 and     0.41432899

in total

total force (eV/Angstrom) is  -296.90768567    23.07053675     7.59498232

ave velocity (Angstrom/ps) is     0.09830596    -0.03507874    -0.00001255

ave kinetic energy (eV) is      0.00127506

global force vector length (eV/Angstrom) is    68.65257527

maximum force (eV/Angstrom) is      2.00697951

average/maximum/minimum number of neighbor cells per cell is    24.67083333              27 and              14

average/maximum/minimum number of atomps per cell is    36.42239583             126 and              22

box boundaries/lengths are (Angstrom)
x from    -0.62225397 to   128.80657126 length is   129.42882523
y from    -0.35925850 to   126.39192887 length is   126.75118736
z from    -4.40325805 to   101.27493522 length is   105.67819327

center of mass (Angstrom) is at    64.49259525    63.00214157    48.42891304

The deformation gradient is reversed

dynamics using ld       at timestep            1250

dynamics using ld       at timestep            1300

timestep and time
            1300     2.60000000 ps

in the coarse-grained domain

average/maximum/minimum energy (eV) per node is    -4.40880090    -4.31829861 and    -4.44555596

ave velocity (Angstrom/ps) is     0.09047156    -0.02726068     0.00013641

total force (eV/Angstrom) is     1.39341144    -0.42983327     0.15283066

average/maximum/minimum number of neighbor atoms per intpo is   120.97321739             136 and              42

average/maximum/minimum host electron density per intpo is     0.96065459     1.01913305 and     0.46947383

in the atomistic domain

average/maximum/minimum energy (eV) per atom is    -4.37669757    -2.87598959 and    -4.45473357

ave velocity (Angstrom/ps) is     0.06760099    -0.03440563    -0.00001247

total force (eV/Angstrom) is  -271.48302014    44.06531805    -8.23113617

average/maximum/minimum number of neighbor atoms per atom is   123.05655105             137 and              44

average/maximum/minimum host electron density per atom is     0.97392540     1.03945945 and     0.41364684

in total

total force (eV/Angstrom) is  -270.08960870    43.63548478    -8.07830552

ave velocity (Angstrom/ps) is     0.06763973    -0.03439353    -0.00001221

ave kinetic energy (eV) is      0.00138493

global force vector length (eV/Angstrom) is    64.28616617

maximum force (eV/Angstrom) is      2.14873294

average/maximum/minimum number of neighbor cells per cell is    24.67083333              27 and              14

average/maximum/minimum number of atomps per cell is    36.42239583             126 and              22

box boundaries/lengths are (Angstrom)
x from    -0.62225397 to   128.80657126 length is   129.42882523
y from    -0.35925850 to   126.39192887 length is   126.75118736
z from    -4.40325805 to   101.27493522 length is   105.67819327

center of mass (Angstrom) is at    64.49259525    63.00214157    48.42891304

The deformation gradient is reversed

dynamics using ld       at timestep            1350

dynamics using ld       at timestep            1400

Update neighbor list at            1400

quasi-statics using cg       at timestep            1400

Update neighbor list at            1400

timestep and time
            1400     2.80000000 ps

in the coarse-grained domain

average/maximum/minimum energy (eV) per node is    -4.40166332    -4.30911017 and    -4.43970598

ave velocity (Angstrom/ps) is     0.11242852    -0.04930523     0.00077429

total force (eV/Angstrom) is     0.59203605     0.13438757     0.06800462

average/maximum/minimum number of neighbor atoms per intpo is   121.49078261             136 and              42

average/maximum/minimum host electron density per intpo is     0.96103366     1.02150387 and     0.46722499

in the atomistic domain

average/maximum/minimum energy (eV) per atom is    -4.36748939    -2.87721606 and    -4.44959157

ave velocity (Angstrom/ps) is     0.03650095    -0.02980083    -0.00011107

total force (eV/Angstrom) is  -196.93489400    -6.64650918   -21.64934251

average/maximum/minimum number of neighbor atoms per atom is   123.40529175             137 and              44

average/maximum/minimum host electron density per atom is     0.97310215     1.03073758 and     0.41385137

in total

total force (eV/Angstrom) is  -196.34285795    -6.51212161   -21.58133789

ave velocity (Angstrom/ps) is     0.03662958    -0.02983387    -0.00010957

ave kinetic energy (eV) is      0.00168244

global force vector length (eV/Angstrom) is    68.74913590

maximum force (eV/Angstrom) is      1.61380198

average/maximum/minimum number of neighbor cells per cell is    24.67083333              27 and              14

average/maximum/minimum number of atomps per cell is    36.42382812             126 and              22

box boundaries/lengths are (Angstrom)
x from    -0.62225397 to   128.80657126 length is   129.42882523
y from    -0.35925850 to   126.39192887 length is   126.75118736
z from    -4.40325805 to   101.27493522 length is   105.67819327

center of mass (Angstrom) is at    64.71656747    63.00213842    48.42891118

The deformation gradient is reversed

dynamics using ld       at timestep            1450

dynamics using ld       at timestep            1500

timestep and time
            1500     3.00000000 ps

in the coarse-grained domain

average/maximum/minimum energy (eV) per node is    -4.40973592    -4.31910988 and    -4.44525644

ave velocity (Angstrom/ps) is     0.08234453    -0.03506500    -0.00009433

total force (eV/Angstrom) is     0.26826478     0.33890172    -0.10568803

average/maximum/minimum number of neighbor atoms per intpo is   121.49078261             136 and              42

average/maximum/minimum host electron density per intpo is     0.96162243     1.01712877 and     0.46822837

in the atomistic domain

average/maximum/minimum energy (eV) per atom is    -4.37801880    -2.87392517 and    -4.45453143

ave velocity (Angstrom/ps) is     0.01530604    -0.03325425    -0.00002204

total force (eV/Angstrom) is  -107.44178598   -30.36072182   -14.54971733

average/maximum/minimum number of neighbor atoms per atom is   123.40529175             137 and              44

average/maximum/minimum host electron density per atom is     0.97410373     1.02976204 and     0.41312215

in total

total force (eV/Angstrom) is  -107.17352120   -30.02182010   -14.65540536

ave velocity (Angstrom/ps) is     0.01541961    -0.03325731    -0.00002216

ave kinetic energy (eV) is      0.00161067

global force vector length (eV/Angstrom) is    65.62567696

maximum force (eV/Angstrom) is      2.15365703

average/maximum/minimum number of neighbor cells per cell is    24.67083333              27 and              14

average/maximum/minimum number of atomps per cell is    36.42382812             126 and              22

box boundaries/lengths are (Angstrom)
x from    -0.62225397 to   128.80657126 length is   129.42882523
y from    -0.35925850 to   126.39192887 length is   126.75118736
z from    -4.40325805 to   101.27493522 length is   105.67819327

center of mass (Angstrom) is at    64.71656747    63.00213842    48.42891118

The deformation gradient is reversed

dynamics using ld       at timestep            1550

dynamics using ld       at timestep            1600

Update neighbor list at            1600

quasi-statics using cg       at timestep            1600

Update neighbor list at            1600

timestep and time
            1600     3.20000000 ps

in the coarse-grained domain

average/maximum/minimum energy (eV) per node is    -4.40205898    -4.30921382 and    -4.44096084

ave velocity (Angstrom/ps) is     0.06511354    -0.00925995    -0.00017587

total force (eV/Angstrom) is     0.59128686     0.27420254     0.01946136

average/maximum/minimum number of neighbor atoms per intpo is   121.50156522             136 and              42

average/maximum/minimum host electron density per intpo is     0.96137323     1.01592434 and     0.46742946

in the atomistic domain

average/maximum/minimum energy (eV) per atom is    -4.36856133    -2.87648477 and    -4.45037532

ave velocity (Angstrom/ps) is     0.00088568    -0.03437718    -0.00000167

total force (eV/Angstrom) is  -169.20107412     0.46279020   -20.29175839

average/maximum/minimum number of neighbor atoms per atom is   123.55659255             137 and              44

average/maximum/minimum host electron density per atom is     0.97291762     1.03165123 and     0.41426805

in total

total force (eV/Angstrom) is  -168.60978726     0.73699275   -20.27229703

ave velocity (Angstrom/ps) is     0.00099448    -0.03433463    -0.00000196

ave kinetic energy (eV) is      0.00136488

global force vector length (eV/Angstrom) is    70.23620657

maximum force (eV/Angstrom) is      1.71203675

average/maximum/minimum number of neighbor cells per cell is    24.67083333              27 and              14

average/maximum/minimum number of atomps per cell is    36.42434896             126 and              22

box boundaries/lengths are (Angstrom)
x from    -0.62225397 to   128.80657126 length is   129.42882523
y from    -0.35925850 to   126.39192887 length is   126.75118736
z from    -4.40325805 to   101.27493522 length is   105.67819327

center of mass (Angstrom) is at    64.70296694    63.00221703    48.42884126

The deformation gradient is reversed

dynamics using ld       at timestep            1650

dynamics using ld       at timestep            1700

timestep and time
            1700     3.40000000 ps

in the coarse-grained domain

average/maximum/minimum energy (eV) per node is    -4.41012475    -4.31846732 and    -4.44604254

ave velocity (Angstrom/ps) is     0.04562900    -0.02227025    -0.00123370

total force (eV/Angstrom) is     0.20682857    -0.00489347    -1.38225951

average/maximum/minimum number of neighbor atoms per intpo is   121.50156522             136 and              42

average/maximum/minimum host electron density per intpo is     0.96217618     1.01539317 and     0.46846999

in the atomistic domain

average/maximum/minimum energy (eV) per atom is    -4.37857328    -2.87308367 and    -4.46922663

ave velocity (Angstrom/ps) is     0.00025441    -0.02771466    -0.00001694

total force (eV/Angstrom) is   -80.11120990   -11.76206816   -11.18464360

average/maximum/minimum number of neighbor atoms per atom is   123.55659255             137 and              44

average/maximum/minimum host electron density per atom is     0.97365197     1.03035005 and     0.41353947

in total

total force (eV/Angstrom) is   -79.90438134   -11.76696164   -12.56690311

ave velocity (Angstrom/ps) is     0.00033127    -0.02770543    -0.00001900

ave kinetic energy (eV) is      0.00114026

global force vector length (eV/Angstrom) is    65.57240939

maximum force (eV/Angstrom) is      2.30718523

average/maximum/minimum number of neighbor cells per cell is    24.67083333              27 and              14

average/maximum/minimum number of atomps per cell is    36.42434896             126 and              22

box boundaries/lengths are (Angstrom)
x from    -0.62225397 to   128.80657126 length is   129.42882523
y from    -0.35925850 to   126.39192887 length is   126.75118736
z from    -4.40325805 to   101.27493522 length is   105.67819327

center of mass (Angstrom) is at    64.70296694    63.00221703    48.42884126

The deformation gradient is reversed

dynamics using ld       at timestep            1750

dynamics using ld       at timestep            1800

Update neighbor list at            1800

quasi-statics using cg       at timestep            1800

Update neighbor list at            1800

timestep and time
            1800     3.60000000 ps

in the coarse-grained domain

average/maximum/minimum energy (eV) per node is    -4.40260870    -4.30914659 and    -4.44129335

ave velocity (Angstrom/ps) is     0.02426366    -0.02894316    -0.00084593

total force (eV/Angstrom) is     0.42977974     0.32066252    -0.04527209

average/maximum/minimum number of neighbor atoms per intpo is   121.81982609             136 and              42

average/maximum/minimum host electron density per intpo is     0.96196977     1.01844712 and     0.46757697

in the atomistic domain

average/maximum/minimum energy (eV) per atom is    -4.36934390    -2.87714866 and    -4.47767723

ave velocity (Angstrom/ps) is     0.00484101    -0.02168968     0.00001597

total force (eV/Angstrom) is  -144.26912874   -14.25415849     3.13520266

average/maximum/minimum number of neighbor atoms per atom is   123.71444118             137 and              44

average/maximum/minimum host electron density per atom is     0.97278401     1.02764914 and     0.41397790

in total

total force (eV/Angstrom) is  -143.83934900   -13.93349596     3.08993057

ave velocity (Angstrom/ps) is     0.00487391    -0.02170197     0.00001451

ave kinetic energy (eV) is      0.00105759

global force vector length (eV/Angstrom) is    69.31577256

maximum force (eV/Angstrom) is      1.54508944

average/maximum/minimum number of neighbor cells per cell is    24.67083333              27 and              14

average/maximum/minimum number of atomps per cell is    36.41901042             125 and              22

box boundaries/lengths are (Angstrom)
x from    -0.62225397 to   128.80657126 length is   129.42882523
y from    -0.35925850 to   126.39192887 length is   126.75118736
z from    -4.40325805 to   101.27493522 length is   105.67819327

center of mass (Angstrom) is at    64.91032086    63.00221392    48.42878242

The deformation gradient is reversed

dynamics using ld       at timestep            1850

dynamics using ld       at timestep            1900

timestep and time
            1900     3.80000000 ps

in the coarse-grained domain

average/maximum/minimum energy (eV) per node is    -4.41034511    -4.31900926 and    -4.44524222

ave velocity (Angstrom/ps) is    -0.01799700    -0.01980903    -0.00005335

total force (eV/Angstrom) is     1.29481498     0.32812667    -0.05977832

average/maximum/minimum number of neighbor atoms per intpo is   121.81982609             136 and              42

average/maximum/minimum host electron density per intpo is     0.96227060     1.01638439 and     0.46851563

in the atomistic domain

average/maximum/minimum energy (eV) per atom is    -4.37925189    -2.87369849 and    -4.46674387

ave velocity (Angstrom/ps) is    -0.01194470    -0.01716377    -0.00003963

total force (eV/Angstrom) is  -159.70159646  -111.99507073   -26.16655003

average/maximum/minimum number of neighbor atoms per atom is   123.71444118             137 and              44

average/maximum/minimum host electron density per atom is     0.97403215     1.02690681 and     0.41322845

in total

total force (eV/Angstrom) is  -158.40678148  -111.66694406   -26.22632835

ave velocity (Angstrom/ps) is    -0.01195495    -0.01716825    -0.00003965

ave kinetic energy (eV) is      0.00100570

global force vector length (eV/Angstrom) is    65.64375093

maximum force (eV/Angstrom) is      2.08895696

average/maximum/minimum number of neighbor cells per cell is    24.67083333              27 and              14

average/maximum/minimum number of atomps per cell is    36.41901042             125 and              22

box boundaries/lengths are (Angstrom)
x from    -0.62225397 to   128.80657126 length is   129.42882523
y from    -0.35925850 to   126.39192887 length is   126.75118736
z from    -4.40325805 to   101.27493522 length is   105.67819327

center of mass (Angstrom) is at    64.91032086    63.00221392    48.42878242

The deformation gradient is reversed

dynamics using ld       at timestep            1950

dynamics using ld       at timestep            2000

Update neighbor list at            2000

quasi-statics using cg       at timestep            2000

Update neighbor list at            2000

timestep and time
            2000     4.00000000 ps

in the coarse-grained domain

average/maximum/minimum energy (eV) per node is    -4.40268408    -4.30988269 and    -4.44034165

ave velocity (Angstrom/ps) is    -0.03857266     0.03089378     0.00040527

total force (eV/Angstrom) is     0.51914059     0.44445250    -0.07238497

average/maximum/minimum number of neighbor atoms per intpo is   121.82608696             136 and              42

average/maximum/minimum host electron density per intpo is     0.96185403     1.01409517 and     0.46728274

in the atomistic domain

average/maximum/minimum energy (eV) per atom is    -4.37045551    -2.87839680 and    -4.45249662

ave velocity (Angstrom/ps) is    -0.04323638    -0.00488353    -0.00002333

total force (eV/Angstrom) is  -141.19983652   -37.52507851     1.46680946

average/maximum/minimum number of neighbor atoms per atom is   123.93027031             136 and              44

average/maximum/minimum host electron density per atom is     0.97335694     1.02658003 and     0.41444538

in total

total force (eV/Angstrom) is  -140.68069594   -37.08062602     1.39442450

ave velocity (Angstrom/ps) is    -0.04322848    -0.00482292    -0.00002261

ave kinetic energy (eV) is      0.00110180

global force vector length (eV/Angstrom) is    68.87763853

maximum force (eV/Angstrom) is      1.65115149

average/maximum/minimum number of neighbor cells per cell is    24.67083333              27 and              14

average/maximum/minimum number of atomps per cell is    36.42929687             126 and              22

box boundaries/lengths are (Angstrom)
x from    -0.62225397 to   128.80657126 length is   129.42882523
y from    -0.35925850 to   126.39192887 length is   126.75118736
z from    -4.40325805 to   101.27493522 length is   105.67819327

center of mass (Angstrom) is at    64.92120283    63.00209441    48.42889071

The deformation gradient is reversed

dynamics using ld       at timestep            2050

dynamics using ld       at timestep            2100

timestep and time
            2100     4.20000000 ps

in the coarse-grained domain

average/maximum/minimum energy (eV) per node is    -4.41049679    -4.31874581 and    -4.44572398

ave velocity (Angstrom/ps) is    -0.03248521     0.01279089     0.00042875

total force (eV/Angstrom) is     0.17924696     1.09957641     0.48038074

average/maximum/minimum number of neighbor atoms per intpo is   121.82608696             136 and              42

average/maximum/minimum host electron density per intpo is     0.96220746     1.01363625 and     0.46827228

in the atomistic domain

average/maximum/minimum energy (eV) per atom is    -4.37998194    -2.87493451 and    -4.47210776

ave velocity (Angstrom/ps) is    -0.04012095     0.01187060     0.00000790

total force (eV/Angstrom) is  -126.73514593    58.27872753     5.21563764

average/maximum/minimum number of neighbor atoms per atom is   123.93027031             136 and              44

average/maximum/minimum host electron density per atom is     0.97427545     1.02607987 and     0.41369589

in total

total force (eV/Angstrom) is  -126.55589897    59.37830394     5.69601838

ave velocity (Angstrom/ps) is    -0.04010802     0.01187215     0.00000861

ave kinetic energy (eV) is      0.00098754

global force vector length (eV/Angstrom) is    64.83967797

maximum force (eV/Angstrom) is      2.11909999

average/maximum/minimum number of neighbor cells per cell is    24.67083333              27 and              14

average/maximum/minimum number of atomps per cell is    36.42929687             126 and              22

box boundaries/lengths are (Angstrom)
x from    -0.62225397 to   128.80657126 length is   129.42882523
y from    -0.35925850 to   126.39192887 length is   126.75118736
z from    -4.40325805 to   101.27493522 length is   105.67819327

center of mass (Angstrom) is at    64.92120283    63.00209441    48.42889071

The deformation gradient is reversed

dynamics using ld       at timestep            2150

dynamics using ld       at timestep            2200

Update neighbor list at            2200

quasi-statics using cg       at timestep            2200

Update neighbor list at            2200

timestep and time
            2200     4.40000000 ps

in the coarse-grained domain

average/maximum/minimum energy (eV) per node is    -4.40280294    -4.30958337 and    -4.44019307

ave velocity (Angstrom/ps) is    -0.02185988     0.00928648     0.00086873

total force (eV/Angstrom) is     0.47943575     0.46964395    -0.10246294

average/maximum/minimum number of neighbor atoms per intpo is   121.95200000             136 and              42

average/maximum/minimum host electron density per intpo is     0.96201815     1.01337465 and     0.46744260

in the atomistic domain

average/maximum/minimum energy (eV) per atom is    -4.37127299    -2.87643874 and    -4.47232098

ave velocity (Angstrom/ps) is    -0.04143179     0.01135832     0.00002131

total force (eV/Angstrom) is  -142.58956244   -59.18821645     3.76563615

average/maximum/minimum number of neighbor atoms per atom is   124.12996966             136 and              44

average/maximum/minimum host electron density per atom is     0.97342064     1.02674346 and     0.41417934

in total

total force (eV/Angstrom) is  -142.11012668   -58.71857251     3.66317321

ave velocity (Angstrom/ps) is    -0.04139863     0.01135481     0.00002274

ave kinetic energy (eV) is      0.00096156

global force vector length (eV/Angstrom) is    67.88180743

maximum force (eV/Angstrom) is      1.31292757

average/maximum/minimum number of neighbor cells per cell is    24.67083333              27 and              14

average/maximum/minimum number of atomps per cell is    36.42656250             126 and              22

box boundaries/lengths are (Angstrom)
x from    -0.62225397 to   128.80657126 length is   129.42882523
y from    -0.35925850 to   126.39192887 length is   126.75118736
z from    -4.40325805 to   101.27493522 length is   105.67819327

center of mass (Angstrom) is at    65.03527022    63.00219277    48.42894182

The deformation gradient is reversed

dynamics using ld       at timestep            2250

dynamics using ld       at timestep            2300

timestep and time
            2300     4.60000000 ps

in the coarse-grained domain

average/maximum/minimum energy (eV) per node is    -4.41057756    -4.31928688 and    -4.44525918

ave velocity (Angstrom/ps) is    -0.02055091     0.01821522    -0.00027640

total force (eV/Angstrom) is     0.86530316     0.46998732    -0.30967906

average/maximum/minimum number of neighbor atoms per intpo is   121.95200000             136 and              42

average/maximum/minimum host electron density per intpo is     0.96234844     1.01271506 and     0.46837344

in the atomistic domain

average/maximum/minimum energy (eV) per atom is    -4.38069836    -2.87283299 and    -4.46839858

ave velocity (Angstrom/ps) is    -0.04076812     0.01361555    -0.00006422

total force (eV/Angstrom) is  -118.55987632   -21.31456407   -42.40338802

average/maximum/minimum number of neighbor atoms per atom is   124.12996966             136 and              44

average/maximum/minimum host electron density per atom is     0.97424384     1.02394608 and     0.41341740

in total

total force (eV/Angstrom) is  -117.69457317   -20.84457676   -42.71306708

ave velocity (Angstrom/ps) is    -0.04073387     0.01362335    -0.00006458

ave kinetic energy (eV) is      0.00095405

global force vector length (eV/Angstrom) is    64.29987638

maximum force (eV/Angstrom) is      2.29760200

average/maximum/minimum number of neighbor cells per cell is    24.67083333              27 and              14

average/maximum/minimum number of atomps per cell is    36.42656250             126 and              22

box boundaries/lengths are (Angstrom)
x from    -0.62225397 to   128.80657126 length is   129.42882523
y from    -0.35925850 to   126.39192887 length is   126.75118736
z from    -4.40325805 to   101.27493522 length is   105.67819327

center of mass (Angstrom) is at    65.03527022    63.00219277    48.42894182

The deformation gradient is reversed

dynamics using ld       at timestep            2350

dynamics using ld       at timestep            2400

Update neighbor list at            2400

quasi-statics using cg       at timestep            2400

Update neighbor list at            2400

timestep and time
            2400     4.80000000 ps

in the coarse-grained domain

average/maximum/minimum energy (eV) per node is    -4.40286113    -4.30995051 and    -4.43973750

ave velocity (Angstrom/ps) is    -0.02997721     0.03215172    -0.00026303

total force (eV/Angstrom) is     0.44105221     0.32041483    -0.04186523

average/maximum/minimum number of neighbor atoms per intpo is   121.86643478             136 and              42

average/maximum/minimum host electron density per intpo is     0.96204158     1.01251912 and     0.46699058

in the atomistic domain

average/maximum/minimum energy (eV) per atom is    -4.37219988    -2.87744668 and    -4.47614642

ave velocity (Angstrom/ps) is    -0.04399106     0.02157979     0.00001170

total force (eV/Angstrom) is  -120.65101472   -28.93551817    -1.54305495

average/maximum/minimum number of neighbor atoms per atom is   124.25342838             136 and              44

average/maximum/minimum host electron density per atom is     0.97335147     1.02418950 and     0.41381349

in total

total force (eV/Angstrom) is  -120.20996251   -28.61510334    -1.58492018

ave velocity (Angstrom/ps) is    -0.04396732     0.02159770     0.00001124

ave kinetic energy (eV) is      0.00098611

global force vector length (eV/Angstrom) is    67.15515692

maximum force (eV/Angstrom) is      2.44763173

average/maximum/minimum number of neighbor cells per cell is    24.67083333              27 and              14

average/maximum/minimum number of atomps per cell is    36.41575521             125 and              22

box boundaries/lengths are (Angstrom)
x from    -0.62225397 to   128.80657126 length is   129.42882523
y from    -0.35925850 to   126.39192887 length is   126.75118736
z from    -4.40325805 to   101.27493522 length is   105.67819327

center of mass (Angstrom) is at    64.94401162    63.00212457    48.42883651

The deformation gradient is reversed

dynamics using ld       at timestep            2450

dynamics using ld       at timestep            2500

timestep and time
            2500     5.00000000 ps

in the coarse-grained domain

average/maximum/minimum energy (eV) per node is    -4.41073307    -4.31931025 and    -4.44484542

ave velocity (Angstrom/ps) is    -0.04339740     0.00977019    -0.00004680

total force (eV/Angstrom) is     0.39758409     0.42714529    -0.05243009

average/maximum/minimum number of neighbor atoms per intpo is   121.86643478             136 and              42

average/maximum/minimum host electron density per intpo is     0.96231660     1.01273224 and     0.46797240

in the atomistic domain

average/maximum/minimum energy (eV) per atom is    -4.38137867    -2.87376148 and    -4.47445043

ave velocity (Angstrom/ps) is    -0.04352140     0.02404328     0.00002556

total force (eV/Angstrom) is  -127.06797968   -43.55273253    16.87500715

average/maximum/minimum number of neighbor atoms per atom is   124.25342838             136 and              44

average/maximum/minimum host electron density per atom is     0.97414400     1.02420192 and     0.41306595

in total

total force (eV/Angstrom) is  -126.67039558   -43.12558724    16.82257705

ave velocity (Angstrom/ps) is    -0.04352119     0.02401910     0.00002544

ave kinetic energy (eV) is      0.00092279

global force vector length (eV/Angstrom) is    63.52427322

maximum force (eV/Angstrom) is      2.18084430

average/maximum/minimum number of neighbor cells per cell is    24.67083333              27 and              14

average/maximum/minimum number of atomps per cell is    36.41575521             125 and              22

box boundaries/lengths are (Angstrom)
x from    -0.62225397 to   128.80657126 length is   129.42882523
y from    -0.35925850 to   126.39192887 length is   126.75118736
z from    -4.40325805 to   101.27493522 length is   105.67819327

center of mass (Angstrom) is at    64.94401162    63.00212457    48.42883651

The deformation gradient is reversed

dynamics using ld       at timestep            2550

dynamics using ld       at timestep            2600

Update neighbor list at            2600

quasi-statics using cg       at timestep            2600

Update neighbor list at            2600

timestep and time
            2600     5.20000000 ps

in the coarse-grained domain

average/maximum/minimum energy (eV) per node is    -4.40299857    -4.30937750 and    -4.43875156

ave velocity (Angstrom/ps) is    -0.03412060    -0.00493502    -0.00085850

total force (eV/Angstrom) is     0.61515176     0.40453504    -0.01906554

average/maximum/minimum number of neighbor atoms per intpo is   121.99930435             136 and              42

average/maximum/minimum host electron density per intpo is     0.96205357     1.01253103 and     0.46707883

in the atomistic domain

average/maximum/minimum energy (eV) per atom is    -4.37305787    -2.87574385 and    -4.45751286

ave velocity (Angstrom/ps) is    -0.05310694     0.02841947    -0.00002694

total force (eV/Angstrom) is  -163.29911098   -43.10743018    -3.49195309

average/maximum/minimum number of neighbor atoms per atom is   124.43646307             136 and              44

average/maximum/minimum host electron density per atom is     0.97332335     1.02554028 and     0.41455596

in total

total force (eV/Angstrom) is  -162.68395921   -42.70289514    -3.51101863

ave velocity (Angstrom/ps) is    -0.05307478     0.02836297    -0.00002835

ave kinetic energy (eV) is      0.00097938

global force vector length (eV/Angstrom) is    66.84006603

maximum force (eV/Angstrom) is      1.30443565

average/maximum/minimum number of neighbor cells per cell is    24.67083333              27 and              14

average/maximum/minimum number of atomps per cell is    36.43125000             128 and              22

box boundaries/lengths are (Angstrom)
x from    -0.62225397 to   128.80657126 length is   129.42882523
y from    -0.35925850 to   126.39192887 length is   126.75118736
z from    -4.40325805 to   101.27493522 length is   105.67819327

center of mass (Angstrom) is at    65.05281447    63.00206924    48.42877567

The deformation gradient is reversed

dynamics using ld       at timestep            2650

dynamics using ld       at timestep            2700

timestep and time
            2700     5.40000000 ps

in the coarse-grained domain

average/maximum/minimum energy (eV) per node is    -4.41089141    -4.31895536 and    -4.44443157

ave velocity (Angstrom/ps) is    -0.03471092     0.01030910    -0.00002876

total force (eV/Angstrom) is    -0.42352879     0.06924660    -0.03222514

average/maximum/minimum number of neighbor atoms per intpo is   121.99930435             136 and              42

average/maximum/minimum host electron density per intpo is     0.96241092     1.01308510 and     0.46800557

in the atomistic domain

average/maximum/minimum energy (eV) per atom is    -4.38196253    -2.87186370 and    -4.48333715

ave velocity (Angstrom/ps) is    -0.05453849     0.02019072     0.00002203

total force (eV/Angstrom) is  -174.04906278     0.08034937    14.54820595

average/maximum/minimum number of neighbor atoms per atom is   124.43646307             136 and              44

average/maximum/minimum host electron density per atom is     0.97422214     1.02614843 and     0.41371695

in total

total force (eV/Angstrom) is  -174.47259156     0.14959597    14.51598080

ave velocity (Angstrom/ps) is    -0.05450490     0.02017398     0.00002195

ave kinetic energy (eV) is      0.00086810

global force vector length (eV/Angstrom) is    63.35759455

maximum force (eV/Angstrom) is      2.37661724

average/maximum/minimum number of neighbor cells per cell is    24.67083333              27 and              14

average/maximum/minimum number of atomps per cell is    36.43125000             128 and              22

box boundaries/lengths are (Angstrom)
x from    -0.62225397 to   128.80657126 length is   129.42882523
y from    -0.35925850 to   126.39192887 length is   126.75118736
z from    -4.40325805 to   101.27493522 length is   105.67819327

center of mass (Angstrom) is at    65.05281447    63.00206924    48.42877567

The deformation gradient is reversed

dynamics using ld       at timestep            2750

dynamics using ld       at timestep            2800

Update neighbor list at            2800

quasi-statics using cg       at timestep            2800

Update neighbor list at            2800

timestep and time
            2800     5.60000000 ps

in the coarse-grained domain

average/maximum/minimum energy (eV) per node is    -4.40322934    -4.30970081 and    -4.43855427

ave velocity (Angstrom/ps) is    -0.02891417     0.02375134     0.00054043

total force (eV/Angstrom) is     0.63540774     0.29459286    -0.02155995

average/maximum/minimum number of neighbor atoms per intpo is   122.03373913             136 and              42

average/maximum/minimum host electron density per intpo is     0.96208487     1.01175033 and     0.46641511

in the atomistic domain

average/maximum/minimum energy (eV) per atom is    -4.37381767    -2.87816536 and    -4.47475703

ave velocity (Angstrom/ps) is    -0.06078232     0.00909683     0.00000358

total force (eV/Angstrom) is  -167.69324511   -15.60982421    -3.50855651

average/maximum/minimum number of neighbor atoms per atom is   124.63073972             136 and              44

average/maximum/minimum host electron density per atom is     0.97343409     1.02568687 and     0.41476292

in total

total force (eV/Angstrom) is  -167.05783736   -15.31523135    -3.53011646

ave velocity (Angstrom/ps) is    -0.06072833     0.00912165     0.00000449

ave kinetic energy (eV) is      0.00096920

global force vector length (eV/Angstrom) is    66.89607267

maximum force (eV/Angstrom) is      1.24360693

average/maximum/minimum number of neighbor cells per cell is    24.67083333              27 and              14

average/maximum/minimum number of atomps per cell is    36.41367187             124 and              22

box boundaries/lengths are (Angstrom)
x from    -0.62225397 to   128.80657126 length is   129.42882523
y from    -0.35925850 to   126.39192887 length is   126.75118736
z from    -4.40325805 to   101.27493522 length is   105.67819327

center of mass (Angstrom) is at    64.83319759    63.00217103    48.42890723

The deformation gradient is reversed

dynamics using ld       at timestep            2850

dynamics using ld       at timestep            2900

timestep and time
            2900     5.80000000 ps

in the coarse-grained domain

average/maximum/minimum energy (eV) per node is    -4.41105725    -4.31890089 and    -4.44446745

ave velocity (Angstrom/ps) is    -0.03357248     0.02815179     0.00002545

total force (eV/Angstrom) is    -0.28225098     0.65107891     0.02851997

average/maximum/minimum number of neighbor atoms per intpo is   122.03373913             136 and              42

average/maximum/minimum host electron density per intpo is     0.96254069     1.01291170 and     0.46740857

in the atomistic domain

average/maximum/minimum energy (eV) per atom is    -4.38265068    -2.87434108 and    -4.47772097

ave velocity (Angstrom/ps) is    -0.05728824     0.00947035    -0.00004196

total force (eV/Angstrom) is  -136.53424426     7.49539515   -27.70338411

average/maximum/minimum number of neighbor atoms per atom is   124.63073972             136 and              44

average/maximum/minimum host electron density per atom is     0.97425697     1.03344041 and     0.41392639

in total

total force (eV/Angstrom) is  -136.81649524     8.14647406   -27.67486414

ave velocity (Angstrom/ps) is    -0.05724806     0.00950200    -0.00004184

ave kinetic energy (eV) is      0.00098265

global force vector length (eV/Angstrom) is    63.47787917

maximum force (eV/Angstrom) is      2.27095830

average/maximum/minimum number of neighbor cells per cell is    24.67083333              27 and              14

average/maximum/minimum number of atomps per cell is    36.41367187             124 and              22

box boundaries/lengths are (Angstrom)
x from    -0.62225397 to   128.80657126 length is   129.42882523
y from    -0.35925850 to   126.39192887 length is   126.75118736
z from    -4.40325805 to   101.27493522 length is   105.67819327

center of mass (Angstrom) is at    64.83319759    63.00217103    48.42890723

The deformation gradient is reversed

dynamics using ld       at timestep            2950

dynamics using ld       at timestep            3000

Update neighbor list at            3000

quasi-statics using cg       at timestep            3000

Update neighbor list at            3000

timestep and time
            3000     6.00000000 ps

in the coarse-grained domain

average/maximum/minimum energy (eV) per node is    -4.40328797    -4.30935332 and    -4.43866517

ave velocity (Angstrom/ps) is     0.00267940     0.00762995    -0.00015229

total force (eV/Angstrom) is     0.63604584     0.28153243    -0.02631195

average/maximum/minimum number of neighbor atoms per intpo is   122.12069565             136 and              42

average/maximum/minimum host electron density per intpo is     0.96197326     1.01214912 and     0.46676845

in the atomistic domain

average/maximum/minimum energy (eV) per atom is    -4.37516540    -2.87890976 and    -4.45041597

ave velocity (Angstrom/ps) is    -0.05499187     0.00599942     0.00000242

total force (eV/Angstrom) is  -168.43561383   -20.23264243    -7.45760791

average/maximum/minimum number of neighbor atoms per atom is   124.84265860             136 and              44

average/maximum/minimum host electron density per atom is     0.97358512     1.02414067 and     0.41493976

in total

total force (eV/Angstrom) is  -167.79956800   -19.95111000    -7.48391986

ave velocity (Angstrom/ps) is    -0.05489417     0.00600218     0.00000216

ave kinetic energy (eV) is      0.00132374

global force vector length (eV/Angstrom) is    67.24373080

maximum force (eV/Angstrom) is      1.54666130

average/maximum/minimum number of neighbor cells per cell is    24.67083333              27 and              14

average/maximum/minimum number of atomps per cell is    36.42109375             126 and              22

box boundaries/lengths are (Angstrom)
x from    -0.62225397 to   128.80657126 length is   129.42882523
y from    -0.35925850 to   126.39192887 length is   126.75118736
z from    -4.40325805 to   101.27493522 length is   105.67819327

center of mass (Angstrom) is at    65.29879671    63.00218663    48.42884481

The deformation gradient is reversed

dynamics using ld       at timestep            3050

dynamics using ld       at timestep            3100

timestep and time
            3100     6.20000000 ps

in the coarse-grained domain

average/maximum/minimum energy (eV) per node is    -4.41107013    -4.31872089 and    -4.44431357

ave velocity (Angstrom/ps) is    -0.00815370    -0.00246001    -0.00024860

total force (eV/Angstrom) is     0.62484945    -0.42423017    -0.27853351

average/maximum/minimum number of neighbor atoms per intpo is   122.12069565             136 and              42

average/maximum/minimum host electron density per intpo is     0.96253626     1.01361026 and     0.46776381

in the atomistic domain

average/maximum/minimum energy (eV) per atom is    -4.38407866    -2.87487321 and    -4.45357607

ave velocity (Angstrom/ps) is    -0.05550587     0.00268654     0.00002616

total force (eV/Angstrom) is  -164.59685114   -29.80576685    17.27348425

average/maximum/minimum number of neighbor atoms per atom is   124.84265860             136 and              44

average/maximum/minimum host electron density per atom is     0.97459273     1.02413559 and     0.41410678

in total

total force (eV/Angstrom) is  -163.97200169   -30.22999703    16.99495074

ave velocity (Angstrom/ps) is    -0.05542565     0.00267782     0.00002570

ave kinetic energy (eV) is      0.00152293

global force vector length (eV/Angstrom) is    66.76823464

maximum force (eV/Angstrom) is      2.70488326

average/maximum/minimum number of neighbor cells per cell is    24.67083333              27 and              14

average/maximum/minimum number of atomps per cell is    36.42109375             126 and              22

box boundaries/lengths are (Angstrom)
x from    -0.62225397 to   128.80657126 length is   129.42882523
y from    -0.35925850 to   126.39192887 length is   126.75118736
z from    -4.40325805 to   101.27493522 length is   105.67819327

center of mass (Angstrom) is at    65.29879671    63.00218663    48.42884481

The deformation gradient is reversed

dynamics using ld       at timestep            3150

dynamics using ld       at timestep            3200

Update neighbor list at            3200

quasi-statics using cg       at timestep            3200

Update neighbor list at            3200

timestep and time
            3200     6.40000000 ps

in the coarse-grained domain

average/maximum/minimum energy (eV) per node is    -4.40330383    -4.30941364 and    -4.43775453

ave velocity (Angstrom/ps) is     0.00823967    -0.00107548     0.00015894

total force (eV/Angstrom) is     0.51165370     0.39563282    -0.03403835

average/maximum/minimum number of neighbor atoms per intpo is   122.14295652             136 and              42

average/maximum/minimum host electron density per intpo is     0.96191496     1.01181448 and     0.46627876

in the atomistic domain

average/maximum/minimum energy (eV) per atom is    -4.37691746    -2.87881724 and    -4.45190344

ave velocity (Angstrom/ps) is    -0.07488539    -0.00610433     0.00002496

total force (eV/Angstrom) is  -151.58248709   -28.58180504     0.13600874

average/maximum/minimum number of neighbor atoms per atom is   125.11963148             136 and              44

average/maximum/minimum host electron density per atom is     0.97409042     1.02580322 and     0.41510755

in total

total force (eV/Angstrom) is  -151.07083338   -28.18617221     0.10197040

ave velocity (Angstrom/ps) is    -0.07474458    -0.00609581     0.00002519

ave kinetic energy (eV) is      0.00154306

global force vector length (eV/Angstrom) is    70.62467744

maximum force (eV/Angstrom) is      2.09617012

average/maximum/minimum number of neighbor cells per cell is    24.67083333              27 and              14

average/maximum/minimum number of atomps per cell is    36.42916667             127 and              22

box boundaries/lengths are (Angstrom)
x from    -0.62225397 to   128.80657126 length is   129.42882523
y from    -0.35925850 to   126.46405765 length is   126.75118736
z from    -4.40325805 to   101.27493522 length is   105.67819327

center of mass (Angstrom) is at    65.74128791    63.00213517    48.42887811

dynamics using ld       at timestep            3250

dynamics using ld       at timestep            3300

timestep and time
            3300     6.60000000 ps

in the coarse-grained domain

average/maximum/minimum energy (eV) per node is    -4.39302286    -4.29822813 and    -4.42908345

ave velocity (Angstrom/ps) is    -0.01088764     0.01580506     0.00031403

total force (eV/Angstrom) is    -0.05872802    -0.39291716     0.35184039

average/maximum/minimum number of neighbor atoms per intpo is   122.14295652             136 and              42

average/maximum/minimum host electron density per intpo is     0.96152149     1.01236781 and     0.46509120

in the atomistic domain

average/maximum/minimum energy (eV) per atom is    -4.36556890    -2.88321438 and    -4.44721698

ave velocity (Angstrom/ps) is    -0.07596553    -0.01353255    -0.00009910

total force (eV/Angstrom) is  -195.43353138    -8.97733396   -65.43338372

average/maximum/minimum number of neighbor atoms per atom is   125.11963148             136 and              44

average/maximum/minimum host electron density per atom is     0.97312072     1.02869363 and     0.41607640

in total

total force (eV/Angstrom) is  -195.49225940    -9.37025112   -65.08154332

ave velocity (Angstrom/ps) is    -0.07585528    -0.01348285    -0.00009840

ave kinetic energy (eV) is      0.00111251

global force vector length (eV/Angstrom) is    68.53084511

maximum force (eV/Angstrom) is      2.43304704

average/maximum/minimum number of neighbor cells per cell is    24.67083333              27 and              14

average/maximum/minimum number of atomps per cell is    36.42916667             127 and              22

box boundaries/lengths are (Angstrom)
x from    -0.62225397 to   128.80657126 length is   129.42882523
y from    -0.35925850 to   126.46405765 length is   126.75118736
z from    -4.40325805 to   101.27493522 length is   105.67819327

center of mass (Angstrom) is at    65.74128791    63.00213517    48.42887811

The deformation gradient is reversed

dynamics using ld       at timestep            3350

dynamics using ld       at timestep            3400

Update neighbor list at            3400

quasi-statics using cg       at timestep            3400

Update neighbor list at            3400

timestep and time
            3400     6.80000000 ps

in the coarse-grained domain

average/maximum/minimum energy (eV) per node is    -4.40341470    -4.30948566 and    -4.43788212

ave velocity (Angstrom/ps) is    -0.01517263     0.00892986    -0.00001732

total force (eV/Angstrom) is     0.62284215     0.35000938    -0.03114126

average/maximum/minimum number of neighbor atoms per intpo is   122.13460870             136 and              42

average/maximum/minimum host electron density per intpo is     0.96205419     1.01165857 and     0.46598002

in the atomistic domain

average/maximum/minimum energy (eV) per atom is    -4.37721592    -2.87967201 and    -4.45073129

ave velocity (Angstrom/ps) is    -0.06488981    -0.01366520    -0.00002475

total force (eV/Angstrom) is  -156.73166025   -18.22667630    -8.50765361

average/maximum/minimum number of neighbor atoms per atom is   125.19452565             136 and              44

average/maximum/minimum host electron density per atom is     0.97423483     1.02712815 and     0.41533641

in total

total force (eV/Angstrom) is  -156.10881809   -17.87666692    -8.53879487

ave velocity (Angstrom/ps) is    -0.06480559    -0.01362692    -0.00002473

ave kinetic energy (eV) is      0.00104611

global force vector length (eV/Angstrom) is    65.91502679

maximum force (eV/Angstrom) is      2.43383811

average/maximum/minimum number of neighbor cells per cell is    24.67083333              27 and              14

average/maximum/minimum number of atomps per cell is    36.43098958             128 and              22

box boundaries/lengths are (Angstrom)
x from    -0.62225397 to   128.80657126 length is   129.42882523
y from    -0.35925850 to   126.46405765 length is   126.75118736
z from    -4.40325805 to   101.27493522 length is   105.67819327

center of mass (Angstrom) is at    66.09551441    63.00219210    48.42885205

dynamics using ld       at timestep            3450

dynamics using ld       at timestep            3500

timestep and time
            3500     7.00000000 ps

in the coarse-grained domain

average/maximum/minimum energy (eV) per node is    -4.41113600    -4.31864367 and    -4.44407861

ave velocity (Angstrom/ps) is    -0.01695220     0.01361172     0.00029478

total force (eV/Angstrom) is     0.11139451     0.42017797     0.33027290

average/maximum/minimum number of neighbor atoms per intpo is   122.13460870             136 and              42

average/maximum/minimum host electron density per intpo is     0.96259308     1.01251634 and     0.46695208

in the atomistic domain

average/maximum/minimum energy (eV) per atom is    -4.38502266    -2.87542222 and    -4.45746479

ave velocity (Angstrom/ps) is    -0.04980666    -0.00377600    -0.00001440

total force (eV/Angstrom) is   -71.08133951   -18.63941386    -9.50615037

average/maximum/minimum number of neighbor atoms per atom is   125.19452565             136 and              44

average/maximum/minimum host electron density per atom is     0.97493047     1.02332430 and     0.41450540

in total

total force (eV/Angstrom) is   -70.96994500   -18.21923589    -9.17587746

ave velocity (Angstrom/ps) is    -0.04975100    -0.00374655    -0.00001387

ave kinetic energy (eV) is      0.00078656

global force vector length (eV/Angstrom) is    60.41817326

maximum force (eV/Angstrom) is      1.76823919

average/maximum/minimum number of neighbor cells per cell is    24.67083333              27 and              14

average/maximum/minimum number of atomps per cell is    36.43098958             128 and              22

box boundaries/lengths are (Angstrom)
x from    -0.62225397 to   128.80657126 length is   129.42882523
y from    -0.35925850 to   126.46405765 length is   126.75118736
z from    -4.40325805 to   101.27493522 length is   105.67819327

center of mass (Angstrom) is at    66.09551441    63.00219210    48.42885205

The deformation gradient is reversed

dynamics using ld       at timestep            3550

dynamics using ld       at timestep            3600

Update neighbor list at            3600

quasi-statics using cg       at timestep            3600

Update neighbor list at            3600

timestep and time
            3600     7.20000000 ps

in the coarse-grained domain

average/maximum/minimum energy (eV) per node is    -4.40346336    -4.30931709 and    -4.43753364

ave velocity (Angstrom/ps) is    -0.02087745     0.00138694     0.00065258

total force (eV/Angstrom) is     0.64163457     0.33435183    -0.15331615

average/maximum/minimum number of neighbor atoms per intpo is   122.14226087             136 and              43

average/maximum/minimum host electron density per intpo is     0.96236933     1.01040259 and     0.46644813

in the atomistic domain

average/maximum/minimum energy (eV) per atom is    -4.37748938    -2.87894426 and    -4.44893758

ave velocity (Angstrom/ps) is    -0.03163460     0.00470481    -0.00003148

total force (eV/Angstrom) is  -173.39268047   -20.97728314    24.20487400

average/maximum/minimum number of neighbor atoms per atom is   125.17332362             136 and              44

average/maximum/minimum host electron density per atom is     0.97431186     1.02243790 and     0.41535890

in total

total force (eV/Angstrom) is  -172.75104590   -20.64293131    24.05155785

ave velocity (Angstrom/ps) is    -0.03161638     0.00469919    -0.00003032

ave kinetic energy (eV) is      0.00077932

global force vector length (eV/Angstrom) is    62.35134088

maximum force (eV/Angstrom) is      0.96038190

average/maximum/minimum number of neighbor cells per cell is    24.67083333              27 and              14

average/maximum/minimum number of atomps per cell is    36.43463542             126 and              22

box boundaries/lengths are (Angstrom)
x from    -0.62225397 to   128.80657126 length is   129.42882523
y from    -0.35925850 to   126.46405765 length is   126.75118736
z from    -4.40325805 to   101.27493522 length is   105.67819327

center of mass (Angstrom) is at    65.32667612    63.00220482    48.42890860

dynamics using ld       at timestep            3650

dynamics using ld       at timestep            3700

timestep and time
            3700     7.40000000 ps

in the coarse-grained domain

average/maximum/minimum energy (eV) per node is    -4.39322740    -4.29663057 and    -4.42894700

ave velocity (Angstrom/ps) is    -0.00464155     0.00505919    -0.00048741

total force (eV/Angstrom) is     0.50153658     0.23468347    -0.54610299

average/maximum/minimum number of neighbor atoms per intpo is   122.14226087             136 and              43

average/maximum/minimum host electron density per intpo is     0.96168746     1.01263188 and     0.46535442

in the atomistic domain

average/maximum/minimum energy (eV) per atom is    -4.36635589    -2.88325238 and    -4.44694437

ave velocity (Angstrom/ps) is    -0.01586956     0.00479886    -0.00000888

total force (eV/Angstrom) is  -259.70893843   -72.63333654    -5.86176387

average/maximum/minimum number of neighbor atoms per atom is   125.17332362             136 and              44

average/maximum/minimum host electron density per atom is     0.97329978     1.02683918 and     0.41631641

in total

total force (eV/Angstrom) is  -259.20740185   -72.39865307    -6.40786687

ave velocity (Angstrom/ps) is    -0.01585054     0.00479930    -0.00000969

ave kinetic energy (eV) is      0.00066247

global force vector length (eV/Angstrom) is    61.99222221

maximum force (eV/Angstrom) is      1.13488197

average/maximum/minimum number of neighbor cells per cell is    24.67083333              27 and              14

average/maximum/minimum number of atomps per cell is    36.43463542             126 and              22

box boundaries/lengths are (Angstrom)
x from    -0.62225397 to   128.80657126 length is   129.42882523
y from    -0.35925850 to   126.46405765 length is   126.75118736
z from    -4.40325805 to   101.27493522 length is   105.67819327

center of mass (Angstrom) is at    65.32667612    63.00220482    48.42890860

Elapsed time (in unit of s)

total time (%)  5222.79408853

force time (%)  3987.07920778(    76.33996555)

neigh time (%)    55.99392065(     1.07210661)

comm time (%)  1018.10744533(    19.49353982)

io time (%)   376.52928922(     7.20934586)

other time (%)  -214.91577445(    -4.11495783)

