Concurrent Atomistic-Continuum (CAC) Simulator
Author: Shuozhi Xu (Georgia Institute of Technology)
Version: 1.0

There are               5 elements              40 nodes           37687 atoms, and            2464 cells

The system contains               1 grains

The lattice space of grain               1 is
x     4.31110195 y     2.48901587 z     6.09681884

The unit length of grain               1 is
x     2.87406796 y     4.97803174 z     2.03227295

The boundaries of grain               1 prior to modification are (Angstrom)
x from    -0.35925850 to    77.24056731 length is    77.59982581
y from    -0.62225397 to   128.80657126 length is   129.42882523
z from   -25.40341184 to    27.43568479 length is    52.83909664

The boundary conditions are
p        in the x direction
s        in the y direction
s        in the z direction

The periodic bounary condition is applied on
               1 direction with periodic length    77.59982581

The box boundaries/lengths are (Angstrom)
x from    -0.35925850 to    77.24056731 length is    77.59982581
y from    -0.00000012 to   128.18431741 length is   128.18431753
z from   -24.38727549 to    26.41954844 length is    50.80682393

The lattice_space_max are
x     4.31110195 y     2.48901587 z     6.09681884

The box contains number of lattice_space_max
x    17.99999786 y    51.50000010 z     8.33333337

In coarse-grained domain, there are               5 elements with              40 and nodes

There are               1 element types

The               1 type contains            2197 atoms per element

In atomistic domain, there are           37687 atoms

There are           10985 atomaps in mapping configuration

The unit cell volume is    10.90355200 Angstrom^3

The lattice name is Ni      , the type is fcc     , and the lattice parameter is     3.52000000 Angstrom

The atomic mass is    58.69340000 g/mol

The potential type is eam     

The cutoff radius are     5.80375000 and     6.80375000 Angstrom

There are               1 modify

The               1 modify style is cg2at   

The               1 modify shape is sphere  

Group/Modify               1 is inside the bound

Group/Modify               1 is centered at    38.44065903,     86.49330147, and     0.81290918
its radius is      9.75491015

The output is done every             200 step
The reduce is done every             200 step
The restart is done every             500 step

The given temperature is    10.00000000 k

There are               6 groups:

Group               1 has               4 elements              32 nodes and           15548 atoms

Group               1 has shape block    and it is in unit of node     in coarse-grained and atom     in atomistic domain, respectively

Group/Modify               1 is inside the bound

Group/Modify               1 has boundary/length
x from    -0.35925850 to    77.24056731 length is    77.59982581
y from    -0.00000012 to   128.18431741 length is   128.18431753
z from   -24.38727549 to     1.82904553 length is    26.21632102

Group               2 has               0 elements               0 nodes and            5616 atoms

Group               2 has shape block    and it is in unit of node     in coarse-grained and atom     in atomistic domain, respectively

Group/Modify               2 is inside the bound

Group/Modify               2 has boundary/length
x from    -0.35925850 to    77.24056731 length is    77.59982581
y from    99.56063467 to   128.18431741 length is    28.62368274
z from     1.82904553 to    26.41954844 length is    24.59050290

Group               3 has               1 elements               3 nodes and            2970 atoms

Group               3 has shape block    and it is in unit of node     in coarse-grained and atom     in atomistic domain, respectively

Group/Modify               3 is inside the bound

Group/Modify               3 has boundary/length
x from    -0.35925850 to    77.24056731 length is    77.59982581
y from    -0.00000012 to    17.42311097 length is    17.42311109
z from     1.82904553 to    26.41954844 length is    24.59050290

Group               4 has               0 elements               0 nodes and             352 atoms

Group               4 has shape sphere   and it is in unit of node     in coarse-grained and atom     in atomistic domain, respectively

Group/Modify               4 is inside the bound

Group/Modify               4 is centered at    38.44065903,     87.11555532, and     1.82904553
its radius is      9.75491015

Group               5 has               4 elements              16 nodes and            2392 atoms

Group               5 has shape block    and it is in unit of node     in coarse-grained and atom     in atomistic domain, respectively

Group/Modify               5 is inside the bound

Group/Modify               5 has boundary/length
x from    -0.35925850 to    77.24056731 length is    77.59982581
y from    -0.00000012 to   128.18431741 length is   128.18431753
z from   -24.38727549 to   -21.33886607 length is     3.04840942

Group               6 has               1 elements               4 nodes and            1703 atoms

Group               6 has shape block    and it is in unit of node     in coarse-grained and atom     in atomistic domain, respectively

Group/Modify               6 is inside the bound

Group/Modify               6 has boundary/length
x from    -0.35925850 to    77.24056731 length is    77.59982581
y from    -0.00000012 to   128.18431741 length is   128.18431753
z from    24.99695714 to    26.41954844 length is     1.42259130

Group               1 is assigned displacement     0.00000000     0.00000000     0.00000000 Angstrom

Group               2 is assigned displacement     0.00000000     0.00000000     0.00000000 Angstrom

Group               3 is assigned displacement     0.00000000     0.00800000     0.00000000 Angstrom

Group               4 is assigned displacement     0.00000000     0.00000000     0.00000000 Angstrom

Group               5 is assigned displacement     0.00000000     0.00000000     0.00000000 Angstrom

Group               6 is assigned displacement     0.00000000     0.00000000     0.00000000 Angstrom

timestep and time
               0     0.00000000 ps

in the coarse-grained domain

average/maximum/minimum energy (eV) per node is    -0.55203513     0.00000000 and    -4.45000724

ave velocity (Angstrom/ps) is     0.00000000     0.00000000     0.00000000

total force (eV/Angstrom) is    -0.00000971    -0.00006166    -0.00422311

average/maximum/minimum number of neighbor atoms per intpo is   117.96800000             134 and              45

average/maximum/minimum host electron density per intpo is     0.94322419     1.00000135 and     0.41023267

in the atomistic domain

average/maximum/minimum energy (eV) per atom is    -1.58469360     0.00000000 and    -4.45056004

ave velocity (Angstrom/ps) is     0.00000000     0.00000000     0.00000000

total force (eV/Angstrom) is    -0.00006696    -0.00000000    -1.07898479

average/maximum/minimum number of neighbor atoms per atom is   124.17597580             134 and              45

average/maximum/minimum host electron density per atom is     0.96611737     1.00000135 and     0.41023267

in total

total force (eV/Angstrom) is    -0.00007667    -0.00006166    -1.08320790

ave velocity (Angstrom/ps) is     0.00000000     0.00000000     0.00000000

ave kinetic energy (eV) is      0.00000000

global force vector length (eV/Angstrom) is     6.87163237

maximum force (eV/Angstrom) is      0.15722284

average/maximum/minimum number of neighbor cells per cell is    22.21428571              27 and              14

average/maximum/minimum number of atomps per cell is    42.38961039             160 and              22

box boundaries/lengths are (Angstrom)
x from    -0.35925850 to    77.24056731 length is    77.59982581
y from    -0.00000012 to   128.18431741 length is   128.18431753
z from   -24.38727549 to    26.41954844 length is    50.80682393

center of mass (Angstrom) is at    38.44065903    64.09215865     1.01613647

dynamics using ld       at timestep              10

dynamics using ld       at timestep              20

dynamics using ld       at timestep              30

dynamics using ld       at timestep              40

dynamics using ld       at timestep              50

dynamics using ld       at timestep              60

dynamics using ld       at timestep              70

dynamics using ld       at timestep              80

dynamics using ld       at timestep              90

dynamics using ld       at timestep             100

dynamics using ld       at timestep             110

dynamics using ld       at timestep             120

dynamics using ld       at timestep             130

dynamics using ld       at timestep             140

dynamics using ld       at timestep             150

dynamics using ld       at timestep             160

dynamics using ld       at timestep             170

dynamics using ld       at timestep             180

dynamics using ld       at timestep             190

dynamics using ld       at timestep             200

Update neighbor list at             200

timestep and time
             200     0.40000000 ps

in the coarse-grained domain

average/maximum/minimum energy (eV) per node is    -0.54787601     0.00000000 and    -4.42068757

ave velocity (Angstrom/ps) is    -0.05271766     0.23857660     0.05497902

total force (eV/Angstrom) is    -0.19509187     0.37211291    -0.04480810

average/maximum/minimum number of neighbor atoms per intpo is   115.96800000             137 and              45

average/maximum/minimum host electron density per intpo is     0.93530612     1.03693347 and     0.39066941

in the atomistic domain

average/maximum/minimum energy (eV) per atom is    -1.57952661     0.00000000 and    -4.45393533

ave velocity (Angstrom/ps) is    -0.02859704     0.33757681     0.02764439

total force (eV/Angstrom) is   -42.06462107   243.65792804    20.47154057

average/maximum/minimum number of neighbor atoms per atom is   123.60150715             137 and              36

average/maximum/minimum host electron density per atom is     0.96669769     1.04555914 and     0.32048127

in total

total force (eV/Angstrom) is   -42.25971294   244.03004095    20.42673248

ave velocity (Angstrom/ps) is    -0.02862262     0.33747184     0.02767337

ave kinetic energy (eV) is      0.00376208

global force vector length (eV/Angstrom) is    28.78631821

maximum force (eV/Angstrom) is      1.21765907

average/maximum/minimum number of neighbor cells per cell is    22.21428571              27 and              14

average/maximum/minimum number of atomps per cell is    42.26014610             169 and              22

box boundaries/lengths are (Angstrom)
x from    -0.35925850 to    77.24056731 length is    77.59982581
y from    -0.00000012 to   128.18431741 length is   128.18431753
z from   -24.38727549 to    26.61149402 length is    50.80682393

center of mass (Angstrom) is at    38.43646919    64.27652561     1.02158577

dynamics using ld       at timestep             210

dynamics using ld       at timestep             220

dynamics using ld       at timestep             230

dynamics using ld       at timestep             240

dynamics using ld       at timestep             250

dynamics using ld       at timestep             260

dynamics using ld       at timestep             270

dynamics using ld       at timestep             280

dynamics using ld       at timestep             290

dynamics using ld       at timestep             300

dynamics using ld       at timestep             310

dynamics using ld       at timestep             320

dynamics using ld       at timestep             330

dynamics using ld       at timestep             340

dynamics using ld       at timestep             350

dynamics using ld       at timestep             360

dynamics using ld       at timestep             370

dynamics using ld       at timestep             380

dynamics using ld       at timestep             390

dynamics using ld       at timestep             400

Update neighbor list at             400

timestep and time
             400     0.80000000 ps

in the coarse-grained domain

average/maximum/minimum energy (eV) per node is    -0.54674572     0.00000000 and    -4.40231219

ave velocity (Angstrom/ps) is    -0.07448515     0.36441414     0.01971176

total force (eV/Angstrom) is     0.02142692    -0.07439837     0.01153801

average/maximum/minimum number of neighbor atoms per intpo is   117.42720000             137 and              45

average/maximum/minimum host electron density per intpo is     0.94439965     1.03935674 and     0.34611491

in the atomistic domain

average/maximum/minimum energy (eV) per atom is    -1.57618594     0.00000000 and    -4.45509880

ave velocity (Angstrom/ps) is    -0.08441848     0.53215746     0.06495300

total force (eV/Angstrom) is   -51.54824452   114.53117558    21.70173065

average/maximum/minimum number of neighbor atoms per atom is   124.11255871             137 and              42

average/maximum/minimum host electron density per atom is     0.97009836     1.03610540 and     0.34611451

in total

total force (eV/Angstrom) is   -51.52681759   114.45677720    21.71326867

ave velocity (Angstrom/ps) is    -0.08440795     0.53197961     0.06490504

ave kinetic energy (eV) is      0.00539620

global force vector length (eV/Angstrom) is    33.54981937

maximum force (eV/Angstrom) is      2.04453812

average/maximum/minimum number of neighbor cells per cell is    22.21428571              27 and              14

average/maximum/minimum number of atomps per cell is    43.43141234             162 and              18

box boundaries/lengths are (Angstrom)
x from    -0.35925850 to    77.24056731 length is    77.59982581
y from    -0.00000012 to   128.18431741 length is   128.18431753
z from   -24.41307365 to    26.95521657 length is    50.80682393

center of mass (Angstrom) is at    38.41695749    64.34525967     1.03648534

dynamics using ld       at timestep             410

dynamics using ld       at timestep             420

dynamics using ld       at timestep             430

dynamics using ld       at timestep             440

dynamics using ld       at timestep             450

dynamics using ld       at timestep             460

dynamics using ld       at timestep             470

dynamics using ld       at timestep             480

dynamics using ld       at timestep             490

dynamics using ld       at timestep             500

dynamics using ld       at timestep             510

dynamics using ld       at timestep             520

dynamics using ld       at timestep             530

dynamics using ld       at timestep             540

dynamics using ld       at timestep             550

dynamics using ld       at timestep             560

dynamics using ld       at timestep             570

dynamics using ld       at timestep             580

dynamics using ld       at timestep             590

dynamics using ld       at timestep             600

Update neighbor list at             600

timestep and time
             600     1.20000000 ps

in the coarse-grained domain

average/maximum/minimum energy (eV) per node is    -2.22156488     0.00000000 and    -4.44971940

ave velocity (Angstrom/ps) is     0.07398451     0.09021734     0.00179423

total force (eV/Angstrom) is     0.27628326     0.07748534     0.43701965

average/maximum/minimum number of neighbor atoms per intpo is   117.34880000             136 and              45

average/maximum/minimum host electron density per intpo is     0.94215554     1.02188689 and     0.40816871

in the atomistic domain

average/maximum/minimum energy (eV) per atom is    -3.89164832     0.00000000 and    -4.45796733

ave velocity (Angstrom/ps) is    -0.05004869     0.25380141     0.00012485

total force (eV/Angstrom) is     8.93590431  -190.84283561    28.65006958

average/maximum/minimum number of neighbor atoms per atom is   124.17287128             136 and              45

average/maximum/minimum host electron density per atom is     0.97092912     1.03369464 and     0.40889598

in total

total force (eV/Angstrom) is     9.21218757  -190.76535027    29.08708923

ave velocity (Angstrom/ps) is    -0.04991719     0.25362797     0.00012662

ave kinetic energy (eV) is      0.00288309

global force vector length (eV/Angstrom) is    39.78216399

maximum force (eV/Angstrom) is      0.89617603

average/maximum/minimum number of neighbor cells per cell is    22.21428571              27 and              14

average/maximum/minimum number of atomps per cell is    43.45982143             161 and              18

box boundaries/lengths are (Angstrom)
x from    -0.35925850 to    77.24056731 length is    77.59982581
y from    -0.61558826 to   128.18431741 length is   128.18431753
z from   -24.42378259 to    26.95521657 length is    50.80682393

center of mass (Angstrom) is at    38.41889049    64.24562160     1.02684542

dynamics using ld       at timestep             610

dynamics using ld       at timestep             620

dynamics using ld       at timestep             630

dynamics using ld       at timestep             640

dynamics using ld       at timestep             650

dynamics using ld       at timestep             660

dynamics using ld       at timestep             670

dynamics using ld       at timestep             680

dynamics using ld       at timestep             690

dynamics using ld       at timestep             700

dynamics using ld       at timestep             710

dynamics using ld       at timestep             720

dynamics using ld       at timestep             730

dynamics using ld       at timestep             740

dynamics using ld       at timestep             750

dynamics using ld       at timestep             760

dynamics using ld       at timestep             770

dynamics using ld       at timestep             780

dynamics using ld       at timestep             790

dynamics using ld       at timestep             800

Update neighbor list at             800

timestep and time
             800     1.60000000 ps

in the coarse-grained domain

average/maximum/minimum energy (eV) per node is    -2.22136324     0.00000000 and    -4.44956173

ave velocity (Angstrom/ps) is     0.06105125     0.01622266     0.00024007

total force (eV/Angstrom) is    -0.12109798    -0.55852255     0.05847469

average/maximum/minimum number of neighbor atoms per intpo is   117.22720000             136 and              45

average/maximum/minimum host electron density per intpo is     0.94143883     1.01944098 and     0.40835482

in the atomistic domain

average/maximum/minimum energy (eV) per atom is    -3.89200814     0.00000000 and    -4.45718510

ave velocity (Angstrom/ps) is     0.03598781    -0.00713936     0.00012692

total force (eV/Angstrom) is    59.41316403   -90.21787074    29.12659578

average/maximum/minimum number of neighbor atoms per atom is   124.11797171             138 and              45

average/maximum/minimum host electron density per atom is     0.97048506     1.03784341 and     0.40923955

in total

total force (eV/Angstrom) is    59.29206605   -90.77639329    29.18507047

ave velocity (Angstrom/ps) is     0.03601438    -0.00711459     0.00012704

ave kinetic energy (eV) is      0.00212165

global force vector length (eV/Angstrom) is    39.30289721

maximum force (eV/Angstrom) is      1.06262614

average/maximum/minimum number of neighbor cells per cell is    22.21428571              27 and              14

average/maximum/minimum number of atomps per cell is    43.18587662             170 and              18

box boundaries/lengths are (Angstrom)
x from    -0.35925850 to    77.24056731 length is    77.59982581
y from    -0.70363404 to   128.18431741 length is   128.18431753
z from   -24.42378259 to    26.95521657 length is    50.80682393

center of mass (Angstrom) is at    38.49229753    64.13135687     1.01613647

dynamics using ld       at timestep             810

dynamics using ld       at timestep             820

dynamics using ld       at timestep             830

dynamics using ld       at timestep             840

dynamics using ld       at timestep             850

dynamics using ld       at timestep             860

dynamics using ld       at timestep             870

dynamics using ld       at timestep             880

dynamics using ld       at timestep             890

dynamics using ld       at timestep             900

dynamics using ld       at timestep             910

dynamics using ld       at timestep             920

dynamics using ld       at timestep             930

dynamics using ld       at timestep             940

dynamics using ld       at timestep             950

dynamics using ld       at timestep             960

dynamics using ld       at timestep             970

dynamics using ld       at timestep             980

dynamics using ld       at timestep             990

dynamics using ld       at timestep            1000

Update neighbor list at            1000

timestep and time
            1000     2.00000000 ps

in the coarse-grained domain

average/maximum/minimum energy (eV) per node is    -2.22042712     0.00000000 and    -4.44932046

ave velocity (Angstrom/ps) is     0.04852069    -0.15630674     0.00034575

total force (eV/Angstrom) is    -0.11182478    -0.20942290     0.08421309

average/maximum/minimum number of neighbor atoms per intpo is   117.06080000             135 and              45

average/maximum/minimum host electron density per intpo is     0.94079874     1.01881895 and     0.40909390

in the atomistic domain

average/maximum/minimum energy (eV) per atom is    -3.89285420     0.00000000 and    -4.45754063

ave velocity (Angstrom/ps) is     0.08302685    -0.05255455     0.00040870

total force (eV/Angstrom) is     6.20478740   -20.64869746    93.79026409

average/maximum/minimum number of neighbor atoms per atom is   124.03369862             136 and              45

average/maximum/minimum host electron density per atom is     0.96885823     1.02911532 and     0.40979047

in total

total force (eV/Angstrom) is     6.09296262   -20.85812036    93.87447718

ave velocity (Angstrom/ps) is     0.08299026    -0.05266455     0.00040863

ave kinetic energy (eV) is      0.00170577

global force vector length (eV/Angstrom) is    38.55717498

maximum force (eV/Angstrom) is      1.05659954

average/maximum/minimum number of neighbor cells per cell is    22.21428571              27 and              14

average/maximum/minimum number of atomps per cell is    43.28855519             172 and              18

box boundaries/lengths are (Angstrom)
x from    -0.35925850 to    77.24056731 length is    77.59982581
y from    -0.83035084 to   128.20984966 length is   128.18431753
z from   -24.42378259 to    26.95521657 length is    50.80682393

center of mass (Angstrom) is at    38.47558794    64.07718927     1.01613647

dynamics using ld       at timestep            1010

dynamics using ld       at timestep            1020

dynamics using ld       at timestep            1030

dynamics using ld       at timestep            1040

dynamics using ld       at timestep            1050

dynamics using ld       at timestep            1060

dynamics using ld       at timestep            1070

dynamics using ld       at timestep            1080

dynamics using ld       at timestep            1090

dynamics using ld       at timestep            1100

dynamics using ld       at timestep            1110

dynamics using ld       at timestep            1120

dynamics using ld       at timestep            1130

dynamics using ld       at timestep            1140

dynamics using ld       at timestep            1150

dynamics using ld       at timestep            1160

dynamics using ld       at timestep            1170

dynamics using ld       at timestep            1180

dynamics using ld       at timestep            1190

dynamics using ld       at timestep            1200

Update neighbor list at            1200

timestep and time
            1200     2.40000000 ps

in the coarse-grained domain

average/maximum/minimum energy (eV) per node is    -2.22042198     0.00000000 and    -4.44890536

ave velocity (Angstrom/ps) is     0.06077715    -0.14747685    -0.00036690

total force (eV/Angstrom) is     0.02098101    -0.07111789    -0.08936556

average/maximum/minimum number of neighbor atoms per intpo is   117.20800000             135 and              45

average/maximum/minimum host electron density per intpo is     0.94091016     1.01833051 and     0.40929441

in the atomistic domain

average/maximum/minimum energy (eV) per atom is    -3.89319798     0.00000000 and    -4.45876850

ave velocity (Angstrom/ps) is     0.04879469    -0.11881134     0.00024448

total force (eV/Angstrom) is    -1.35233950  -118.89869981    56.10392032

average/maximum/minimum number of neighbor atoms per atom is   124.07644546             136 and              45

average/maximum/minimum host electron density per atom is     0.96920179     1.02809808 and     0.40839384

in total

total force (eV/Angstrom) is    -1.33135849  -118.96981770    56.01455476

ave velocity (Angstrom/ps) is     0.04880740    -0.11884173     0.00024383

ave kinetic energy (eV) is      0.00143958

global force vector length (eV/Angstrom) is    37.67598043

maximum force (eV/Angstrom) is      0.80328332

average/maximum/minimum number of neighbor cells per cell is    22.21428571              27 and              14

average/maximum/minimum number of atomps per cell is    43.15219156             169 and              18

box boundaries/lengths are (Angstrom)
x from    -0.35925850 to    77.24056731 length is    77.59982581
y from    -0.83795254 to   128.20984966 length is   128.18431753
z from   -24.42378259 to    26.95521657 length is    50.80682393

center of mass (Angstrom) is at    38.42528768    64.05254106     1.01613647

dynamics using ld       at timestep            1210

dynamics using ld       at timestep            1220

dynamics using ld       at timestep            1230

dynamics using ld       at timestep            1240

dynamics using ld       at timestep            1250

dynamics using ld       at timestep            1260

dynamics using ld       at timestep            1270

dynamics using ld       at timestep            1280

dynamics using ld       at timestep            1290

dynamics using ld       at timestep            1300

dynamics using ld       at timestep            1310

dynamics using ld       at timestep            1320

dynamics using ld       at timestep            1330

dynamics using ld       at timestep            1340

dynamics using ld       at timestep            1350

dynamics using ld       at timestep            1360

dynamics using ld       at timestep            1370

dynamics using ld       at timestep            1380

dynamics using ld       at timestep            1390

dynamics using ld       at timestep            1400

Update neighbor list at            1400

timestep and time
            1400     2.80000000 ps

in the coarse-grained domain

average/maximum/minimum energy (eV) per node is    -2.22055480     0.00000000 and    -4.44909601

ave velocity (Angstrom/ps) is     0.06036098    -0.04191074     0.00152149

total force (eV/Angstrom) is     0.09112534     0.01578746     0.37058814

average/maximum/minimum number of neighbor atoms per intpo is   117.16800000             135 and              45

average/maximum/minimum host electron density per intpo is     0.94100672     1.02114563 and     0.40921209

in the atomistic domain

average/maximum/minimum energy (eV) per atom is    -3.89340732     0.00000000 and    -4.45821702

ave velocity (Angstrom/ps) is    -0.00017777    -0.18075842     0.00015062

total force (eV/Angstrom) is    -7.83039772   -30.05942875    34.56398660

average/maximum/minimum number of neighbor atoms per atom is   124.08546714             136 and              45

average/maximum/minimum host electron density per atom is     0.96945326     1.02556505 and     0.40934010

in total

total force (eV/Angstrom) is    -7.73927238   -30.04364129    34.93457474

ave velocity (Angstrom/ps) is    -0.00011359    -0.18061121     0.00015207

ave kinetic energy (eV) is      0.00121791

global force vector length (eV/Angstrom) is    37.42737879

maximum force (eV/Angstrom) is      0.75879894

average/maximum/minimum number of neighbor cells per cell is    22.21428571              27 and              14

average/maximum/minimum number of atomps per cell is    43.22199675             169 and              18

box boundaries/lengths are (Angstrom)
x from    -0.35925850 to    77.24056731 length is    77.59982581
y from    -0.83795254 to   128.20984966 length is   128.18431753
z from   -24.42378259 to    26.95521657 length is    50.80682393

center of mass (Angstrom) is at    38.44998007    64.03544892     1.01613647

dynamics using ld       at timestep            1410

dynamics using ld       at timestep            1420

dynamics using ld       at timestep            1430

dynamics using ld       at timestep            1440

dynamics using ld       at timestep            1450

dynamics using ld       at timestep            1460

dynamics using ld       at timestep            1470

dynamics using ld       at timestep            1480

dynamics using ld       at timestep            1490

dynamics using ld       at timestep            1500

dynamics using ld       at timestep            1510

dynamics using ld       at timestep            1520

dynamics using ld       at timestep            1530

dynamics using ld       at timestep            1540

dynamics using ld       at timestep            1550

dynamics using ld       at timestep            1560

dynamics using ld       at timestep            1570

dynamics using ld       at timestep            1580

dynamics using ld       at timestep            1590

dynamics using ld       at timestep            1600

timestep and time
            1600     3.20000000 ps

in the coarse-grained domain

average/maximum/minimum energy (eV) per node is    -2.22052140     0.00000000 and    -4.44904639

ave velocity (Angstrom/ps) is     0.00981739    -0.02466530     0.00156309

total force (eV/Angstrom) is    -0.35595346    -0.13959245     0.38072038

average/maximum/minimum number of neighbor atoms per intpo is   117.16800000             135 and              45

average/maximum/minimum host electron density per intpo is     0.94117609     1.02033227 and     0.41003863

in the atomistic domain

average/maximum/minimum energy (eV) per atom is    -3.89334138     0.00000000 and    -4.46171101

ave velocity (Angstrom/ps) is    -0.01951625    -0.08982988     0.00028033

total force (eV/Angstrom) is     3.29993419     8.93876600    64.33216502

average/maximum/minimum number of neighbor atoms per atom is   124.08546714             136 and              45

average/maximum/minimum host electron density per atom is     0.96944983     1.02624448 and     0.40809698

in total

total force (eV/Angstrom) is     2.94398073     8.79917355    64.71288541

ave velocity (Angstrom/ps) is    -0.01948515    -0.08976079     0.00028169

ave kinetic energy (eV) is      0.00105746

global force vector length (eV/Angstrom) is    37.36353883

maximum force (eV/Angstrom) is      0.76755613

average/maximum/minimum number of neighbor cells per cell is    22.21428571              27 and              14

average/maximum/minimum number of atomps per cell is    43.22199675             169 and              18

box boundaries/lengths are (Angstrom)
x from    -0.35925850 to    77.24056731 length is    77.59982581
y from    -0.83795254 to   128.20984966 length is   128.18431753
z from   -24.42378259 to    26.95521657 length is    50.80682393

center of mass (Angstrom) is at    38.44778862    64.04604638     1.01613647

dynamics using ld       at timestep            1610

dynamics using ld       at timestep            1620

dynamics using ld       at timestep            1630

dynamics using ld       at timestep            1640

dynamics using ld       at timestep            1650

dynamics using ld       at timestep            1660

dynamics using ld       at timestep            1670

dynamics using ld       at timestep            1680

dynamics using ld       at timestep            1690

dynamics using ld       at timestep            1700

dynamics using ld       at timestep            1710

dynamics using ld       at timestep            1720

dynamics using ld       at timestep            1730

dynamics using ld       at timestep            1740

dynamics using ld       at timestep            1750

dynamics using ld       at timestep            1760

dynamics using ld       at timestep            1770

dynamics using ld       at timestep            1780

dynamics using ld       at timestep            1790

dynamics using ld       at timestep            1800

timestep and time
            1800     3.60000000 ps

in the coarse-grained domain

average/maximum/minimum energy (eV) per node is    -2.22050179     0.00000000 and    -4.44893153

ave velocity (Angstrom/ps) is    -0.06700237     0.05137794     0.00109289

total force (eV/Angstrom) is     0.24296958     0.10803218     0.26619417

average/maximum/minimum number of neighbor atoms per intpo is   117.16800000             135 and              45

average/maximum/minimum host electron density per intpo is     0.94110306     1.02041874 and     0.40990128

in the atomistic domain

average/maximum/minimum energy (eV) per atom is    -3.89326627     0.00000000 and    -4.45930048

ave velocity (Angstrom/ps) is    -0.00997832     0.04868664     0.00013410

total force (eV/Angstrom) is   -34.65274986    71.27547261    30.77362534

average/maximum/minimum number of neighbor atoms per atom is   124.08546714             136 and              45

average/maximum/minimum host electron density per atom is     0.96991124     1.02670677 and     0.40626211

in total

total force (eV/Angstrom) is   -34.40978029    71.38350480    31.03981951

ave velocity (Angstrom/ps) is    -0.01003878     0.04868950     0.00013512

ave kinetic energy (eV) is      0.00098108

global force vector length (eV/Angstrom) is    37.37727223

maximum force (eV/Angstrom) is      0.81937993

average/maximum/minimum number of neighbor cells per cell is    22.21428571              27 and              14

average/maximum/minimum number of atomps per cell is    43.22199675             169 and              18

box boundaries/lengths are (Angstrom)
x from    -0.35925850 to    77.24056731 length is    77.59982581
y from    -0.83795254 to   128.20984966 length is   128.18431753
z from   -24.42378259 to    26.95521657 length is    50.80682393

center of mass (Angstrom) is at    38.43259205    64.08960066     1.01613647

dynamics using ld       at timestep            1810

dynamics using ld       at timestep            1820

dynamics using ld       at timestep            1830

dynamics using ld       at timestep            1840

dynamics using ld       at timestep            1850

dynamics using ld       at timestep            1860

dynamics using ld       at timestep            1870

dynamics using ld       at timestep            1880

dynamics using ld       at timestep            1890

dynamics using ld       at timestep            1900

dynamics using ld       at timestep            1910

dynamics using ld       at timestep            1920

dynamics using ld       at timestep            1930

dynamics using ld       at timestep            1940

dynamics using ld       at timestep            1950

dynamics using ld       at timestep            1960

dynamics using ld       at timestep            1970

dynamics using ld       at timestep            1980

dynamics using ld       at timestep            1990

dynamics using ld       at timestep            2000

timestep and time
            2000     4.00000000 ps

in the coarse-grained domain

average/maximum/minimum energy (eV) per node is    -2.22040797     0.00000000 and    -4.44925471

ave velocity (Angstrom/ps) is    -0.01675629     0.06316198     0.00221464

total force (eV/Angstrom) is     0.05271745     0.00008314     0.53941680

average/maximum/minimum number of neighbor atoms per intpo is   117.16800000             135 and              45

average/maximum/minimum host electron density per intpo is     0.94109609     1.02103863 and     0.41038877

in the atomistic domain

average/maximum/minimum energy (eV) per atom is    -3.89327650     0.00000000 and    -4.45758501

ave velocity (Angstrom/ps) is    -0.00113849     0.08978253     0.00025697

total force (eV/Angstrom) is    25.26518030    24.28161858    58.97042090

average/maximum/minimum number of neighbor atoms per atom is   124.08546714             136 and              45

average/maximum/minimum host electron density per atom is     0.97000753     1.02696868 and     0.40737241

in total

total force (eV/Angstrom) is    25.31789775    24.28170172    59.50983770

ave velocity (Angstrom/ps) is    -0.00115505     0.08975431     0.00025904

ave kinetic energy (eV) is      0.00091367

global force vector length (eV/Angstrom) is    37.46311955

maximum force (eV/Angstrom) is      0.89937420

average/maximum/minimum number of neighbor cells per cell is    22.21428571              27 and              14

average/maximum/minimum number of atomps per cell is    43.22199675             169 and              18

box boundaries/lengths are (Angstrom)
x from    -0.35925850 to    77.24056731 length is    77.59982581
y from    -0.83795254 to   128.20984966 length is   128.18431753
z from   -24.42378259 to    26.95521657 length is    50.80682393

center of mass (Angstrom) is at    38.43472719    64.12238048     1.01613647

dynamics using ld       at timestep            2010

dynamics using ld       at timestep            2020

dynamics using ld       at timestep            2030

dynamics using ld       at timestep            2040

dynamics using ld       at timestep            2050

dynamics using ld       at timestep            2060

dynamics using ld       at timestep            2070

dynamics using ld       at timestep            2080

dynamics using ld       at timestep            2090

dynamics using ld       at timestep            2100

dynamics using ld       at timestep            2110

dynamics using ld       at timestep            2120

dynamics using ld       at timestep            2130

dynamics using ld       at timestep            2140

dynamics using ld       at timestep            2150

dynamics using ld       at timestep            2160

dynamics using ld       at timestep            2170

dynamics using ld       at timestep            2180

dynamics using ld       at timestep            2190

dynamics using ld       at timestep            2200

timestep and time
            2200     4.40000000 ps

in the coarse-grained domain

average/maximum/minimum energy (eV) per node is    -2.22042928     0.00000000 and    -4.44945652

ave velocity (Angstrom/ps) is    -0.02148809     0.06126685     0.00121483

total force (eV/Angstrom) is     0.15568542    -0.37544790     0.29589432

average/maximum/minimum number of neighbor atoms per intpo is   117.16800000             135 and              45

average/maximum/minimum host electron density per intpo is     0.94144961     1.02075762 and     0.40955887

in the atomistic domain

average/maximum/minimum energy (eV) per atom is    -3.89317027     0.00000000 and    -4.45862134

ave velocity (Angstrom/ps) is    -0.01763721     0.08844337     0.00020096

total force (eV/Angstrom) is   -19.25582966     4.59273990    46.11638753

average/maximum/minimum number of neighbor atoms per atom is   124.08546714             136 and              45

average/maximum/minimum host electron density per atom is     0.96947763     1.02639062 and     0.40788726

in total

total force (eV/Angstrom) is   -19.10014424     4.21729201    46.41228185

ave velocity (Angstrom/ps) is    -0.01764129     0.08841455     0.00020203

ave kinetic energy (eV) is      0.00087666

global force vector length (eV/Angstrom) is    37.35806187

maximum force (eV/Angstrom) is      0.60945981

average/maximum/minimum number of neighbor cells per cell is    22.21428571              27 and              14

average/maximum/minimum number of atomps per cell is    43.22199675             169 and              18

box boundaries/lengths are (Angstrom)
x from    -0.35925850 to    77.24056731 length is    77.59982581
y from    -0.83795254 to   128.20984966 length is   128.18431753
z from   -24.42378259 to    26.95521657 length is    50.80682393

center of mass (Angstrom) is at    38.43795522    64.12730544     1.01613647

dynamics using ld       at timestep            2210

dynamics using ld       at timestep            2220

dynamics using ld       at timestep            2230

dynamics using ld       at timestep            2240

dynamics using ld       at timestep            2250

dynamics using ld       at timestep            2260

dynamics using ld       at timestep            2270

dynamics using ld       at timestep            2280

dynamics using ld       at timestep            2290

dynamics using ld       at timestep            2300

dynamics using ld       at timestep            2310

dynamics using ld       at timestep            2320

dynamics using ld       at timestep            2330

dynamics using ld       at timestep            2340

dynamics using ld       at timestep            2350

dynamics using ld       at timestep            2360

dynamics using ld       at timestep            2370

dynamics using ld       at timestep            2380

dynamics using ld       at timestep            2390

dynamics using ld       at timestep            2400

Update neighbor list at            2400

timestep and time
            2400     4.80000000 ps

in the coarse-grained domain

average/maximum/minimum energy (eV) per node is    -2.22051822     0.00000000 and    -4.44947964

ave velocity (Angstrom/ps) is    -0.00751081     0.00147421     0.00080031

total force (eV/Angstrom) is    -0.32626614     0.08322503     0.19493137

average/maximum/minimum number of neighbor atoms per intpo is   117.18400000             135 and              45

average/maximum/minimum host electron density per intpo is     0.94150182     1.01865430 and     0.40928211

in the atomistic domain

average/maximum/minimum energy (eV) per atom is    -3.89296591     0.00000000 and    -4.45876451

ave velocity (Angstrom/ps) is    -0.02640868     0.04233512     0.00024313

total force (eV/Angstrom) is    20.55480544   -21.49235420    55.79476498

average/maximum/minimum number of neighbor atoms per atom is   124.08305251             136 and              45

average/maximum/minimum host electron density per atom is     0.96951564     1.02842938 and     0.40814381

in total

total force (eV/Angstrom) is    20.22853930   -21.40912917    55.98969634

ave velocity (Angstrom/ps) is    -0.02638864     0.04229180     0.00024372

ave kinetic energy (eV) is      0.00084980

global force vector length (eV/Angstrom) is    37.55966956

maximum force (eV/Angstrom) is      0.72047514

average/maximum/minimum number of neighbor cells per cell is    22.21428571              27 and              14

average/maximum/minimum number of atomps per cell is    43.15259740             162 and              18

box boundaries/lengths are (Angstrom)
x from    -0.35925850 to    77.24056731 length is    77.59982581
y from    -1.02510277 to   128.20984966 length is   128.18431753
z from   -24.42378259 to    26.95521657 length is    50.80682393

center of mass (Angstrom) is at    38.43148924    64.11744517     1.01613647

dynamics using ld       at timestep            2410

dynamics using ld       at timestep            2420

dynamics using ld       at timestep            2430

dynamics using ld       at timestep            2440

dynamics using ld       at timestep            2450

dynamics using ld       at timestep            2460

dynamics using ld       at timestep            2470

dynamics using ld       at timestep            2480

dynamics using ld       at timestep            2490

dynamics using ld       at timestep            2500

dynamics using ld       at timestep            2510

dynamics using ld       at timestep            2520

dynamics using ld       at timestep            2530

dynamics using ld       at timestep            2540

dynamics using ld       at timestep            2550

dynamics using ld       at timestep            2560

dynamics using ld       at timestep            2570

dynamics using ld       at timestep            2580

dynamics using ld       at timestep            2590

dynamics using ld       at timestep            2600

timestep and time
            2600     5.20000000 ps

in the coarse-grained domain

average/maximum/minimum energy (eV) per node is    -2.22086828     0.00000000 and    -4.44940880

ave velocity (Angstrom/ps) is    -0.02612062    -0.03785023     0.00067660

total force (eV/Angstrom) is    -0.30084820    -0.11792310     0.16479955

average/maximum/minimum number of neighbor atoms per intpo is   117.18400000             135 and              45

average/maximum/minimum host electron density per intpo is     0.94136582     1.01807001 and     0.40869457

in the atomistic domain

average/maximum/minimum energy (eV) per atom is    -3.89271226     0.00000000 and    -4.45986079

ave velocity (Angstrom/ps) is    -0.01409886    -0.00018622     0.00032486

total force (eV/Angstrom) is    -4.73857781    17.75551304    74.54968874

average/maximum/minimum number of neighbor atoms per atom is   124.08305251             136 and              45

average/maximum/minimum host electron density per atom is     0.96973311     1.03103262 and     0.40790750

in total

total force (eV/Angstrom) is    -5.03942602    17.63758994    74.71448830

ave velocity (Angstrom/ps) is    -0.01411161    -0.00022616     0.00032523

ave kinetic energy (eV) is      0.00088285

global force vector length (eV/Angstrom) is    38.05453097

maximum force (eV/Angstrom) is      0.89186913

average/maximum/minimum number of neighbor cells per cell is    22.21428571              27 and              14

average/maximum/minimum number of atomps per cell is    43.15259740             162 and              18

box boundaries/lengths are (Angstrom)
x from    -0.35925850 to    77.24056731 length is    77.59982581
y from    -1.02510277 to   128.20984966 length is   128.18431753
z from   -24.42378259 to    26.95521657 length is    50.80682393

center of mass (Angstrom) is at    38.42485851    64.09865434     1.01613647

dynamics using ld       at timestep            2610

dynamics using ld       at timestep            2620

dynamics using ld       at timestep            2630

dynamics using ld       at timestep            2640

dynamics using ld       at timestep            2650

dynamics using ld       at timestep            2660

dynamics using ld       at timestep            2670

dynamics using ld       at timestep            2680

dynamics using ld       at timestep            2690

dynamics using ld       at timestep            2700

dynamics using ld       at timestep            2710

dynamics using ld       at timestep            2720

dynamics using ld       at timestep            2730

dynamics using ld       at timestep            2740

dynamics using ld       at timestep            2750

dynamics using ld       at timestep            2760

dynamics using ld       at timestep            2770

dynamics using ld       at timestep            2780

dynamics using ld       at timestep            2790

dynamics using ld       at timestep            2800

Update neighbor list at            2800

timestep and time
            2800     5.60000000 ps

in the coarse-grained domain

average/maximum/minimum energy (eV) per node is    -2.22132131     0.00000000 and    -4.44929641

ave velocity (Angstrom/ps) is    -0.00422177    -0.09149466     0.00052255

total force (eV/Angstrom) is    -0.06657593     0.06113623     0.12727660

average/maximum/minimum number of neighbor atoms per intpo is   117.25440000             135 and              45

average/maximum/minimum host electron density per intpo is     0.94111719     1.01800951 and     0.41090168

in the atomistic domain

average/maximum/minimum energy (eV) per atom is    -3.89250513     0.00000000 and    -4.45854607

ave velocity (Angstrom/ps) is     0.00223838     0.00321529     0.00025947

total force (eV/Angstrom) is    12.50694275     8.56569406    59.54441724

average/maximum/minimum number of neighbor atoms per atom is   124.07180195             136 and              45

average/maximum/minimum host electron density per atom is     0.96985525     1.03370199 and     0.40744454

in total

total force (eV/Angstrom) is    12.44036682     8.62683028    59.67169384

ave velocity (Angstrom/ps) is     0.00223153     0.00311487     0.00025975

ave kinetic energy (eV) is      0.00090982

global force vector length (eV/Angstrom) is    38.17785667

maximum force (eV/Angstrom) is      1.11699165

average/maximum/minimum number of neighbor cells per cell is    22.21428571              27 and              14

average/maximum/minimum number of atomps per cell is    43.14975649             161 and              17

box boundaries/lengths are (Angstrom)
x from    -0.35925850 to    77.24056731 length is    77.59982581
y from    -1.12594883 to   128.22743372 length is   128.18431753
z from   -24.42378259 to    26.95521657 length is    50.80682393

center of mass (Angstrom) is at    38.43734056    64.08881387     1.01613647

dynamics using ld       at timestep            2810

dynamics using ld       at timestep            2820

dynamics using ld       at timestep            2830

dynamics using ld       at timestep            2840

dynamics using ld       at timestep            2850

dynamics using ld       at timestep            2860

dynamics using ld       at timestep            2870

dynamics using ld       at timestep            2880

dynamics using ld       at timestep            2890

dynamics using ld       at timestep            2900

dynamics using ld       at timestep            2910

dynamics using ld       at timestep            2920

dynamics using ld       at timestep            2930

dynamics using ld       at timestep            2940

dynamics using ld       at timestep            2950

dynamics using ld       at timestep            2960

dynamics using ld       at timestep            2970

dynamics using ld       at timestep            2980

dynamics using ld       at timestep            2990

dynamics using ld       at timestep            3000

Update neighbor list at            3000

timestep and time
            3000     6.00000000 ps

in the coarse-grained domain

average/maximum/minimum energy (eV) per node is    -2.22174276     0.00000000 and    -4.44909971

ave velocity (Angstrom/ps) is     0.01889993    -0.07528942    -0.00020408

total force (eV/Angstrom) is    -0.01524350     0.23935411    -0.04970826

average/maximum/minimum number of neighbor atoms per intpo is   117.17600000             135 and              45

average/maximum/minimum host electron density per intpo is     0.94132769     1.01262077 and     0.41116416

in the atomistic domain

average/maximum/minimum energy (eV) per atom is    -3.89222216     0.00000000 and    -4.45883228

ave velocity (Angstrom/ps) is     0.01206159    -0.00920235     0.00024053

total force (eV/Angstrom) is     4.09530889    -9.68836290    55.19821976

average/maximum/minimum number of neighbor atoms per atom is   124.05354632             136 and              45

average/maximum/minimum host electron density per atom is     0.96989615     1.03516709 and     0.40773221

in total

total force (eV/Angstrom) is     4.08006539    -9.44900879    55.14851150

ave velocity (Angstrom/ps) is     0.01206884    -0.00927241     0.00024006

ave kinetic energy (eV) is      0.00086034

global force vector length (eV/Angstrom) is    38.20878399

maximum force (eV/Angstrom) is      0.90551378

average/maximum/minimum number of neighbor cells per cell is    22.21428571              27 and              14

average/maximum/minimum number of atomps per cell is    43.19926948             162 and              17

box boundaries/lengths are (Angstrom)
x from    -0.35925850 to    77.24056731 length is    77.59982581
y from    -1.16824236 to   128.28675383 length is   128.18431753
z from   -24.42378259 to    26.95521657 length is    50.80682393

center of mass (Angstrom) is at    38.44228816    64.08560462     1.01613647

dynamics using ld       at timestep            3010

dynamics using ld       at timestep            3020

dynamics using ld       at timestep            3030

dynamics using ld       at timestep            3040

dynamics using ld       at timestep            3050

dynamics using ld       at timestep            3060

dynamics using ld       at timestep            3070

dynamics using ld       at timestep            3080

dynamics using ld       at timestep            3090

dynamics using ld       at timestep            3100

dynamics using ld       at timestep            3110

dynamics using ld       at timestep            3120

dynamics using ld       at timestep            3130

dynamics using ld       at timestep            3140

dynamics using ld       at timestep            3150

dynamics using ld       at timestep            3160

dynamics using ld       at timestep            3170

dynamics using ld       at timestep            3180

dynamics using ld       at timestep            3190

dynamics using ld       at timestep            3200

Update neighbor list at            3200

timestep and time
            3200     6.40000000 ps

in the coarse-grained domain

average/maximum/minimum energy (eV) per node is    -2.22205929     0.00000000 and    -4.44885328

ave velocity (Angstrom/ps) is     0.03548517    -0.09415597    -0.00000498

total force (eV/Angstrom) is    -0.16536346     0.03936649    -0.00121314

average/maximum/minimum number of neighbor atoms per intpo is   117.36800000             135 and              45

average/maximum/minimum host electron density per intpo is     0.94197516     1.01325400 and     0.41068580

in the atomistic domain

average/maximum/minimum energy (eV) per atom is    -3.89198936     0.00000000 and    -4.46038560

ave velocity (Angstrom/ps) is     0.03765790    -0.02008030     0.00032787

total force (eV/Angstrom) is    25.79144094   -39.24775274    75.24226203

average/maximum/minimum number of neighbor atoms per atom is   124.04818638             136 and              45

average/maximum/minimum host electron density per atom is     0.96969458     1.03630165 and     0.40724412

in total

total force (eV/Angstrom) is    25.62607747   -39.20838625    75.24104889

ave velocity (Angstrom/ps) is     0.03765560    -0.02015884     0.00032752

ave kinetic energy (eV) is      0.00085599

global force vector length (eV/Angstrom) is    38.50776662

maximum force (eV/Angstrom) is      0.93531136

average/maximum/minimum number of neighbor cells per cell is    22.21428571              27 and              14

average/maximum/minimum number of atomps per cell is    43.17004870             167 and              16

box boundaries/lengths are (Angstrom)
x from    -0.35925850 to    77.24056731 length is    77.59982581
y from    -1.20769784 to   128.34891200 length is   128.18431753
z from   -24.42378259 to    26.95521657 length is    50.80682393

center of mass (Angstrom) is at    38.45373627    64.08276656     1.01613647

dynamics using ld       at timestep            3210

dynamics using ld       at timestep            3220

dynamics using ld       at timestep            3230

dynamics using ld       at timestep            3240

dynamics using ld       at timestep            3250

dynamics using ld       at timestep            3260

dynamics using ld       at timestep            3270

dynamics using ld       at timestep            3280

dynamics using ld       at timestep            3290

dynamics using ld       at timestep            3300

dynamics using ld       at timestep            3310

dynamics using ld       at timestep            3320

dynamics using ld       at timestep            3330

dynamics using ld       at timestep            3340

dynamics using ld       at timestep            3350

dynamics using ld       at timestep            3360

dynamics using ld       at timestep            3370

dynamics using ld       at timestep            3380

dynamics using ld       at timestep            3390

dynamics using ld       at timestep            3400

Update neighbor list at            3400

timestep and time
            3400     6.80000000 ps

in the coarse-grained domain

average/maximum/minimum energy (eV) per node is    -2.22185981     0.00000000 and    -4.44874932

ave velocity (Angstrom/ps) is     0.00358649    -0.03818764    -0.00000982

total force (eV/Angstrom) is    -0.07957359    -0.33543996    -0.00239269

average/maximum/minimum number of neighbor atoms per intpo is   117.39520000             135 and              45

average/maximum/minimum host electron density per intpo is     0.94216229     1.01571735 and     0.41062453

in the atomistic domain

average/maximum/minimum energy (eV) per atom is    -3.89187465     0.00000000 and    -4.45872176

ave velocity (Angstrom/ps) is     0.03759032    -0.01810103     0.00029829

total force (eV/Angstrom) is   -12.20072974     5.08035194    68.45345677

average/maximum/minimum number of neighbor atoms per atom is   124.04338366             136 and              45

average/maximum/minimum host electron density per atom is     0.96977407     1.03529182 and     0.40714649

in total

total force (eV/Angstrom) is   -12.28030334     4.74491199    68.45106408

ave velocity (Angstrom/ps) is     0.03755427    -0.01812233     0.00029797

ave kinetic energy (eV) is      0.00084107

global force vector length (eV/Angstrom) is    38.54363210

maximum force (eV/Angstrom) is      0.84890305

average/maximum/minimum number of neighbor cells per cell is    22.21428571              27 and              14

average/maximum/minimum number of atomps per cell is    43.21185065             170 and              15

box boundaries/lengths are (Angstrom)
x from    -0.35925850 to    77.24056731 length is    77.59982581
y from    -1.24546379 to   128.41275970 length is   128.18431753
z from   -24.42378259 to    26.95521657 length is    50.80682393

center of mass (Angstrom) is at    38.45558725    64.08107703     1.01613647

dynamics using ld       at timestep            3410

dynamics using ld       at timestep            3420

dynamics using ld       at timestep            3430

dynamics using ld       at timestep            3440

dynamics using ld       at timestep            3450

dynamics using ld       at timestep            3460

dynamics using ld       at timestep            3470

dynamics using ld       at timestep            3480

dynamics using ld       at timestep            3490

dynamics using ld       at timestep            3500

dynamics using ld       at timestep            3510

dynamics using ld       at timestep            3520

dynamics using ld       at timestep            3530

dynamics using ld       at timestep            3540

dynamics using ld       at timestep            3550

dynamics using ld       at timestep            3560

dynamics using ld       at timestep            3570

dynamics using ld       at timestep            3580

dynamics using ld       at timestep            3590

dynamics using ld       at timestep            3600

timestep and time
            3600     7.20000000 ps

in the coarse-grained domain

average/maximum/minimum energy (eV) per node is    -2.22183710     0.00000000 and    -4.44881618

ave velocity (Angstrom/ps) is    -0.00350818    -0.03567820     0.00132885

total force (eV/Angstrom) is    -0.22112401    -0.34205780     0.32366775

average/maximum/minimum number of neighbor atoms per intpo is   117.39520000             135 and              45

average/maximum/minimum host electron density per intpo is     0.94221901     1.01689330 and     0.40956505

in the atomistic domain

average/maximum/minimum energy (eV) per atom is    -3.89171778     0.00000000 and    -4.45729606

ave velocity (Angstrom/ps) is     0.00506663     0.02311824     0.00034394

total force (eV/Angstrom) is     7.22044046    41.27410264    78.92934371

average/maximum/minimum number of neighbor atoms per atom is   124.04338366             136 and              45

average/maximum/minimum host electron density per atom is     0.96980074     1.03549936 and     0.40672820

in total

total force (eV/Angstrom) is     6.99931644    40.93204483    79.25301145

ave velocity (Angstrom/ps) is     0.00505754     0.02305590     0.00034499

ave kinetic energy (eV) is      0.00083150

global force vector length (eV/Angstrom) is    38.69881728

maximum force (eV/Angstrom) is      0.93588498

average/maximum/minimum number of neighbor cells per cell is    22.21428571              27 and              14

average/maximum/minimum number of atomps per cell is    43.21185065             170 and              15

box boundaries/lengths are (Angstrom)
x from    -0.35925850 to    77.24056731 length is    77.59982581
y from    -1.24546379 to   128.41275970 length is   128.18431753
z from   -24.42378259 to    26.95521657 length is    50.80682393

center of mass (Angstrom) is at    38.44610481    64.09145633     1.01613647

dynamics using ld       at timestep            3610

dynamics using ld       at timestep            3620

dynamics using ld       at timestep            3630

dynamics using ld       at timestep            3640

dynamics using ld       at timestep            3650

dynamics using ld       at timestep            3660

dynamics using ld       at timestep            3670

dynamics using ld       at timestep            3680

dynamics using ld       at timestep            3690

dynamics using ld       at timestep            3700

dynamics using ld       at timestep            3710

dynamics using ld       at timestep            3720

dynamics using ld       at timestep            3730

dynamics using ld       at timestep            3740

dynamics using ld       at timestep            3750

dynamics using ld       at timestep            3760

dynamics using ld       at timestep            3770

dynamics using ld       at timestep            3780

dynamics using ld       at timestep            3790

dynamics using ld       at timestep            3800

Update neighbor list at            3800

timestep and time
            3800     7.60000000 ps

in the coarse-grained domain

average/maximum/minimum energy (eV) per node is    -2.22180628     0.00000000 and    -4.44853558

ave velocity (Angstrom/ps) is     0.03210283     0.01965117    -0.00069706

total force (eV/Angstrom) is    -0.11089506     0.01031833    -0.16978287

average/maximum/minimum number of neighbor atoms per intpo is   117.41120000             135 and              45

average/maximum/minimum host electron density per intpo is     0.94226980     1.01966215 and     0.41158821

in the atomistic domain

average/maximum/minimum energy (eV) per atom is    -3.89149507     0.00000000 and    -4.45723883

ave velocity (Angstrom/ps) is    -0.00409211     0.02904752     0.00029551

total force (eV/Angstrom) is    18.83020468    19.92876170    67.81600152

average/maximum/minimum number of neighbor atoms per atom is   124.01626556             136 and              45

average/maximum/minimum host electron density per atom is     0.96961725     1.03540594 and     0.40702370

in total

total force (eV/Angstrom) is    18.71930963    19.93908004    67.64621865

ave velocity (Angstrom/ps) is    -0.00405373     0.02903756     0.00029446

ave kinetic energy (eV) is      0.00082476

global force vector length (eV/Angstrom) is    38.89871365

maximum force (eV/Angstrom) is      0.96590560

average/maximum/minimum number of neighbor cells per cell is    22.21428571              27 and              14

average/maximum/minimum number of atomps per cell is    43.22970779             174 and              13

box boundaries/lengths are (Angstrom)
x from    -0.35925850 to    77.24056731 length is    77.59982581
y from    -1.35294285 to   128.50850793 length is   128.18431753
z from   -24.42378259 to    26.95521657 length is    50.80682393

center of mass (Angstrom) is at    38.44100753    64.10264490     1.01613647

dynamics using ld       at timestep            3810

dynamics using ld       at timestep            3820

dynamics using ld       at timestep            3830

dynamics using ld       at timestep            3840

dynamics using ld       at timestep            3850

dynamics using ld       at timestep            3860

dynamics using ld       at timestep            3870

dynamics using ld       at timestep            3880

dynamics using ld       at timestep            3890

dynamics using ld       at timestep            3900

dynamics using ld       at timestep            3910

dynamics using ld       at timestep            3920

dynamics using ld       at timestep            3930

dynamics using ld       at timestep            3940

dynamics using ld       at timestep            3950

dynamics using ld       at timestep            3960

dynamics using ld       at timestep            3970

dynamics using ld       at timestep            3980

dynamics using ld       at timestep            3990

dynamics using ld       at timestep            4000

timestep and time
            4000     8.00000000 ps

in the coarse-grained domain

average/maximum/minimum energy (eV) per node is    -2.22175604     0.00000000 and    -4.44854795

ave velocity (Angstrom/ps) is     0.00185176    -0.00766526     0.00102759

total force (eV/Angstrom) is    -0.39810688     0.11661825     0.25028901

average/maximum/minimum number of neighbor atoms per intpo is   117.41120000             135 and              45

average/maximum/minimum host electron density per intpo is     0.94186904     1.01621794 and     0.41055175

in the atomistic domain

average/maximum/minimum energy (eV) per atom is    -3.89130478     0.00000000 and    -4.45870009

ave velocity (Angstrom/ps) is     0.00009422     0.01083421     0.00038184

total force (eV/Angstrom) is    -5.12521710   -15.83893566    87.62612449

average/maximum/minimum number of neighbor atoms per atom is   124.01626556             136 and              45

average/maximum/minimum host electron density per atom is     0.96961823     1.03586959 and     0.40620450

in total

total force (eV/Angstrom) is    -5.52332398   -15.72231742    87.87641350

ave velocity (Angstrom/ps) is     0.00009608     0.01081459     0.00038252

ave kinetic energy (eV) is      0.00083562

global force vector length (eV/Angstrom) is    38.88588326

maximum force (eV/Angstrom) is      1.00978756

average/maximum/minimum number of neighbor cells per cell is    22.21428571              27 and              14

average/maximum/minimum number of atomps per cell is    43.22970779             174 and              13

box boundaries/lengths are (Angstrom)
x from    -0.35925850 to    77.24056731 length is    77.59982581
y from    -1.35294285 to   128.50850793 length is   128.18431753
z from   -24.42378259 to    26.95521657 length is    50.80682393

center of mass (Angstrom) is at    38.43931947    64.10155765     1.01613647

dynamics using ld       at timestep            4010

dynamics using ld       at timestep            4020

dynamics using ld       at timestep            4030

dynamics using ld       at timestep            4040

dynamics using ld       at timestep            4050

dynamics using ld       at timestep            4060

dynamics using ld       at timestep            4070

dynamics using ld       at timestep            4080

dynamics using ld       at timestep            4090

dynamics using ld       at timestep            4100

dynamics using ld       at timestep            4110

dynamics using ld       at timestep            4120

dynamics using ld       at timestep            4130

dynamics using ld       at timestep            4140

dynamics using ld       at timestep            4150

dynamics using ld       at timestep            4160

dynamics using ld       at timestep            4170

dynamics using ld       at timestep            4180

dynamics using ld       at timestep            4190

dynamics using ld       at timestep            4200

Update neighbor list at            4200

timestep and time
            4200     8.40000000 ps

in the coarse-grained domain

average/maximum/minimum energy (eV) per node is    -2.22197418     0.00000000 and    -4.44839586

ave velocity (Angstrom/ps) is    -0.05003713    -0.05746269    -0.00038241

total force (eV/Angstrom) is     0.01134860    -0.06575072    -0.09314351

average/maximum/minimum number of neighbor atoms per intpo is   117.38080000             135 and              45

average/maximum/minimum host electron density per intpo is     0.94213848     1.01954537 and     0.41138877

in the atomistic domain

average/maximum/minimum energy (eV) per atom is    -3.89121654     0.00000000 and    -4.45781064

ave velocity (Angstrom/ps) is    -0.01590042     0.00645854     0.00027845

total force (eV/Angstrom) is   -33.24022589    -2.49048878    63.90021916

average/maximum/minimum number of neighbor atoms per atom is   123.98620214             137 and              45

average/maximum/minimum host electron density per atom is     0.96959372     1.03553822 and     0.40692252

in total

total force (eV/Angstrom) is   -33.22887729    -2.55623949    63.80707564

ave velocity (Angstrom/ps) is    -0.01593662     0.00639077     0.00027775

ave kinetic energy (eV) is      0.00093016

global force vector length (eV/Angstrom) is    39.04172903

maximum force (eV/Angstrom) is      0.90628479

average/maximum/minimum number of neighbor cells per cell is    22.21428571              27 and              14

average/maximum/minimum number of atomps per cell is    43.29464286             178 and              13

box boundaries/lengths are (Angstrom)
x from    -0.35925850 to    77.24056731 length is    77.59982581
y from    -1.46135887 to   128.60331921 length is   128.18431753
z from   -24.42378259 to    26.95521657 length is    50.80682393

center of mass (Angstrom) is at    38.43674535    64.09348052     1.01613647

dynamics using ld       at timestep            4210

dynamics using ld       at timestep            4220

dynamics using ld       at timestep            4230

dynamics using ld       at timestep            4240

dynamics using ld       at timestep            4250

dynamics using ld       at timestep            4260

dynamics using ld       at timestep            4270

dynamics using ld       at timestep            4280

dynamics using ld       at timestep            4290

dynamics using ld       at timestep            4300

dynamics using ld       at timestep            4310

dynamics using ld       at timestep            4320

dynamics using ld       at timestep            4330

dynamics using ld       at timestep            4340

dynamics using ld       at timestep            4350

dynamics using ld       at timestep            4360

dynamics using ld       at timestep            4370

dynamics using ld       at timestep            4380

dynamics using ld       at timestep            4390

dynamics using ld       at timestep            4400

Update neighbor list at            4400

timestep and time
            4400     8.80000000 ps

in the coarse-grained domain

average/maximum/minimum energy (eV) per node is    -2.22200159     0.00000000 and    -4.44884189

ave velocity (Angstrom/ps) is    -0.04794914    -0.06296336    -0.00031192

total force (eV/Angstrom) is    -0.13491726     0.17537816    -0.07597437

average/maximum/minimum number of neighbor atoms per intpo is   117.40800000             136 and              45

average/maximum/minimum host electron density per intpo is     0.94269245     1.01386569 and     0.40934187

in the atomistic domain

average/maximum/minimum energy (eV) per atom is    -3.89114991     0.00000000 and    -4.45796043

ave velocity (Angstrom/ps) is    -0.04070559     0.00311179     0.00024317

total force (eV/Angstrom) is   -23.48825585    -8.38720134    55.80391437

average/maximum/minimum number of neighbor atoms per atom is   123.94356144             137 and              45

average/maximum/minimum host electron density per atom is     0.96953596     1.03610825 and     0.40672070

in total

total force (eV/Angstrom) is   -23.62317311    -8.21182318    55.72794001

ave velocity (Angstrom/ps) is    -0.04071327     0.00304173     0.00024258

ave kinetic energy (eV) is      0.00098457

global force vector length (eV/Angstrom) is    39.17006400

maximum force (eV/Angstrom) is      1.21032691

average/maximum/minimum number of neighbor cells per cell is    22.21428571              27 and              14

average/maximum/minimum number of atomps per cell is    43.16680195             179 and              13

box boundaries/lengths are (Angstrom)
x from    -0.35925850 to    77.24056731 length is    77.59982581
y from    -1.50822086 to   128.72671741 length is   128.18431753
z from   -24.42378259 to    26.95521657 length is    50.80682393

center of mass (Angstrom) is at    38.42090034    64.09017308     1.01613647

dynamics using ld       at timestep            4410

dynamics using ld       at timestep            4420

dynamics using ld       at timestep            4430

dynamics using ld       at timestep            4440

dynamics using ld       at timestep            4450

dynamics using ld       at timestep            4460

dynamics using ld       at timestep            4470

dynamics using ld       at timestep            4480

dynamics using ld       at timestep            4490

dynamics using ld       at timestep            4500

dynamics using ld       at timestep            4510

dynamics using ld       at timestep            4520

dynamics using ld       at timestep            4530

dynamics using ld       at timestep            4540

dynamics using ld       at timestep            4550

dynamics using ld       at timestep            4560

dynamics using ld       at timestep            4570

dynamics using ld       at timestep            4580

dynamics using ld       at timestep            4590

dynamics using ld       at timestep            4600

Update neighbor list at            4600

timestep and time
            4600     9.20000000 ps

in the coarse-grained domain

average/maximum/minimum energy (eV) per node is    -2.22211676     0.00000000 and    -4.44934214

ave velocity (Angstrom/ps) is    -0.02029680    -0.00391322     0.00080455

total force (eV/Angstrom) is    -0.27140642     0.12297555     0.19596315

average/maximum/minimum number of neighbor atoms per intpo is   117.46560000             135 and              45

average/maximum/minimum host electron density per intpo is     0.94297201     1.01468275 and     0.41135479

in the atomistic domain

average/maximum/minimum energy (eV) per atom is    -3.89110858     0.00000000 and    -4.45847278

ave velocity (Angstrom/ps) is    -0.03364736     0.01042094     0.00028520

total force (eV/Angstrom) is     7.89194839     1.13229932    65.44923545

average/maximum/minimum number of neighbor atoms per atom is   123.90253934             137 and              45

average/maximum/minimum host electron density per atom is     0.96937102     1.03632225 and     0.40651245

in total

total force (eV/Angstrom) is     7.62054197     1.25527487    65.64519861

ave velocity (Angstrom/ps) is    -0.03363320     0.01040575     0.00028575

ave kinetic energy (eV) is      0.00099935

global force vector length (eV/Angstrom) is    39.21968774

maximum force (eV/Angstrom) is      1.28494629

average/maximum/minimum number of neighbor cells per cell is    22.21428571              27 and              14

average/maximum/minimum number of atomps per cell is    43.15422078             179 and              13

box boundaries/lengths are (Angstrom)
x from    -0.35925850 to    77.24056731 length is    77.59982581
y from    -1.55722384 to   128.78327173 length is   128.18431753
z from   -24.42378259 to    26.95521657 length is    50.80682393

center of mass (Angstrom) is at    38.42287004    64.09231406     1.01613647

dynamics using ld       at timestep            4610

dynamics using ld       at timestep            4620

dynamics using ld       at timestep            4630

dynamics using ld       at timestep            4640

dynamics using ld       at timestep            4650

dynamics using ld       at timestep            4660

dynamics using ld       at timestep            4670

dynamics using ld       at timestep            4680

dynamics using ld       at timestep            4690

dynamics using ld       at timestep            4700

dynamics using ld       at timestep            4710

dynamics using ld       at timestep            4720

dynamics using ld       at timestep            4730

dynamics using ld       at timestep            4740

dynamics using ld       at timestep            4750

dynamics using ld       at timestep            4760

dynamics using ld       at timestep            4770

dynamics using ld       at timestep            4780

dynamics using ld       at timestep            4790

dynamics using ld       at timestep            4800

Update neighbor list at            4800

timestep and time
            4800     9.60000000 ps

in the coarse-grained domain

average/maximum/minimum energy (eV) per node is    -2.22203670     0.00000000 and    -4.44933265

ave velocity (Angstrom/ps) is    -0.01841514     0.00626563     0.00120109

total force (eV/Angstrom) is     0.05978382    -0.11060013     0.29254884

average/maximum/minimum number of neighbor atoms per intpo is   117.42400000             135 and              45

average/maximum/minimum host electron density per intpo is     0.94268546     1.01483120 and     0.41073113

in the atomistic domain

average/maximum/minimum energy (eV) per atom is    -3.89137076     0.00000000 and    -4.45683773

ave velocity (Angstrom/ps) is    -0.00070250     0.02285936     0.00027000

total force (eV/Angstrom) is    11.93706741    31.38258298    61.96060082

average/maximum/minimum number of neighbor atoms per atom is   123.89349112             137 and              45

average/maximum/minimum host electron density per atom is     0.96905879     1.03731585 and     0.40639430

in total

total force (eV/Angstrom) is    11.99685123    31.27198284    62.25314966

ave velocity (Angstrom/ps) is    -0.00072128     0.02284177     0.00027099

ave kinetic energy (eV) is      0.00111774

global force vector length (eV/Angstrom) is    39.10331318

maximum force (eV/Angstrom) is      1.29456052

average/maximum/minimum number of neighbor cells per cell is    22.21428571              27 and              14

average/maximum/minimum number of atomps per cell is    43.15016234             180 and              13

box boundaries/lengths are (Angstrom)
x from    -0.35925850 to    77.24056731 length is    77.59982581
y from    -1.61257222 to   128.91583645 length is   128.18431753
z from   -24.42378259 to    26.95521657 length is    50.80682393

center of mass (Angstrom) is at    38.43807758    64.09865946     1.01613647

dynamics using ld       at timestep            4810

dynamics using ld       at timestep            4820

dynamics using ld       at timestep            4830

dynamics using ld       at timestep            4840

dynamics using ld       at timestep            4850

dynamics using ld       at timestep            4860

dynamics using ld       at timestep            4870

dynamics using ld       at timestep            4880

dynamics using ld       at timestep            4890

dynamics using ld       at timestep            4900

dynamics using ld       at timestep            4910

dynamics using ld       at timestep            4920

dynamics using ld       at timestep            4930

dynamics using ld       at timestep            4940

dynamics using ld       at timestep            4950

dynamics using ld       at timestep            4960

dynamics using ld       at timestep            4970

dynamics using ld       at timestep            4980

dynamics using ld       at timestep            4990

dynamics using ld       at timestep            5000

Update neighbor list at            5000

timestep and time
            5000    10.00000000 ps

in the coarse-grained domain

average/maximum/minimum energy (eV) per node is    -2.22190245     0.00000000 and    -4.44959893

ave velocity (Angstrom/ps) is     0.02520629     0.03177816     0.00201892

total force (eV/Angstrom) is    -0.03969658     0.11092134     0.49174713

average/maximum/minimum number of neighbor atoms per intpo is   117.42240000             136 and              45

average/maximum/minimum host electron density per intpo is     0.94266873     1.01220473 and     0.41167041

in the atomistic domain

average/maximum/minimum energy (eV) per atom is    -3.89134809     0.00000000 and    -4.45756158

ave velocity (Angstrom/ps) is     0.01692795     0.04747035     0.00018786

total force (eV/Angstrom) is    21.73697265    11.47205173    43.11016243

average/maximum/minimum number of neighbor atoms per atom is   123.87998514             138 and              45

average/maximum/minimum host electron density per atom is     0.96886331     1.03930117 and     0.40618144

in total

total force (eV/Angstrom) is    21.69727607    11.58297307    43.60190956

ave velocity (Angstrom/ps) is     0.01693673     0.04745371     0.00018980

ave kinetic energy (eV) is      0.00101453

global force vector length (eV/Angstrom) is    39.19813714

maximum force (eV/Angstrom) is      1.53893637

average/maximum/minimum number of neighbor cells per cell is    22.21428571              27 and              14

average/maximum/minimum number of atomps per cell is    43.10917208             179 and              13

box boundaries/lengths are (Angstrom)
x from    -0.35925850 to    77.24056731 length is    77.59982581
y from    -1.67653142 to   129.09714673 length is   128.18431753
z from   -24.42378259 to    26.95521657 length is    50.80682393

center of mass (Angstrom) is at    38.44702232    64.10727029     1.01613647

dynamics using ld       at timestep            5010

dynamics using ld       at timestep            5020

dynamics using ld       at timestep            5030

dynamics using ld       at timestep            5040

dynamics using ld       at timestep            5050

dynamics using ld       at timestep            5060

dynamics using ld       at timestep            5070

dynamics using ld       at timestep            5080

dynamics using ld       at timestep            5090

dynamics using ld       at timestep            5100

dynamics using ld       at timestep            5110

dynamics using ld       at timestep            5120

dynamics using ld       at timestep            5130

dynamics using ld       at timestep            5140

dynamics using ld       at timestep            5150

dynamics using ld       at timestep            5160

dynamics using ld       at timestep            5170

dynamics using ld       at timestep            5180

dynamics using ld       at timestep            5190

dynamics using ld       at timestep            5200

Update neighbor list at            5200

timestep and time
            5200    10.40000000 ps

in the coarse-grained domain

average/maximum/minimum energy (eV) per node is    -2.22177487     0.00000000 and    -4.44932746

ave velocity (Angstrom/ps) is     0.00796464     0.00610421    -0.00009129

total force (eV/Angstrom) is    -0.14416889     0.12192983    -0.02223564

average/maximum/minimum number of neighbor atoms per intpo is   117.43520000             135 and              45

average/maximum/minimum host electron density per intpo is     0.94269973     1.01420030 and     0.41139420

in the atomistic domain

average/maximum/minimum energy (eV) per atom is    -3.89133090     0.00000000 and    -4.45836389

ave velocity (Angstrom/ps) is     0.02001276     0.03289869     0.00019548

total force (eV/Angstrom) is     7.44215412    16.86219242    44.86036850

average/maximum/minimum number of neighbor atoms per atom is   123.87802160             137 and              45

average/maximum/minimum host electron density per atom is     0.96871230     1.04045646 and     0.40599499

in total

total force (eV/Angstrom) is     7.29798523    16.98412226    44.83813286

ave velocity (Angstrom/ps) is     0.01999998     0.03287028     0.00019518

ave kinetic energy (eV) is      0.00095958

global force vector length (eV/Angstrom) is    38.99681844

maximum force (eV/Angstrom) is      1.45129781

average/maximum/minimum number of neighbor cells per cell is    22.21428571              27 and              14

average/maximum/minimum number of atomps per cell is    43.10836039             179 and              13

box boundaries/lengths are (Angstrom)
x from    -0.35925850 to    77.24056731 length is    77.59982581
y from    -1.74221141 to   129.11373322 length is   128.18431753
z from   -24.42378259 to    26.95521657 length is    50.80682393

center of mass (Angstrom) is at    38.44886902    64.10899107     1.01613647

dynamics using ld       at timestep            5210

dynamics using ld       at timestep            5220

dynamics using ld       at timestep            5230

dynamics using ld       at timestep            5240

dynamics using ld       at timestep            5250

dynamics using ld       at timestep            5260

dynamics using ld       at timestep            5270

dynamics using ld       at timestep            5280

dynamics using ld       at timestep            5290

dynamics using ld       at timestep            5300

dynamics using ld       at timestep            5310

dynamics using ld       at timestep            5320

dynamics using ld       at timestep            5330

dynamics using ld       at timestep            5340

dynamics using ld       at timestep            5350

dynamics using ld       at timestep            5360

dynamics using ld       at timestep            5370

dynamics using ld       at timestep            5380

dynamics using ld       at timestep            5390

dynamics using ld       at timestep            5400

Update neighbor list at            5400

timestep and time
            5400    10.80000000 ps

in the coarse-grained domain

average/maximum/minimum energy (eV) per node is    -2.22170096     0.00000000 and    -4.44932276

ave velocity (Angstrom/ps) is     0.00659281    -0.01402640    -0.00007618

total force (eV/Angstrom) is    -0.09526364     0.10805234    -0.01855439

average/maximum/minimum number of neighbor atoms per intpo is   117.48320000             136 and              45

average/maximum/minimum host electron density per intpo is     0.94250265     1.01373421 and     0.41043032

in the atomistic domain

average/maximum/minimum energy (eV) per atom is    -3.89120768     0.00000000 and    -4.47653411

ave velocity (Angstrom/ps) is     0.00493854    -0.00386665     0.00015447

total force (eV/Angstrom) is    16.22427121   -39.46907503    35.44933089

average/maximum/minimum number of neighbor atoms per atom is   123.89349112             138 and              45

average/maximum/minimum host electron density per atom is     0.96880506     1.04220554 and     0.40579548

in total

total force (eV/Angstrom) is    16.12900758   -39.36102269    35.43077650

ave velocity (Angstrom/ps) is     0.00494029    -0.00387742     0.00015423

ave kinetic energy (eV) is      0.00092790

global force vector length (eV/Angstrom) is    39.08630252

maximum force (eV/Angstrom) is      1.43484579

average/maximum/minimum number of neighbor cells per cell is    22.21428571              27 and              14

average/maximum/minimum number of atomps per cell is    43.14650974             179 and              13

box boundaries/lengths are (Angstrom)
x from    -0.35925850 to    77.24056731 length is    77.59982581
y from    -1.79680913 to   129.13722451 length is   128.18431753
z from   -24.42378259 to    26.95521657 length is    50.80682393

center of mass (Angstrom) is at    38.44650360    64.09790880     1.01613647

dynamics using ld       at timestep            5410

dynamics using ld       at timestep            5420

dynamics using ld       at timestep            5430

dynamics using ld       at timestep            5440

dynamics using ld       at timestep            5450

dynamics using ld       at timestep            5460

dynamics using ld       at timestep            5470

dynamics using ld       at timestep            5480

dynamics using ld       at timestep            5490

dynamics using ld       at timestep            5500

dynamics using ld       at timestep            5510

dynamics using ld       at timestep            5520

dynamics using ld       at timestep            5530

dynamics using ld       at timestep            5540

dynamics using ld       at timestep            5550

dynamics using ld       at timestep            5560

dynamics using ld       at timestep            5570

dynamics using ld       at timestep            5580

dynamics using ld       at timestep            5590

dynamics using ld       at timestep            5600

timestep and time
            5600    11.20000000 ps

in the coarse-grained domain

average/maximum/minimum energy (eV) per node is    -2.22147860     0.00000000 and    -4.44925855

ave velocity (Angstrom/ps) is    -0.01886369    -0.00628972    -0.00077911

total force (eV/Angstrom) is    -0.02165333     0.16548025    -0.18976623

average/maximum/minimum number of neighbor atoms per intpo is   117.48320000             136 and              45

average/maximum/minimum host electron density per intpo is     0.94291975     1.01448955 and     0.41096575

in the atomistic domain

average/maximum/minimum energy (eV) per atom is    -3.89110347     0.00000000 and    -4.45881883

ave velocity (Angstrom/ps) is    -0.00010204    -0.00991535     0.00015006

total force (eV/Angstrom) is    15.05577584    -9.07068282    34.43660862

average/maximum/minimum number of neighbor atoms per atom is   123.89349112             138 and              45

average/maximum/minimum host electron density per atom is     0.96878525     1.04093937 and     0.40556643

in total

total force (eV/Angstrom) is    15.03412251    -8.90520257    34.24684239

ave velocity (Angstrom/ps) is    -0.00012193    -0.00991150     0.00014908

ave kinetic energy (eV) is      0.00088555

global force vector length (eV/Angstrom) is    38.87620102

maximum force (eV/Angstrom) is      1.57838773

average/maximum/minimum number of neighbor cells per cell is    22.21428571              27 and              14

average/maximum/minimum number of atomps per cell is    43.14650974             179 and              13

box boundaries/lengths are (Angstrom)
x from    -0.35925850 to    77.24056731 length is    77.59982581
y from    -1.79680913 to   129.13722451 length is   128.18431753
z from   -24.42378259 to    26.95521657 length is    50.80682393

center of mass (Angstrom) is at    38.44064192    64.09131569     1.01613647

dynamics using ld       at timestep            5610

dynamics using ld       at timestep            5620

dynamics using ld       at timestep            5630

dynamics using ld       at timestep            5640

dynamics using ld       at timestep            5650

dynamics using ld       at timestep            5660

dynamics using ld       at timestep            5670

dynamics using ld       at timestep            5680

dynamics using ld       at timestep            5690

dynamics using ld       at timestep            5700

dynamics using ld       at timestep            5710

dynamics using ld       at timestep            5720

dynamics using ld       at timestep            5730

dynamics using ld       at timestep            5740

dynamics using ld       at timestep            5750

dynamics using ld       at timestep            5760

dynamics using ld       at timestep            5770

dynamics using ld       at timestep            5780

dynamics using ld       at timestep            5790

dynamics using ld       at timestep            5800

timestep and time
            5800    11.60000000 ps

in the coarse-grained domain

average/maximum/minimum energy (eV) per node is    -2.22131111     0.00000000 and    -4.44924331

ave velocity (Angstrom/ps) is    -0.01835244    -0.01557252     0.00040195

total force (eV/Angstrom) is     0.31317821     0.03108800     0.09790216

average/maximum/minimum number of neighbor atoms per intpo is   117.48320000             136 and              45

average/maximum/minimum host electron density per intpo is     0.94305191     1.01465880 and     0.41212511

in the atomistic domain

average/maximum/minimum energy (eV) per atom is    -3.89092055     0.00000000 and    -4.45827579

ave velocity (Angstrom/ps) is    -0.01061881    -0.01388492     0.00020621

total force (eV/Angstrom) is    19.95523609   -16.25291293    47.32237635

average/maximum/minimum number of neighbor atoms per atom is   123.89349112             138 and              45

average/maximum/minimum host electron density per atom is     0.96879859     1.04094906 and     0.40538926

in total

total force (eV/Angstrom) is    20.26841430   -16.22182494    47.42027851

ave velocity (Angstrom/ps) is    -0.01062701    -0.01388670     0.00020642

ave kinetic energy (eV) is      0.00084704

global force vector length (eV/Angstrom) is    38.88849845

maximum force (eV/Angstrom) is      1.42477898

average/maximum/minimum number of neighbor cells per cell is    22.21428571              27 and              14

average/maximum/minimum number of atomps per cell is    43.14650974             179 and              13

box boundaries/lengths are (Angstrom)
x from    -0.35925850 to    77.24056731 length is    77.59982581
y from    -1.79680913 to   129.13722451 length is   128.18431753
z from   -24.42378259 to    26.95521657 length is    50.80682393

center of mass (Angstrom) is at    38.43828954    64.09008938     1.01613647

dynamics using ld       at timestep            5810

dynamics using ld       at timestep            5820

dynamics using ld       at timestep            5830

dynamics using ld       at timestep            5840

dynamics using ld       at timestep            5850

dynamics using ld       at timestep            5860

dynamics using ld       at timestep            5870

dynamics using ld       at timestep            5880

dynamics using ld       at timestep            5890

dynamics using ld       at timestep            5900

dynamics using ld       at timestep            5910

dynamics using ld       at timestep            5920

dynamics using ld       at timestep            5930

dynamics using ld       at timestep            5940

dynamics using ld       at timestep            5950

dynamics using ld       at timestep            5960

dynamics using ld       at timestep            5970

dynamics using ld       at timestep            5980

dynamics using ld       at timestep            5990

dynamics using ld       at timestep            6000

Update neighbor list at            6000

timestep and time
            6000    12.00000000 ps

in the coarse-grained domain

average/maximum/minimum energy (eV) per node is    -2.22115741     0.00000000 and    -4.44880845

ave velocity (Angstrom/ps) is    -0.01710090     0.00565156     0.00032159

total force (eV/Angstrom) is     0.13294484    -0.15522164     0.07832893

average/maximum/minimum number of neighbor atoms per intpo is   117.41600000             136 and              45

average/maximum/minimum host electron density per intpo is     0.94294346     1.01244084 and     0.41164596

in the atomistic domain

average/maximum/minimum energy (eV) per atom is    -3.89072930     0.00000000 and    -4.45809970

ave velocity (Angstrom/ps) is    -0.00330570    -0.01307248     0.00008327

total force (eV/Angstrom) is   -18.85446820     8.13933180    19.10933307

average/maximum/minimum number of neighbor atoms per atom is   123.89542813             138 and              45

average/maximum/minimum host electron density per atom is     0.96892387     1.03988791 and     0.40522657

in total

total force (eV/Angstrom) is   -18.72152335     7.98411016    19.18766200

ave velocity (Angstrom/ps) is    -0.00332033    -0.01305263     0.00008352

ave kinetic energy (eV) is      0.00082028

global force vector length (eV/Angstrom) is    38.86480784

maximum force (eV/Angstrom) is      1.31766483

average/maximum/minimum number of neighbor cells per cell is    22.21428571              27 and              14

average/maximum/minimum number of atomps per cell is    43.15056818             182 and              13

box boundaries/lengths are (Angstrom)
x from    -0.35925850 to    77.24056731 length is    77.59982581
y from    -1.93675540 to   129.13722451 length is   128.18431753
z from   -24.42378259 to    26.95521657 length is    50.80682393

center of mass (Angstrom) is at    38.43656323    64.08847444     1.01613647

Elapsed time (in unit of s)

Total time (%)  2220.33562499

Interaction time (%)  2678.16386881(   120.61977652)

Neighbor time (%)    18.22655983(     0.82089210)

Communication time (%)   556.65392564(    25.07071090)

Input/Output time (%)   130.40622522(     5.87326635)

Other time (%) -1163.11495452(   -52.38464588)

