Concurrent Atomistic-Continuum (CAC) Simulator
Author: Shuozhi Xu (Georgia Institute of Technology)
Version: 1.0

There are               5 elements              40 nodes           37329 atoms, and            2464 cells

The system contains               1 grains

The lattice space of grain               1 is
x     4.31110195 y     2.48901587 z     6.09681884

The unit length of grain               1 is
x     2.87406796 y     4.97803174 z     2.03227295

The boundaries of grain               1 prior to modification are (Angstrom)
x from    -0.35925850 to    77.24056731 length is    77.59982581
y from    -0.62225397 to   128.80657126 length is   129.42882523
z from   -25.40341184 to    27.43568479 length is    52.83909664

The boundary conditions are
p        in the x direction
s        in the y direction
s        in the z direction

The periodic bounary condition is applied on
               1 direction with periodic length    77.59982581

The box boundaries/lengths are (Angstrom)
x from    -0.35925850 to    77.24056731 length is    77.59982581
y from    -0.00000012 to   128.18431741 length is   128.18431753
z from   -24.38727549 to    26.41954844 length is    50.80682393

The lattice_space_max are
x     4.31110195 y     2.48901587 z     6.09681884

The box contains number of lattice_space_max
x    17.99999786 y    51.50000010 z     8.33333337

In coarse-grained domain, there are               5 elements with              40 and nodes

There are               1 element types

The               1 type contains            2197 atoms per element

In atomistic domain, there are           37329 atoms

There are           10985 atomaps in mapping configuration

The unit cell volume is    10.90355200 Angstrom^3

The lattice name is Ni      , the type is fcc     , and the lattice parameter is     3.52000000 Angstrom

The atomic mass is    58.69340000 g/mol

The potential type is eam     

The cutoff radius are     5.80375000 and     6.80375000 Angstrom

There are               1 modify

The               1 modify style is delete  

The               1 modify shape is sphere  

Group/Modify               1 is inside the bound

Group/Modify               1 is centered at    38.44065903,     86.49330147, and     0.81290918
its radius is      9.75491015

The output is done every             200 step
The reduce is done every             200 step
The restart is done every             500 step

The given temperature is    10.00000000 k

There are               5 groups:

Group               1 has               4 elements              32 nodes and           15362 atoms

Group               1 has shape block    and it is in unit of node     in coarse-grained and atom     in atomistic domain, respectively

Group/Modify               1 is inside the bound

Group/Modify               1 has boundary/length
x from    -0.35925850 to    77.24056731 length is    77.59982581
y from    -0.00000012 to   128.18431741 length is   128.18431753
z from   -24.38727549 to     1.82904553 length is    26.21632102

Group               2 has               0 elements               0 nodes and            5616 atoms

Group               2 has shape block    and it is in unit of node     in coarse-grained and atom     in atomistic domain, respectively

Group/Modify               2 is inside the bound

Group/Modify               2 has boundary/length
x from    -0.35925850 to    77.24056731 length is    77.59982581
y from    99.56063467 to   128.18431741 length is    28.62368274
z from     1.82904553 to    26.41954844 length is    24.59050290

Group               3 has               1 elements               3 nodes and            2970 atoms

Group               3 has shape block    and it is in unit of node     in coarse-grained and atom     in atomistic domain, respectively

Group/Modify               3 is inside the bound

Group/Modify               3 has boundary/length
x from    -0.35925850 to    77.24056731 length is    77.59982581
y from    -0.00000012 to    17.42311097 length is    17.42311109
z from     1.82904553 to    26.41954844 length is    24.59050290

Group               4 has               4 elements              16 nodes and            2392 atoms

Group               4 has shape block    and it is in unit of node     in coarse-grained and atom     in atomistic domain, respectively

Group/Modify               4 is inside the bound

Group/Modify               4 has boundary/length
x from    -0.35925850 to    77.24056731 length is    77.59982581
y from    -0.00000012 to   128.18431741 length is   128.18431753
z from   -24.38727549 to   -21.33886607 length is     3.04840942

Group               5 has               1 elements               4 nodes and            1703 atoms

Group               5 has shape block    and it is in unit of node     in coarse-grained and atom     in atomistic domain, respectively

Group/Modify               5 is inside the bound

Group/Modify               5 has boundary/length
x from    -0.35925850 to    77.24056731 length is    77.59982581
y from    -0.00000012 to   128.18431741 length is   128.18431753
z from    24.99695714 to    26.41954844 length is     1.42259130

Group               1 is assigned displacement     0.00000000     0.00000000     0.00000000 Angstrom

Group               2 is assigned displacement     0.00000000     0.00000000     0.00000000 Angstrom

Group               3 is assigned displacement     0.00000000     0.00800000     0.00000000 Angstrom

Group               4 is assigned displacement     0.00000000     0.00000000     0.00000000 Angstrom

Group               5 is assigned displacement     0.00000000     0.00000000     0.00000000 Angstrom

timestep and time
               0     0.00000000 ps

in the coarse-grained domain

average/maximum/minimum energy (eV) per node is    -0.55203513     0.00000000 and    -4.45000724

ave velocity (Angstrom/ps) is     0.00000000     0.00000000     0.00000000

total force (eV/Angstrom) is    -0.00000971    -0.00006166    -0.00422311

average/maximum/minimum number of neighbor atoms per intpo is   117.83680000             134 and              45

average/maximum/minimum host electron density per intpo is     0.94320745     1.00000135 and     0.41023267

in the atomistic domain

average/maximum/minimum energy (eV) per atom is    -1.57751135     0.00000000 and    -4.45382175

ave velocity (Angstrom/ps) is     0.00000000     0.00000000     0.00000000

total force (eV/Angstrom) is     0.33563415     1.17227538    -6.21829934

average/maximum/minimum number of neighbor atoms per atom is   123.58804147             134 and              45

average/maximum/minimum host electron density per atom is     0.96387285     1.00000135 and     0.41023267

in total

total force (eV/Angstrom) is     0.33562443     1.17221371    -6.22252245

ave velocity (Angstrom/ps) is     0.00000000     0.00000000     0.00000000

ave kinetic energy (eV) is      0.00000000

global force vector length (eV/Angstrom) is     7.13147950

maximum force (eV/Angstrom) is      0.25185574

average/maximum/minimum number of neighbor cells per cell is    22.21428571              27 and              14

average/maximum/minimum number of atomps per cell is    41.74472403             160 and               0

box boundaries/lengths are (Angstrom)
x from    -0.35925850 to    77.24056731 length is    77.59982581
y from    -0.00000012 to   128.18431741 length is   128.18431753
z from   -24.38727549 to    26.41954844 length is    50.80682393

center of mass (Angstrom) is at    38.44048057    63.92586020     1.01828173

dynamics using ld       at timestep              10

dynamics using ld       at timestep              20

dynamics using ld       at timestep              30

dynamics using ld       at timestep              40

dynamics using ld       at timestep              50

dynamics using ld       at timestep              60

dynamics using ld       at timestep              70

dynamics using ld       at timestep              80

dynamics using ld       at timestep              90

dynamics using ld       at timestep             100

dynamics using ld       at timestep             110

dynamics using ld       at timestep             120

dynamics using ld       at timestep             130

dynamics using ld       at timestep             140

dynamics using ld       at timestep             150

dynamics using ld       at timestep             160

dynamics using ld       at timestep             170

dynamics using ld       at timestep             180

dynamics using ld       at timestep             190

dynamics using ld       at timestep             200

Update neighbor list at             200

timestep and time
             200     0.40000000 ps

in the coarse-grained domain

average/maximum/minimum energy (eV) per node is    -0.54787583     0.00000000 and    -4.42068583

ave velocity (Angstrom/ps) is    -0.05276684     0.23868460     0.05500811

total force (eV/Angstrom) is    -0.19568286     0.37312774    -0.04462651

average/maximum/minimum number of neighbor atoms per intpo is   115.83680000             137 and              45

average/maximum/minimum host electron density per intpo is     0.93530491     1.03693306 and     0.39066941

in the atomistic domain

average/maximum/minimum energy (eV) per atom is    -1.57230133     0.00000000 and    -4.45622450

ave velocity (Angstrom/ps) is    -0.02976639     0.34359105     0.02432742

total force (eV/Angstrom) is   -47.07912005   252.16124793    10.93999694

average/maximum/minimum number of neighbor atoms per atom is   123.00806344             137 and              36

average/maximum/minimum host electron density per atom is     0.96446322     1.04555918 and     0.32048127

in total

total force (eV/Angstrom) is   -47.27480292   252.53437567    10.89537042

ave velocity (Angstrom/ps) is    -0.02979101     0.34347876     0.02436027

ave kinetic energy (eV) is      0.00379132

global force vector length (eV/Angstrom) is    28.74672904

maximum force (eV/Angstrom) is      1.21765939

average/maximum/minimum number of neighbor cells per cell is    22.21428571              27 and              14

average/maximum/minimum number of atomps per cell is    41.61850649             169 and               0

box boundaries/lengths are (Angstrom)
x from    -0.35925850 to    77.24056731 length is    77.59982581
y from    -0.00000012 to   128.18431741 length is   128.18431753
z from   -24.38727549 to    26.61236532 length is    50.80682393

center of mass (Angstrom) is at    38.43621148    64.11195308     1.02286187

dynamics using ld       at timestep             210

dynamics using ld       at timestep             220

dynamics using ld       at timestep             230

dynamics using ld       at timestep             240

dynamics using ld       at timestep             250

dynamics using ld       at timestep             260

dynamics using ld       at timestep             270

dynamics using ld       at timestep             280

dynamics using ld       at timestep             290

dynamics using ld       at timestep             300

dynamics using ld       at timestep             310

dynamics using ld       at timestep             320

dynamics using ld       at timestep             330

dynamics using ld       at timestep             340

dynamics using ld       at timestep             350

dynamics using ld       at timestep             360

dynamics using ld       at timestep             370

dynamics using ld       at timestep             380

dynamics using ld       at timestep             390

dynamics using ld       at timestep             400

Update neighbor list at             400

timestep and time
             400     0.80000000 ps

in the coarse-grained domain

average/maximum/minimum energy (eV) per node is    -0.54675910     0.00000000 and    -4.40242161

ave velocity (Angstrom/ps) is    -0.07430675     0.36595815     0.01938386

total force (eV/Angstrom) is     0.02392653    -0.08993420     0.01045818

average/maximum/minimum number of neighbor atoms per intpo is   117.29920000             137 and              45

average/maximum/minimum host electron density per intpo is     0.94437900     1.03928435 and     0.34611491

in the atomistic domain

average/maximum/minimum energy (eV) per atom is    -1.56895110     0.00000000 and    -4.45574158

ave velocity (Angstrom/ps) is    -0.08613363     0.53819247     0.06478005

total force (eV/Angstrom) is   -58.39193774   125.93462635    11.14170142

average/maximum/minimum number of neighbor atoms per atom is   123.52281068             137 and              42

average/maximum/minimum host electron density per atom is     0.96793914     1.03590794 and     0.34611451

in total

total force (eV/Angstrom) is   -58.36801121   125.84469215    11.15215960

ave velocity (Angstrom/ps) is    -0.08612097     0.53800811     0.06473146

ave kinetic energy (eV) is      0.00545454

global force vector length (eV/Angstrom) is    33.62306933

maximum force (eV/Angstrom) is      2.04328212

average/maximum/minimum number of neighbor cells per cell is    22.21428571              27 and              14

average/maximum/minimum number of atomps per cell is    42.81209416             162 and               0

box boundaries/lengths are (Angstrom)
x from    -0.35925850 to    77.24056731 length is    77.59982581
y from    -0.00000012 to   128.18431741 length is   128.18431753
z from   -24.41162988 to    26.95636295 length is    50.80682393

center of mass (Angstrom) is at    38.41631530    64.18164544     1.03805597

dynamics using ld       at timestep             410

dynamics using ld       at timestep             420

dynamics using ld       at timestep             430

dynamics using ld       at timestep             440

dynamics using ld       at timestep             450

dynamics using ld       at timestep             460

dynamics using ld       at timestep             470

dynamics using ld       at timestep             480

dynamics using ld       at timestep             490

dynamics using ld       at timestep             500

dynamics using ld       at timestep             510

dynamics using ld       at timestep             520

dynamics using ld       at timestep             530

dynamics using ld       at timestep             540

dynamics using ld       at timestep             550

dynamics using ld       at timestep             560

dynamics using ld       at timestep             570

dynamics using ld       at timestep             580

dynamics using ld       at timestep             590

dynamics using ld       at timestep             600

Update neighbor list at             600

timestep and time
             600     1.20000000 ps

in the coarse-grained domain

average/maximum/minimum energy (eV) per node is    -2.22157918     0.00000000 and    -4.44974047

ave velocity (Angstrom/ps) is     0.08952495     0.09296872     0.00175725

total force (eV/Angstrom) is     0.22989162     0.03318238     0.42801220

average/maximum/minimum number of neighbor atoms per intpo is   117.20000000             136 and              45

average/maximum/minimum host electron density per intpo is     0.94203288     1.02140911 and     0.40813479

in the atomistic domain

average/maximum/minimum energy (eV) per atom is    -3.92466082     0.00000000 and    -4.45796988

ave velocity (Angstrom/ps) is    -0.04276963     0.28218428     0.00003925

total force (eV/Angstrom) is    55.59010795  -130.94958285     8.92149665

average/maximum/minimum number of neighbor atoms per atom is   123.57086983             136 and              45

average/maximum/minimum host electron density per atom is     0.96863738     1.03356519 and     0.40888331

in total

total force (eV/Angstrom) is    55.81999956  -130.91640047     9.34950885

ave velocity (Angstrom/ps) is    -0.04262802     0.28198174     0.00004109

ave kinetic energy (eV) is      0.00312700

global force vector length (eV/Angstrom) is    39.88318027

maximum force (eV/Angstrom) is      0.89311874

average/maximum/minimum number of neighbor cells per cell is    22.21428571              27 and              14

average/maximum/minimum number of atomps per cell is    42.83279221             161 and               0

box boundaries/lengths are (Angstrom)
x from    -0.35925850 to    77.24056731 length is    77.59982581
y from    -0.62281996 to   128.18431741 length is   128.18431753
z from   -24.42247286 to    26.95636295 length is    50.80682393

center of mass (Angstrom) is at    38.41896868    64.08214618     1.02912471

dynamics using ld       at timestep             610

dynamics using ld       at timestep             620

dynamics using ld       at timestep             630

dynamics using ld       at timestep             640

dynamics using ld       at timestep             650

dynamics using ld       at timestep             660

dynamics using ld       at timestep             670

dynamics using ld       at timestep             680

dynamics using ld       at timestep             690

dynamics using ld       at timestep             700

dynamics using ld       at timestep             710

dynamics using ld       at timestep             720

dynamics using ld       at timestep             730

dynamics using ld       at timestep             740

dynamics using ld       at timestep             750

dynamics using ld       at timestep             760

dynamics using ld       at timestep             770

dynamics using ld       at timestep             780

dynamics using ld       at timestep             790

dynamics using ld       at timestep             800

Update neighbor list at             800

timestep and time
             800     1.60000000 ps

in the coarse-grained domain

average/maximum/minimum energy (eV) per node is    -2.22150173     0.00000000 and    -4.44947277

ave velocity (Angstrom/ps) is     0.07318530     0.07649782     0.00049801

total force (eV/Angstrom) is     0.12601738    -0.23466756     0.12129879

average/maximum/minimum number of neighbor atoms per intpo is   117.09120000             137 and              45

average/maximum/minimum host electron density per intpo is     0.94093152     1.01966077 and     0.40829315

in the atomistic domain

average/maximum/minimum energy (eV) per atom is    -3.92507681     0.00000000 and    -4.45720114

ave velocity (Angstrom/ps) is     0.06977693     0.08075929     0.00014373

total force (eV/Angstrom) is    66.50260420   -64.19190714    32.67136249

average/maximum/minimum number of neighbor atoms per atom is   123.53628546             136 and              45

average/maximum/minimum host electron density per atom is     0.96827557     1.03080111 and     0.40917354

in total

total force (eV/Angstrom) is    66.62862158   -64.42657470    32.79266127

ave velocity (Angstrom/ps) is     0.06978058     0.08075473     0.00014411

ave kinetic energy (eV) is      0.00221520

global force vector length (eV/Angstrom) is    39.55246701

maximum force (eV/Angstrom) is      1.00996124

average/maximum/minimum number of neighbor cells per cell is    22.21428571              27 and              14

average/maximum/minimum number of atomps per cell is    42.59537338             171 and               0

box boundaries/lengths are (Angstrom)
x from    -0.35925850 to    77.24056731 length is    77.59982581
y from    -0.73226663 to   128.18431741 length is   128.18431753
z from   -24.42247286 to    26.95636295 length is    50.80682393

center of mass (Angstrom) is at    38.50006553    63.98646192     1.01828173

dynamics using ld       at timestep             810

dynamics using ld       at timestep             820

dynamics using ld       at timestep             830

dynamics using ld       at timestep             840

dynamics using ld       at timestep             850

dynamics using ld       at timestep             860

dynamics using ld       at timestep             870

dynamics using ld       at timestep             880

dynamics using ld       at timestep             890

dynamics using ld       at timestep             900

dynamics using ld       at timestep             910

dynamics using ld       at timestep             920

dynamics using ld       at timestep             930

dynamics using ld       at timestep             940

dynamics using ld       at timestep             950

dynamics using ld       at timestep             960

dynamics using ld       at timestep             970

dynamics using ld       at timestep             980

dynamics using ld       at timestep             990

dynamics using ld       at timestep            1000

Update neighbor list at            1000

timestep and time
            1000     2.00000000 ps

in the coarse-grained domain

average/maximum/minimum energy (eV) per node is    -2.22119288     0.00000000 and    -4.44938932

ave velocity (Angstrom/ps) is     0.07415453    -0.10122987     0.00015130

total force (eV/Angstrom) is     0.14084425    -0.17138351     0.03685302

average/maximum/minimum number of neighbor atoms per intpo is   116.94400000             135 and              45

average/maximum/minimum host electron density per intpo is     0.93971924     1.01450534 and     0.40888791

in the atomistic domain

average/maximum/minimum energy (eV) per atom is    -3.92576823     0.00000000 and    -4.45776001

ave velocity (Angstrom/ps) is     0.08026144     0.01987332     0.00037774

total force (eV/Angstrom) is   -14.69500007   -10.92156247    85.86248744

average/maximum/minimum number of neighbor atoms per atom is   123.43143401             136 and              45

average/maximum/minimum host electron density per atom is     0.96661732     1.02648030 and     0.40964071

in total

total force (eV/Angstrom) is   -14.55415582   -11.09294598    85.89934047

ave velocity (Angstrom/ps) is     0.08025490     0.01974369     0.00037750

ave kinetic energy (eV) is      0.00178807

global force vector length (eV/Angstrom) is    38.90549379

maximum force (eV/Angstrom) is      0.91895701

average/maximum/minimum number of neighbor cells per cell is    22.21428571              27 and              14

average/maximum/minimum number of atomps per cell is    42.62662338             174 and               0

box boundaries/lengths are (Angstrom)
x from    -0.35925850 to    77.24056731 length is    77.59982581
y from    -0.89066130 to   128.18857386 length is   128.18431753
z from   -24.42247286 to    26.95636295 length is    50.80682393

center of mass (Angstrom) is at    38.48654217    63.94304228     1.01828173

dynamics using ld       at timestep            1010

dynamics using ld       at timestep            1020

dynamics using ld       at timestep            1030

dynamics using ld       at timestep            1040

dynamics using ld       at timestep            1050

dynamics using ld       at timestep            1060

dynamics using ld       at timestep            1070

dynamics using ld       at timestep            1080

dynamics using ld       at timestep            1090

dynamics using ld       at timestep            1100

dynamics using ld       at timestep            1110

dynamics using ld       at timestep            1120

dynamics using ld       at timestep            1130

dynamics using ld       at timestep            1140

dynamics using ld       at timestep            1150

dynamics using ld       at timestep            1160

dynamics using ld       at timestep            1170

dynamics using ld       at timestep            1180

dynamics using ld       at timestep            1190

dynamics using ld       at timestep            1200

Update neighbor list at            1200

timestep and time
            1200     2.40000000 ps

in the coarse-grained domain

average/maximum/minimum energy (eV) per node is    -2.22168402     0.00000000 and    -4.44940972

ave velocity (Angstrom/ps) is     0.06457615    -0.11777043     0.00011731

total force (eV/Angstrom) is     0.21537804    -0.20004259     0.02857403

average/maximum/minimum number of neighbor atoms per intpo is   117.02720000             135 and              45

average/maximum/minimum host electron density per intpo is     0.93993633     1.01353277 and     0.40915154

in the atomistic domain

average/maximum/minimum energy (eV) per atom is    -3.92581930     0.00000000 and    -4.45756616

ave velocity (Angstrom/ps) is     0.02944290    -0.06898324     0.00019161

total force (eV/Angstrom) is     4.76623469  -114.17676012    43.55432640

average/maximum/minimum number of neighbor atoms per atom is   123.46116960             136 and              45

average/maximum/minimum host electron density per atom is     0.96663988     1.02677667 and     0.40963889

in total

total force (eV/Angstrom) is     4.98161273  -114.37680270    43.58290043

ave velocity (Angstrom/ps) is     0.02948051    -0.06903547     0.00019153

ave kinetic energy (eV) is      0.00140256

global force vector length (eV/Angstrom) is    38.46281806

maximum force (eV/Angstrom) is      0.78591797

average/maximum/minimum number of neighbor cells per cell is    22.21428571              27 and              14

average/maximum/minimum number of atomps per cell is    42.53287338             169 and               0

box boundaries/lengths are (Angstrom)
x from    -0.35925850 to    77.24056731 length is    77.59982581
y from    -0.89066130 to   128.18857386 length is   128.18431753
z from   -24.42247286 to    26.95636295 length is    50.80682393

center of mass (Angstrom) is at    38.41699882    63.90966869     1.01828173

dynamics using ld       at timestep            1210

dynamics using ld       at timestep            1220

dynamics using ld       at timestep            1230

dynamics using ld       at timestep            1240

dynamics using ld       at timestep            1250

dynamics using ld       at timestep            1260

dynamics using ld       at timestep            1270

dynamics using ld       at timestep            1280

dynamics using ld       at timestep            1290

dynamics using ld       at timestep            1300

dynamics using ld       at timestep            1310

dynamics using ld       at timestep            1320

dynamics using ld       at timestep            1330

dynamics using ld       at timestep            1340

dynamics using ld       at timestep            1350

dynamics using ld       at timestep            1360

dynamics using ld       at timestep            1370

dynamics using ld       at timestep            1380

dynamics using ld       at timestep            1390

dynamics using ld       at timestep            1400

Update neighbor list at            1400

timestep and time
            1400     2.80000000 ps

in the coarse-grained domain

average/maximum/minimum energy (eV) per node is    -2.22192485     0.00000000 and    -4.44916202

ave velocity (Angstrom/ps) is     0.03926074    -0.09586597     0.00109011

total force (eV/Angstrom) is     0.03223193    -0.15649660     0.26551787

average/maximum/minimum number of neighbor atoms per intpo is   116.97440000             135 and              45

average/maximum/minimum host electron density per intpo is     0.94061319     1.01443580 and     0.40871596

in the atomistic domain

average/maximum/minimum energy (eV) per atom is    -3.92609480     0.00000000 and    -4.45840831

ave velocity (Angstrom/ps) is     0.00585758    -0.12532578     0.00016948

total force (eV/Angstrom) is     1.26437497   -50.22047705    38.52424854

average/maximum/minimum number of neighbor atoms per atom is   123.46749176             136 and              45

average/maximum/minimum host electron density per atom is     0.96729297     1.02457166 and     0.40942340

in total

total force (eV/Angstrom) is     1.29660690   -50.37697365    38.78976640

ave velocity (Angstrom/ps) is     0.00589333    -0.12529425     0.00017047

ave kinetic energy (eV) is      0.00126451

global force vector length (eV/Angstrom) is    38.42612036

maximum force (eV/Angstrom) is      0.97208568

average/maximum/minimum number of neighbor cells per cell is    22.21428571              27 and              14

average/maximum/minimum number of atomps per cell is    42.55884740             168 and               0

box boundaries/lengths are (Angstrom)
x from    -0.35925850 to    77.24056731 length is    77.59982581
y from    -0.89066130 to   128.18857386 length is   128.18431753
z from   -24.42247286 to    26.95636295 length is    50.80682393

center of mass (Angstrom) is at    38.44604471    63.88575689     1.01828173

dynamics using ld       at timestep            1410

dynamics using ld       at timestep            1420

dynamics using ld       at timestep            1430

dynamics using ld       at timestep            1440

dynamics using ld       at timestep            1450

dynamics using ld       at timestep            1460

dynamics using ld       at timestep            1470

dynamics using ld       at timestep            1480

dynamics using ld       at timestep            1490

dynamics using ld       at timestep            1500

dynamics using ld       at timestep            1510

dynamics using ld       at timestep            1520

dynamics using ld       at timestep            1530

dynamics using ld       at timestep            1540

dynamics using ld       at timestep            1550

dynamics using ld       at timestep            1560

dynamics using ld       at timestep            1570

dynamics using ld       at timestep            1580

dynamics using ld       at timestep            1590

dynamics using ld       at timestep            1600

timestep and time
            1600     3.20000000 ps

in the coarse-grained domain

average/maximum/minimum energy (eV) per node is    -2.22184251     0.00000000 and    -4.44922229

ave velocity (Angstrom/ps) is     0.02207257    -0.01167560     0.00218683

total force (eV/Angstrom) is    -0.05694413    -0.01366442     0.53264450

average/maximum/minimum number of neighbor atoms per intpo is   116.97440000             135 and              45

average/maximum/minimum host electron density per intpo is     0.94097089     1.01817103 and     0.40917894

in the atomistic domain

average/maximum/minimum energy (eV) per atom is    -3.92624415     0.00000000 and    -4.46176220

ave velocity (Angstrom/ps) is    -0.03233353    -0.10293834     0.00016386

total force (eV/Angstrom) is   -19.26196305    -0.37413083    37.24577797

average/maximum/minimum number of neighbor atoms per atom is   123.46749176             136 and              45

average/maximum/minimum host electron density per atom is     0.96725761     1.02820510 and     0.40928855

in total

total force (eV/Angstrom) is   -19.31890719    -0.38779525    37.77842247

ave velocity (Angstrom/ps) is    -0.03227529    -0.10284066     0.00016602

ave kinetic energy (eV) is      0.00111594

global force vector length (eV/Angstrom) is    37.89421963

maximum force (eV/Angstrom) is      0.95466570

average/maximum/minimum number of neighbor cells per cell is    22.21428571              27 and              14

average/maximum/minimum number of atomps per cell is    42.55884740             168 and               0

box boundaries/lengths are (Angstrom)
x from    -0.35925850 to    77.24056731 length is    77.59982581
y from    -0.89066130 to   128.18857386 length is   128.18431753
z from   -24.42247286 to    26.95636295 length is    50.80682393

center of mass (Angstrom) is at    38.44169582    63.88295859     1.01828173

dynamics using ld       at timestep            1610

dynamics using ld       at timestep            1620

dynamics using ld       at timestep            1630

dynamics using ld       at timestep            1640

dynamics using ld       at timestep            1650

dynamics using ld       at timestep            1660

dynamics using ld       at timestep            1670

dynamics using ld       at timestep            1680

dynamics using ld       at timestep            1690

dynamics using ld       at timestep            1700

dynamics using ld       at timestep            1710

dynamics using ld       at timestep            1720

dynamics using ld       at timestep            1730

dynamics using ld       at timestep            1740

dynamics using ld       at timestep            1750

dynamics using ld       at timestep            1760

dynamics using ld       at timestep            1770

dynamics using ld       at timestep            1780

dynamics using ld       at timestep            1790

dynamics using ld       at timestep            1800

Update neighbor list at            1800

timestep and time
            1800     3.60000000 ps

in the coarse-grained domain

average/maximum/minimum energy (eV) per node is    -2.22204956     0.00000000 and    -4.44944112

ave velocity (Angstrom/ps) is    -0.05242650    -0.03919706     0.00141513

total force (eV/Angstrom) is     0.00221436    -0.34513320     0.34468077

average/maximum/minimum number of neighbor atoms per intpo is   117.11040000             135 and              45

average/maximum/minimum host electron density per intpo is     0.94049992     1.01302946 and     0.40889626

in the atomistic domain

average/maximum/minimum energy (eV) per atom is    -3.92622093     0.00000000 and    -4.45825447

ave velocity (Angstrom/ps) is    -0.02468372     0.01908091     0.00015855

total force (eV/Angstrom) is    26.08950701    68.34078815    36.04001569

average/maximum/minimum number of neighbor atoms per atom is   123.48112727             136 and              45

average/maximum/minimum host electron density per atom is     0.96782879     1.02674812 and     0.40812855

in total

total force (eV/Angstrom) is    26.09172137    67.99565496    36.38469646

ave velocity (Angstrom/ps) is    -0.02471341     0.01901852     0.00015990

ave kinetic energy (eV) is      0.00103174

global force vector length (eV/Angstrom) is    37.86577577

maximum force (eV/Angstrom) is      0.84128050

average/maximum/minimum number of neighbor cells per cell is    22.21428571              27 and              14

average/maximum/minimum number of atomps per cell is    42.61241883             168 and               0

box boundaries/lengths are (Angstrom)
x from    -0.35925850 to    77.24056731 length is    77.59982581
y from    -0.93582014 to   128.18857386 length is   128.18431753
z from   -24.42247286 to    26.95636295 length is    50.80682393

center of mass (Angstrom) is at    38.42975877    63.91364841     1.01828173

dynamics using ld       at timestep            1810

dynamics using ld       at timestep            1820

dynamics using ld       at timestep            1830

dynamics using ld       at timestep            1840

dynamics using ld       at timestep            1850

dynamics using ld       at timestep            1860

dynamics using ld       at timestep            1870

dynamics using ld       at timestep            1880

dynamics using ld       at timestep            1890

dynamics using ld       at timestep            1900

dynamics using ld       at timestep            1910

dynamics using ld       at timestep            1920

dynamics using ld       at timestep            1930

dynamics using ld       at timestep            1940

dynamics using ld       at timestep            1950

dynamics using ld       at timestep            1960

dynamics using ld       at timestep            1970

dynamics using ld       at timestep            1980

dynamics using ld       at timestep            1990

dynamics using ld       at timestep            2000

Update neighbor list at            2000

timestep and time
            2000     4.00000000 ps

in the coarse-grained domain

average/maximum/minimum energy (eV) per node is    -2.22211285     0.00000000 and    -4.44921263

ave velocity (Angstrom/ps) is    -0.05500553    -0.06123139     0.00149868

total force (eV/Angstrom) is     0.07102012     0.02149117     0.36503277

average/maximum/minimum number of neighbor atoms per intpo is   117.20640000             135 and              45

average/maximum/minimum host electron density per intpo is     0.94088789     1.01125825 and     0.40939317

in the atomistic domain

average/maximum/minimum energy (eV) per atom is    -3.92623519     0.00000000 and    -4.45824997

ave velocity (Angstrom/ps) is    -0.00724698     0.06908252     0.00030841

total force (eV/Angstrom) is    13.98602538    14.30669303    70.10357453

average/maximum/minimum number of neighbor atoms per atom is   123.46781323             136 and              45

average/maximum/minimum host electron density per atom is     0.96792350     1.02620746 and     0.40800042

in total

total force (eV/Angstrom) is    14.05704549    14.32818420    70.46860730

ave velocity (Angstrom/ps) is    -0.00729810     0.06894303     0.00030969

ave kinetic energy (eV) is      0.00095596

global force vector length (eV/Angstrom) is    37.95410642

maximum force (eV/Angstrom) is      0.92319682

average/maximum/minimum number of neighbor cells per cell is    22.21428571              27 and              14

average/maximum/minimum number of atomps per cell is    42.50933442             161 and               0

box boundaries/lengths are (Angstrom)
x from    -0.35925850 to    77.24056731 length is    77.59982581
y from    -0.94371803 to   128.18857386 length is   128.18431753
z from   -24.42247286 to    26.95636295 length is    50.80682393

center of mass (Angstrom) is at    38.43105150    63.93846806     1.01828173

dynamics using ld       at timestep            2010

dynamics using ld       at timestep            2020

dynamics using ld       at timestep            2030

dynamics using ld       at timestep            2040

dynamics using ld       at timestep            2050

dynamics using ld       at timestep            2060

dynamics using ld       at timestep            2070

dynamics using ld       at timestep            2080

dynamics using ld       at timestep            2090

dynamics using ld       at timestep            2100

dynamics using ld       at timestep            2110

dynamics using ld       at timestep            2120

dynamics using ld       at timestep            2130

dynamics using ld       at timestep            2140

dynamics using ld       at timestep            2150

dynamics using ld       at timestep            2160

dynamics using ld       at timestep            2170

dynamics using ld       at timestep            2180

dynamics using ld       at timestep            2190

dynamics using ld       at timestep            2200

timestep and time
            2200     4.40000000 ps

in the coarse-grained domain

average/maximum/minimum energy (eV) per node is    -2.22236510     0.00000000 and    -4.44884009

ave velocity (Angstrom/ps) is    -0.00541757    -0.05975127    -0.00019847

total force (eV/Angstrom) is     0.25625637    -0.15038235    -0.04834086

average/maximum/minimum number of neighbor atoms per intpo is   117.20640000             135 and              45

average/maximum/minimum host electron density per intpo is     0.94196634     1.01566227 and     0.40867499

in the atomistic domain

average/maximum/minimum energy (eV) per atom is    -3.92612433     0.00000000 and    -4.45887182

ave velocity (Angstrom/ps) is    -0.00541461     0.03564961     0.00012413

total force (eV/Angstrom) is   -22.07495327   -28.69455378    28.21551387

average/maximum/minimum number of neighbor atoms per atom is   123.46781323             136 and              45

average/maximum/minimum host electron density per atom is     0.96725378     1.02696104 and     0.40875131

in total

total force (eV/Angstrom) is   -21.81869690   -28.84493613    28.16717301

ave velocity (Angstrom/ps) is    -0.00541461     0.03554749     0.00012379

ave kinetic energy (eV) is      0.00092453

global force vector length (eV/Angstrom) is    37.90733278

maximum force (eV/Angstrom) is      0.74258180

average/maximum/minimum number of neighbor cells per cell is    22.21428571              27 and              14

average/maximum/minimum number of atomps per cell is    42.50933442             161 and               0

box boundaries/lengths are (Angstrom)
x from    -0.35925850 to    77.24056731 length is    77.59982581
y from    -0.94371803 to   128.18857386 length is   128.18431753
z from   -24.42247286 to    26.95636295 length is    50.80682393

center of mass (Angstrom) is at    38.43300992    63.93989117     1.01828173

dynamics using ld       at timestep            2210

dynamics using ld       at timestep            2220

dynamics using ld       at timestep            2230

dynamics using ld       at timestep            2240

dynamics using ld       at timestep            2250

dynamics using ld       at timestep            2260

dynamics using ld       at timestep            2270

dynamics using ld       at timestep            2280

dynamics using ld       at timestep            2290

dynamics using ld       at timestep            2300

dynamics using ld       at timestep            2310

dynamics using ld       at timestep            2320

dynamics using ld       at timestep            2330

dynamics using ld       at timestep            2340

dynamics using ld       at timestep            2350

dynamics using ld       at timestep            2360

dynamics using ld       at timestep            2370

dynamics using ld       at timestep            2380

dynamics using ld       at timestep            2390

dynamics using ld       at timestep            2400

Update neighbor list at            2400

timestep and time
            2400     4.80000000 ps

in the coarse-grained domain

average/maximum/minimum energy (eV) per node is    -2.22255346     0.00000000 and    -4.44933900

ave velocity (Angstrom/ps) is    -0.03008033    -0.01102779     0.00024813

total force (eV/Angstrom) is    -0.35354770     0.07418593     0.06043586

average/maximum/minimum number of neighbor atoms per intpo is   117.33600000             135 and              45

average/maximum/minimum host electron density per intpo is     0.94181689     1.01713710 and     0.40960379

in the atomistic domain

average/maximum/minimum energy (eV) per atom is    -3.92607690     0.00000000 and    -4.45824721

ave velocity (Angstrom/ps) is     0.00243967     0.00597717     0.00024922

total force (eV/Angstrom) is    26.19865841    23.14931071    56.64975073

average/maximum/minimum number of neighbor atoms per atom is   123.48667256             136 and              45

average/maximum/minimum host electron density per atom is     0.96721815     1.02706514 and     0.40858069

in total

total force (eV/Angstrom) is    25.84511072    23.22349664    56.71018660

ave velocity (Angstrom/ps) is     0.00240486     0.00595897     0.00024922

ave kinetic energy (eV) is      0.00094452

global force vector length (eV/Angstrom) is    38.53859489

maximum force (eV/Angstrom) is      1.17420365

average/maximum/minimum number of neighbor cells per cell is    22.21428571              27 and              14

average/maximum/minimum number of atomps per cell is    42.57548701             162 and               0

box boundaries/lengths are (Angstrom)
x from    -0.35925850 to    77.24056731 length is    77.59982581
y from    -1.05886786 to   128.18857386 length is   128.18431753
z from   -24.42247286 to    26.95636295 length is    50.80682393

center of mass (Angstrom) is at    38.43924297    63.92928917     1.01828173

dynamics using ld       at timestep            2410

dynamics using ld       at timestep            2420

dynamics using ld       at timestep            2430

dynamics using ld       at timestep            2440

dynamics using ld       at timestep            2450

dynamics using ld       at timestep            2460

dynamics using ld       at timestep            2470

dynamics using ld       at timestep            2480

dynamics using ld       at timestep            2490

dynamics using ld       at timestep            2500

dynamics using ld       at timestep            2510

dynamics using ld       at timestep            2520

dynamics using ld       at timestep            2530

dynamics using ld       at timestep            2540

dynamics using ld       at timestep            2550

dynamics using ld       at timestep            2560

dynamics using ld       at timestep            2570

dynamics using ld       at timestep            2580

dynamics using ld       at timestep            2590

dynamics using ld       at timestep            2600

Update neighbor list at            2600

timestep and time
            2600     5.20000000 ps

in the coarse-grained domain

average/maximum/minimum energy (eV) per node is    -2.22249111     0.00000000 and    -4.44931867

ave velocity (Angstrom/ps) is    -0.00210487    -0.03082124     0.00189025

total force (eV/Angstrom) is    -0.22318153    -0.11634160     0.46040512

average/maximum/minimum number of neighbor atoms per intpo is   117.40000000             135 and              45

average/maximum/minimum host electron density per intpo is     0.94128613     1.01142549 and     0.41001141

in the atomistic domain

average/maximum/minimum energy (eV) per atom is    -3.92614045     0.00000000 and    -4.45937777

ave velocity (Angstrom/ps) is     0.01010553     0.02872072     0.00039126

total force (eV/Angstrom) is    -5.73043462    36.11237755    88.93575649

average/maximum/minimum number of neighbor atoms per atom is   123.53435667             136 and              45

average/maximum/minimum host electron density per atom is     0.96751605     1.03093090 and     0.40839611

in total

total force (eV/Angstrom) is    -5.95361615    35.99603595    89.39616161

ave velocity (Angstrom/ps) is     0.01009246     0.02865698     0.00039287

ave kinetic energy (eV) is      0.00096728

global force vector length (eV/Angstrom) is    38.70125124

maximum force (eV/Angstrom) is      0.95705844

average/maximum/minimum number of neighbor cells per cell is    22.21428571              27 and              14

average/maximum/minimum number of atomps per cell is    42.58157468             163 and               0

box boundaries/lengths are (Angstrom)
x from    -0.35925850 to    77.24056731 length is    77.59982581
y from    -1.11381420 to   128.18857386 length is   128.18431753
z from   -24.42247286 to    26.95636295 length is    50.80682393

center of mass (Angstrom) is at    38.44038333    63.93196159     1.01828173

dynamics using ld       at timestep            2610

dynamics using ld       at timestep            2620

dynamics using ld       at timestep            2630

dynamics using ld       at timestep            2640

dynamics using ld       at timestep            2650

dynamics using ld       at timestep            2660

dynamics using ld       at timestep            2670

dynamics using ld       at timestep            2680

dynamics using ld       at timestep            2690

dynamics using ld       at timestep            2700

dynamics using ld       at timestep            2710

dynamics using ld       at timestep            2720

dynamics using ld       at timestep            2730

dynamics using ld       at timestep            2740

dynamics using ld       at timestep            2750

dynamics using ld       at timestep            2760

dynamics using ld       at timestep            2770

dynamics using ld       at timestep            2780

dynamics using ld       at timestep            2790

dynamics using ld       at timestep            2800

Update neighbor list at            2800

timestep and time
            2800     5.60000000 ps

in the coarse-grained domain

average/maximum/minimum energy (eV) per node is    -2.22246044     0.00000000 and    -4.44899874

ave velocity (Angstrom/ps) is     0.02410710    -0.02143593     0.00138984

total force (eV/Angstrom) is     0.07125515     0.22748416     0.33852190

average/maximum/minimum number of neighbor atoms per intpo is   117.45760000             135 and              45

average/maximum/minimum host electron density per intpo is     0.94142345     1.01267603 and     0.41011193

in the atomistic domain

average/maximum/minimum energy (eV) per atom is    -3.92612344     0.00000000 and    -4.45927772

ave velocity (Angstrom/ps) is     0.00643791     0.03784672     0.00018792

total force (eV/Angstrom) is    -2.99950658    20.01545862    42.71459128

average/maximum/minimum number of neighbor atoms per atom is   123.52990972             136 and              45

average/maximum/minimum host electron density per atom is     0.96754228     1.02665686 and     0.40820053

in total

total force (eV/Angstrom) is    -2.92825143    20.24294277    43.05311318

ave velocity (Angstrom/ps) is     0.00645682     0.03778327     0.00018920

ave kinetic energy (eV) is      0.00090706

global force vector length (eV/Angstrom) is    38.43436213

maximum force (eV/Angstrom) is      0.90653645

average/maximum/minimum number of neighbor cells per cell is    22.21428571              27 and              14

average/maximum/minimum number of atomps per cell is    42.58157468             164 and               0

box boundaries/lengths are (Angstrom)
x from    -0.35925850 to    77.24056731 length is    77.59982581
y from    -1.17199010 to   128.21819190 length is   128.18431753
z from   -24.42247286 to    26.95636295 length is    50.80682393

center of mass (Angstrom) is at    38.44390650    63.93519114     1.01828173

dynamics using ld       at timestep            2810

dynamics using ld       at timestep            2820

dynamics using ld       at timestep            2830

dynamics using ld       at timestep            2840

dynamics using ld       at timestep            2850

dynamics using ld       at timestep            2860

dynamics using ld       at timestep            2870

dynamics using ld       at timestep            2880

dynamics using ld       at timestep            2890

dynamics using ld       at timestep            2900

dynamics using ld       at timestep            2910

dynamics using ld       at timestep            2920

dynamics using ld       at timestep            2930

dynamics using ld       at timestep            2940

dynamics using ld       at timestep            2950

dynamics using ld       at timestep            2960

dynamics using ld       at timestep            2970

dynamics using ld       at timestep            2980

dynamics using ld       at timestep            2990

dynamics using ld       at timestep            3000

Update neighbor list at            3000

timestep and time
            3000     6.00000000 ps

in the coarse-grained domain

average/maximum/minimum energy (eV) per node is    -2.22254774     0.00000000 and    -4.44914574

ave velocity (Angstrom/ps) is    -0.02472067    -0.01261940     0.00000117

total force (eV/Angstrom) is    -0.38598835    -0.13239454     0.00028437

average/maximum/minimum number of neighbor atoms per intpo is   117.42240000             135 and              45

average/maximum/minimum host electron density per intpo is     0.94192024     1.01502990 and     0.40986379

in the atomistic domain

average/maximum/minimum energy (eV) per atom is    -3.92608554     0.00000000 and    -4.45865469

ave velocity (Angstrom/ps) is    -0.00178635     0.03003712     0.00012567

total force (eV/Angstrom) is   -34.66123170    -8.16122519    28.56527939

average/maximum/minimum number of neighbor atoms per atom is   123.51043425             136 and              45

average/maximum/minimum host electron density per atom is     0.96735300     1.02654860 and     0.40801185

in total

total force (eV/Angstrom) is   -35.04722005    -8.29361973    28.56556376

ave velocity (Angstrom/ps) is    -0.00181090     0.02999146     0.00012554

ave kinetic energy (eV) is      0.00090243

global force vector length (eV/Angstrom) is    38.50839263

maximum force (eV/Angstrom) is      0.91581269

average/maximum/minimum number of neighbor cells per cell is    22.21428571              27 and              14

average/maximum/minimum number of atomps per cell is    42.55438312             164 and               0

box boundaries/lengths are (Angstrom)
x from    -0.35925850 to    77.24056731 length is    77.59982581
y from    -1.23325386 to   128.28521948 length is   128.18431753
z from   -24.42247286 to    26.95636295 length is    50.80682393

center of mass (Angstrom) is at    38.44318687    63.93827902     1.01828173

dynamics using ld       at timestep            3010

dynamics using ld       at timestep            3020

dynamics using ld       at timestep            3030

dynamics using ld       at timestep            3040

dynamics using ld       at timestep            3050

dynamics using ld       at timestep            3060

dynamics using ld       at timestep            3070

dynamics using ld       at timestep            3080

dynamics using ld       at timestep            3090

dynamics using ld       at timestep            3100

dynamics using ld       at timestep            3110

dynamics using ld       at timestep            3120

dynamics using ld       at timestep            3130

dynamics using ld       at timestep            3140

dynamics using ld       at timestep            3150

dynamics using ld       at timestep            3160

dynamics using ld       at timestep            3170

dynamics using ld       at timestep            3180

dynamics using ld       at timestep            3190

dynamics using ld       at timestep            3200

Update neighbor list at            3200

timestep and time
            3200     6.40000000 ps

in the coarse-grained domain

average/maximum/minimum energy (eV) per node is    -2.22279230     0.00000000 and    -4.44868698

ave velocity (Angstrom/ps) is     0.00833369    -0.04446837    -0.00069453

total force (eV/Angstrom) is     0.09550481     0.40174026    -0.16916676

average/maximum/minimum number of neighbor atoms per intpo is   117.41920000             135 and              45

average/maximum/minimum host electron density per intpo is     0.94230752     1.01293814 and     0.41052972

in the atomistic domain

average/maximum/minimum energy (eV) per atom is    -3.92612626     0.00000000 and    -4.45965589

ave velocity (Angstrom/ps) is    -0.01695077    -0.00179102     0.00015763

total force (eV/Angstrom) is     0.01244363   -51.13165461    35.83003057

average/maximum/minimum number of neighbor atoms per atom is   123.46864368             136 and              45

average/maximum/minimum host electron density per atom is     0.96726601     1.02626307 and     0.40779368

in total

total force (eV/Angstrom) is     0.10794844   -50.72991435    35.66086381

ave velocity (Angstrom/ps) is    -0.01692371    -0.00183670     0.00015672

ave kinetic energy (eV) is      0.00101680

global force vector length (eV/Angstrom) is    38.58450104

maximum force (eV/Angstrom) is      1.20499119

average/maximum/minimum number of neighbor cells per cell is    22.21428571              27 and              14

average/maximum/minimum number of atomps per cell is    42.57589286             168 and               0

box boundaries/lengths are (Angstrom)
x from    -0.35925850 to    77.24056731 length is    77.59982581
y from    -1.28506288 to   128.44239599 length is   128.18431753
z from   -24.42247286 to    26.95636295 length is    50.80682393

center of mass (Angstrom) is at    38.43560522    63.92882426     1.01828173

dynamics using ld       at timestep            3210

dynamics using ld       at timestep            3220

dynamics using ld       at timestep            3230

dynamics using ld       at timestep            3240

dynamics using ld       at timestep            3250

dynamics using ld       at timestep            3260

dynamics using ld       at timestep            3270

dynamics using ld       at timestep            3280

dynamics using ld       at timestep            3290

dynamics using ld       at timestep            3300

dynamics using ld       at timestep            3310

dynamics using ld       at timestep            3320

dynamics using ld       at timestep            3330

dynamics using ld       at timestep            3340

dynamics using ld       at timestep            3350

dynamics using ld       at timestep            3360

dynamics using ld       at timestep            3370

dynamics using ld       at timestep            3380

dynamics using ld       at timestep            3390

dynamics using ld       at timestep            3400

Update neighbor list at            3400

timestep and time
            3400     6.80000000 ps

in the coarse-grained domain

average/maximum/minimum energy (eV) per node is    -2.22289094     0.00000000 and    -4.44938471

ave velocity (Angstrom/ps) is    -0.02594783    -0.02666335     0.00057734

total force (eV/Angstrom) is    -0.12970357    -0.29162864     0.14062095

average/maximum/minimum number of neighbor atoms per intpo is   117.44800000             135 and              45

average/maximum/minimum host electron density per intpo is     0.94251753     1.01058213 and     0.41082658

in the atomistic domain

average/maximum/minimum energy (eV) per atom is    -3.92651416     0.00000000 and    -4.45944456

ave velocity (Angstrom/ps) is    -0.00039011    -0.00405231     0.00030158

total force (eV/Angstrom) is    -4.61711482    -7.88094700    68.54990600

average/maximum/minimum number of neighbor atoms per atom is   123.45650834             136 and              45

average/maximum/minimum host electron density per atom is     0.96720801     1.02683457 and     0.40763689

in total

total force (eV/Angstrom) is    -4.74681839    -8.17257564    68.69052695

ave velocity (Angstrom/ps) is    -0.00041747    -0.00407651     0.00030187

ave kinetic energy (eV) is      0.00121028

global force vector length (eV/Angstrom) is    38.51561103

maximum force (eV/Angstrom) is      0.93505090

average/maximum/minimum number of neighbor cells per cell is    22.21428571              27 and              14

average/maximum/minimum number of atomps per cell is    42.60064935             172 and               0

box boundaries/lengths are (Angstrom)
x from    -0.35925850 to    77.24056731 length is    77.59982581
y from    -1.33233690 to   128.67882978 length is   128.18431753
z from   -24.42247286 to    26.95636295 length is    50.80682393

center of mass (Angstrom) is at    38.43262083    63.92428928     1.01828173

dynamics using ld       at timestep            3410

dynamics using ld       at timestep            3420

dynamics using ld       at timestep            3430

dynamics using ld       at timestep            3440

dynamics using ld       at timestep            3450

dynamics using ld       at timestep            3460

dynamics using ld       at timestep            3470

dynamics using ld       at timestep            3480

dynamics using ld       at timestep            3490

dynamics using ld       at timestep            3500

dynamics using ld       at timestep            3510

dynamics using ld       at timestep            3520

dynamics using ld       at timestep            3530

dynamics using ld       at timestep            3540

dynamics using ld       at timestep            3550

dynamics using ld       at timestep            3560

dynamics using ld       at timestep            3570

dynamics using ld       at timestep            3580

dynamics using ld       at timestep            3590

dynamics using ld       at timestep            3600

Update neighbor list at            3600

timestep and time
            3600     7.20000000 ps

in the coarse-grained domain

average/maximum/minimum energy (eV) per node is    -2.22287676     0.00000000 and    -4.44948663

ave velocity (Angstrom/ps) is    -0.02311845    -0.04699884     0.00014533

total force (eV/Angstrom) is    -0.09329249    -0.06202800     0.03539802

average/maximum/minimum number of neighbor atoms per intpo is   117.48320000             135 and              45

average/maximum/minimum host electron density per intpo is     0.94276762     1.01187339 and     0.40987774

in the atomistic domain

average/maximum/minimum energy (eV) per atom is    -3.92671015     0.00000000 and    -4.45804033

ave velocity (Angstrom/ps) is     0.00282037     0.02038698     0.00012057

total force (eV/Angstrom) is     7.47427576    -0.62363792    27.40607691

average/maximum/minimum number of neighbor atoms per atom is   123.47046532             136 and              45

average/maximum/minimum host electron density per atom is     0.96705787     1.02653512 and     0.40746379

in total

total force (eV/Angstrom) is     7.38098327    -0.68566592    27.44147492

ave velocity (Angstrom/ps) is     0.00279260     0.02031484     0.00012060

ave kinetic energy (eV) is      0.00115093

global force vector length (eV/Angstrom) is    38.73485451

maximum force (eV/Angstrom) is      0.94264434

average/maximum/minimum number of neighbor cells per cell is    22.21428571              27 and              14

average/maximum/minimum number of atomps per cell is    42.65137987             176 and               0

box boundaries/lengths are (Angstrom)
x from    -0.35925850 to    77.24056731 length is    77.59982581
y from    -1.38211880 to   128.68515363 length is   128.18431753
z from   -24.42247286 to    26.95636295 length is    50.80682393

center of mass (Angstrom) is at    38.43736909    63.92679715     1.01828173

dynamics using ld       at timestep            3610

dynamics using ld       at timestep            3620

dynamics using ld       at timestep            3630

dynamics using ld       at timestep            3640

dynamics using ld       at timestep            3650

dynamics using ld       at timestep            3660

dynamics using ld       at timestep            3670

dynamics using ld       at timestep            3680

dynamics using ld       at timestep            3690

dynamics using ld       at timestep            3700

dynamics using ld       at timestep            3710

dynamics using ld       at timestep            3720

dynamics using ld       at timestep            3730

dynamics using ld       at timestep            3740

dynamics using ld       at timestep            3750

dynamics using ld       at timestep            3760

dynamics using ld       at timestep            3770

dynamics using ld       at timestep            3780

dynamics using ld       at timestep            3790

dynamics using ld       at timestep            3800

Update neighbor list at            3800

timestep and time
            3800     7.60000000 ps

in the coarse-grained domain

average/maximum/minimum energy (eV) per node is    -2.22280028     0.00000000 and    -4.44979911

ave velocity (Angstrom/ps) is    -0.00810705    -0.02653647     0.00140522

total force (eV/Angstrom) is     0.18247423    -0.06615425     0.34226922

average/maximum/minimum number of neighbor atoms per intpo is   117.44480000             135 and              45

average/maximum/minimum host electron density per intpo is     0.94294611     1.01066392 and     0.41190669

in the atomistic domain

average/maximum/minimum energy (eV) per atom is    -3.92708026     0.00000000 and    -4.45820154

ave velocity (Angstrom/ps) is    -0.00040817     0.02114564     0.00026054

total force (eV/Angstrom) is    -9.96056261    13.03815504    59.22267261

average/maximum/minimum number of neighbor atoms per atom is   123.50968416             136 and              45

average/maximum/minimum host electron density per atom is     0.96696130     1.02555074 and     0.40728040

in total

total force (eV/Angstrom) is    -9.77808838    12.97200079    59.56494182

ave velocity (Angstrom/ps) is    -0.00041641     0.02109460     0.00026177

ave kinetic energy (eV) is      0.00125170

global force vector length (eV/Angstrom) is    38.62567086

maximum force (eV/Angstrom) is      1.21157280

average/maximum/minimum number of neighbor cells per cell is    22.21428571              27 and              14

average/maximum/minimum number of atomps per cell is    42.64407468             178 and               0

box boundaries/lengths are (Angstrom)
x from    -0.35925850 to    77.24056731 length is    77.59982581
y from    -1.43693729 to   128.92614609 length is   128.18431753
z from   -24.42247286 to    26.95636295 length is    50.80682393

center of mass (Angstrom) is at    38.44589281    63.93183374     1.01828173

dynamics using ld       at timestep            3810

dynamics using ld       at timestep            3820

dynamics using ld       at timestep            3830

dynamics using ld       at timestep            3840

dynamics using ld       at timestep            3850

dynamics using ld       at timestep            3860

dynamics using ld       at timestep            3870

dynamics using ld       at timestep            3880

dynamics using ld       at timestep            3890

dynamics using ld       at timestep            3900

dynamics using ld       at timestep            3910

dynamics using ld       at timestep            3920

dynamics using ld       at timestep            3930

dynamics using ld       at timestep            3940

dynamics using ld       at timestep            3950

dynamics using ld       at timestep            3960

dynamics using ld       at timestep            3970

dynamics using ld       at timestep            3980

dynamics using ld       at timestep            3990

dynamics using ld       at timestep            4000

Update neighbor list at            4000

timestep and time
            4000     8.00000000 ps

in the coarse-grained domain

average/maximum/minimum energy (eV) per node is    -2.22273628     0.00000000 and    -4.44945861

ave velocity (Angstrom/ps) is     0.01115662     0.01256558     0.00097667

total force (eV/Angstrom) is    -0.25049834     0.22546427     0.23788589

average/maximum/minimum number of neighbor atoms per intpo is   117.39840000             135 and              45

average/maximum/minimum host electron density per intpo is     0.94252386     1.01093034 and     0.41022898

in the atomistic domain

average/maximum/minimum energy (eV) per atom is    -3.92730749     0.00000000 and    -4.45759918

ave velocity (Angstrom/ps) is     0.00193056     0.00571565     0.00024030

total force (eV/Angstrom) is     2.58683456    21.70457759    54.62112232

average/maximum/minimum number of neighbor atoms per atom is   123.53108843             136 and              45

average/maximum/minimum host electron density per atom is     0.96686369     1.02572261 and     0.40710641

in total

total force (eV/Angstrom) is     2.33633621    21.93004186    54.85900821

ave velocity (Angstrom/ps) is     0.00194044     0.00572298     0.00024109

ave kinetic energy (eV) is      0.00121002

global force vector length (eV/Angstrom) is    38.73620225

maximum force (eV/Angstrom) is      1.66694057

average/maximum/minimum number of neighbor cells per cell is    22.21428571              27 and              14

average/maximum/minimum number of atomps per cell is    42.63149351             178 and               0

box boundaries/lengths are (Angstrom)
x from    -0.35925850 to    77.24056731 length is    77.59982581
y from    -1.49005768 to   129.12946173 length is   128.18431753
z from   -24.42247286 to    26.95636295 length is    50.80682393

center of mass (Angstrom) is at    38.44175329    63.93013565     1.01828173

Elapsed time (in unit of s)

Total time (%)   823.21985523

Interaction time (%)  1178.12148184(   143.11140266)

Neighbor time (%)     8.03024933(     0.97546837)

Communication time (%)    62.33404304(     7.57198003)

Input/Output time (%)    79.27277507(     9.62959950)

Other time (%)  -504.53869404(   -61.28845057)

