Concurrent Atomistic-Continuum (CAC) Simulator
Author: Shuozhi Xu (Georgia Institute of Technology)
Version: 1.0

There are              31 elements             248 nodes           43923 atoms, and            5376 cells

The system contains               1 grains

The lattice space of grain               1 is
x     4.42745271 y     2.55619101 z     6.26136367

The unit length of grain               1 is
x     2.95163514 y     5.11238203 z     2.08712122

The boundaries of grain               1 prior to modification are (Angstrom)
x from   -29.88530579 to    67.51865383 length is    97.40395962
y from    -0.63904775 to   111.83335686 length is   112.47240462
z from   -21.91477284 to    69.91856097 length is    91.83333382

The boundary conditions are
s        in the x direction
p        in the y direction
s        in the z direction

The periodic bounary condition is applied on
               2 direction with periodic length   112.47240462

The box boundaries/lengths are (Angstrom)
x from   -29.51635152 to    67.14969956 length is    96.66605108
y from    -0.63904775 to   111.83335686 length is   112.47240462
z from   -20.87121235 to    68.87500048 length is    89.74621283

The lattice_space_max are
x     4.42745271 y     2.55619101 z     6.26136367

The box contains number of lattice_space_max
x    21.83333339 y    44.00000000 z    14.33333337

In coarse-grained domain, there are              31 elements with             248 and nodes

There are               1 element types

The               1 type contains            1331 atoms per element

In atomistic domain, there are           43923 atoms

There are           41261 atomaps in mapping configuration

The unit cell volume is    11.81040834 Angstrom^3

The lattice name is Cu      , the type is fcc     , and the lattice parameter is     3.61500000 Angstrom

The atomic mass is    63.54600000 g/mol

The potential type is eam     

The cutoff radius are     5.60679000 and     6.60679000 Angstrom

No modify

The output is done every              50 step
The reduce is done every              50 step
The restart is done every             200 step

The given temperature is    10.00000000 k

There are               4 groups:

Group               1 has              13 elements             104 nodes and           17237 atoms

Group               1 has shape block    and it is in unit of node     in coarse-grained and atom     in atomistic domain, respectively

Group/Modify               1 is inside the bound

Group/Modify               1 has boundary/length
x from   -50.78641529 to     1.45752669 length is    52.24394198
y from    -0.63904775 to   111.83335686 length is   112.47240462
z from   -20.87121235 to    68.87500048 length is    89.74621283

Group               2 has              18 elements             144 nodes and           26686 atoms

Group               2 has shape block    and it is in unit of node     in coarse-grained and atom     in atomistic domain, respectively

Group/Modify               2 is inside the bound

Group/Modify               2 has boundary/length
x from     1.45752669 to    70.26640945 length is    68.80888276
y from    -0.63904775 to   111.83335686 length is   112.47240462
z from   -20.87121235 to    68.87500048 length is    89.74621283

Group               3 has               8 elements              28 nodes and            5808 atoms

Group               3 has shape block    and it is in unit of node     in coarse-grained and atom     in atomistic domain, respectively

Group/Modify               3 is inside the bound

Group/Modify               3 has boundary/length
x from   -29.51635152 to   -20.66144610 length is     8.85490542
y from    -0.63904775 to   111.83335686 length is   112.47240462
z from   -20.87121235 to    68.87500048 length is    89.74621283

Group               4 has               3 elements               6 nodes and            7150 atoms

Group               4 has shape block    and it is in unit of node     in coarse-grained and atom     in atomistic domain, respectively

Group/Modify               4 is inside the bound

Group/Modify               4 has boundary/length
x from    59.03270268 to    67.14969956 length is     8.11699687
y from    -0.63904775 to   111.83335686 length is   112.47240462
z from   -20.87121235 to    68.87500048 length is    89.74621283

Group               1 is assigned displacement     0.00000000     0.00800000     0.00000000 Angstrom

Group               2 is assigned displacement     0.00000000     0.00000000     0.00000000 Angstrom

Group               3 is assigned displacement     0.00000000     0.00000000     0.00000000 Angstrom

Group               4 is assigned displacement     0.00000000     0.00000000     0.00000000 Angstrom

timestep and time
               0     0.00000000 ps

in the coarse-grained domain

average/maximum/minimum energy (eV) per node is     0.00000000     0.00000000 and     0.00000000

ave velocity (Angstrom/ps) is     0.00000000     0.00000000     0.00000000

total force (eV/Angstrom) is     0.00000000     0.00000000     0.00000000

average/maximum/minimum number of neighbor atoms per intpo is    80.28129032              86 and              28

average/maximum/minimum host electron density per intpo is     0.96651938     1.00005570 and     0.47184519

in the atomistic domain

average/maximum/minimum energy (eV) per atom is     0.00000000     0.00000000 and     0.00000000

ave velocity (Angstrom/ps) is     0.00000000     0.00000000     0.00000000

total force (eV/Angstrom) is     0.00000000     0.00000000     0.00000000

average/maximum/minimum number of neighbor atoms per atom is    80.20886551              86 and              28

average/maximum/minimum host electron density per atom is     0.96318523     1.00005570 and     0.47184519

in total

total force (eV/Angstrom) is     0.00000000     0.00000000     0.00000000

ave velocity (Angstrom/ps) is     0.00000000     0.00000000     0.00000000

ave kinetic energy (eV) is      0.00000000

global force vector length (eV/Angstrom) is     0.00000000

maximum force (eV/Angstrom) is      0.00000000

average/maximum/minimum number of neighbor cells per cell is    24.27976190              27 and              14

average/maximum/minimum number of atomps per cell is    29.76190476              72 and              22

box boundaries/lengths are (Angstrom)
x from   -29.51635152 to    67.14969956 length is    96.66605108
y from    -0.63904775 to   111.83335686 length is   112.47240462
z from   -20.87121235 to    68.87500048 length is    89.74621283

center of mass (Angstrom) is at    18.79990336    55.59715455    24.00189407

dynamics using ld       at timestep              10

dynamics using ld       at timestep              20

dynamics using ld       at timestep              30

dynamics using ld       at timestep              40

dynamics using ld       at timestep              50

timestep and time
              50     0.10000000 ps

in the coarse-grained domain

average/maximum/minimum energy (eV) per node is     0.00000000     0.00000000 and     0.00000000

ave velocity (Angstrom/ps) is     0.00000000     0.00000000     0.00000000

total force (eV/Angstrom) is     0.00000000     0.00000000     0.00000000

average/maximum/minimum number of neighbor atoms per intpo is    80.28129032              86 and              28

average/maximum/minimum host electron density per intpo is     0.96655000     1.00068293 and     0.47184519

in the atomistic domain

average/maximum/minimum energy (eV) per atom is     0.00000000     0.00000000 and     0.00000000

ave velocity (Angstrom/ps) is     0.00000000     0.00000000     0.00000000

total force (eV/Angstrom) is     0.00000000     0.00000000     0.00000000

average/maximum/minimum number of neighbor atoms per atom is    80.20886551              86 and              28

average/maximum/minimum host electron density per atom is     0.96319296     1.00090926 and     0.47184519

in total

total force (eV/Angstrom) is     0.00000000     0.00000000     0.00000000

ave velocity (Angstrom/ps) is     0.00000000     0.00000000     0.00000000

ave kinetic energy (eV) is      0.00000000

global force vector length (eV/Angstrom) is     0.00000000

maximum force (eV/Angstrom) is      0.00000000

average/maximum/minimum number of neighbor cells per cell is    24.27976190              27 and              14

average/maximum/minimum number of atomps per cell is    29.76190476              72 and              22

box boundaries/lengths are (Angstrom)
x from   -29.51635152 to    67.14969956 length is    96.66605108
y from    -0.63904775 to   111.83335686 length is   112.47240462
z from   -20.87121235 to    68.87500048 length is    89.74621283

center of mass (Angstrom) is at    18.79990336    55.59715455    24.00189407

dynamics using ld       at timestep              60

dynamics using ld       at timestep              70

dynamics using ld       at timestep              80

dynamics using ld       at timestep              90

dynamics using ld       at timestep             100

timestep and time
             100     0.20000000 ps

in the coarse-grained domain

average/maximum/minimum energy (eV) per node is     0.00000000     0.00000000 and     0.00000000

ave velocity (Angstrom/ps) is     0.00000000     0.00000000     0.00000000

total force (eV/Angstrom) is     0.00000000     0.00000000     0.00000000

average/maximum/minimum number of neighbor atoms per intpo is    80.28129032              86 and              28

average/maximum/minimum host electron density per intpo is     0.96661852     1.00213132 and     0.47184519

in the atomistic domain

average/maximum/minimum energy (eV) per atom is     0.00000000     0.00000000 and     0.00000000

ave velocity (Angstrom/ps) is     0.00000000     0.00000000     0.00000000

total force (eV/Angstrom) is     0.00000000     0.00000000     0.00000000

average/maximum/minimum number of neighbor atoms per atom is    80.20886551              86 and              28

average/maximum/minimum host electron density per atom is     0.96321122     1.00274106 and     0.47184519

in total

total force (eV/Angstrom) is     0.00000000     0.00000000     0.00000000

ave velocity (Angstrom/ps) is     0.00000000     0.00000000     0.00000000

ave kinetic energy (eV) is      0.00000000

global force vector length (eV/Angstrom) is     0.00000000

maximum force (eV/Angstrom) is      0.00000000

average/maximum/minimum number of neighbor cells per cell is    24.27976190              27 and              14

average/maximum/minimum number of atomps per cell is    29.76190476              72 and              22

box boundaries/lengths are (Angstrom)
x from   -29.51635152 to    67.14969956 length is    96.66605108
y from    -0.63904775 to   111.83335686 length is   112.47240462
z from   -20.87121235 to    68.87500048 length is    89.74621283

center of mass (Angstrom) is at    18.79990336    55.59715455    24.00189407

dynamics using ld       at timestep             110

dynamics using ld       at timestep             120

dynamics using ld       at timestep             130

dynamics using ld       at timestep             140

dynamics using ld       at timestep             150

timestep and time
             150     0.30000000 ps

in the coarse-grained domain

average/maximum/minimum energy (eV) per node is     0.00000000     0.00000000 and     0.00000000

ave velocity (Angstrom/ps) is     0.00000000     0.00000000     0.00000000

total force (eV/Angstrom) is     0.00000000     0.00000000     0.00000000

average/maximum/minimum number of neighbor atoms per intpo is    80.28129032              86 and              28

average/maximum/minimum host electron density per intpo is     0.96668916     1.00380201 and     0.47184519

in the atomistic domain

average/maximum/minimum energy (eV) per atom is     0.00000000     0.00000000 and     0.00000000

ave velocity (Angstrom/ps) is     0.00000000     0.00000000     0.00000000

total force (eV/Angstrom) is     0.00000000     0.00000000     0.00000000

average/maximum/minimum number of neighbor atoms per atom is    80.20886551              86 and              28

average/maximum/minimum host electron density per atom is     0.96323333     1.00449603 and     0.47184519

in total

total force (eV/Angstrom) is     0.00000000     0.00000000     0.00000000

ave velocity (Angstrom/ps) is     0.00000000     0.00000000     0.00000000

ave kinetic energy (eV) is      0.00000000

global force vector length (eV/Angstrom) is     0.00000000

maximum force (eV/Angstrom) is      0.00000000

average/maximum/minimum number of neighbor cells per cell is    24.27976190              27 and              14

average/maximum/minimum number of atomps per cell is    29.76190476              72 and              22

box boundaries/lengths are (Angstrom)
x from   -29.51635152 to    67.14969956 length is    96.66605108
y from    -0.63904775 to   111.83335686 length is   112.47240462
z from   -20.87121235 to    68.87500048 length is    89.74621283

center of mass (Angstrom) is at    18.79990336    55.59715455    24.00189407

dynamics using ld       at timestep             160

dynamics using ld       at timestep             170

dynamics using ld       at timestep             180

dynamics using ld       at timestep             190

dynamics using ld       at timestep             200

Update neighbor list at             200

timestep and time
             200     0.40000000 ps

in the coarse-grained domain

average/maximum/minimum energy (eV) per node is     0.00000000     0.00000000 and     0.00000000

ave velocity (Angstrom/ps) is     0.00000000     0.00000000     0.00000000

total force (eV/Angstrom) is     0.00000000     0.00000000     0.00000000

average/maximum/minimum number of neighbor atoms per intpo is    80.68129032              92 and              28

average/maximum/minimum host electron density per intpo is     0.96672709     1.00483335 and     0.47184519

in the atomistic domain

average/maximum/minimum energy (eV) per atom is     0.00000000     0.00000000 and     0.00000000

ave velocity (Angstrom/ps) is     0.00000000     0.00000000     0.00000000

total force (eV/Angstrom) is     0.00000000     0.00000000     0.00000000

average/maximum/minimum number of neighbor atoms per atom is    80.33208114              92 and              28

average/maximum/minimum host electron density per atom is     0.96325135     1.00485778 and     0.47184519

in total

total force (eV/Angstrom) is     0.00000000     0.00000000     0.00000000

ave velocity (Angstrom/ps) is     0.00000000     0.00000000     0.00000000

ave kinetic energy (eV) is      0.00000000

global force vector length (eV/Angstrom) is     0.00000000

maximum force (eV/Angstrom) is      0.00000000

average/maximum/minimum number of neighbor cells per cell is    24.27976190              27 and              14

average/maximum/minimum number of atomps per cell is    29.80654762              72 and              22

box boundaries/lengths are (Angstrom)
x from   -29.51635152 to    67.14969956 length is    96.66605108
y from    -0.63904775 to   111.83335686 length is   112.47240462
z from   -20.87121235 to    68.87500048 length is    89.74621283

center of mass (Angstrom) is at    18.79990336    55.80518793    24.00189407

dynamics using ld       at timestep             210

dynamics using ld       at timestep             220

dynamics using ld       at timestep             230

dynamics using ld       at timestep             240

dynamics using ld       at timestep             250

timestep and time
             250     0.50000000 ps

in the coarse-grained domain

average/maximum/minimum energy (eV) per node is     0.00000000     0.00000000 and     0.00000000

ave velocity (Angstrom/ps) is     0.00000000     0.00000000     0.00000000

total force (eV/Angstrom) is     0.00000000     0.00000000     0.00000000

average/maximum/minimum number of neighbor atoms per intpo is    80.68129032              92 and              28

average/maximum/minimum host electron density per intpo is     0.96673197     1.00480158 and     0.47184519

in the atomistic domain

average/maximum/minimum energy (eV) per atom is     0.00000000     0.00000000 and     0.00000000

ave velocity (Angstrom/ps) is     0.00000000     0.00000000     0.00000000

total force (eV/Angstrom) is     0.00000000     0.00000000     0.00000000

average/maximum/minimum number of neighbor atoms per atom is    80.33208114              92 and              28

average/maximum/minimum host electron density per atom is     0.96326262     1.00493253 and     0.47184519

in total

total force (eV/Angstrom) is     0.00000000     0.00000000     0.00000000

ave velocity (Angstrom/ps) is     0.00000000     0.00000000     0.00000000

ave kinetic energy (eV) is      0.00000000

global force vector length (eV/Angstrom) is     0.00000000

maximum force (eV/Angstrom) is      0.00000000

average/maximum/minimum number of neighbor cells per cell is    24.27976190              27 and              14

average/maximum/minimum number of atomps per cell is    29.80654762              72 and              22

box boundaries/lengths are (Angstrom)
x from   -29.51635152 to    67.14969956 length is    96.66605108
y from    -0.63904775 to   111.83335686 length is   112.47240462
z from   -20.87121235 to    68.87500048 length is    89.74621283

center of mass (Angstrom) is at    18.79990336    55.80518793    24.00189407

dynamics using ld       at timestep             260

dynamics using ld       at timestep             270

dynamics using ld       at timestep             280

dynamics using ld       at timestep             290

dynamics using ld       at timestep             300

timestep and time
             300     0.60000000 ps

in the coarse-grained domain

average/maximum/minimum energy (eV) per node is     0.00000000     0.00000000 and     0.00000000

ave velocity (Angstrom/ps) is     0.00000000     0.00000000     0.00000000

total force (eV/Angstrom) is     0.00000000     0.00000000     0.00000000

average/maximum/minimum number of neighbor atoms per intpo is    80.68129032              92 and              28

average/maximum/minimum host electron density per intpo is     0.96672627     1.00504146 and     0.47184519

in the atomistic domain

average/maximum/minimum energy (eV) per atom is     0.00000000     0.00000000 and     0.00000000

ave velocity (Angstrom/ps) is     0.00000000     0.00000000     0.00000000

total force (eV/Angstrom) is     0.00000000     0.00000000     0.00000000

average/maximum/minimum number of neighbor atoms per atom is    80.33208114              92 and              28

average/maximum/minimum host electron density per atom is     0.96327134     1.00504146 and     0.47184519

in total

total force (eV/Angstrom) is     0.00000000     0.00000000     0.00000000

ave velocity (Angstrom/ps) is     0.00000000     0.00000000     0.00000000

ave kinetic energy (eV) is      0.00000000

global force vector length (eV/Angstrom) is     0.00000000

maximum force (eV/Angstrom) is      0.00000000

average/maximum/minimum number of neighbor cells per cell is    24.27976190              27 and              14

average/maximum/minimum number of atomps per cell is    29.80654762              72 and              22

box boundaries/lengths are (Angstrom)
x from   -29.51635152 to    67.14969956 length is    96.66605108
y from    -0.63904775 to   111.83335686 length is   112.47240462
z from   -20.87121235 to    68.87500048 length is    89.74621283

center of mass (Angstrom) is at    18.79990336    55.80518793    24.00189407

dynamics using ld       at timestep             310

dynamics using ld       at timestep             320

dynamics using ld       at timestep             330

dynamics using ld       at timestep             340

dynamics using ld       at timestep             350

timestep and time
             350     0.70000000 ps

in the coarse-grained domain

average/maximum/minimum energy (eV) per node is     0.00000000     0.00000000 and     0.00000000

ave velocity (Angstrom/ps) is     0.00000000     0.00000000     0.00000000

total force (eV/Angstrom) is     0.00000000     0.00000000     0.00000000

average/maximum/minimum number of neighbor atoms per intpo is    80.68129032              92 and              28

average/maximum/minimum host electron density per intpo is     0.96672703     1.00506486 and     0.47184519

in the atomistic domain

average/maximum/minimum energy (eV) per atom is     0.00000000     0.00000000 and     0.00000000

ave velocity (Angstrom/ps) is     0.00000000     0.00000000     0.00000000

total force (eV/Angstrom) is     0.00000000     0.00000000     0.00000000

average/maximum/minimum number of neighbor atoms per atom is    80.33208114              92 and              28

average/maximum/minimum host electron density per atom is     0.96327532     1.00506486 and     0.47184519

in total

total force (eV/Angstrom) is     0.00000000     0.00000000     0.00000000

ave velocity (Angstrom/ps) is     0.00000000     0.00000000     0.00000000

ave kinetic energy (eV) is      0.00000000

global force vector length (eV/Angstrom) is     0.00000000

maximum force (eV/Angstrom) is      0.00000000

average/maximum/minimum number of neighbor cells per cell is    24.27976190              27 and              14

average/maximum/minimum number of atomps per cell is    29.80654762              72 and              22

box boundaries/lengths are (Angstrom)
x from   -29.51635152 to    67.14969956 length is    96.66605108
y from    -0.63904775 to   111.83335686 length is   112.47240462
z from   -20.87121235 to    68.87500048 length is    89.74621283

center of mass (Angstrom) is at    18.79990336    55.80518793    24.00189407

dynamics using ld       at timestep             360

dynamics using ld       at timestep             370

dynamics using ld       at timestep             380

dynamics using ld       at timestep             390

dynamics using ld       at timestep             400

Update neighbor list at             400

timestep and time
             400     0.80000000 ps

in the coarse-grained domain

average/maximum/minimum energy (eV) per node is     0.00000000     0.00000000 and     0.00000000

ave velocity (Angstrom/ps) is     0.00000000     0.00000000     0.00000000

total force (eV/Angstrom) is     0.00000000     0.00000000     0.00000000

average/maximum/minimum number of neighbor atoms per intpo is    81.02064516              93 and              28

average/maximum/minimum host electron density per intpo is     0.96672703     1.00506486 and     0.47184519

in the atomistic domain

average/maximum/minimum energy (eV) per atom is     0.00000000     0.00000000 and     0.00000000

ave velocity (Angstrom/ps) is     0.00000000     0.00000000     0.00000000

total force (eV/Angstrom) is     0.00000000     0.00000000     0.00000000

average/maximum/minimum number of neighbor atoms per atom is    80.73203105              94 and              28

average/maximum/minimum host electron density per atom is     0.96327532     1.00506486 and     0.47184519

in total

total force (eV/Angstrom) is     0.00000000     0.00000000     0.00000000

ave velocity (Angstrom/ps) is     0.00000000     0.00000000     0.00000000

ave kinetic energy (eV) is      0.00000000

global force vector length (eV/Angstrom) is     0.00000000

maximum force (eV/Angstrom) is      0.00000000

average/maximum/minimum number of neighbor cells per cell is    24.27976190              27 and              14

average/maximum/minimum number of atomps per cell is    29.82514881              76 and              22

box boundaries/lengths are (Angstrom)
x from   -29.51635152 to    67.14969956 length is    96.66605108
y from    -0.63904775 to   111.83335686 length is   112.47240462
z from   -20.87121235 to    68.87500048 length is    89.74621283

center of mass (Angstrom) is at    18.79990336    55.56749402    24.00189407

dynamics using ld       at timestep             410

dynamics using ld       at timestep             420

dynamics using ld       at timestep             430

dynamics using ld       at timestep             440

dynamics using ld       at timestep             450

timestep and time
             450     0.90000000 ps

in the coarse-grained domain

average/maximum/minimum energy (eV) per node is     0.00000000     0.00000000 and     0.00000000

ave velocity (Angstrom/ps) is     0.00000000     0.00000000     0.00000000

total force (eV/Angstrom) is     0.00000000     0.00000000     0.00000000

average/maximum/minimum number of neighbor atoms per intpo is    81.02064516              93 and              28

average/maximum/minimum host electron density per intpo is     0.96672703     1.00506486 and     0.47184519

in the atomistic domain

average/maximum/minimum energy (eV) per atom is     0.00000000     0.00000000 and     0.00000000

ave velocity (Angstrom/ps) is     0.00000000     0.00000000     0.00000000

total force (eV/Angstrom) is     0.00000000     0.00000000     0.00000000

average/maximum/minimum number of neighbor atoms per atom is    80.73203105              94 and              28

average/maximum/minimum host electron density per atom is     0.96327532     1.00506486 and     0.47184519

in total

total force (eV/Angstrom) is     0.00000000     0.00000000     0.00000000

ave velocity (Angstrom/ps) is     0.00000000     0.00000000     0.00000000

ave kinetic energy (eV) is      0.00000000

global force vector length (eV/Angstrom) is     0.00000000

maximum force (eV/Angstrom) is      0.00000000

average/maximum/minimum number of neighbor cells per cell is    24.27976190              27 and              14

average/maximum/minimum number of atomps per cell is    29.82514881              76 and              22

box boundaries/lengths are (Angstrom)
x from   -29.51635152 to    67.14969956 length is    96.66605108
y from    -0.63904775 to   111.83335686 length is   112.47240462
z from   -20.87121235 to    68.87500048 length is    89.74621283

center of mass (Angstrom) is at    18.79990336    55.56749402    24.00189407

dynamics using ld       at timestep             460

dynamics using ld       at timestep             470

dynamics using ld       at timestep             480

dynamics using ld       at timestep             490

dynamics using ld       at timestep             500

timestep and time
             500     1.00000000 ps

in the coarse-grained domain

average/maximum/minimum energy (eV) per node is     0.00000000     0.00000000 and     0.00000000

ave velocity (Angstrom/ps) is     0.00000000     0.00000000     0.00000000

total force (eV/Angstrom) is     0.00000000     0.00000000     0.00000000

average/maximum/minimum number of neighbor atoms per intpo is    81.02064516              93 and              28

average/maximum/minimum host electron density per intpo is     0.96672743     1.00506717 and     0.47184519

in the atomistic domain

average/maximum/minimum energy (eV) per atom is     0.00000000     0.00000000 and     0.00000000

ave velocity (Angstrom/ps) is     0.00000000     0.00000000     0.00000000

total force (eV/Angstrom) is     0.00000000     0.00000000     0.00000000

average/maximum/minimum number of neighbor atoms per atom is    80.73203105              94 and              28

average/maximum/minimum host electron density per atom is     0.96327569     1.00506717 and     0.47184519

in total

total force (eV/Angstrom) is     0.00000000     0.00000000     0.00000000

ave velocity (Angstrom/ps) is     0.00000000     0.00000000     0.00000000

ave kinetic energy (eV) is      0.00000000

global force vector length (eV/Angstrom) is     0.00000000

maximum force (eV/Angstrom) is      0.00000000

average/maximum/minimum number of neighbor cells per cell is    24.27976190              27 and              14

average/maximum/minimum number of atomps per cell is    29.82514881              76 and              22

box boundaries/lengths are (Angstrom)
x from   -29.51635152 to    67.14969956 length is    96.66605108
y from    -0.63904775 to   111.83335686 length is   112.47240462
z from   -20.87121235 to    68.87500048 length is    89.74621283

center of mass (Angstrom) is at    18.79990336    55.56749402    24.00189407

dynamics using ld       at timestep             510

dynamics using ld       at timestep             520

dynamics using ld       at timestep             530

dynamics using ld       at timestep             540

dynamics using ld       at timestep             550

timestep and time
             550     1.10000000 ps

in the coarse-grained domain

average/maximum/minimum energy (eV) per node is    -3.03538274     0.00000000 and    -3.54016391

ave velocity (Angstrom/ps) is     0.01306945    -0.01799824    -0.00009248

total force (eV/Angstrom) is     0.36545250    -0.35707830    -0.15120257

average/maximum/minimum number of neighbor atoms per intpo is    81.02064516              93 and              28

average/maximum/minimum host electron density per intpo is     0.96525825     1.02746701 and     0.47155183

in the atomistic domain

average/maximum/minimum energy (eV) per atom is    -2.47983047     0.00000000 and    -3.54501660

ave velocity (Angstrom/ps) is     0.00129797     0.00475789     0.00006085

total force (eV/Angstrom) is    -0.51033231    -5.25907568    17.61965600

average/maximum/minimum number of neighbor atoms per atom is    80.73203105              94 and              28

average/maximum/minimum host electron density per atom is     0.96347916     1.06013397 and     0.47179062

in total

total force (eV/Angstrom) is    -0.14487981    -5.61615399    17.46845343

ave velocity (Angstrom/ps) is     0.00136406     0.00463012     0.00005999

ave kinetic energy (eV) is      0.00046022

global force vector length (eV/Angstrom) is    27.54182332

maximum force (eV/Angstrom) is      0.67858766

average/maximum/minimum number of neighbor cells per cell is    24.27976190              27 and              14

average/maximum/minimum number of atomps per cell is    29.82514881              76 and              22

box boundaries/lengths are (Angstrom)
x from   -29.51635152 to    67.14969956 length is    96.66605108
y from    -0.63904775 to   111.83335686 length is   112.47240462
z from   -20.87121235 to    68.87500048 length is    89.74621283

center of mass (Angstrom) is at    18.79990336    55.56749402    24.00189407

dynamics using ld       at timestep             560

dynamics using ld       at timestep             570

dynamics using ld       at timestep             580

dynamics using ld       at timestep             590

dynamics using ld       at timestep             600

Update neighbor list at             600

timestep and time
             600     1.20000000 ps

in the coarse-grained domain

average/maximum/minimum energy (eV) per node is    -3.03455329     0.00000000 and    -3.53970842

ave velocity (Angstrom/ps) is     0.01446055    -0.03014572     0.00039226

total force (eV/Angstrom) is    -0.39170265    -0.25426329     0.64133426

average/maximum/minimum number of neighbor atoms per intpo is    81.68025806              96 and              28

average/maximum/minimum host electron density per intpo is     0.96484255     1.02308736 and     0.47109928

in the atomistic domain

average/maximum/minimum energy (eV) per atom is    -2.47927828     0.00000000 and    -3.54482895

ave velocity (Angstrom/ps) is     0.00501059     0.00545063     0.00003570

total force (eV/Angstrom) is    -1.37435977   -29.20183109    10.33736693

average/maximum/minimum number of neighbor atoms per atom is    81.48869613              99 and              28

average/maximum/minimum host electron density per atom is     0.96337567     1.06623749 and     0.47186766

in total

total force (eV/Angstrom) is    -1.76606242   -29.45609438    10.97870119

ave velocity (Angstrom/ps) is     0.00506364     0.00525078     0.00003770

ave kinetic energy (eV) is      0.00052943

global force vector length (eV/Angstrom) is    28.69118374

maximum force (eV/Angstrom) is      0.64822243

average/maximum/minimum number of neighbor cells per cell is    24.27976190              27 and              14

average/maximum/minimum number of atomps per cell is    30.11514137              84 and              22

box boundaries/lengths are (Angstrom)
x from   -29.51773974 to    67.14969956 length is    96.66605108
y from    -0.63904775 to   111.83335686 length is   112.47240462
z from   -20.87121235 to    68.87500048 length is    89.74621283

center of mass (Angstrom) is at    18.80129158    55.94731428    24.00189407

dynamics using ld       at timestep             610

dynamics using ld       at timestep             620

dynamics using ld       at timestep             630

dynamics using ld       at timestep             640

dynamics using ld       at timestep             650

timestep and time
             650     1.30000000 ps

in the coarse-grained domain

average/maximum/minimum energy (eV) per node is    -3.03391723     0.00000000 and    -3.53888846

ave velocity (Angstrom/ps) is     0.00977468    -0.02737328     0.00090782

total force (eV/Angstrom) is    -0.07110538    -0.29176136     1.48427484

average/maximum/minimum number of neighbor atoms per intpo is    81.68025806              96 and              28

average/maximum/minimum host electron density per intpo is     0.96567766     1.03186967 and     0.47110128

in the atomistic domain

average/maximum/minimum energy (eV) per atom is    -2.47859944     0.00000000 and    -3.54697535

ave velocity (Angstrom/ps) is     0.00564709     0.00271993    -0.00000850

total force (eV/Angstrom) is    20.85193551     1.76232536    -2.46004726

average/maximum/minimum number of neighbor atoms per atom is    81.48869613              99 and              28

average/maximum/minimum host electron density per atom is     0.96351109     1.06110401 and     0.47190764

in total

total force (eV/Angstrom) is    20.78083013     1.47056401    -0.97577241

ave velocity (Angstrom/ps) is     0.00567027     0.00255097    -0.00000335

ave kinetic energy (eV) is      0.00063984

global force vector length (eV/Angstrom) is    28.10724006

maximum force (eV/Angstrom) is      0.62642579

average/maximum/minimum number of neighbor cells per cell is    24.27976190              27 and              14

average/maximum/minimum number of atomps per cell is    30.11514137              84 and              22

box boundaries/lengths are (Angstrom)
x from   -29.51773974 to    67.14969956 length is    96.66605108
y from    -0.63904775 to   111.83335686 length is   112.47240462
z from   -20.87121235 to    68.87500048 length is    89.74621283

center of mass (Angstrom) is at    18.80129158    55.94731428    24.00189407

dynamics using ld       at timestep             660

dynamics using ld       at timestep             670

dynamics using ld       at timestep             680

dynamics using ld       at timestep             690

dynamics using ld       at timestep             700

timestep and time
             700     1.40000000 ps

in the coarse-grained domain

average/maximum/minimum energy (eV) per node is    -3.03271809     0.00000000 and    -3.53799185

ave velocity (Angstrom/ps) is     0.00637164    -0.02582930    -0.00018719

total force (eV/Angstrom) is    -0.93283320    -0.38050564    -0.30604863

average/maximum/minimum number of neighbor atoms per intpo is    81.68025806              96 and              28

average/maximum/minimum host electron density per intpo is     0.96715117     1.07200327 and     0.47148339

in the atomistic domain

average/maximum/minimum energy (eV) per atom is    -2.47768161     0.00000000 and    -3.54832101

ave velocity (Angstrom/ps) is     0.00543307     0.00456256     0.00006854

total force (eV/Angstrom) is    20.49905631    22.64690286    19.84741007

average/maximum/minimum number of neighbor atoms per atom is    81.48869613              99 and              28

average/maximum/minimum host electron density per atom is     0.96361928     1.04663597 and     0.47196387

in total

total force (eV/Angstrom) is    19.56622311    22.26639722    19.54136144

ave velocity (Angstrom/ps) is     0.00543834     0.00439192     0.00006711

ave kinetic energy (eV) is      0.00068024

global force vector length (eV/Angstrom) is    28.92875561

maximum force (eV/Angstrom) is      0.68539372

average/maximum/minimum number of neighbor cells per cell is    24.27976190              27 and              14

average/maximum/minimum number of atomps per cell is    30.11514137              84 and              22

box boundaries/lengths are (Angstrom)
x from   -29.51773974 to    67.14969956 length is    96.66605108
y from    -0.63904775 to   111.83335686 length is   112.47240462
z from   -20.87121235 to    68.87500048 length is    89.74621283

center of mass (Angstrom) is at    18.80129158    55.94731428    24.00189407

dynamics using ld       at timestep             710

dynamics using ld       at timestep             720

dynamics using ld       at timestep             730

dynamics using ld       at timestep             740

dynamics using ld       at timestep             750

timestep and time
             750     1.50000000 ps

in the coarse-grained domain

average/maximum/minimum energy (eV) per node is    -3.03180041     0.00000000 and    -3.53714108

ave velocity (Angstrom/ps) is    -0.00055168    -0.03716475    -0.00067058

total force (eV/Angstrom) is     0.85815910    -0.38478518    -1.09637939

average/maximum/minimum number of neighbor atoms per intpo is    81.68025806              96 and              28

average/maximum/minimum host electron density per intpo is     0.96677645     1.03800651 and     0.47165005

in the atomistic domain

average/maximum/minimum energy (eV) per atom is    -2.47668960     0.00000000 and    -3.54544821

ave velocity (Angstrom/ps) is     0.00416789     0.00861111     0.00013436

total force (eV/Angstrom) is     0.27516390    27.41794182    38.90739924

average/maximum/minimum number of neighbor atoms per atom is    81.48869613              99 and              28

average/maximum/minimum host electron density per atom is     0.96370886     1.04507370 and     0.47202907

in total

total force (eV/Angstrom) is     1.13332300    27.03315665    37.81101985

ave velocity (Angstrom/ps) is     0.00414139     0.00835410     0.00012984

ave kinetic energy (eV) is      0.00077690

global force vector length (eV/Angstrom) is    29.01900762

maximum force (eV/Angstrom) is      0.61695076

average/maximum/minimum number of neighbor cells per cell is    24.27976190              27 and              14

average/maximum/minimum number of atomps per cell is    30.11514137              84 and              22

box boundaries/lengths are (Angstrom)
x from   -29.51773974 to    67.14969956 length is    96.66605108
y from    -0.63904775 to   111.83335686 length is   112.47240462
z from   -20.87121235 to    68.87500048 length is    89.74621283

center of mass (Angstrom) is at    18.80129158    55.94731428    24.00189407

dynamics using ld       at timestep             760

dynamics using ld       at timestep             770

dynamics using ld       at timestep             780

dynamics using ld       at timestep             790

dynamics using ld       at timestep             800

Update neighbor list at             800

timestep and time
             800     1.60000000 ps

in the coarse-grained domain

average/maximum/minimum energy (eV) per node is    -3.03035668     0.00000000 and    -3.53569598

ave velocity (Angstrom/ps) is     0.00428652    -0.03674729     0.00001177

total force (eV/Angstrom) is     0.24949568     0.58237056     0.01924575

average/maximum/minimum number of neighbor atoms per intpo is    83.84748387             101 and              29

average/maximum/minimum host electron density per intpo is     0.96556061     1.03329679 and     0.47149093

in the atomistic domain

average/maximum/minimum energy (eV) per atom is    -2.47558931     0.00000000 and    -3.54643832

ave velocity (Angstrom/ps) is     0.00186770     0.00936986     0.00014524

total force (eV/Angstrom) is    23.53032684     1.67600825    42.05690992

average/maximum/minimum number of neighbor atoms per atom is    83.46199030             104 and              29

average/maximum/minimum host electron density per atom is     0.96375035     1.04631924 and     0.47209618

in total

total force (eV/Angstrom) is    23.77982252     2.25837881    42.07615568

ave velocity (Angstrom/ps) is     0.00188128     0.00911093     0.00014449

ave kinetic energy (eV) is      0.00090622

global force vector length (eV/Angstrom) is    29.57974176

maximum force (eV/Angstrom) is      0.62675920

average/maximum/minimum number of neighbor cells per cell is    24.27976190              27 and              14

average/maximum/minimum number of atomps per cell is    30.04892113              84 and              21

box boundaries/lengths are (Angstrom)
x from   -29.52005222 to    67.14969956 length is    96.66605108
y from    -0.63904775 to   111.83335686 length is   112.47240462
z from   -20.87121235 to    68.87500048 length is    89.74621283

center of mass (Angstrom) is at    18.80221584    56.55103656    24.00189407

dynamics using ld       at timestep             810

dynamics using ld       at timestep             820

dynamics using ld       at timestep             830

dynamics using ld       at timestep             840

dynamics using ld       at timestep             850

timestep and time
             850     1.70000000 ps

in the coarse-grained domain

average/maximum/minimum energy (eV) per node is    -3.02905067     0.00000000 and    -3.53508938

ave velocity (Angstrom/ps) is     0.00533078    -0.04366624     0.00030591

total force (eV/Angstrom) is     0.01180157    -1.15683134     0.50015302

average/maximum/minimum number of neighbor atoms per intpo is    83.84748387             101 and              29

average/maximum/minimum host electron density per intpo is     0.96593027     1.04577004 and     0.47144081

in the atomistic domain

average/maximum/minimum energy (eV) per atom is    -2.47439661     0.00000000 and    -3.55400665

ave velocity (Angstrom/ps) is     0.00286323     0.00716293     0.00004694

total force (eV/Angstrom) is   -10.14368247   -13.97946652    13.59295202

average/maximum/minimum number of neighbor atoms per atom is    83.46199030             104 and              29

average/maximum/minimum host electron density per atom is     0.96380623     1.06682828 and     0.47214093

in total

total force (eV/Angstrom) is   -10.13188091   -15.13629786    14.09310504

ave velocity (Angstrom/ps) is     0.00287709     0.00687755     0.00004840

ave kinetic energy (eV) is      0.00106869

global force vector length (eV/Angstrom) is    29.72584184

maximum force (eV/Angstrom) is      0.73069412

average/maximum/minimum number of neighbor cells per cell is    24.27976190              27 and              14

average/maximum/minimum number of atomps per cell is    30.04892113              84 and              21

box boundaries/lengths are (Angstrom)
x from   -29.52005222 to    67.14969956 length is    96.66605108
y from    -0.63904775 to   111.83335686 length is   112.47240462
z from   -20.87121235 to    68.87500048 length is    89.74621283

center of mass (Angstrom) is at    18.80221584    56.55103656    24.00189407

dynamics using ld       at timestep             860

dynamics using ld       at timestep             870

dynamics using ld       at timestep             880

dynamics using ld       at timestep             890

dynamics using ld       at timestep             900

timestep and time
             900     1.80000000 ps

in the coarse-grained domain

average/maximum/minimum energy (eV) per node is    -3.02775069     0.00000000 and    -3.53355749

ave velocity (Angstrom/ps) is    -0.00627299    -0.04233776     0.00007949

total force (eV/Angstrom) is     1.38296248     0.46382958     0.12996378

average/maximum/minimum number of neighbor atoms per intpo is    83.84748387             101 and              29

average/maximum/minimum host electron density per intpo is     0.96709663     1.07644249 and     0.47172444

in the atomistic domain

average/maximum/minimum energy (eV) per atom is    -2.47308299     0.00000000 and    -3.55085056

ave velocity (Angstrom/ps) is     0.00727096     0.00017070     0.00005670

total force (eV/Angstrom) is    26.84433631   -25.33673534    16.41971576

average/maximum/minimum number of neighbor atoms per atom is    83.46199030             104 and              29

average/maximum/minimum host electron density per atom is     0.96397120     1.09521450 and     0.47188017

in total

total force (eV/Angstrom) is    28.22729879   -24.87290576    16.54967954

ave velocity (Angstrom/ps) is     0.00719491    -0.00006797     0.00005683

ave kinetic energy (eV) is      0.00123654

global force vector length (eV/Angstrom) is    30.14418040

maximum force (eV/Angstrom) is      0.76519602

average/maximum/minimum number of neighbor cells per cell is    24.27976190              27 and              14

average/maximum/minimum number of atomps per cell is    30.04892113              84 and              21

box boundaries/lengths are (Angstrom)
x from   -29.52005222 to    67.14969956 length is    96.66605108
y from    -0.63904775 to   111.83335686 length is   112.47240462
z from   -20.87121235 to    68.87500048 length is    89.74621283

center of mass (Angstrom) is at    18.80221584    56.55103656    24.00189407

dynamics using ld       at timestep             910

dynamics using ld       at timestep             920

dynamics using ld       at timestep             930

dynamics using ld       at timestep             940

dynamics using ld       at timestep             950

timestep and time
             950     1.90000000 ps

in the coarse-grained domain

average/maximum/minimum energy (eV) per node is    -3.02642676     0.00000000 and    -3.53294439

ave velocity (Angstrom/ps) is    -0.00450654    -0.04278697    -0.00090548

total force (eV/Angstrom) is    -0.68744222     0.83180401    -1.48043653

average/maximum/minimum number of neighbor atoms per intpo is    83.84748387             101 and              29

average/maximum/minimum host electron density per intpo is     0.96759622     1.05002297 and     0.47222672

in the atomistic domain

average/maximum/minimum energy (eV) per atom is    -2.47169006     0.00000000 and    -3.56218224

ave velocity (Angstrom/ps) is     0.00595627    -0.00742192     0.00005648

total force (eV/Angstrom) is   -15.74061673    -5.22442862    16.35630819

average/maximum/minimum number of neighbor atoms per atom is    83.46199030             104 and              29

average/maximum/minimum host electron density per atom is     0.96411755     1.09414214 and     0.47126882

in total

total force (eV/Angstrom) is   -16.42805895    -4.39262461    14.87587165

ave velocity (Angstrom/ps) is     0.00589752    -0.00762048     0.00005108

ave kinetic energy (eV) is      0.00140337

global force vector length (eV/Angstrom) is    30.59582438

maximum force (eV/Angstrom) is      0.73284493

average/maximum/minimum number of neighbor cells per cell is    24.27976190              27 and              14

average/maximum/minimum number of atomps per cell is    30.04892113              84 and              21

box boundaries/lengths are (Angstrom)
x from   -29.52005222 to    67.14969956 length is    96.66605108
y from    -0.63904775 to   111.83335686 length is   112.47240462
z from   -20.87121235 to    68.87500048 length is    89.74621283

center of mass (Angstrom) is at    18.80221584    56.55103656    24.00189407

dynamics using ld       at timestep             960

dynamics using ld       at timestep             970

dynamics using ld       at timestep             980

dynamics using ld       at timestep             990

dynamics using ld       at timestep            1000

Update neighbor list at            1000

timestep and time
            1000     2.00000000 ps

in the coarse-grained domain

average/maximum/minimum energy (eV) per node is    -3.02512200     0.00000000 and    -3.53266655

ave velocity (Angstrom/ps) is     0.00301284    -0.04510061     0.00008524

total force (eV/Angstrom) is     0.19208725    -0.71666493     0.13936164

average/maximum/minimum number of neighbor atoms per intpo is    87.37470968             103 and              33

average/maximum/minimum host electron density per intpo is     0.96690828     1.04645748 and     0.47295291

in the atomistic domain

average/maximum/minimum energy (eV) per atom is    -2.47022007     0.00000000 and    -3.56952743

ave velocity (Angstrom/ps) is    -0.00321834    -0.01567834     0.00008805

total force (eV/Angstrom) is   -25.73526388   -22.97041205    25.49798548

average/maximum/minimum number of neighbor atoms per atom is    87.17398629             106 and              32

average/maximum/minimum host electron density per atom is     0.96427669     1.10719034 and     0.47031010

in total

total force (eV/Angstrom) is   -25.54317663   -23.68707698    25.63734712

ave velocity (Angstrom/ps) is    -0.00318335    -0.01584353     0.00008804

ave kinetic energy (eV) is      0.00159575

global force vector length (eV/Angstrom) is    30.86639486

maximum force (eV/Angstrom) is      0.84885505

average/maximum/minimum number of neighbor cells per cell is    24.27976190              27 and              14

average/maximum/minimum number of atomps per cell is    30.07180060              78 and              20

box boundaries/lengths are (Angstrom)
x from   -29.52104865 to    67.14969956 length is    96.66605108
y from    -0.63904775 to   111.83335686 length is   112.47240462
z from   -20.87121235 to    68.87500048 length is    89.74621283

center of mass (Angstrom) is at    18.80089979    56.99770013    24.00189407

Elapsed time (in unit of s)

Total time (%)   534.12644640

Interaction time (%)   394.87176618(    73.92851802)

Neighbor time (%)     7.79553051(     1.45949158)

Communication time (%)   140.42700084(    26.29096570)

Input/Output time (%)   155.49795176(    29.11257303)

Other time (%)  -164.46580289(   -30.79154833)

