Concurrent Atomistic-Continuum (CAC) Simulator
Author: Shuozhi Xu (Georgia Institute of Technology)
Version: 1.0

There are              58 elements             464 nodes           16702 atoms, and            3080 cells

The system contains               1 grains

The lattice space of grain               1 is
x     2.89206674 y     5.00920652 z     7.08408780

The unit length of grain               1 is
x     5.78413347 y     3.33947102 z     2.36136260

The boundaries of grain               1 prior to modification are (Angstrom)
x from    -0.72301668 to    80.25485190 length is    80.97786858
y from    -0.41743388 to   116.46405168 length is   116.88148556
z from    -1.18068130 to    64.93747153 length is    66.11815283

The boundary conditions are
p        in the x direction
s        in the y direction
s        in the z direction

The periodic bounary condition is applied on
               1 direction with periodic length    80.97786858

The box boundaries/lengths are (Angstrom)
x from    -0.72301668 to    80.25485190 length is    80.97786858
y from    -0.00000012 to   116.04661793 length is   116.04661804
z from    -0.00000012 to    63.75679035 length is    63.75679047

The lattice_space_max are
x     2.89206674 y     5.00920652 z     7.08408780

The box contains number of lattice_space_max
x    28.00000000 y    23.16666671 z     9.00000003

In coarse-grained domain, there are              58 elements with             464 and nodes

There are               1 element types

The               1 type contains             343 atoms per element

In atomistic domain, there are           16702 atoms

There are           19894 atomaps in mapping configuration

The unit cell volume is    17.10448225 Angstrom^3

The lattice name is Ag      , the type is fcc     , and the lattice parameter is     4.09000000 Angstrom

The atomic mass is   107.86820000 g/mol

The potential type is eam     

The cutoff radius are     5.99501100 and     6.99501100 Angstrom

No modify

The output is done every             100 step
The reduce is done every             100 step
The restart is done every             500 step

The given temperature is    10.00000000 k

There are               8 groups:

Group               1 has              25 elements             200 nodes and            8281 atoms

Group               1 has shape block    and it is in unit of node     in coarse-grained and atom     in atomistic domain, respectively

Group/Modify               1 is inside the bound

Group/Modify               1 has boundary/length
x from    -0.72301668 to    80.25485190 length is    80.97786858
y from    48.87684030 to   109.40991189 length is    60.53307159
z from    -0.00000012 to    63.75679035 length is    63.75679047

Group               2 has              33 elements             264 nodes and            8393 atoms

Group               2 has shape block    and it is in unit of node     in coarse-grained and atom     in atomistic domain, respectively

Group/Modify               2 is inside the bound

Group/Modify               2 has boundary/length
x from    -0.72301668 to    80.25485190 length is    80.97786858
y from   -21.25205104 to    48.87684030 length is    70.12889134
z from    -0.00000012 to    63.75679035 length is    63.75679047

Group               3 has              30 elements             240 nodes and            8022 atoms

Group               3 has shape block    and it is in unit of node     in coarse-grained and atom     in atomistic domain, respectively

Group/Modify               3 is inside the bound

Group/Modify               3 has boundary/length
x from    -0.72301668 to    80.25485190 length is    80.97786858
y from    -0.00000012 to   116.04661793 length is   116.04661804
z from    -0.00000012 to    31.87839499 length is    31.87839511

Group               4 has              28 elements             224 nodes and            8680 atoms

Group               4 has shape block    and it is in unit of node     in coarse-grained and atom     in atomistic domain, respectively

Group/Modify               4 is inside the bound

Group/Modify               4 has boundary/length
x from    -0.72301668 to    80.25485190 length is    80.97786858
y from    -0.00000012 to   116.04661793 length is   116.04661804
z from    31.87839499 to    63.75679035 length is    31.87839535

Group               5 has               8 elements              28 nodes and            2072 atoms

Group               5 has shape block    and it is in unit of node     in coarse-grained and atom     in atomistic domain, respectively

Group/Modify               5 is inside the bound

Group/Modify               5 has boundary/length
x from    -0.72301668 to    80.25485190 length is    80.97786858
y from    -0.00000012 to    10.01841293 length is    10.01841305
z from    -0.00000012 to    63.75679035 length is    63.75679047

Group               6 has               7 elements              20 nodes and            2744 atoms

Group               6 has shape block    and it is in unit of node     in coarse-grained and atom     in atomistic domain, respectively

Group/Modify               6 is inside the bound

Group/Modify               6 has boundary/length
x from    -0.72301668 to    80.25485190 length is    80.97786858
y from   106.69609884 to   116.04661793 length is     9.35051908
z from    -0.00000012 to    63.75679035 length is    63.75679047

Group               7 has              15 elements              60 nodes and            1715 atoms

Group               7 has shape block    and it is in unit of node     in coarse-grained and atom     in atomistic domain, respectively

Group/Modify               7 is inside the bound

Group/Modify               7 has boundary/length
x from    -0.72301668 to    80.25485190 length is    80.97786858
y from    -0.00000012 to   116.04661793 length is   116.04661804
z from    -0.00000012 to     7.08408768 length is     7.08408780

Group               8 has              15 elements              60 nodes and            1715 atoms

Group               8 has shape block    and it is in unit of node     in coarse-grained and atom     in atomistic domain, respectively

Group/Modify               8 is inside the bound

Group/Modify               8 has boundary/length
x from    -0.72301668 to    80.25485190 length is    80.97786858
y from    -0.00000012 to   116.04661793 length is   116.04661804
z from    58.79792865 to    63.75679035 length is     4.95886170

Group               1 is assigned displacement     0.00000000    -0.00200000    -0.00565680 Angstrom

Group               2 is assigned displacement     0.00000000     0.00000000     0.00000000 Angstrom

Group               3 is assigned displacement     0.00000000     0.00000000     0.00000000 Angstrom

Group               4 is assigned displacement     0.00800000     0.00000000     0.00000000 Angstrom

Group               5 is assigned displacement     0.00000000     0.00000000     0.00000000 Angstrom

Group               6 is assigned displacement     0.00000000     0.00000000     0.00000000 Angstrom

Group               7 is assigned displacement     0.00000000     0.00000000     0.00000000 Angstrom

Group               8 is assigned displacement     0.00000000     0.00000000     0.00000000 Angstrom

timestep and time
               0     0.00000000 ps

in the coarse-grained domain

average/maximum/minimum energy (eV) per node is     0.00000000     0.00000000 and     0.00000000

ave velocity (Angstrom/ps) is     0.00000000     0.00000000     0.00000000

total force (eV/Angstrom) is     0.00000000     0.00000000     0.00000000

average/maximum/minimum number of neighbor atoms per intpo is    73.15034483              78 and              25

average/maximum/minimum host electron density per intpo is     0.67275053     0.69412349 and     0.33100641

in the atomistic domain

average/maximum/minimum energy (eV) per atom is    -0.00307165     0.00000000 and    -1.83224037

ave velocity (Angstrom/ps) is     0.00000000     0.00000000     0.00000000

total force (eV/Angstrom) is     0.00000000    15.20285213    -8.16573582

average/maximum/minimum number of neighbor atoms per atom is    71.82858340              78 and              25

average/maximum/minimum host electron density per atom is     0.66359247     0.69412349 and     0.28317421

in total

total force (eV/Angstrom) is     0.00000000    15.20285213    -8.16573582

ave velocity (Angstrom/ps) is     0.00000000     0.00000000     0.00000000

ave kinetic energy (eV) is      0.00000000

global force vector length (eV/Angstrom) is     3.26127689

maximum force (eV/Angstrom) is      0.54295942

average/maximum/minimum number of neighbor cells per cell is    23.17142857              27 and              14

average/maximum/minimum number of atomps per cell is    26.57532468              77 and              16

box boundaries/lengths are (Angstrom)
x from    -0.72301668 to    80.25485190 length is    80.97786858
y from    -0.00000012 to   116.04661793 length is   116.04661804
z from    -0.00000012 to    63.75679035 length is    63.75679047

center of mass (Angstrom) is at    39.76536442    58.00829789    31.87026494

dynamics using ld       at timestep              50

dynamics using ld       at timestep             100

timestep and time
             100     0.20000000 ps

in the coarse-grained domain

average/maximum/minimum energy (eV) per node is     0.00000000     0.00000000 and     0.00000000

ave velocity (Angstrom/ps) is     0.00000000     0.00000000     0.00000000

total force (eV/Angstrom) is     0.00000000     0.00000000     0.00000000

average/maximum/minimum number of neighbor atoms per intpo is    73.15034483              78 and              25

average/maximum/minimum host electron density per intpo is     0.67298805     0.69585599 and     0.33100641

in the atomistic domain

average/maximum/minimum energy (eV) per atom is    -0.00316820     0.00000000 and    -1.89357285

ave velocity (Angstrom/ps) is     0.00008351    -0.00463525     0.00130485

total force (eV/Angstrom) is    -0.40614243     2.42136604    -0.72976691

average/maximum/minimum number of neighbor atoms per atom is    71.82858340              78 and              25

average/maximum/minimum host electron density per atom is     0.66379324     0.69585599 and     0.31755995

in total

total force (eV/Angstrom) is    -0.40614243     2.42136604    -0.72976691

ave velocity (Angstrom/ps) is     0.00008126    -0.00450996     0.00126958

ave kinetic energy (eV) is      0.00007554

global force vector length (eV/Angstrom) is     1.11929913

maximum force (eV/Angstrom) is      0.34861222

average/maximum/minimum number of neighbor cells per cell is    23.17142857              27 and              14

average/maximum/minimum number of atomps per cell is    26.57532468              77 and              16

box boundaries/lengths are (Angstrom)
x from    -0.72301668 to    80.25485190 length is    80.97786858
y from    -0.00000012 to   116.04661793 length is   116.04661804
z from    -0.00000012 to    63.75679035 length is    63.75679047

center of mass (Angstrom) is at    39.76536442    58.00829789    31.87026494

dynamics using ld       at timestep             150

dynamics using ld       at timestep             200

Update neighbor list at             200

timestep and time
             200     0.40000000 ps

in the coarse-grained domain

average/maximum/minimum energy (eV) per node is     0.00000000     0.00000000 and     0.00000000

ave velocity (Angstrom/ps) is     0.00000000     0.00000000     0.00000000

total force (eV/Angstrom) is     0.00000000     0.00000000     0.00000000

average/maximum/minimum number of neighbor atoms per intpo is    72.75641379              78 and              25

average/maximum/minimum host electron density per intpo is     0.67061999     0.69524116 and     0.29323196

in the atomistic domain

average/maximum/minimum energy (eV) per atom is    -0.00310509     0.00000000 and    -1.89778065

ave velocity (Angstrom/ps) is    -0.00001834     0.00135492     0.00053455

total force (eV/Angstrom) is    -0.21039487   -14.84690930    11.40546117

average/maximum/minimum number of neighbor atoms per atom is    71.46198060              78 and              24

average/maximum/minimum host electron density per atom is     0.66186357     0.69524116 and     0.23097117

in total

total force (eV/Angstrom) is    -0.21039487   -14.84690930    11.40546117

ave velocity (Angstrom/ps) is    -0.00001784     0.00131830     0.00052010

ave kinetic energy (eV) is      0.00000790

global force vector length (eV/Angstrom) is     3.79035324

maximum force (eV/Angstrom) is      0.74501622

average/maximum/minimum number of neighbor cells per cell is    23.17142857              27 and              14

average/maximum/minimum number of atomps per cell is    26.07272727              72 and              16

box boundaries/lengths are (Angstrom)
x from    -0.72301668 to    80.25485190 length is    80.97786858
y from    -0.00000012 to   116.04661793 length is   116.04661804
z from    -0.00000012 to    63.75679035 length is    63.75679047

center of mass (Angstrom) is at    39.76537395    57.82419986    31.34902204

dynamics using ld       at timestep             250

dynamics using ld       at timestep             300

timestep and time
             300     0.60000000 ps

in the coarse-grained domain

average/maximum/minimum energy (eV) per node is     0.00000000     0.00000000 and     0.00000000

ave velocity (Angstrom/ps) is     0.00000000     0.00000000     0.00000000

total force (eV/Angstrom) is     0.00000000     0.00000000     0.00000000

average/maximum/minimum number of neighbor atoms per intpo is    72.75641379              78 and              25

average/maximum/minimum host electron density per intpo is     0.67045706     0.69433016 and     0.29319135

in the atomistic domain

average/maximum/minimum energy (eV) per atom is     0.00000000     0.00000000 and     0.00000000

ave velocity (Angstrom/ps) is     0.00000000     0.00000000     0.00000000

total force (eV/Angstrom) is     0.00000000     0.00000000     0.00000000

average/maximum/minimum number of neighbor atoms per atom is    71.46198060              78 and              24

average/maximum/minimum host electron density per atom is     0.66164328     0.69435993 and     0.22784900

in total

total force (eV/Angstrom) is     0.00000000     0.00000000     0.00000000

ave velocity (Angstrom/ps) is     0.00000000     0.00000000     0.00000000

ave kinetic energy (eV) is      0.00000000

global force vector length (eV/Angstrom) is     0.00000000

maximum force (eV/Angstrom) is      0.00000000

average/maximum/minimum number of neighbor cells per cell is    23.17142857              27 and              14

average/maximum/minimum number of atomps per cell is    26.07272727              72 and              16

box boundaries/lengths are (Angstrom)
x from    -0.72301668 to    80.25485190 length is    80.97786858
y from    -0.00000012 to   116.04661793 length is   116.04661804
z from    -0.00000012 to    63.75679035 length is    63.75679047

center of mass (Angstrom) is at    39.76537395    57.82419986    31.34902204

dynamics using ld       at timestep             350

dynamics using ld       at timestep             400

Update neighbor list at             400

timestep and time
             400     0.80000000 ps

in the coarse-grained domain

average/maximum/minimum energy (eV) per node is     0.00000000     0.00000000 and     0.00000000

ave velocity (Angstrom/ps) is     0.00000000     0.00000000     0.00000000

total force (eV/Angstrom) is     0.00000000     0.00000000     0.00000000

average/maximum/minimum number of neighbor atoms per intpo is    73.16979310              81 and              25

average/maximum/minimum host electron density per intpo is     0.67214194     0.72101384 and     0.29323196

in the atomistic domain

average/maximum/minimum energy (eV) per atom is     0.00000000     0.00000000 and     0.00000000

ave velocity (Angstrom/ps) is     0.00000000     0.00000000     0.00000000

total force (eV/Angstrom) is     0.00000000     0.00000000     0.00000000

average/maximum/minimum number of neighbor atoms per atom is    71.76068734              81 and              25

average/maximum/minimum host electron density per atom is     0.66297166     0.72018761 and     0.28417796

in total

total force (eV/Angstrom) is     0.00000000     0.00000000     0.00000000

ave velocity (Angstrom/ps) is     0.00000000     0.00000000     0.00000000

ave kinetic energy (eV) is      0.00000000

global force vector length (eV/Angstrom) is     0.00000000

maximum force (eV/Angstrom) is      0.00000000

average/maximum/minimum number of neighbor cells per cell is    23.17142857              27 and              14

average/maximum/minimum number of atomps per cell is    26.07142857              69 and              16

box boundaries/lengths are (Angstrom)
x from    -0.72301668 to    80.25485190 length is    80.97786858
y from    -0.00000012 to   116.04661793 length is   116.04661804
z from    -0.00000012 to    64.52104411 length is    63.75679047

center of mass (Angstrom) is at    40.08220328    57.93546868    31.66456002

dynamics using ld       at timestep             450

dynamics using ld       at timestep             500

timestep and time
             500     1.00000000 ps

in the coarse-grained domain

average/maximum/minimum energy (eV) per node is     0.00000000     0.00000000 and     0.00000000

ave velocity (Angstrom/ps) is     0.00000000     0.00000000     0.00000000

total force (eV/Angstrom) is     0.00000000     0.00000000     0.00000000

average/maximum/minimum number of neighbor atoms per intpo is    73.16979310              81 and              25

average/maximum/minimum host electron density per intpo is     0.67261806     0.75163134 and     0.29323196

in the atomistic domain

average/maximum/minimum energy (eV) per atom is     0.00000000     0.00000000 and     0.00000000

ave velocity (Angstrom/ps) is     0.00000000     0.00000000     0.00000000

total force (eV/Angstrom) is     0.00000000     0.00000000     0.00000000

average/maximum/minimum number of neighbor atoms per atom is    71.76068734              81 and              25

average/maximum/minimum host electron density per atom is     0.66327340     0.75026356 and     0.28417796

in total

total force (eV/Angstrom) is     0.00000000     0.00000000     0.00000000

ave velocity (Angstrom/ps) is     0.00000000     0.00000000     0.00000000

ave kinetic energy (eV) is      0.00000000

global force vector length (eV/Angstrom) is     0.00000000

maximum force (eV/Angstrom) is      0.00000000

average/maximum/minimum number of neighbor cells per cell is    23.17142857              27 and              14

average/maximum/minimum number of atomps per cell is    26.07142857              69 and              16

box boundaries/lengths are (Angstrom)
x from    -0.72301668 to    80.25485190 length is    80.97786858
y from    -0.00000012 to   116.04661793 length is   116.04661804
z from    -0.00000012 to    64.52104411 length is    63.75679047

center of mass (Angstrom) is at    40.08220328    57.93546868    31.66456002

dynamics using ld       at timestep             550

dynamics using ld       at timestep             600

Update neighbor list at             600

timestep and time
             600     1.20000000 ps

in the coarse-grained domain

average/maximum/minimum energy (eV) per node is     0.00000000     0.00000000 and     0.00000000

ave velocity (Angstrom/ps) is     0.00000000     0.00000000     0.00000000

total force (eV/Angstrom) is     0.00000000     0.00000000     0.00000000

average/maximum/minimum number of neighbor atoms per intpo is    73.57075862              81 and              25

average/maximum/minimum host electron density per intpo is     0.67342278     0.77615519 and     0.33100641

in the atomistic domain

average/maximum/minimum energy (eV) per atom is     0.00000000     0.00000000 and     0.00000000

ave velocity (Angstrom/ps) is     0.00000000     0.00000000     0.00000000

total force (eV/Angstrom) is     0.00000000     0.00000000     0.00000000

average/maximum/minimum number of neighbor atoms per atom is    72.08214585              82 and              25

average/maximum/minimum host electron density per atom is     0.66405331     0.78550183 and     0.29945390

in total

total force (eV/Angstrom) is     0.00000000     0.00000000     0.00000000

ave velocity (Angstrom/ps) is     0.00000000     0.00000000     0.00000000

ave kinetic energy (eV) is      0.00000000

global force vector length (eV/Angstrom) is     0.00000000

maximum force (eV/Angstrom) is      0.00000000

average/maximum/minimum number of neighbor cells per cell is    23.17142857              27 and              14

average/maximum/minimum number of atomps per cell is    26.12012987              77 and              16

box boundaries/lengths are (Angstrom)
x from    -0.72301668 to    80.25485190 length is    80.97786858
y from    -0.00000012 to   116.04661793 length is   116.04661804
z from    -0.85129950 to    64.52104411 length is    63.75679047

center of mass (Angstrom) is at    40.39331582    58.00829789    31.87026494

dynamics using ld       at timestep             650

dynamics using ld       at timestep             700

timestep and time
             700     1.40000000 ps

in the coarse-grained domain

average/maximum/minimum energy (eV) per node is     0.00000000     0.00000000 and     0.00000000

ave velocity (Angstrom/ps) is     0.00000000     0.00000000     0.00000000

total force (eV/Angstrom) is     0.00000000     0.00000000     0.00000000

average/maximum/minimum number of neighbor atoms per intpo is    73.57075862              81 and              25

average/maximum/minimum host electron density per intpo is     0.67333686     0.79143773 and     0.33100641

in the atomistic domain

average/maximum/minimum energy (eV) per atom is     0.00000000     0.00000000 and     0.00000000

ave velocity (Angstrom/ps) is     0.00000000     0.00000000     0.00000000

total force (eV/Angstrom) is     0.00000000     0.00000000     0.00000000

average/maximum/minimum number of neighbor atoms per atom is    72.08214585              82 and              25

average/maximum/minimum host electron density per atom is     0.66404542     0.80952355 and     0.29945390

in total

total force (eV/Angstrom) is     0.00000000     0.00000000     0.00000000

ave velocity (Angstrom/ps) is     0.00000000     0.00000000     0.00000000

ave kinetic energy (eV) is      0.00000000

global force vector length (eV/Angstrom) is     0.00000000

maximum force (eV/Angstrom) is      0.00000000

average/maximum/minimum number of neighbor cells per cell is    23.17142857              27 and              14

average/maximum/minimum number of atomps per cell is    26.12012987              77 and              16

box boundaries/lengths are (Angstrom)
x from    -0.72301668 to    80.25485190 length is    80.97786858
y from    -0.00000012 to   116.04661793 length is   116.04661804
z from    -0.85129950 to    64.52104411 length is    63.75679047

center of mass (Angstrom) is at    40.39331582    58.00829789    31.87026494

dynamics using ld       at timestep             750

dynamics using ld       at timestep             800

Update neighbor list at             800

timestep and time
             800     1.60000000 ps

in the coarse-grained domain

average/maximum/minimum energy (eV) per node is     0.00000000     0.00000000 and     0.00000000

ave velocity (Angstrom/ps) is     0.00000000     0.00000000     0.00000000

total force (eV/Angstrom) is     0.00000000     0.00000000     0.00000000

average/maximum/minimum number of neighbor atoms per intpo is    73.53600000              82 and              25

average/maximum/minimum host electron density per intpo is     0.67333686     0.79143773 and     0.33100641

in the atomistic domain

average/maximum/minimum energy (eV) per atom is     0.00000000     0.00000000 and     0.00000000

ave velocity (Angstrom/ps) is     0.00000000     0.00000000     0.00000000

total force (eV/Angstrom) is     0.00000000     0.00000000     0.00000000

average/maximum/minimum number of neighbor atoms per atom is    72.04322836              82 and              25

average/maximum/minimum host electron density per atom is     0.66404542     0.80952355 and     0.29945390

in total

total force (eV/Angstrom) is     0.00000000     0.00000000     0.00000000

ave velocity (Angstrom/ps) is     0.00000000     0.00000000     0.00000000

ave kinetic energy (eV) is      0.00000000

global force vector length (eV/Angstrom) is     0.00000000

maximum force (eV/Angstrom) is      0.00000000

average/maximum/minimum number of neighbor cells per cell is    23.17142857              27 and              14

average/maximum/minimum number of atomps per cell is    25.88051948              72 and              16

box boundaries/lengths are (Angstrom)
x from    -0.72301668 to    80.25485190 length is    80.97786858
y from    -0.00000012 to   116.04661793 length is   116.04661804
z from    -0.85129950 to    64.52104411 length is    63.75679047

center of mass (Angstrom) is at    40.97696822    58.00829789    31.87026494

dynamics using ld       at timestep             850

dynamics using ld       at timestep             900

timestep and time
             900     1.80000000 ps

in the coarse-grained domain

average/maximum/minimum energy (eV) per node is    -1.91282424     0.00000000 and    -2.85015747

ave velocity (Angstrom/ps) is     0.00728703     0.00096948    -0.00434224

total force (eV/Angstrom) is    -0.52256858    -0.29488819    -0.27855506

average/maximum/minimum number of neighbor atoms per intpo is    73.53600000              82 and              25

average/maximum/minimum host electron density per intpo is     0.67276357     0.76933113 and     0.33100282

in the atomistic domain

average/maximum/minimum energy (eV) per atom is    -1.59315217     0.00000000 and    -2.85872882

ave velocity (Angstrom/ps) is     0.00428635     0.00163386    -0.00039678

total force (eV/Angstrom) is     8.62695113     1.74725387    -6.03225801

average/maximum/minimum number of neighbor atoms per atom is    72.04322836              82 and              25

average/maximum/minimum host electron density per atom is     0.66417302     0.80146435 and     0.29945390

in total

total force (eV/Angstrom) is     8.10438255     1.45236568    -6.31081307

ave velocity (Angstrom/ps) is     0.00436746     0.00161590    -0.00050342

ave kinetic energy (eV) is      0.00095215

global force vector length (eV/Angstrom) is    19.70055620

maximum force (eV/Angstrom) is      1.02560943

average/maximum/minimum number of neighbor cells per cell is    23.17142857              27 and              14

average/maximum/minimum number of atomps per cell is    25.88051948              72 and              16

box boundaries/lengths are (Angstrom)
x from    -0.72301668 to    80.25485190 length is    80.97786858
y from    -0.00000012 to   116.04661793 length is   116.04661804
z from    -0.85129950 to    64.52104411 length is    63.75679047

center of mass (Angstrom) is at    40.97696822    58.00829789    31.87026494

dynamics using ld       at timestep             950

dynamics using ld       at timestep            1000

Update neighbor list at            1000

timestep and time
            1000     2.00000000 ps

in the coarse-grained domain

average/maximum/minimum energy (eV) per node is    -1.91326970     0.00000000 and    -2.85041486

ave velocity (Angstrom/ps) is     0.00965701     0.02368564    -0.00029844

total force (eV/Angstrom) is     1.43593987    -0.74664719    -1.54966019

average/maximum/minimum number of neighbor atoms per intpo is    73.61558621              82 and              25

average/maximum/minimum host electron density per intpo is     0.67306041     0.77720853 and     0.33100609

in the atomistic domain

average/maximum/minimum energy (eV) per atom is    -1.59319004     0.00000000 and    -2.85687323

ave velocity (Angstrom/ps) is    -0.00564295     0.01680077     0.00000085

total force (eV/Angstrom) is   -15.19948994    16.23537917     0.15859124

average/maximum/minimum number of neighbor atoms per atom is    72.16956053              82 and              25

average/maximum/minimum host electron density per atom is     0.66449978     0.80712088 and     0.29945714

in total

total force (eV/Angstrom) is   -13.76355008    15.48873198    -1.39106895

ave velocity (Angstrom/ps) is    -0.00522939     0.01698687    -0.00000724

ave kinetic energy (eV) is      0.00061641

global force vector length (eV/Angstrom) is    19.63731562

maximum force (eV/Angstrom) is      0.73903531

average/maximum/minimum number of neighbor cells per cell is    23.17142857              27 and              14

average/maximum/minimum number of atomps per cell is    25.96266234              72 and              16

box boundaries/lengths are (Angstrom)
x from    -0.72301668 to    80.25485190 length is    80.97786858
y from    -0.00000012 to   116.04661793 length is   116.04661804
z from    -0.85129950 to    64.52162756 length is    63.75679047

center of mass (Angstrom) is at    39.85604836    58.01016551    31.86968149

dynamics using ld       at timestep            1050

dynamics using ld       at timestep            1100

timestep and time
            1100     2.20000000 ps

in the coarse-grained domain

average/maximum/minimum energy (eV) per node is    -1.91331035     0.00000000 and    -2.84984543

ave velocity (Angstrom/ps) is    -0.01340804     0.03519620     0.00000178

total force (eV/Angstrom) is    -2.04792603     1.98073326     0.00922438

average/maximum/minimum number of neighbor atoms per intpo is    73.61558621              82 and              25

average/maximum/minimum host electron density per intpo is     0.67332272     0.77859068 and     0.33105333

in the atomistic domain

average/maximum/minimum energy (eV) per atom is    -1.59321365     0.00000000 and    -2.85630783

ave velocity (Angstrom/ps) is    -0.01666890     0.02374467    -0.00000342

total force (eV/Angstrom) is    -0.46527931    -3.49928475    -0.63951549

average/maximum/minimum number of neighbor atoms per atom is    72.16956053              82 and              25

average/maximum/minimum host electron density per atom is     0.66396779     0.80796032 and     0.29976057

in total

total force (eV/Angstrom) is    -2.51320534    -1.51855149    -0.63029111

ave velocity (Angstrom/ps) is    -0.01658076     0.02405421    -0.00000328

ave kinetic energy (eV) is      0.00060825

global force vector length (eV/Angstrom) is    19.75894846

maximum force (eV/Angstrom) is      0.85618320

average/maximum/minimum number of neighbor cells per cell is    23.17142857              27 and              14

average/maximum/minimum number of atomps per cell is    25.96266234              72 and              16

box boundaries/lengths are (Angstrom)
x from    -0.72301668 to    80.25485190 length is    80.97786858
y from    -0.00000012 to   116.04661793 length is   116.04661804
z from    -0.85129950 to    64.52162756 length is    63.75679047

center of mass (Angstrom) is at    39.85604836    58.01016551    31.86968149

dynamics using ld       at timestep            1150

dynamics using ld       at timestep            1200

Update neighbor list at            1200

timestep and time
            1200     2.40000000 ps

in the coarse-grained domain

average/maximum/minimum energy (eV) per node is    -1.91253736     0.00000000 and    -2.84831783

ave velocity (Angstrom/ps) is    -0.02147763     0.03060956     0.00000225

total force (eV/Angstrom) is     0.20261999    -2.48989246     0.01169163

average/maximum/minimum number of neighbor atoms per intpo is    73.77489655              82 and              25

average/maximum/minimum host electron density per intpo is     0.67385172     0.77573886 and     0.33118226

in the atomistic domain

average/maximum/minimum energy (eV) per atom is    -1.59254270     0.00000000 and    -2.85970059

ave velocity (Angstrom/ps) is    -0.01556499     0.01884374    -0.00009598

total force (eV/Angstrom) is    -4.76720945    -9.73393008   -17.93902608

average/maximum/minimum number of neighbor atoms per atom is    72.28134355              82 and              25

average/maximum/minimum host electron density per atom is     0.66357249     0.80626673 and     0.30002273

in total

total force (eV/Angstrom) is    -4.56458946   -12.22382254   -17.92733445

ave velocity (Angstrom/ps) is    -0.01572481     0.01916178    -0.00009332

ave kinetic energy (eV) is      0.00057219

global force vector length (eV/Angstrom) is    19.73449557

maximum force (eV/Angstrom) is      0.71483766

average/maximum/minimum number of neighbor cells per cell is    23.17142857              27 and              14

average/maximum/minimum number of atomps per cell is    26.42337662              77 and              16

box boundaries/lengths are (Angstrom)
x from    -0.72301668 to    80.25485190 length is    80.97786858
y from    -0.00000012 to   116.04661793 length is   116.04661804
z from    -0.85129950 to    64.52162756 length is    63.75679047

center of mass (Angstrom) is at    39.74924373    58.01906644    31.87026494

dynamics using ld       at timestep            1250

dynamics using ld       at timestep            1300

timestep and time
            1300     2.60000000 ps

in the coarse-grained domain

average/maximum/minimum energy (eV) per node is    -1.91113758     0.00000000 and    -2.84669084

ave velocity (Angstrom/ps) is    -0.03401068     0.01345702     0.00032785

total force (eV/Angstrom) is    -0.53870707    -0.58898537     1.70236620

average/maximum/minimum number of neighbor atoms per intpo is    73.77489655              82 and              25

average/maximum/minimum host electron density per intpo is     0.67382703     0.77290921 and     0.33140776

in the atomistic domain

average/maximum/minimum energy (eV) per atom is    -1.59119115     0.00000000 and    -2.85582064

ave velocity (Angstrom/ps) is    -0.01407521     0.01205063    -0.00002625

total force (eV/Angstrom) is   -13.22183690     1.52663775    -4.90588621

average/maximum/minimum number of neighbor atoms per atom is    72.28134355              82 and              25

average/maximum/minimum host electron density per atom is     0.66392554     0.80485175 and     0.30024206

in total

total force (eV/Angstrom) is   -13.76054397     0.93765239    -3.20352002

ave velocity (Angstrom/ps) is    -0.01461407     0.01208864    -0.00001668

ave kinetic energy (eV) is      0.00055804

global force vector length (eV/Angstrom) is    19.78836424

maximum force (eV/Angstrom) is      0.69638915

average/maximum/minimum number of neighbor cells per cell is    23.17142857              27 and              14

average/maximum/minimum number of atomps per cell is    26.42337662              77 and              16

box boundaries/lengths are (Angstrom)
x from    -0.72301668 to    80.25485190 length is    80.97786858
y from    -0.00000012 to   116.04661793 length is   116.04661804
z from    -0.85129950 to    64.52162756 length is    63.75679047

center of mass (Angstrom) is at    39.74924373    58.01906644    31.87026494

dynamics using ld       at timestep            1350

dynamics using ld       at timestep            1400

Update neighbor list at            1400

timestep and time
            1400     2.80000000 ps

in the coarse-grained domain

average/maximum/minimum energy (eV) per node is    -1.90898848     0.00000000 and    -2.84575311

ave velocity (Angstrom/ps) is    -0.05228219     0.01352064     0.00023664

total force (eV/Angstrom) is     0.73044107    -1.20115920     1.22876581

average/maximum/minimum number of neighbor atoms per intpo is    74.72124138              82 and              26

average/maximum/minimum host electron density per intpo is     0.67402185     0.77191643 and     0.33171861

in the atomistic domain

average/maximum/minimum energy (eV) per atom is    -1.58930585     0.00000000 and    -2.85617442

ave velocity (Angstrom/ps) is    -0.02475748     0.01036208     0.00005114

total force (eV/Angstrom) is    -4.58382981     9.75929361     9.55921213

average/maximum/minimum number of neighbor atoms per atom is    73.41306430              81 and              26

average/maximum/minimum host electron density per atom is     0.66430941     0.80479430 and     0.30041739

in total

total force (eV/Angstrom) is    -3.85338874     8.55813441    10.78797794

ave velocity (Angstrom/ps) is    -0.02550148     0.01044745     0.00005616

ave kinetic energy (eV) is      0.00062971

global force vector length (eV/Angstrom) is    20.11743680

maximum force (eV/Angstrom) is      0.73216337

average/maximum/minimum number of neighbor cells per cell is    23.17142857              27 and              14

average/maximum/minimum number of atomps per cell is    26.48149351              79 and              17

box boundaries/lengths are (Angstrom)
x from    -0.72301668 to    80.25485190 length is    80.97786858
y from    -0.00000012 to   116.04661793 length is   116.04661804
z from    -0.85129950 to    64.52162756 length is    63.75679047

center of mass (Angstrom) is at    39.39536546    58.01466204    31.87026494

dynamics using ld       at timestep            1450

dynamics using ld       at timestep            1500

timestep and time
            1500     3.00000000 ps

in the coarse-grained domain

average/maximum/minimum energy (eV) per node is    -1.90600817     0.00000000 and    -2.84334902

ave velocity (Angstrom/ps) is    -0.05280752     0.01346269    -0.00005386

total force (eV/Angstrom) is    -0.58076690    -0.30651897    -0.27968551

average/maximum/minimum number of neighbor atoms per intpo is    74.72124138              82 and              26

average/maximum/minimum host electron density per intpo is     0.67456952     0.77352955 and     0.33210983

in the atomistic domain

average/maximum/minimum energy (eV) per atom is    -1.58688649     0.00000000 and    -2.85427920

ave velocity (Angstrom/ps) is    -0.03092629     0.00494011     0.00016763

total force (eV/Angstrom) is   -23.45846215    -1.45758112    31.33234768

average/maximum/minimum number of neighbor atoms per atom is    73.41306430              81 and              26

average/maximum/minimum host electron density per atom is     0.66447876     0.80564720 and     0.30054786

in total

total force (eV/Angstrom) is   -24.03922905    -1.76410009    31.05266216

ave velocity (Angstrom/ps) is    -0.03151775     0.00517048     0.00016165

ave kinetic energy (eV) is      0.00074831

global force vector length (eV/Angstrom) is    20.45975443

maximum force (eV/Angstrom) is      0.90577265

average/maximum/minimum number of neighbor cells per cell is    23.17142857              27 and              14

average/maximum/minimum number of atomps per cell is    26.48149351              79 and              17

box boundaries/lengths are (Angstrom)
x from    -0.72301668 to    80.25485190 length is    80.97786858
y from    -0.00000012 to   116.04661793 length is   116.04661804
z from    -0.85129950 to    64.52162756 length is    63.75679047

center of mass (Angstrom) is at    39.39536546    58.01466204    31.87026494

The deformation gradient is reversed

dynamics using ld       at timestep            1550

dynamics using ld       at timestep            1600

Update neighbor list at            1600

timestep and time
            1600     3.20000000 ps

in the coarse-grained domain

average/maximum/minimum energy (eV) per node is    -1.90926814     0.00000000 and    -2.84547004

ave velocity (Angstrom/ps) is    -0.04448140     0.00443293    -0.00012369

total force (eV/Angstrom) is     0.54211035    -0.01592733    -0.64229278

average/maximum/minimum number of neighbor atoms per intpo is    74.68537931              82 and              26

average/maximum/minimum host electron density per intpo is     0.67409061     0.77593049 and     0.33170457

in the atomistic domain

average/maximum/minimum energy (eV) per atom is    -1.58959378     0.00000000 and    -2.85368386

ave velocity (Angstrom/ps) is    -0.03867851    -0.00553387     0.00017815

total force (eV/Angstrom) is    -7.40257849     8.64783712    33.29903877

average/maximum/minimum number of neighbor atoms per atom is    73.36438750              82 and              26

average/maximum/minimum host electron density per atom is     0.66407514     0.80686925 and     0.30041739

in total

total force (eV/Angstrom) is    -6.86046814     8.63190979    32.65674599

ave velocity (Angstrom/ps) is    -0.03883537    -0.00526447     0.00017000

ave kinetic energy (eV) is      0.00082291

global force vector length (eV/Angstrom) is    20.39023962

maximum force (eV/Angstrom) is      0.77503858

average/maximum/minimum number of neighbor cells per cell is    23.17142857              27 and              14

average/maximum/minimum number of atomps per cell is    26.45454545              80 and              16

box boundaries/lengths are (Angstrom)
x from    -0.72301668 to    80.25485190 length is    80.97786858
y from    -0.00000012 to   116.04661793 length is   116.04661804
z from    -0.85129950 to    64.52162756 length is    63.75679047

center of mass (Angstrom) is at    40.82116387    58.01150756    31.87026494

The deformation gradient is reversed

dynamics using ld       at timestep            1650

dynamics using ld       at timestep            1700

timestep and time
            1700     3.40000000 ps

in the coarse-grained domain

average/maximum/minimum energy (eV) per node is    -1.90653219     0.00000000 and    -2.84439093

ave velocity (Angstrom/ps) is    -0.04019895    -0.00366320    -0.00042432

total force (eV/Angstrom) is    -0.66057237    -0.65947721    -2.20334384

average/maximum/minimum number of neighbor atoms per intpo is    74.68537931              82 and              26

average/maximum/minimum host electron density per intpo is     0.67449747     0.77670182 and     0.33209291

in the atomistic domain

average/maximum/minimum energy (eV) per atom is    -1.58734844     0.00000000 and    -2.85599637

ave velocity (Angstrom/ps) is    -0.03343825     0.00010723     0.00020056

total force (eV/Angstrom) is    16.51892616    16.29831095    37.48703161

average/maximum/minimum number of neighbor atoms per atom is    73.36438750              82 and              26

average/maximum/minimum host electron density per atom is     0.66447880     0.80715983 and     0.30054786

in total

total force (eV/Angstrom) is    15.85835379    15.63883375    35.28368777

ave velocity (Angstrom/ps) is    -0.03362100     0.00000531     0.00018367

ave kinetic energy (eV) is      0.00087793

global force vector length (eV/Angstrom) is    20.56320965

maximum force (eV/Angstrom) is      0.70488232

average/maximum/minimum number of neighbor cells per cell is    23.17142857              27 and              14

average/maximum/minimum number of atomps per cell is    26.45454545              80 and              16

box boundaries/lengths are (Angstrom)
x from    -0.72301668 to    80.25485190 length is    80.97786858
y from    -0.00000012 to   116.04661793 length is   116.04661804
z from    -0.85129950 to    64.52162756 length is    63.75679047

center of mass (Angstrom) is at    40.82116387    58.01150756    31.87026494

dynamics using ld       at timestep            1750

dynamics using ld       at timestep            1800

Update neighbor list at            1800

timestep and time
            1800     3.60000000 ps

in the coarse-grained domain

average/maximum/minimum energy (eV) per node is    -1.90303836     0.00000000 and    -2.84058761

ave velocity (Angstrom/ps) is    -0.02805123     0.01172274     0.00015193

total force (eV/Angstrom) is    -1.17464596     1.42334407     0.78890412

average/maximum/minimum number of neighbor atoms per intpo is    74.68427586              81 and              26

average/maximum/minimum host electron density per intpo is     0.67494612     0.77415371 and     0.33257720

in the atomistic domain

average/maximum/minimum energy (eV) per atom is    -1.58449410     0.00000000 and    -2.85449710

ave velocity (Angstrom/ps) is    -0.02874443    -0.00155031     0.00014661

total force (eV/Angstrom) is    -3.59934592    -8.23602293    27.40222733

average/maximum/minimum number of neighbor atoms per atom is    73.31684828              82 and              26

average/maximum/minimum host electron density per atom is     0.66483480     0.80484436 and     0.30063297

in total

total force (eV/Angstrom) is    -4.77399188    -6.81267886    28.19113145

ave velocity (Angstrom/ps) is    -0.02872570    -0.00119154     0.00014675

ave kinetic energy (eV) is      0.00093739

global force vector length (eV/Angstrom) is    20.79097665

maximum force (eV/Angstrom) is      0.68815210

average/maximum/minimum number of neighbor cells per cell is    23.17142857              27 and              14

average/maximum/minimum number of atomps per cell is    26.41915584              77 and              17

box boundaries/lengths are (Angstrom)
x from    -0.72301668 to    80.25485190 length is    80.97786858
y from    -0.00000012 to   116.04661793 length is   116.04661804
z from    -0.85129950 to    64.52162756 length is    63.75679047

center of mass (Angstrom) is at    39.38337375    58.00841250    31.87026494

The deformation gradient is reversed

dynamics using ld       at timestep            1850

dynamics using ld       at timestep            1900

timestep and time
            1900     3.80000000 ps

in the coarse-grained domain

average/maximum/minimum energy (eV) per node is    -1.90706126     0.00000000 and    -2.84563556

ave velocity (Angstrom/ps) is    -0.02978702     0.01264751     0.00033097

total force (eV/Angstrom) is     0.76545181     0.19788559     1.71857035

average/maximum/minimum number of neighbor atoms per intpo is    74.68427586              81 and              26

average/maximum/minimum host electron density per intpo is     0.67464259     0.77053686 and     0.33209746

in the atomistic domain

average/maximum/minimum energy (eV) per atom is    -1.58777031     0.00000000 and    -2.86020749

ave velocity (Angstrom/ps) is    -0.02643901    -0.00294705     0.00009954

total force (eV/Angstrom) is     5.10213285    -1.75548768    18.60452552

average/maximum/minimum number of neighbor atoms per atom is    73.31684828              82 and              26

average/maximum/minimum host electron density per atom is     0.66419512     0.80184996 and     0.30054786

in total

total force (eV/Angstrom) is     5.86758467    -1.55760209    20.32309587

ave velocity (Angstrom/ps) is    -0.02652951    -0.00252553     0.00010579

ave kinetic energy (eV) is      0.00095984

global force vector length (eV/Angstrom) is    20.51329169

maximum force (eV/Angstrom) is      0.77394514

average/maximum/minimum number of neighbor cells per cell is    23.17142857              27 and              14

average/maximum/minimum number of atomps per cell is    26.41915584              77 and              17

box boundaries/lengths are (Angstrom)
x from    -0.72301668 to    80.25485190 length is    80.97786858
y from    -0.00000012 to   116.04661793 length is   116.04661804
z from    -0.85129950 to    64.52162756 length is    63.75679047

center of mass (Angstrom) is at    39.38337375    58.00841250    31.87026494

dynamics using ld       at timestep            1950

dynamics using ld       at timestep            2000

Update neighbor list at            2000

timestep and time
            2000     4.00000000 ps

in the coarse-grained domain

average/maximum/minimum energy (eV) per node is    -1.90984090     0.00000000 and    -2.84821817

ave velocity (Angstrom/ps) is    -0.02480620     0.00270315     0.00015060

total force (eV/Angstrom) is    -1.75067033    -0.27049349     0.78199545

average/maximum/minimum number of neighbor atoms per intpo is    74.58993103              82 and              26

average/maximum/minimum host electron density per intpo is     0.67422961     0.76881524 and     0.33170103

in the atomistic domain

average/maximum/minimum energy (eV) per atom is    -1.59010914     0.00000000 and    -2.86103306

ave velocity (Angstrom/ps) is    -0.01756730    -0.00107040     0.00008861

total force (eV/Angstrom) is     6.94207129    -7.58742373    16.56243563

average/maximum/minimum number of neighbor atoms per atom is    73.31702790              82 and              26

average/maximum/minimum host electron density per atom is     0.66391253     0.80089579 and     0.30041739

in total

total force (eV/Angstrom) is     5.19140096    -7.85791722    17.34443109

ave velocity (Angstrom/ps) is    -0.01776297    -0.00096840     0.00009029

ave kinetic energy (eV) is      0.00093555

global force vector length (eV/Angstrom) is    20.65582170

maximum force (eV/Angstrom) is      0.73547916

average/maximum/minimum number of neighbor cells per cell is    23.17142857              27 and              14

average/maximum/minimum number of atomps per cell is    26.33409091              78 and              16

box boundaries/lengths are (Angstrom)
x from    -0.72301668 to    80.25485190 length is    80.97786858
y from    -0.00000012 to   116.04661793 length is   116.04661804
z from    -0.85129950 to    64.52162756 length is    63.75679047

center of mass (Angstrom) is at    41.97178613    58.01004112    31.87026494

The deformation gradient is reversed

dynamics using ld       at timestep            2050

dynamics using ld       at timestep            2100

timestep and time
            2100     4.20000000 ps

in the coarse-grained domain

average/maximum/minimum energy (eV) per node is    -1.90759656     0.00000000 and    -2.84689837

ave velocity (Angstrom/ps) is    -0.01611233    -0.01008165     0.00004725

total force (eV/Angstrom) is    -0.11734504    -0.16312779     0.24533222

average/maximum/minimum number of neighbor atoms per intpo is    74.58993103              82 and              26

average/maximum/minimum host electron density per intpo is     0.67414523     0.77225200 and     0.33209263

in the atomistic domain

average/maximum/minimum energy (eV) per atom is    -1.58808982     0.00000000 and    -2.85530414

ave velocity (Angstrom/ps) is    -0.00053898    -0.00018131     0.00005651

total force (eV/Angstrom) is    26.76327814    14.21100431    10.56189005

average/maximum/minimum number of neighbor atoms per atom is    73.31702790              82 and              26

average/maximum/minimum host electron density per atom is     0.66456911     0.80422856 and     0.30054786

in total

total force (eV/Angstrom) is    26.64593310    14.04787652    10.80722227

ave velocity (Angstrom/ps) is    -0.00095993    -0.00044892     0.00005626

ave kinetic energy (eV) is      0.00096013

global force vector length (eV/Angstrom) is    20.64009226

maximum force (eV/Angstrom) is      0.71416391

average/maximum/minimum number of neighbor cells per cell is    23.17142857              27 and              14

average/maximum/minimum number of atomps per cell is    26.33409091              78 and              16

box boundaries/lengths are (Angstrom)
x from    -0.72301668 to    80.25485190 length is    80.97786858
y from    -0.00000012 to   116.04661793 length is   116.04661804
z from    -0.85129950 to    64.52162756 length is    63.75679047

center of mass (Angstrom) is at    41.97178613    58.01004112    31.87026494

dynamics using ld       at timestep            2150

dynamics using ld       at timestep            2200

Update neighbor list at            2200

timestep and time
            2200     4.40000000 ps

in the coarse-grained domain

average/maximum/minimum energy (eV) per node is    -1.90463579     0.00000000 and    -2.84509779

ave velocity (Angstrom/ps) is    -0.02465820    -0.01107962     0.00006366

total force (eV/Angstrom) is    -1.63207983     1.18951530     0.33053624

average/maximum/minimum number of neighbor atoms per intpo is    74.65917241              83 and              26

average/maximum/minimum host electron density per intpo is     0.67430239     0.77445523 and     0.33256402

in the atomistic domain

average/maximum/minimum energy (eV) per atom is    -1.58558996     0.00000000 and    -2.85563005

ave velocity (Angstrom/ps) is     0.00785209     0.00479346     0.00006735

total force (eV/Angstrom) is     5.89348524     5.50644381    12.58878674

average/maximum/minimum number of neighbor atoms per atom is    73.30768770              82 and              26

average/maximum/minimum host electron density per atom is     0.66528798     0.80616065 and     0.30063297

in total

total force (eV/Angstrom) is     4.26140540     6.69595911    12.91932298

ave velocity (Angstrom/ps) is     0.00697333     0.00436441     0.00006725

ave kinetic energy (eV) is      0.00105335

global force vector length (eV/Angstrom) is    21.04817769

maximum force (eV/Angstrom) is      0.68041516

average/maximum/minimum number of neighbor cells per cell is    23.17142857              27 and              14

average/maximum/minimum number of atomps per cell is    26.36948052              77 and              17

box boundaries/lengths are (Angstrom)
x from    -0.72301668 to    80.25485190 length is    80.97786858
y from    -0.00000012 to   116.04661793 length is   116.04661804
z from    -0.85129950 to    64.52162756 length is    63.75679047

center of mass (Angstrom) is at    39.29328851    58.00685988    31.87026494

The deformation gradient is reversed

dynamics using ld       at timestep            2250

dynamics using ld       at timestep            2300

timestep and time
            2300     4.60000000 ps

in the coarse-grained domain

average/maximum/minimum energy (eV) per node is    -1.90805075     0.00000000 and    -2.84756733

ave velocity (Angstrom/ps) is    -0.02861005    -0.00351665     0.00018847

total force (eV/Angstrom) is    -0.29354083     0.59372282     0.97865777

average/maximum/minimum number of neighbor atoms per intpo is    74.65917241              83 and              26

average/maximum/minimum host electron density per intpo is     0.67398608     0.77412428 and     0.33209821

in the atomistic domain

average/maximum/minimum energy (eV) per atom is    -1.58861925     0.00000000 and    -2.85644390

ave velocity (Angstrom/ps) is    -0.00009417    -0.00117003     0.00013778

total force (eV/Angstrom) is    -6.27559234   -17.42718660    25.75291443

average/maximum/minimum number of neighbor atoms per atom is    73.30768770              82 and              26

average/maximum/minimum host electron density per atom is     0.66467660     0.80582815 and     0.30054786

in total

total force (eV/Angstrom) is    -6.56913317   -16.83346378    26.73157220

ave velocity (Angstrom/ps) is    -0.00086496    -0.00123346     0.00013915

ave kinetic energy (eV) is      0.00102798

global force vector length (eV/Angstrom) is    20.76787435

maximum force (eV/Angstrom) is      0.77531155

average/maximum/minimum number of neighbor cells per cell is    23.17142857              27 and              14

average/maximum/minimum number of atomps per cell is    26.36948052              77 and              17

box boundaries/lengths are (Angstrom)
x from    -0.72301668 to    80.25485190 length is    80.97786858
y from    -0.00000012 to   116.04661793 length is   116.04661804
z from    -0.85129950 to    64.52162756 length is    63.75679047

center of mass (Angstrom) is at    39.29328851    58.00685988    31.87026494

The deformation gradient is reversed

dynamics using ld       at timestep            2350

dynamics using ld       at timestep            2400

Update neighbor list at            2400

timestep and time
            2400     4.80000000 ps

in the coarse-grained domain

average/maximum/minimum energy (eV) per node is    -1.90485089     0.00000000 and    -2.84495530

ave velocity (Angstrom/ps) is    -0.00898664    -0.00777457     0.00009334

total force (eV/Angstrom) is     1.41666703     0.15226765     0.48465270

average/maximum/minimum number of neighbor atoms per intpo is    74.62303448              84 and              26

average/maximum/minimum host electron density per intpo is     0.67444588     0.77373041 and     0.33256739

in the atomistic domain

average/maximum/minimum energy (eV) per atom is    -1.58609069     0.00000000 and    -2.85510905

ave velocity (Angstrom/ps) is    -0.01430859    -0.00820664     0.00021267

total force (eV/Angstrom) is   -13.58979677    -2.79364877    39.75022256

average/maximum/minimum number of neighbor atoms per atom is    73.27164411              83 and              26

average/maximum/minimum host electron density per atom is     0.66487343     0.80511411 and     0.30063297

in total

total force (eV/Angstrom) is   -12.17312975    -2.64138112    40.23487525

ave velocity (Angstrom/ps) is    -0.01416474    -0.00819496     0.00020944

ave kinetic energy (eV) is      0.00102649

global force vector length (eV/Angstrom) is    21.12142779

maximum force (eV/Angstrom) is      0.86276025

average/maximum/minimum number of neighbor cells per cell is    23.17142857              27 and              14

average/maximum/minimum number of atomps per cell is    26.31818182              78 and              16

box boundaries/lengths are (Angstrom)
x from    -0.72301668 to    80.25485190 length is    80.97786858
y from    -0.00000012 to   116.04661793 length is   116.04661804
z from    -0.85129950 to    64.52162756 length is    63.75679047

center of mass (Angstrom) is at    40.58259256    58.00678819    31.87026494

The deformation gradient is reversed

dynamics using ld       at timestep            2450

dynamics using ld       at timestep            2500

timestep and time
            2500     5.00000000 ps

in the coarse-grained domain

average/maximum/minimum energy (eV) per node is    -1.90849187     0.00000000 and    -2.84739649

ave velocity (Angstrom/ps) is    -0.00000444    -0.01597847     0.00002538

total force (eV/Angstrom) is    -0.22877247     1.54123880     0.13177264

average/maximum/minimum number of neighbor atoms per intpo is    74.62303448              84 and              26

average/maximum/minimum host electron density per intpo is     0.67402187     0.77353830 and     0.33210157

in the atomistic domain

average/maximum/minimum energy (eV) per atom is    -1.58890536     0.00000000 and    -2.85534217

ave velocity (Angstrom/ps) is    -0.02092796    -0.01133049     0.00021800

total force (eV/Angstrom) is   -34.39643673     4.08129986    40.74724434

average/maximum/minimum number of neighbor atoms per atom is    73.27164411              83 and              26

average/maximum/minimum host electron density per atom is     0.66444363     0.80442032 and     0.30054786

in total

total force (eV/Angstrom) is   -34.62520919     5.62253866    40.87901698

ave velocity (Angstrom/ps) is    -0.02036239    -0.01145613     0.00021280

ave kinetic energy (eV) is      0.00102526

global force vector length (eV/Angstrom) is    20.85182230

maximum force (eV/Angstrom) is      0.73354629

average/maximum/minimum number of neighbor cells per cell is    23.17142857              27 and              14

average/maximum/minimum number of atomps per cell is    26.31818182              78 and              16

box boundaries/lengths are (Angstrom)
x from    -0.72301668 to    80.25485190 length is    80.97786858
y from    -0.00000012 to   116.04661793 length is   116.04661804
z from    -0.85129950 to    64.52162756 length is    63.75679047

center of mass (Angstrom) is at    40.58259256    58.00678819    31.87026494

The deformation gradient is reversed

dynamics using ld       at timestep            2550

dynamics using ld       at timestep            2600

Update neighbor list at            2600

timestep and time
            2600     5.20000000 ps

in the coarse-grained domain

average/maximum/minimum energy (eV) per node is    -1.90596861     0.00000000 and    -2.84597200

ave velocity (Angstrom/ps) is     0.00645812    -0.01620982     0.00003719

total force (eV/Angstrom) is     1.50533525     2.70589051     0.19309861

average/maximum/minimum number of neighbor atoms per intpo is    74.60193103              82 and              26

average/maximum/minimum host electron density per intpo is     0.67431024     0.77501480 and     0.33257553

in the atomistic domain

average/maximum/minimum energy (eV) per atom is    -1.58671058     0.00000000 and    -2.85497828

ave velocity (Angstrom/ps) is    -0.01650904    -0.00748369     0.00004712

total force (eV/Angstrom) is     6.11851159     5.45827183     8.80644506

average/maximum/minimum number of neighbor atoms per atom is    73.25769369              82 and              26

average/maximum/minimum host electron density per atom is     0.66482419     0.80486480 and     0.30063297

in total

total force (eV/Angstrom) is     7.62384684     8.16416233     8.99954368

ave velocity (Angstrom/ps) is    -0.01588824    -0.00771956     0.00004685

ave kinetic energy (eV) is      0.00115486

global force vector length (eV/Angstrom) is    21.07758248

maximum force (eV/Angstrom) is      0.80218664

average/maximum/minimum number of neighbor cells per cell is    23.17142857              27 and              14

average/maximum/minimum number of atomps per cell is    26.33344156              80 and              17

box boundaries/lengths are (Angstrom)
x from    -0.72301668 to    80.25485190 length is    80.97786858
y from    -0.00000012 to   116.04661793 length is   116.04661804
z from    -0.85129950 to    64.52162756 length is    63.75679047

center of mass (Angstrom) is at    40.63070135    58.00299415    31.87026494

The deformation gradient is reversed

dynamics using ld       at timestep            2650

dynamics using ld       at timestep            2700

timestep and time
            2700     5.40000000 ps

in the coarse-grained domain

average/maximum/minimum energy (eV) per node is    -1.90936230     0.00000000 and    -2.84775987

ave velocity (Angstrom/ps) is     0.00509732    -0.01049734    -0.00020450

total force (eV/Angstrom) is     0.04012782    -0.04329689    -1.06187566

average/maximum/minimum number of neighbor atoms per intpo is    74.60193103              82 and              26

average/maximum/minimum host electron density per intpo is     0.67413607     0.77505932 and     0.33210348

in the atomistic domain

average/maximum/minimum energy (eV) per atom is    -1.58951831     0.00000000 and    -2.85653146

ave velocity (Angstrom/ps) is    -0.00981978    -0.00206598     0.00018275

total force (eV/Angstrom) is     3.22908322    -5.68078635    34.15868106

average/maximum/minimum number of neighbor atoms per atom is    73.25769369              82 and              26

average/maximum/minimum host electron density per atom is     0.66429881     0.80552059 and     0.30054786

in total

total force (eV/Angstrom) is     3.26921104    -5.72408323    33.09680540

ave velocity (Angstrom/ps) is    -0.00941656    -0.00229388     0.00017229

ave kinetic energy (eV) is      0.00118023

global force vector length (eV/Angstrom) is    20.69326889

maximum force (eV/Angstrom) is      0.79783639

average/maximum/minimum number of neighbor cells per cell is    23.17142857              27 and              14

average/maximum/minimum number of atomps per cell is    26.33344156              80 and              17

box boundaries/lengths are (Angstrom)
x from    -0.72301668 to    80.25485190 length is    80.97786858
y from    -0.00000012 to   116.04661793 length is   116.04661804
z from    -0.85129950 to    64.52162756 length is    63.75679047

center of mass (Angstrom) is at    40.63070135    58.00299415    31.87026494

The deformation gradient is reversed

dynamics using ld       at timestep            2750

dynamics using ld       at timestep            2800

Update neighbor list at            2800

timestep and time
            2800     5.60000000 ps

in the coarse-grained domain

average/maximum/minimum energy (eV) per node is    -1.90660428     0.00000000 and    -2.84570852

ave velocity (Angstrom/ps) is     0.00614409    -0.01131568     0.00016862

total force (eV/Angstrom) is     0.51444575    -0.25517529     0.87555920

average/maximum/minimum number of neighbor atoms per intpo is    74.63586207              81 and              26

average/maximum/minimum host electron density per intpo is     0.67465339     0.77478333 and     0.33257061

in the atomistic domain

average/maximum/minimum energy (eV) per atom is    -1.58732381     0.00000000 and    -2.85559583

ave velocity (Angstrom/ps) is    -0.00088447     0.00059720     0.00012824

total force (eV/Angstrom) is     9.34855140    -0.22889142    23.96995114

average/maximum/minimum number of neighbor atoms per atom is    73.25452042              81 and              26

average/maximum/minimum host electron density per atom is     0.66452629     0.80569765 and     0.30063297

in total

total force (eV/Angstrom) is     9.86299715    -0.48406671    24.84551035

ave velocity (Angstrom/ps) is    -0.00069448     0.00027519     0.00012933

ave kinetic energy (eV) is      0.00112250

global force vector length (eV/Angstrom) is    21.12428488

maximum force (eV/Angstrom) is      0.80887792

average/maximum/minimum number of neighbor cells per cell is    23.17142857              27 and              14

average/maximum/minimum number of atomps per cell is    26.41720779              77 and              17

box boundaries/lengths are (Angstrom)
x from    -0.72301668 to    80.25485190 length is    80.97786858
y from    -0.00000012 to   116.04661793 length is   116.04661804
z from    -0.85129950 to    64.52162756 length is    63.75679047

center of mass (Angstrom) is at    40.77751635    58.00500890    31.87026494

dynamics using ld       at timestep            2850

dynamics using ld       at timestep            2900

timestep and time
            2900     5.80000000 ps

in the coarse-grained domain

average/maximum/minimum energy (eV) per node is    -1.90322133     0.00000000 and    -2.84261321

ave velocity (Angstrom/ps) is     0.00384044    -0.00054585    -0.00043326

total force (eV/Angstrom) is    -0.38826397     0.60272008    -2.24975553

average/maximum/minimum number of neighbor atoms per intpo is    74.63586207              81 and              26

average/maximum/minimum host electron density per intpo is     0.67482714     0.77331631 and     0.33311415

in the atomistic domain

average/maximum/minimum energy (eV) per atom is    -1.58452740     0.00000000 and    -2.85366699

ave velocity (Angstrom/ps) is     0.01013209     0.00092466     0.00010607

total force (eV/Angstrom) is    23.20398783   -32.28953340    19.82562292

average/maximum/minimum number of neighbor atoms per atom is    73.25452042              81 and              26

average/maximum/minimum host electron density per atom is     0.66502158     0.80458889 and     0.30067257

in total

total force (eV/Angstrom) is    22.81572387   -31.68681332    17.57586739

ave velocity (Angstrom/ps) is     0.00996202     0.00088491     0.00009149

ave kinetic energy (eV) is      0.00114082

global force vector length (eV/Angstrom) is    21.32792303

maximum force (eV/Angstrom) is      0.79119445

average/maximum/minimum number of neighbor cells per cell is    23.17142857              27 and              14

average/maximum/minimum number of atomps per cell is    26.41720779              77 and              17

box boundaries/lengths are (Angstrom)
x from    -0.72301668 to    80.25485190 length is    80.97786858
y from    -0.00000012 to   116.04661793 length is   116.04661804
z from    -0.85129950 to    64.52162756 length is    63.75679047

center of mass (Angstrom) is at    40.77751635    58.00500890    31.87026494

The deformation gradient is reversed

dynamics using ld       at timestep            2950

dynamics using ld       at timestep            3000

Update neighbor list at            3000

timestep and time
            3000     6.00000000 ps

in the coarse-grained domain

average/maximum/minimum energy (eV) per node is    -1.90756254     0.00000000 and    -2.84521520

ave velocity (Angstrom/ps) is     0.00163461    -0.00012641     0.00029639

total force (eV/Angstrom) is    -0.49890282    -1.47898385     1.53902693

average/maximum/minimum number of neighbor atoms per intpo is    74.60841379              81 and              26

average/maximum/minimum host electron density per intpo is     0.67412739     0.77171361 and     0.33257591

in the atomistic domain

average/maximum/minimum energy (eV) per atom is    -1.58796258     0.00000000 and    -2.85402578

ave velocity (Angstrom/ps) is     0.01757053    -0.00488699     0.00012349

total force (eV/Angstrom) is    19.09031219    -5.15548492    23.08187201

average/maximum/minimum number of neighbor atoms per atom is    73.22913424              82 and              26

average/maximum/minimum host electron density per atom is     0.66489346     0.80367507 and     0.30063297

in total

total force (eV/Angstrom) is    18.59140937    -6.63446877    24.62089894

ave velocity (Angstrom/ps) is     0.01713978    -0.00475831     0.00012816

ave kinetic energy (eV) is      0.00126864

global force vector length (eV/Angstrom) is    21.01125607

maximum force (eV/Angstrom) is      0.77829339

average/maximum/minimum number of neighbor cells per cell is    23.17142857              27 and              14

average/maximum/minimum number of atomps per cell is    26.37629870              76 and              17

box boundaries/lengths are (Angstrom)
x from    -0.72301668 to    80.25485190 length is    80.97786858
y from    -0.00000012 to   116.04661793 length is   116.04661804
z from    -0.85129950 to    64.52162756 length is    63.75679047

center of mass (Angstrom) is at    40.99448963    58.00729208    31.87026494

dynamics using ld       at timestep            3050

dynamics using ld       at timestep            3100

timestep and time
            3100     6.20000000 ps

in the coarse-grained domain

average/maximum/minimum energy (eV) per node is    -1.91059387     0.00000000 and    -2.84770747

ave velocity (Angstrom/ps) is     0.00005173    -0.00414839     0.00008443

total force (eV/Angstrom) is    -1.64106392    -2.73445012     0.43838638

average/maximum/minimum number of neighbor atoms per intpo is    74.60841379              81 and              26

average/maximum/minimum host electron density per intpo is     0.67361743     0.77202198 and     0.33210463

in the atomistic domain

average/maximum/minimum energy (eV) per atom is    -1.59040544     0.00000000 and    -2.85536284

ave velocity (Angstrom/ps) is     0.01555124    -0.00559817     0.00003997

total force (eV/Angstrom) is     1.17747317    -5.73911790     7.47043224

average/maximum/minimum number of neighbor atoms per atom is    73.22913424              82 and              26

average/maximum/minimum host electron density per atom is     0.66468518     0.80410442 and     0.30054786

in total

total force (eV/Angstrom) is    -0.46359075    -8.47356801     7.90881861

ave velocity (Angstrom/ps) is     0.01513229    -0.00555898     0.00004117

ave kinetic energy (eV) is      0.00129437

global force vector length (eV/Angstrom) is    20.81388946

maximum force (eV/Angstrom) is      0.71442448

average/maximum/minimum number of neighbor cells per cell is    23.17142857              27 and              14

average/maximum/minimum number of atomps per cell is    26.37629870              76 and              17

box boundaries/lengths are (Angstrom)
x from    -0.72301668 to    80.25485190 length is    80.97786858
y from    -0.00000012 to   116.04661793 length is   116.04661804
z from    -0.85129950 to    64.52162756 length is    63.75679047

center of mass (Angstrom) is at    40.99448963    58.00729208    31.87026494

The deformation gradient is reversed

dynamics using ld       at timestep            3150

dynamics using ld       at timestep            3200

Update neighbor list at            3200

timestep and time
            3200     6.40000000 ps

in the coarse-grained domain

average/maximum/minimum energy (eV) per node is    -1.90815689     0.00000000 and    -2.84582399

ave velocity (Angstrom/ps) is     0.01566568    -0.00658373    -0.00032560

total force (eV/Angstrom) is     0.99630501    -1.56335179    -1.69068713

average/maximum/minimum number of neighbor atoms per intpo is    74.58400000              81 and              26

average/maximum/minimum host electron density per intpo is     0.67392828     0.77284132 and     0.33257307

in the atomistic domain

average/maximum/minimum energy (eV) per atom is    -1.58847643     0.00000000 and    -2.85323624

ave velocity (Angstrom/ps) is     0.00738825    -0.00406439     0.00018549

total force (eV/Angstrom) is    -6.53882030   -13.37092077    34.66984974

average/maximum/minimum number of neighbor atoms per atom is    73.24865286              82 and              26

average/maximum/minimum host electron density per atom is     0.66498128     0.80454755 and     0.30063297

in total

total force (eV/Angstrom) is    -5.54251529   -14.93427256    32.97916261

ave velocity (Angstrom/ps) is     0.00761199    -0.00413249     0.00017167

ave kinetic energy (eV) is      0.00120531

global force vector length (eV/Angstrom) is    21.03899058

maximum force (eV/Angstrom) is      0.88161163

average/maximum/minimum number of neighbor cells per cell is    23.17142857              27 and              14

average/maximum/minimum number of atomps per cell is    26.37922078              76 and              16

box boundaries/lengths are (Angstrom)
x from    -0.72301668 to    80.25485190 length is    80.97786858
y from    -0.00000012 to   116.04661793 length is   116.04661804
z from    -0.85129950 to    64.52162756 length is    63.75679047

center of mass (Angstrom) is at    41.54252359    58.00665232    31.87026494

Elapsed time (in unit of s)

Total time (%)  1628.49162555

Interaction time (%)   614.85209312(    37.75592600)

Neighbor time (%)    16.39388180(     1.00669119)

Communication time (%)  1089.95252858(    66.93018935)

Input/Output time (%)   109.71769905(     6.73738184)

Other time (%)  -202.42457700(   -12.43018839)

