Concurrent Atomistic-Continuum (CAC) Simulator
Author: Shuozhi Xu (Georgia Institute of Technology)
Version: 1.0

There are               5 elements              40 nodes           37687 atoms, and            2464 cells

The system contains               1 grains

The lattice space of grain               1 is
x      4.311101947298386 y      2.489015869776651 z      6.096818842642445

The unit length of grain               1 is
x      2.874067964865596 y      4.978031739553295 z      2.032272947547482

The boundaries of grain               1 prior to modification are (Angstrom)
x from     -0.359258495608202 to     77.240567314346990 length is     77.599825809955192
y from     -0.622253967444159 to    128.806571260941524 length is    129.428825228385676
z from    -25.403411844343530 to     27.435684791891013 length is     52.839096636234544

The boundary conditions are
p        in the x direction
s        in the y direction
s        in the z direction

The periodic bounary conditions are applied on direction               1 with periodic length     77.599825809955192

The box boundaries/lengths are (Angstrom)
x from     -0.359258495608202 to     77.240567314346990 length is     77.599825809955192
y from     -1.236244682424448 to    128.339908091009931 length is    129.576152773434387
z from    -25.047500024535243 to     25.919686176571638 length is     50.967186201106884

The lattice_space_max are
x      4.311101947298386 y      2.489015869776651 z      6.096818842642445

The box contains number of lattice_space_max
x     17.999997856368076 y     52.059191083045107 z      8.359635986661038

In coarse-grained domain, there are               5 elements with              40 and nodes

There are               1 element types

The               1 type contains            2197 atoms per element

In atomistic domain, there are           37687 atoms

There are           10985 atomaps in mapping configuration

The unit cell volume is     10.903551999999999 Angstrom^3

The lattice name is Ni      , the type is fcc     , and the lattice parameter is      3.520000000000000 Angstrom

The atomic mass is     58.693399999999997 g/mol

The potential type is eam     

The cutoff radius are      5.803750000000000 and      6.803750000000000 Angstrom

There are               2 modify

The               1 modify style is cg2at   

The               1 modify shape is sphere  

Group/Modify               1 is inside the bound

Group/Modify               1 is centered at     38.440659030077271,      86.493301474738615, and      0.812909179018984
its radius is       9.754910148227914

The               2 modify style is dislocat

There is a dislocation in modify               2 with line direction               1, slip plane normal direction               3, origin     38.440659030077271     16.800857120992397      0.203227294754743, and character angle     90.000000000000000

The output is done every             200 step
The reduce is done every             200 step
The restart is done every             500 step

The given temperature is     10.000000000000000 k

There are               3 groups:

Group               1 has               0 elements               0 nodes and             355 atoms

Group               1 has shape sphere   and style node     in coarse-grained and atom     in atomistic domain, respectively

Group/Modify               1 is inside the bound

Group/Modify               1 is centered at     38.440659030077271,      85.879310759758340, and      1.168820998827272
its radius is       9.754910148227914

Group               2 has               4 elements              16 nodes and            2392 atoms

Group               2 has shape block    and style node     in coarse-grained and atom     in atomistic domain, respectively

Group/Modify               2 is inside the bound

Group/Modify               2 has boundary/length
x from     -0.359258495608202 to     77.240567314346990 length is     77.599825809955192
y from     -1.236244682424448 to    128.339908091009931 length is    129.576152773434387
z from    -25.047500024535243 to    -21.999090603214022 length is      3.048409421321221

Group               3 has               1 elements               4 nodes and            1703 atoms

Group               3 has shape block    and style node     in coarse-grained and atom     in atomistic domain, respectively

Group/Modify               3 is inside the bound

Group/Modify               3 has boundary/length
x from     -0.359258495608202 to     77.240567314346990 length is     77.599825809955192
y from     -1.236244682424448 to    128.339908091009931 length is    129.576152773434387
z from     24.336732600868562 to     25.919686176571638 length is      1.582953575703076

Group               1 is assigned displacement      0.000000000000000      0.000000000000000      0.000000000000000 Angstrom

Group               2 is assigned displacement      0.000000000000000      0.000000000000000      0.000000000000000 Angstrom

Group               3 is assigned displacement      0.000000000000000      0.000000000000000      0.000000000000000 Angstrom

timestep and time
               0      0.000000000000000 ps

in the coarse-grained domain

average/maximum/minimum energy (eV) per node is     -2.216638969766100      0.000000000000000 and     -4.449874543270764

ave velocity (Angstrom/ps) is      0.000000000000000      0.000000000000000      0.000000000000000

total force (eV/Angstrom) is      0.114921640298581      0.925222415405832     -0.510653144862410

average/maximum/minimum number of neighbor atoms per intpo is    117.326400000000007             135 and              45

average/maximum/minimum host electron density per intpo is      0.940017934576773      1.033100988301012 and      0.412178639140240

in the atomistic domain

average/maximum/minimum energy (eV) per atom is     -3.895370091869140      0.000000000000000 and     -4.457017971519701

ave velocity (Angstrom/ps) is      0.000000000000000      0.000000000000000      0.000000000000000

total force (eV/Angstrom) is     59.500830551554323   -357.786447700982876    176.049029947009330

average/maximum/minimum number of neighbor atoms per atom is    123.969936582906570             135 and              45

average/maximum/minimum host electron density per atom is      0.966283987117975      1.051015498392255 and      0.408143180197694

in total

total force (eV/Angstrom) is     59.615752191852906   -356.861225285577063    175.538376802146928

ave velocity (Angstrom/ps) is      0.000000000000000      0.000000000000000      0.000000000000000

ave kinetic energy (eV) is       0.000000000000000

global force vector length (eV/Angstrom) is     43.186056230341357

maximum force (eV/Angstrom) is       4.457636095891147

average/maximum/minimum number of neighbor cells per cell is     22.214285714285715              27 and              14

average/maximum/minimum number of atomps per cell is     42.614042207792210             160 and              18

box boundaries/lengths are (Angstrom)
x from     -0.359258495608202 to     77.240567314346990 length is     77.599825809955192
y from     -1.236244682424448 to    128.339908091009931 length is    129.576152773434387
z from    -25.047500024535243 to     25.919686176571638 length is     50.967186201106884

center of mass (Angstrom) is at     38.440659030077441     64.091681739944406      0.466445032467440

dynamics using ld       at timestep              10

dynamics using ld       at timestep              20

dynamics using ld       at timestep              30

dynamics using ld       at timestep              40

dynamics using ld       at timestep              50

dynamics using ld       at timestep              60

dynamics using ld       at timestep              70

dynamics using ld       at timestep              80

dynamics using ld       at timestep              90

dynamics using ld       at timestep             100

dynamics using ld       at timestep             110

dynamics using ld       at timestep             120

dynamics using ld       at timestep             130

dynamics using ld       at timestep             140

dynamics using ld       at timestep             150

dynamics using ld       at timestep             160

dynamics using ld       at timestep             170

dynamics using ld       at timestep             180

dynamics using ld       at timestep             190

dynamics using ld       at timestep             200

Update neighbor list at             200

timestep and time
             200      0.400000000000000 ps

in the coarse-grained domain

average/maximum/minimum energy (eV) per node is     -2.221848959551131      0.000000000000000 and     -4.449809857713266

ave velocity (Angstrom/ps) is      0.071017001661476     -0.028242042439065     -0.000046601813735

total force (eV/Angstrom) is     -0.272927368695040     -0.267625967011350     -0.011350757175362

average/maximum/minimum number of neighbor atoms per intpo is    117.561599999999999             135 and              45

average/maximum/minimum host electron density per intpo is      0.940898408160789      1.019311800071915 and      0.414129856996567

in the atomistic domain

average/maximum/minimum energy (eV) per atom is     -3.896483674512830      0.000000000000000 and     -4.455672988932891

ave velocity (Angstrom/ps) is      0.027323387634706     -0.002556497224636      0.000835925015352

total force (eV/Angstrom) is     38.873941908457674    -46.183274376309136    191.831936746986628

average/maximum/minimum number of neighbor atoms per atom is    124.010905617321626             135 and              45

average/maximum/minimum host electron density per atom is      0.966060006937142      1.023084814741475 and      0.407807554924729

in total

total force (eV/Angstrom) is     38.601014539762637    -46.450900343320484    191.820585989811264

ave velocity (Angstrom/ps) is      0.027369713729043     -0.002583730288717      0.000834989317492

ave kinetic energy (eV) is       0.001861025456167

global force vector length (eV/Angstrom) is     36.558482597846094

maximum force (eV/Angstrom) is       2.085134185983736

average/maximum/minimum number of neighbor cells per cell is     22.214285714285715              27 and              14

average/maximum/minimum number of atomps per cell is     42.874594155844157             167 and              18

box boundaries/lengths are (Angstrom)
x from     -0.359258495608202 to     77.240567314346990 length is     77.599825809955192
y from     -1.236244682424448 to    128.392278866186302 length is    129.576152773434387
z from    -25.047500024535243 to     25.919686176571638 length is     50.967186201106884

center of mass (Angstrom) is at     38.449897942361787     64.090828921997002      0.466445032467440

dynamics using ld       at timestep             210

dynamics using ld       at timestep             220

dynamics using ld       at timestep             230

dynamics using ld       at timestep             240

dynamics using ld       at timestep             250

dynamics using ld       at timestep             260

dynamics using ld       at timestep             270

dynamics using ld       at timestep             280

dynamics using ld       at timestep             290

dynamics using ld       at timestep             300

dynamics using ld       at timestep             310

dynamics using ld       at timestep             320

dynamics using ld       at timestep             330

dynamics using ld       at timestep             340

dynamics using ld       at timestep             350

dynamics using ld       at timestep             360

dynamics using ld       at timestep             370

dynamics using ld       at timestep             380

dynamics using ld       at timestep             390

dynamics using ld       at timestep             400

Update neighbor list at             400

timestep and time
             400      0.800000000000001 ps

in the coarse-grained domain

average/maximum/minimum energy (eV) per node is     -2.222897102242605      0.000000000000000 and     -4.449532616074305

ave velocity (Angstrom/ps) is      0.021020991012557     -0.030795508876651     -0.000122408699682

total force (eV/Angstrom) is     -0.198687082666121     -0.209077332882463     -0.029814964588134

average/maximum/minimum number of neighbor atoms per intpo is    117.680000000000007             135 and              45

average/maximum/minimum host electron density per intpo is      0.941245543792792      1.023181521731818 and      0.415387655940821

in the atomistic domain

average/maximum/minimum energy (eV) per atom is     -3.896395505800327      0.000000000000000 and     -4.457485035812974

ave velocity (Angstrom/ps) is      0.062732683236605     -0.025626069396751      0.000779976407373

total force (eV/Angstrom) is     36.524865835797137    -58.232764080177176    178.992591554667058

average/maximum/minimum number of neighbor atoms per atom is    124.066335871786023             135 and              45

average/maximum/minimum host electron density per atom is      0.966269925493003      1.033259962792341 and      0.407503128277303

in total

total force (eV/Angstrom) is     36.326178753131018    -58.441841413059642    178.962776590078931

ave velocity (Angstrom/ps) is      0.062688458472140     -0.025631550287869      0.000779019654801

ave kinetic energy (eV) is       0.001500744329303

global force vector length (eV/Angstrom) is     38.769574359788223

maximum force (eV/Angstrom) is       2.635262955566565

average/maximum/minimum number of neighbor cells per cell is     22.214285714285715              27 and              14

average/maximum/minimum number of atomps per cell is     43.081168831168831             170 and              21

box boundaries/lengths are (Angstrom)
x from     -0.359258495608202 to     77.240567314346990 length is     77.599825809955192
y from     -1.236244682424448 to    128.448876504856344 length is    129.576152773434387
z from    -25.047500024535243 to     25.919686176571638 length is     50.967186201106884

center of mass (Angstrom) is at     38.465246627924479     64.086602058503331      0.466445032467439

dynamics using ld       at timestep             410

dynamics using ld       at timestep             420

dynamics using ld       at timestep             430

dynamics using ld       at timestep             440

dynamics using ld       at timestep             450

dynamics using ld       at timestep             460

dynamics using ld       at timestep             470

dynamics using ld       at timestep             480

dynamics using ld       at timestep             490

dynamics using ld       at timestep             500

dynamics using ld       at timestep             510

dynamics using ld       at timestep             520

dynamics using ld       at timestep             530

dynamics using ld       at timestep             540

dynamics using ld       at timestep             550

dynamics using ld       at timestep             560

dynamics using ld       at timestep             570

dynamics using ld       at timestep             580

dynamics using ld       at timestep             590

dynamics using ld       at timestep             600

Update neighbor list at             600

timestep and time
             600      1.200000000000001 ps

in the coarse-grained domain

average/maximum/minimum energy (eV) per node is     -2.223438944674133      0.000000000000000 and     -4.449422859891285

ave velocity (Angstrom/ps) is      0.000979068387044      0.070615949402190     -0.000337993246410

total force (eV/Angstrom) is      0.176524987391851     -0.055410744698866     -0.082324677076858

average/maximum/minimum number of neighbor atoms per intpo is    117.841600000000000             135 and              45

average/maximum/minimum host electron density per intpo is      0.941021823566557      1.017863998092439 and      0.413793069698918

in the atomistic domain

average/maximum/minimum energy (eV) per atom is     -3.896720803062025      0.000000000000000 and     -4.458057736177389

ave velocity (Angstrom/ps) is      0.001434105665183     -0.056502211402954      0.000755155858305

total force (eV/Angstrom) is    -37.197680206513716     31.112749458852829    173.296657216836053

average/maximum/minimum number of neighbor atoms per atom is    124.124366492424443             136 and              45

average/maximum/minimum host electron density per atom is      0.966197008821052      1.029658217548541 and      0.407323486766491

in total

total force (eV/Angstrom) is    -37.021155219121866     31.057338714153964    173.214332539759198

ave velocity (Angstrom/ps) is      0.001433623212533     -0.056367434547328      0.000753996848466

ave kinetic energy (eV) is       0.001590639729810

global force vector length (eV/Angstrom) is     38.227754311576653

maximum force (eV/Angstrom) is       2.180760055361751

average/maximum/minimum number of neighbor cells per cell is     22.214285714285715              27 and              14

average/maximum/minimum number of atomps per cell is     43.043425324675326             170 and              22

box boundaries/lengths are (Angstrom)
x from     -0.359258495608202 to     77.240567314346990 length is     77.599825809955192
y from     -1.236244682424448 to    128.512308188220942 length is    129.576152773434387
z from    -25.047500024535243 to     25.919686176571638 length is     50.967186201106884

center of mass (Angstrom) is at     38.457532889041715     64.079768013808760      0.466445032467441

dynamics using ld       at timestep             610

dynamics using ld       at timestep             620

dynamics using ld       at timestep             630

dynamics using ld       at timestep             640

dynamics using ld       at timestep             650

dynamics using ld       at timestep             660

dynamics using ld       at timestep             670

dynamics using ld       at timestep             680

dynamics using ld       at timestep             690

dynamics using ld       at timestep             700

dynamics using ld       at timestep             710

dynamics using ld       at timestep             720

dynamics using ld       at timestep             730

dynamics using ld       at timestep             740

dynamics using ld       at timestep             750

dynamics using ld       at timestep             760

dynamics using ld       at timestep             770

dynamics using ld       at timestep             780

dynamics using ld       at timestep             790

dynamics using ld       at timestep             800

Update neighbor list at             800

timestep and time
             800      1.600000000000001 ps

in the coarse-grained domain

average/maximum/minimum energy (eV) per node is     -2.223525305802180      0.000000000000000 and     -4.449242434408134

ave velocity (Angstrom/ps) is     -0.036500418127403      0.002633443051966      0.001063103407702

total force (eV/Angstrom) is     -0.376081259812736     -0.102937848555280      0.258939034042730

average/maximum/minimum number of neighbor atoms per intpo is    117.931200000000004             135 and              45

average/maximum/minimum host electron density per intpo is      0.941014381007487      1.015881497556492 and      0.415091743204242

in the atomistic domain

average/maximum/minimum energy (eV) per atom is     -3.897099277284488      0.000000000000000 and     -4.457530086216378

ave velocity (Angstrom/ps) is     -0.014976748914367      0.018297993898802      0.000671764566008

total force (eV/Angstrom) is    -24.926707054730617      9.236397244656784    154.159637968282283

average/maximum/minimum number of neighbor atoms per atom is    124.181468410857860             136 and              45

average/maximum/minimum host electron density per atom is      0.966305209024253      1.022051356424587 and      0.407042735569909

in total

total force (eV/Angstrom) is    -25.302788314543353      9.133459396101504    154.418577002325009

ave velocity (Angstrom/ps) is     -0.014999569355126      0.018281385580254      0.000672179482478

ave kinetic energy (eV) is       0.001505332551306

global force vector length (eV/Angstrom) is     37.590995362126762

maximum force (eV/Angstrom) is       1.813746474603746

average/maximum/minimum number of neighbor cells per cell is     22.214285714285715              27 and              14

average/maximum/minimum number of atomps per cell is     43.038961038961041             167 and              22

box boundaries/lengths are (Angstrom)
x from     -0.359258495608202 to     77.240567314346990 length is     77.599825809955192
y from     -1.236244682424448 to    128.564477405677451 length is    129.576152773434387
z from    -25.047500024535243 to     25.919686176571638 length is     50.967186201106884

center of mass (Angstrom) is at     38.428792852260244     64.091030479716864      0.466445032467440

dynamics using ld       at timestep             810

dynamics using ld       at timestep             820

dynamics using ld       at timestep             830

dynamics using ld       at timestep             840

dynamics using ld       at timestep             850

dynamics using ld       at timestep             860

dynamics using ld       at timestep             870

dynamics using ld       at timestep             880

dynamics using ld       at timestep             890

dynamics using ld       at timestep             900

dynamics using ld       at timestep             910

dynamics using ld       at timestep             920

dynamics using ld       at timestep             930

dynamics using ld       at timestep             940

dynamics using ld       at timestep             950

dynamics using ld       at timestep             960

dynamics using ld       at timestep             970

dynamics using ld       at timestep             980

dynamics using ld       at timestep             990

dynamics using ld       at timestep            1000

Update neighbor list at            1000

timestep and time
            1000      2.000000000000001 ps

in the coarse-grained domain

average/maximum/minimum energy (eV) per node is     -2.223504452429520      0.000000000000000 and     -4.448932516370958

ave velocity (Angstrom/ps) is     -0.035911866519893      0.003443421940340     -0.000883376528206

total force (eV/Angstrom) is     -0.192279582940576     -0.365051418768732     -0.215163137708349

average/maximum/minimum number of neighbor atoms per intpo is    117.958399999999997             135 and              45

average/maximum/minimum host electron density per intpo is      0.941933656874971      1.014584771992418 and      0.414409616913715

in the atomistic domain

average/maximum/minimum energy (eV) per atom is     -3.897033015472458      0.000000000000000 and     -4.457764586071865

ave velocity (Angstrom/ps) is     -0.026254617621928      0.015470141777897      0.000702563579798

total force (eV/Angstrom) is    -10.872046326758825    -10.091444900546822    161.227538027189269

average/maximum/minimum number of neighbor atoms per atom is    124.192957783851199             136 and              45

average/maximum/minimum host electron density per atom is      0.966281757074825      1.015856773782851 and      0.406913741369294

in total

total force (eV/Angstrom) is    -11.064325909699400    -10.456496319315553    161.012374889480924

ave velocity (Angstrom/ps) is     -0.026264856706826      0.015457390464687      0.000700882088974

ave kinetic energy (eV) is       0.001206177363278

global force vector length (eV/Angstrom) is     37.007605026943743

maximum force (eV/Angstrom) is       1.860837979101268

average/maximum/minimum number of neighbor cells per cell is     22.214285714285715              27 and              14

average/maximum/minimum number of atomps per cell is     43.021915584415588             165 and              22

box boundaries/lengths are (Angstrom)
x from     -0.359258495608202 to     77.240567314346990 length is     77.599825809955192
y from     -1.236244682424448 to    128.610466896031028 length is    129.576152773434387
z from    -25.047500024535243 to     25.919686176571638 length is     50.967186201106884

center of mass (Angstrom) is at     38.431045741219243     64.097210206819781      0.466445032467440

dynamics using ld       at timestep            1010

dynamics using ld       at timestep            1020

dynamics using ld       at timestep            1030

dynamics using ld       at timestep            1040

dynamics using ld       at timestep            1050

dynamics using ld       at timestep            1060

dynamics using ld       at timestep            1070

dynamics using ld       at timestep            1080

dynamics using ld       at timestep            1090

dynamics using ld       at timestep            1100

dynamics using ld       at timestep            1110

dynamics using ld       at timestep            1120

dynamics using ld       at timestep            1130

dynamics using ld       at timestep            1140

dynamics using ld       at timestep            1150

dynamics using ld       at timestep            1160

dynamics using ld       at timestep            1170

dynamics using ld       at timestep            1180

dynamics using ld       at timestep            1190

dynamics using ld       at timestep            1200

Update neighbor list at            1200

timestep and time
            1200      2.399999999999957 ps

in the coarse-grained domain

average/maximum/minimum energy (eV) per node is     -2.223461458630765      0.000000000000000 and     -4.448988034371306

ave velocity (Angstrom/ps) is     -0.014243126374758      0.045859335063820     -0.001926035619975

total force (eV/Angstrom) is     -0.304296662546234      0.022743103419918     -0.469122570161067

average/maximum/minimum number of neighbor atoms per intpo is    117.945599999999999             135 and              45

average/maximum/minimum host electron density per intpo is      0.942342873258031      1.015995936073800 and      0.416305526487807

in the atomistic domain

average/maximum/minimum energy (eV) per atom is     -3.896999950805714      0.000000000000000 and     -4.458022597008898

ave velocity (Angstrom/ps) is     -0.030625721464131      0.016038457168100      0.000571669870011

total force (eV/Angstrom) is     19.774797000491230     10.169727575839017    131.189444424024231

average/maximum/minimum number of neighbor atoms per atom is    124.181149998673277             136 and              45

average/maximum/minimum host electron density per atom is      0.966437013678565      1.014534523375098 and      0.406692615011536

in total

total force (eV/Angstrom) is     19.470500337944994     10.192470679258935    130.720321853863169

ave velocity (Angstrom/ps) is     -0.030608351840160      0.016070074712984      0.000569021681192

ave kinetic energy (eV) is       0.001114826902608

global force vector length (eV/Angstrom) is     36.751614307526701

maximum force (eV/Angstrom) is       1.746723674128313

average/maximum/minimum number of neighbor cells per cell is     22.214285714285715              27 and              14

average/maximum/minimum number of atomps per cell is     42.899756493506494             163 and              22

box boundaries/lengths are (Angstrom)
x from     -0.359258495608202 to     77.240567314346990 length is     77.599825809955192
y from     -1.236244682424448 to    128.654793827615379 length is    129.576152773434387
z from    -25.047500024535243 to     25.919686176571638 length is     50.967186201106884

center of mass (Angstrom) is at     38.426893189346984     64.098872765589022      0.466445032467440

dynamics using ld       at timestep            1210

dynamics using ld       at timestep            1220

dynamics using ld       at timestep            1230

dynamics using ld       at timestep            1240

dynamics using ld       at timestep            1250

dynamics using ld       at timestep            1260

dynamics using ld       at timestep            1270

dynamics using ld       at timestep            1280

dynamics using ld       at timestep            1290

dynamics using ld       at timestep            1300

dynamics using ld       at timestep            1310

dynamics using ld       at timestep            1320

dynamics using ld       at timestep            1330

dynamics using ld       at timestep            1340

dynamics using ld       at timestep            1350

dynamics using ld       at timestep            1360

dynamics using ld       at timestep            1370

dynamics using ld       at timestep            1380

dynamics using ld       at timestep            1390

dynamics using ld       at timestep            1400

timestep and time
            1400      2.799999999999913 ps

in the coarse-grained domain

average/maximum/minimum energy (eV) per node is     -2.223295602502501      0.000000000000000 and     -4.448675678368726

ave velocity (Angstrom/ps) is     -0.001363357008991      0.011154704865892     -0.001399277446275

total force (eV/Angstrom) is     -0.024676678548632      0.557747032095022     -0.340820608485587

average/maximum/minimum number of neighbor atoms per intpo is    117.945599999999999             135 and              45

average/maximum/minimum host electron density per intpo is      0.941904341981980      1.015767945928159 and      0.413641139428710

in the atomistic domain

average/maximum/minimum energy (eV) per atom is     -3.896777691923697      0.000000000000000 and     -4.457808774306067

ave velocity (Angstrom/ps) is      0.003860008207147      0.008558680869474      0.000676658207364

total force (eV/Angstrom) is     16.464124899324844     -0.729363368052100    155.282653408381208

average/maximum/minimum number of neighbor atoms per atom is    124.181149998673277             136 and              45

average/maximum/minimum host electron density per atom is      0.966548917636205      1.016126583649987 and      0.406543051791832

in total

total force (eV/Angstrom) is     16.439448220776210     -0.171616335957077    154.941832799895622

ave velocity (Angstrom/ps) is      0.003854470141341      0.008561433300355      0.000674457199435

ave kinetic energy (eV) is       0.000972864446409

global force vector length (eV/Angstrom) is     36.593022564176927

maximum force (eV/Angstrom) is       1.764432872141317

average/maximum/minimum number of neighbor cells per cell is     22.214285714285715              27 and              14

average/maximum/minimum number of atomps per cell is     42.899756493506494             163 and              22

box boundaries/lengths are (Angstrom)
x from     -0.359258495608202 to     77.240567314346990 length is     77.599825809955192
y from     -1.236244682424448 to    128.654793827615379 length is    129.576152773434387
z from    -25.047500024535243 to     25.919686176571638 length is     50.967186201106884

center of mass (Angstrom) is at     38.436613093578458     64.098895373457026      0.466445032467440

dynamics using ld       at timestep            1410

dynamics using ld       at timestep            1420

dynamics using ld       at timestep            1430

dynamics using ld       at timestep            1440

dynamics using ld       at timestep            1450

dynamics using ld       at timestep            1460

dynamics using ld       at timestep            1470

dynamics using ld       at timestep            1480

dynamics using ld       at timestep            1490

dynamics using ld       at timestep            1500

dynamics using ld       at timestep            1510

dynamics using ld       at timestep            1520

dynamics using ld       at timestep            1530

dynamics using ld       at timestep            1540

dynamics using ld       at timestep            1550

dynamics using ld       at timestep            1560

dynamics using ld       at timestep            1570

dynamics using ld       at timestep            1580

dynamics using ld       at timestep            1590

dynamics using ld       at timestep            1600

timestep and time
            1600      3.199999999999869 ps

in the coarse-grained domain

average/maximum/minimum energy (eV) per node is     -2.223150530964155      0.000000000000000 and     -4.448630119444912

ave velocity (Angstrom/ps) is      0.010719397953254      0.008074377740493     -0.000191614817278

total force (eV/Angstrom) is     -0.165167940485466      0.320209116890505     -0.046671429453287

average/maximum/minimum number of neighbor atoms per intpo is    117.945599999999999             135 and              45

average/maximum/minimum host electron density per intpo is      0.941741853783958      1.014885584879801 and      0.415608931429983

in the atomistic domain

average/maximum/minimum energy (eV) per atom is     -3.896656415030018      0.000000000000000 and     -4.457464774634149

ave velocity (Angstrom/ps) is      0.003293743844425     -0.007943750831340      0.000655226895677

total force (eV/Angstrom) is     20.555750853763104    -14.637675543677432    150.364496932262739

average/maximum/minimum number of neighbor atoms per atom is    124.181149998673277             136 and              45

average/maximum/minimum host electron density per atom is      0.966677935343571      1.015739509965554 and      0.406365153687949

in total

total force (eV/Angstrom) is     20.390582913277637    -14.317466426786927    150.317825502809455

ave velocity (Angstrom/ps) is      0.003301616884008     -0.007926767632494      0.000654329032913

ave kinetic energy (eV) is       0.000931020855241

global force vector length (eV/Angstrom) is     36.374975978195380

maximum force (eV/Angstrom) is       1.852364323575541

average/maximum/minimum number of neighbor cells per cell is     22.214285714285715              27 and              14

average/maximum/minimum number of atomps per cell is     42.899756493506494             163 and              22

box boundaries/lengths are (Angstrom)
x from     -0.359258495608202 to     77.240567314346990 length is     77.599825809955192
y from     -1.236244682424448 to    128.654793827615379 length is    129.576152773434387
z from    -25.047500024535243 to     25.919686176571638 length is     50.967186201106884

center of mass (Angstrom) is at     38.442308534428548     64.094370013495379      0.466445032467440

dynamics using ld       at timestep            1610

dynamics using ld       at timestep            1620

dynamics using ld       at timestep            1630

dynamics using ld       at timestep            1640

dynamics using ld       at timestep            1650

dynamics using ld       at timestep            1660

dynamics using ld       at timestep            1670

dynamics using ld       at timestep            1680

dynamics using ld       at timestep            1690

dynamics using ld       at timestep            1700

dynamics using ld       at timestep            1710

dynamics using ld       at timestep            1720

dynamics using ld       at timestep            1730

dynamics using ld       at timestep            1740

dynamics using ld       at timestep            1750

dynamics using ld       at timestep            1760

dynamics using ld       at timestep            1770

dynamics using ld       at timestep            1780

dynamics using ld       at timestep            1790

dynamics using ld       at timestep            1800

timestep and time
            1800      3.599999999999825 ps

in the coarse-grained domain

average/maximum/minimum energy (eV) per node is     -2.222970535910969      0.000000000000000 and     -4.448516585198282

ave velocity (Angstrom/ps) is     -0.012954686727806      0.027811261757320     -0.000284234813672

total force (eV/Angstrom) is      0.342658611327532     -0.343666964414420     -0.069230789366566

average/maximum/minimum number of neighbor atoms per intpo is    117.945599999999999             135 and              45

average/maximum/minimum host electron density per intpo is      0.942025993767006      1.014927029315258 and      0.416248951858667

in the atomistic domain

average/maximum/minimum energy (eV) per atom is     -3.896403092335423      0.000000000000000 and     -4.456825622118447

ave velocity (Angstrom/ps) is      0.008179091512661     -0.005137588292694      0.000542979817894

total force (eV/Angstrom) is    -26.312606157048226     24.187409088918574    124.605518638878763

average/maximum/minimum number of neighbor atoms per atom is    124.181149998673277             136 and              45

average/maximum/minimum host electron density per atom is      0.966351139205080      1.013504239577551 and      0.406186804578108

in total

total force (eV/Angstrom) is    -25.969947545720693     23.843742124504153    124.536287849512192

ave velocity (Angstrom/ps) is      0.008156684453270     -0.005102654319624      0.000542102764716

ave kinetic energy (eV) is       0.000886763914777

global force vector length (eV/Angstrom) is     36.060948827932876

maximum force (eV/Angstrom) is       1.925704711836985

average/maximum/minimum number of neighbor cells per cell is     22.214285714285715              27 and              14

average/maximum/minimum number of atomps per cell is     42.899756493506494             163 and              22

box boundaries/lengths are (Angstrom)
x from     -0.359258495608202 to     77.240567314346990 length is     77.599825809955192
y from     -1.236244682424448 to    128.654793827615379 length is    129.576152773434387
z from    -25.047500024535243 to     25.919686176571638 length is     50.967186201106884

center of mass (Angstrom) is at     38.442837693025936     64.091456971421493      0.466445032467440

dynamics using ld       at timestep            1810

dynamics using ld       at timestep            1820

dynamics using ld       at timestep            1830

dynamics using ld       at timestep            1840

dynamics using ld       at timestep            1850

dynamics using ld       at timestep            1860

dynamics using ld       at timestep            1870

dynamics using ld       at timestep            1880

dynamics using ld       at timestep            1890

dynamics using ld       at timestep            1900

dynamics using ld       at timestep            1910

dynamics using ld       at timestep            1920

dynamics using ld       at timestep            1930

dynamics using ld       at timestep            1940

dynamics using ld       at timestep            1950

dynamics using ld       at timestep            1960

dynamics using ld       at timestep            1970

dynamics using ld       at timestep            1980

dynamics using ld       at timestep            1990

dynamics using ld       at timestep            2000

timestep and time
            2000      3.999999999999781 ps

in the coarse-grained domain

average/maximum/minimum energy (eV) per node is     -2.222818503526529      0.000000000000000 and     -4.447930294870476

ave velocity (Angstrom/ps) is      0.023355963939807     -0.024272836409418      0.001717192986433

total force (eV/Angstrom) is     -0.029641043883842     -0.299859873592590      0.418254978725977

average/maximum/minimum number of neighbor atoms per intpo is    117.945599999999999             135 and              45

average/maximum/minimum host electron density per intpo is      0.941933754952961      1.015046693024844 and      0.415086626221097

in the atomistic domain

average/maximum/minimum energy (eV) per atom is     -3.896175827236625      0.000000000000000 and     -4.456563818305975

ave velocity (Angstrom/ps) is     -0.000594781105288      0.012740817964407      0.000692326915467

total force (eV/Angstrom) is    -14.130276186133507     14.479686192898848    158.878380975420839

average/maximum/minimum number of neighbor atoms per atom is    124.181149998673277             136 and              45

average/maximum/minimum host electron density per atom is      0.966559304033838      1.014217727152505 and      0.406030880072076

in total

total force (eV/Angstrom) is    -14.159917230017349     14.179826319306258    159.296635954146808

ave velocity (Angstrom/ps) is     -0.000569387360707      0.012701574288129      0.000693413528312

ave kinetic energy (eV) is       0.000852876850819

global force vector length (eV/Angstrom) is     36.236239167483539

maximum force (eV/Angstrom) is       1.874273964367611

average/maximum/minimum number of neighbor cells per cell is     22.214285714285715              27 and              14

average/maximum/minimum number of atomps per cell is     42.899756493506494             163 and              22

box boundaries/lengths are (Angstrom)
x from     -0.359258495608202 to     77.240567314346990 length is     77.599825809955192
y from     -1.236244682424448 to    128.654793827615379 length is    129.576152773434387
z from    -25.047500024535243 to     25.919686176571638 length is     50.967186201106884

center of mass (Angstrom) is at     38.442454445072102     64.094748809205981      0.466445032467440

dynamics using ld       at timestep            2010

dynamics using ld       at timestep            2020

dynamics using ld       at timestep            2030

dynamics using ld       at timestep            2040

dynamics using ld       at timestep            2050

dynamics using ld       at timestep            2060

dynamics using ld       at timestep            2070

dynamics using ld       at timestep            2080

dynamics using ld       at timestep            2090

dynamics using ld       at timestep            2100

dynamics using ld       at timestep            2110

dynamics using ld       at timestep            2120

dynamics using ld       at timestep            2130

dynamics using ld       at timestep            2140

dynamics using ld       at timestep            2150

dynamics using ld       at timestep            2160

dynamics using ld       at timestep            2170

dynamics using ld       at timestep            2180

dynamics using ld       at timestep            2190

dynamics using ld       at timestep            2200

timestep and time
            2200      4.399999999999737 ps

in the coarse-grained domain

average/maximum/minimum energy (eV) per node is     -2.222637471476344      0.000000000000000 and     -4.448003855377431

ave velocity (Angstrom/ps) is     -0.004337736827613      0.008956466189971      0.000926749628798

total force (eV/Angstrom) is      0.012241848451177      0.143395880754234      0.225727480451949

average/maximum/minimum number of neighbor atoms per intpo is    117.945599999999999             135 and              45

average/maximum/minimum host electron density per intpo is      0.941928612800236      1.015352741599969 and      0.415235759451285

in the atomistic domain

average/maximum/minimum energy (eV) per atom is     -3.895870487610067      0.000000000000000 and     -4.457045409524236

ave velocity (Angstrom/ps) is     -0.003179359433661      0.002597387840028      0.000577455114203

total force (eV/Angstrom) is     22.282988890851883    -33.814804943374675    132.517069004469477

average/maximum/minimum number of neighbor atoms per atom is    124.181149998673277             136 and              45

average/maximum/minimum host electron density per atom is      0.966728644261255      1.016164436124681 and      0.405785328046361

in total

total force (eV/Angstrom) is     22.295230739303058    -33.671409062620441    132.742796484921428

ave velocity (Angstrom/ps) is     -0.003180587601704      0.002604130044126      0.000577825453233

ave kinetic energy (eV) is       0.000835669880965

global force vector length (eV/Angstrom) is     36.283333713055342

maximum force (eV/Angstrom) is       1.834432947108594

average/maximum/minimum number of neighbor cells per cell is     22.214285714285715              27 and              14

average/maximum/minimum number of atomps per cell is     42.899756493506494             163 and              22

box boundaries/lengths are (Angstrom)
x from     -0.359258495608202 to     77.240567314346990 length is     77.599825809955192
y from     -1.236244682424448 to    128.654793827615379 length is    129.576152773434387
z from    -25.047500024535243 to     25.919686176571638 length is     50.967186201106884

center of mass (Angstrom) is at     38.441050772094442     64.093461912093602      0.466445032467440

dynamics using ld       at timestep            2210

dynamics using ld       at timestep            2220

dynamics using ld       at timestep            2230

dynamics using ld       at timestep            2240

dynamics using ld       at timestep            2250

dynamics using ld       at timestep            2260

dynamics using ld       at timestep            2270

dynamics using ld       at timestep            2280

dynamics using ld       at timestep            2290

dynamics using ld       at timestep            2300

dynamics using ld       at timestep            2310

dynamics using ld       at timestep            2320

dynamics using ld       at timestep            2330

dynamics using ld       at timestep            2340

dynamics using ld       at timestep            2350

dynamics using ld       at timestep            2360

dynamics using ld       at timestep            2370

dynamics using ld       at timestep            2380

dynamics using ld       at timestep            2390

dynamics using ld       at timestep            2400

timestep and time
            2400      4.799999999999693 ps

in the coarse-grained domain

average/maximum/minimum energy (eV) per node is     -2.222439062238464      0.000000000000000 and     -4.447563686079729

ave velocity (Angstrom/ps) is      0.007204343707532     -0.011524616662032      0.000571747649365

total force (eV/Angstrom) is      0.380388240538200      0.170918532461187      0.139260003279268

average/maximum/minimum number of neighbor atoms per intpo is    117.945599999999999             135 and              45

average/maximum/minimum host electron density per intpo is      0.942253097717755      1.017628104381789 and      0.415930555886283

in the atomistic domain

average/maximum/minimum energy (eV) per atom is     -3.895528340106084      0.000000000000000 and     -4.457065565456168

ave velocity (Angstrom/ps) is      0.005824168349094     -0.012432724675706      0.000683483074691

total force (eV/Angstrom) is    -20.902367491589992     13.208901493092140    156.848855512016996

average/maximum/minimum number of neighbor atoms per atom is    124.181149998673277             136 and              45

average/maximum/minimum host electron density per atom is      0.966679367039012      1.015327885897494 and      0.405648431489392

in total

total force (eV/Angstrom) is    -20.521979251051793     13.379820025553327    156.988115515296272

ave velocity (Angstrom/ps) is      0.005825631678125     -0.012431761855430      0.000683364607360

ave kinetic energy (eV) is       0.000816626126034

global force vector length (eV/Angstrom) is     36.330729751359065

maximum force (eV/Angstrom) is       1.673893725168936

average/maximum/minimum number of neighbor cells per cell is     22.214285714285715              27 and              14

average/maximum/minimum number of atomps per cell is     42.899756493506494             163 and              22

box boundaries/lengths are (Angstrom)
x from     -0.359258495608202 to     77.240567314346990 length is     77.599825809955192
y from     -1.236244682424448 to    128.654793827615379 length is    129.576152773434387
z from    -25.047500024535243 to     25.919686176571638 length is     50.967186201106884

center of mass (Angstrom) is at     38.441614384517429     64.090892598067938      0.466445032467440

dynamics using ld       at timestep            2410

dynamics using ld       at timestep            2420

dynamics using ld       at timestep            2430

dynamics using ld       at timestep            2440

dynamics using ld       at timestep            2450

dynamics using ld       at timestep            2460

dynamics using ld       at timestep            2470

dynamics using ld       at timestep            2480

dynamics using ld       at timestep            2490

dynamics using ld       at timestep            2500

dynamics using ld       at timestep            2510

dynamics using ld       at timestep            2520

dynamics using ld       at timestep            2530

dynamics using ld       at timestep            2540

dynamics using ld       at timestep            2550

dynamics using ld       at timestep            2560

dynamics using ld       at timestep            2570

dynamics using ld       at timestep            2580

dynamics using ld       at timestep            2590

dynamics using ld       at timestep            2600

Update neighbor list at            2600

timestep and time
            2600      5.199999999999649 ps

in the coarse-grained domain

average/maximum/minimum energy (eV) per node is     -2.222291194958440      0.000000000000000 and     -4.447081851692057

ave velocity (Angstrom/ps) is      0.016386268323817      0.013394794744935     -0.001129273402765

total force (eV/Angstrom) is     -0.291549783627976      0.241001523545944     -0.275055993578328

average/maximum/minimum number of neighbor atoms per intpo is    117.942400000000006             135 and              45

average/maximum/minimum host electron density per intpo is      0.942443263764925      1.017990905970457 and      0.416439627167915

in the atomistic domain

average/maximum/minimum energy (eV) per atom is     -3.895170646695048      0.000000000000000 and     -4.456829828866688

ave velocity (Angstrom/ps) is      0.009036460613623     -0.002217248958636      0.000643873538394

total force (eV/Angstrom) is     20.981990714513543     17.763320747903247    147.759076019702235

average/maximum/minimum number of neighbor atoms per atom is    124.193700745615203             136 and              44

average/maximum/minimum host electron density per atom is      0.966527546634113      1.016134885009798 and      0.405126029403522

in total

total force (eV/Angstrom) is     20.690440930885568     18.004322271449190    147.484020026123915

ave velocity (Angstrom/ps) is      0.009044253237166     -0.002200696310715      0.000641993561782

ave kinetic energy (eV) is       0.000805839656644

global force vector length (eV/Angstrom) is     36.208922238157953

maximum force (eV/Angstrom) is       1.721652021060289

average/maximum/minimum number of neighbor cells per cell is     22.214285714285715              27 and              14

average/maximum/minimum number of atomps per cell is     42.973214285714285             171 and              22

box boundaries/lengths are (Angstrom)
x from     -0.359258495608202 to     77.240567314346990 length is     77.599825809955192
y from     -1.380150401494573 to    129.002899495844332 length is    129.576152773434387
z from    -25.047500024535243 to     25.919686176571638 length is     50.967186201106884

center of mass (Angstrom) is at     38.443700692390060     64.090466534243106      0.466445032467440

dynamics using ld       at timestep            2610

dynamics using ld       at timestep            2620

dynamics using ld       at timestep            2630

dynamics using ld       at timestep            2640

dynamics using ld       at timestep            2650

dynamics using ld       at timestep            2660

dynamics using ld       at timestep            2670

dynamics using ld       at timestep            2680

dynamics using ld       at timestep            2690

dynamics using ld       at timestep            2700

dynamics using ld       at timestep            2710

dynamics using ld       at timestep            2720

dynamics using ld       at timestep            2730

dynamics using ld       at timestep            2740

dynamics using ld       at timestep            2750

dynamics using ld       at timestep            2760

dynamics using ld       at timestep            2770

dynamics using ld       at timestep            2780

dynamics using ld       at timestep            2790

dynamics using ld       at timestep            2800

timestep and time
            2800      5.599999999999605 ps

in the coarse-grained domain

average/maximum/minimum energy (eV) per node is     -2.222104242129848      0.000000000000000 and     -4.447001374301029

ave velocity (Angstrom/ps) is     -0.020208333117221     -0.012476655520457     -0.001230956120511

total force (eV/Angstrom) is     -0.091762421019781     -0.184094688107346     -0.299822751469839

average/maximum/minimum number of neighbor atoms per intpo is    117.942400000000006             135 and              45

average/maximum/minimum host electron density per intpo is      0.941878793249077      1.015750704216974 and      0.416454963041981

in the atomistic domain

average/maximum/minimum energy (eV) per atom is     -3.894823291152377      0.000000000000000 and     -4.457139116025634

ave velocity (Angstrom/ps) is      0.012675045113327      0.000193885694183      0.000505519408883

total force (eV/Angstrom) is    -10.367633351039622     -1.117892073220946    116.008930810953075

average/maximum/minimum number of neighbor atoms per atom is    124.193700745615203             136 and              44

average/maximum/minimum host electron density per atom is      0.966745875735888      1.016887970203241 and      0.405251828297471

in total

total force (eV/Angstrom) is    -10.459395772059402     -1.301986761328292    115.709108059483242

ave velocity (Angstrom/ps) is      0.012640180556664      0.000180451770240      0.000503678313084

ave kinetic energy (eV) is       0.000801324443923

global force vector length (eV/Angstrom) is     36.385956964674904

maximum force (eV/Angstrom) is       1.847019972656830

average/maximum/minimum number of neighbor cells per cell is     22.214285714285715              27 and              14

average/maximum/minimum number of atomps per cell is     42.973214285714285             171 and              22

box boundaries/lengths are (Angstrom)
x from     -0.359258495608202 to     77.240567314346990 length is     77.599825809955192
y from     -1.380150401494573 to    129.002899495844332 length is    129.576152773434387
z from    -25.047500024535243 to     25.919686176571638 length is     50.967186201106884

center of mass (Angstrom) is at     38.445646071714407     64.092023864446674      0.466445032467440

dynamics using ld       at timestep            2810

dynamics using ld       at timestep            2820

dynamics using ld       at timestep            2830

dynamics using ld       at timestep            2840

dynamics using ld       at timestep            2850

dynamics using ld       at timestep            2860

dynamics using ld       at timestep            2870

dynamics using ld       at timestep            2880

dynamics using ld       at timestep            2890

dynamics using ld       at timestep            2900

dynamics using ld       at timestep            2910

dynamics using ld       at timestep            2920

dynamics using ld       at timestep            2930

dynamics using ld       at timestep            2940

dynamics using ld       at timestep            2950

dynamics using ld       at timestep            2960

dynamics using ld       at timestep            2970

dynamics using ld       at timestep            2980

dynamics using ld       at timestep            2990

dynamics using ld       at timestep            3000

timestep and time
            3000      5.999999999999561 ps

in the coarse-grained domain

average/maximum/minimum energy (eV) per node is     -2.221877525239406      0.000000000000000 and     -4.446935390467946

ave velocity (Angstrom/ps) is     -0.026497663460363      0.023916525791484      0.000173983305748

total force (eV/Angstrom) is     -0.074846306717730      0.254329976533548      0.042376939819283

average/maximum/minimum number of neighbor atoms per intpo is    117.942400000000006             135 and              45

average/maximum/minimum host electron density per intpo is      0.941927893908705      1.015369723422811 and      0.416299663850862

in the atomistic domain

average/maximum/minimum energy (eV) per atom is     -3.894460045346018      0.000000000000000 and     -4.455152659759165

ave velocity (Angstrom/ps) is     -0.007711370705856     -0.007145013025898      0.000640810633072

total force (eV/Angstrom) is    -16.218443029425458     -0.629734435619083    147.056186347593609

average/maximum/minimum number of neighbor atoms per atom is    124.193700745615203             136 and              44

average/maximum/minimum host electron density per atom is      0.966780748765473      1.014252114158250 and      0.404915266099479

in total

total force (eV/Angstrom) is    -16.293289336143189     -0.375404459085535    147.098563287412901

ave velocity (Angstrom/ps) is     -0.007731288846980     -0.007112080071973      0.000640315680038

ave kinetic energy (eV) is       0.000798707987571

global force vector length (eV/Angstrom) is     36.315537186383168

maximum force (eV/Angstrom) is       1.793132625642356

average/maximum/minimum number of neighbor cells per cell is     22.214285714285715              27 and              14

average/maximum/minimum number of atomps per cell is     42.973214285714285             171 and              22

box boundaries/lengths are (Angstrom)
x from     -0.359258495608202 to     77.240567314346990 length is     77.599825809955192
y from     -1.380150401494573 to    129.002899495844332 length is    129.576152773434387
z from    -25.047500024535243 to     25.919686176571638 length is     50.967186201106884

center of mass (Angstrom) is at     38.439929551710222     64.091621032210782      0.466445032467440

dynamics using ld       at timestep            3010

dynamics using ld       at timestep            3020

dynamics using ld       at timestep            3030

dynamics using ld       at timestep            3040

dynamics using ld       at timestep            3050

dynamics using ld       at timestep            3060

dynamics using ld       at timestep            3070

dynamics using ld       at timestep            3080

dynamics using ld       at timestep            3090

dynamics using ld       at timestep            3100

dynamics using ld       at timestep            3110

dynamics using ld       at timestep            3120

dynamics using ld       at timestep            3130

dynamics using ld       at timestep            3140

dynamics using ld       at timestep            3150

dynamics using ld       at timestep            3160

dynamics using ld       at timestep            3170

dynamics using ld       at timestep            3180

dynamics using ld       at timestep            3190

dynamics using ld       at timestep            3200

timestep and time
            3200      6.399999999999517 ps

in the coarse-grained domain

average/maximum/minimum energy (eV) per node is     -2.221648530460213      0.000000000000000 and     -4.446480909949558

ave velocity (Angstrom/ps) is     -0.041035484323233      0.010613099746780      0.000214867715068

total force (eV/Angstrom) is     -0.153049871354529     -0.014001410762324      0.052335114518199

average/maximum/minimum number of neighbor atoms per intpo is    117.942400000000006             135 and              45

average/maximum/minimum host electron density per intpo is      0.942180991969440      1.017485650290407 and      0.416415932717790

in the atomistic domain

average/maximum/minimum energy (eV) per atom is     -3.894062780169994      0.000000000000000 and     -4.455429062950927

ave velocity (Angstrom/ps) is     -0.012803698853583      0.007012683040971      0.000444912109393

total force (eV/Angstrom) is    -10.309098081006541     -1.831778462857274    102.100487555133014

average/maximum/minimum number of neighbor atoms per atom is    124.193700745615203             136 and              44

average/maximum/minimum host electron density per atom is      0.966682223873129      1.015464953862293 and      0.404652760665910

in total

total force (eV/Angstrom) is    -10.462147952361070     -1.845779873619598    102.152822669651215

ave velocity (Angstrom/ps) is     -0.012833631565402      0.007016500377844      0.000444668205139

ave kinetic energy (eV) is       0.000799952413631

global force vector length (eV/Angstrom) is     36.458690577101073

maximum force (eV/Angstrom) is       1.782312097746949

average/maximum/minimum number of neighbor cells per cell is     22.214285714285715              27 and              14

average/maximum/minimum number of atomps per cell is     42.973214285714285             171 and              22

box boundaries/lengths are (Angstrom)
x from     -0.359258495608202 to     77.240567314346990 length is     77.599825809955192
y from     -1.380150401494573 to    129.002899495844332 length is    129.576152773434387
z from    -25.047500024535243 to     25.919686176571638 length is     50.967186201106884

center of mass (Angstrom) is at     38.435031620797190     64.094043367828419      0.466445032467440

dynamics using ld       at timestep            3210

dynamics using ld       at timestep            3220

dynamics using ld       at timestep            3230

dynamics using ld       at timestep            3240

dynamics using ld       at timestep            3250

dynamics using ld       at timestep            3260

dynamics using ld       at timestep            3270

dynamics using ld       at timestep            3280

dynamics using ld       at timestep            3290

dynamics using ld       at timestep            3300

dynamics using ld       at timestep            3310

dynamics using ld       at timestep            3320

dynamics using ld       at timestep            3330

dynamics using ld       at timestep            3340

dynamics using ld       at timestep            3350

dynamics using ld       at timestep            3360

dynamics using ld       at timestep            3370

dynamics using ld       at timestep            3380

dynamics using ld       at timestep            3390

dynamics using ld       at timestep            3400

timestep and time
            3400      6.799999999999473 ps

in the coarse-grained domain

average/maximum/minimum energy (eV) per node is     -2.221404184418250      0.000000000000000 and     -4.445896282869183

ave velocity (Angstrom/ps) is     -0.003760678579391      0.003112552005375      0.001029307760547

total force (eV/Angstrom) is      0.312983207587927      0.044859644214985      0.250707462056652

average/maximum/minimum number of neighbor atoms per intpo is    117.942400000000006             135 and              45

average/maximum/minimum host electron density per intpo is      0.942024106919803      1.018358303372173 and      0.415097458310801

in the atomistic domain

average/maximum/minimum energy (eV) per atom is     -3.893641962654632      0.000000000000000 and     -4.455257743308284

ave velocity (Angstrom/ps) is     -0.009176879435049      0.005557894603283      0.000543086023076

total force (eV/Angstrom) is      5.446310169139935     -5.943688838898741    124.629891094998911

average/maximum/minimum number of neighbor atoms per atom is    124.193700745615203             136 and              44

average/maximum/minimum host electron density per atom is      0.966944807629509      1.015879503800131 and      0.404129198828435

in total

total force (eV/Angstrom) is      5.759293376727863     -5.898829194683755    124.880598557055563

ave velocity (Angstrom/ps) is     -0.009171136915522      0.005555301932148      0.000543601539006

ave kinetic energy (eV) is       0.000799624831783

global force vector length (eV/Angstrom) is     36.582121293804157

maximum force (eV/Angstrom) is       1.861441702752521

average/maximum/minimum number of neighbor cells per cell is     22.214285714285715              27 and              14

average/maximum/minimum number of atomps per cell is     42.973214285714285             171 and              22

box boundaries/lengths are (Angstrom)
x from     -0.359258495608202 to     77.240567314346990 length is     77.599825809955192
y from     -1.380150401494573 to    129.002899495844332 length is    129.576152773434387
z from    -25.047500024535243 to     25.919686176571638 length is     50.967186201106884

center of mass (Angstrom) is at     38.434769364418280     64.095275643651362      0.466445032467440

dynamics using ld       at timestep            3410

dynamics using ld       at timestep            3420

dynamics using ld       at timestep            3430

dynamics using ld       at timestep            3440

dynamics using ld       at timestep            3450

dynamics using ld       at timestep            3460

dynamics using ld       at timestep            3470

dynamics using ld       at timestep            3480

dynamics using ld       at timestep            3490

dynamics using ld       at timestep            3500

dynamics using ld       at timestep            3510

dynamics using ld       at timestep            3520

dynamics using ld       at timestep            3530

dynamics using ld       at timestep            3540

dynamics using ld       at timestep            3550

dynamics using ld       at timestep            3560

dynamics using ld       at timestep            3570

dynamics using ld       at timestep            3580

dynamics using ld       at timestep            3590

dynamics using ld       at timestep            3600

timestep and time
            3600      7.199999999999429 ps

in the coarse-grained domain

average/maximum/minimum energy (eV) per node is     -2.221105914377199      0.000000000000000 and     -4.445438952545762

ave velocity (Angstrom/ps) is     -0.006033233924664      0.027222038203012     -0.000015203412946

total force (eV/Angstrom) is      0.077473707409401      0.241037034624061     -0.003703080089726

average/maximum/minimum number of neighbor atoms per intpo is    117.942400000000006             135 and              45

average/maximum/minimum host electron density per intpo is      0.942342063649823      1.018087090342455 and      0.415968809551515

in the atomistic domain

average/maximum/minimum energy (eV) per atom is     -3.893189256936858      0.000000000000000 and     -4.454310074729844

ave velocity (Angstrom/ps) is      0.004378302267603      0.000676689039741      0.000692412287179

total force (eV/Angstrom) is     23.258572244633068     -2.353957308315799    158.897972470685886

average/maximum/minimum number of neighbor atoms per atom is    124.193700745615203             136 and              44

average/maximum/minimum host electron density per atom is      0.966881758132772      1.015238065014420 and      0.403141424384200

in total

total force (eV/Angstrom) is     23.336045952042468     -2.112920273691738    158.894269390596151

ave velocity (Angstrom/ps) is      0.004367263450636      0.000704833709780      0.000691662038604

ave kinetic energy (eV) is       0.000790029608227

global force vector length (eV/Angstrom) is     36.796494733529208

maximum force (eV/Angstrom) is       1.771388203966657

average/maximum/minimum number of neighbor cells per cell is     22.214285714285715              27 and              14

average/maximum/minimum number of atomps per cell is     42.973214285714285             171 and              22

box boundaries/lengths are (Angstrom)
x from     -0.359258495608202 to     77.240567314346990 length is     77.599825809955192
y from     -1.380150401494573 to    129.002899495844332 length is    129.576152773434387
z from    -25.047500024535243 to     25.919686176571638 length is     50.967186201106884

center of mass (Angstrom) is at     38.439540573032623     64.094344499242311      0.466445032467440

dynamics using ld       at timestep            3610

dynamics using ld       at timestep            3620

dynamics using ld       at timestep            3630

dynamics using ld       at timestep            3640

dynamics using ld       at timestep            3650

dynamics using ld       at timestep            3660

dynamics using ld       at timestep            3670

dynamics using ld       at timestep            3680

dynamics using ld       at timestep            3690

dynamics using ld       at timestep            3700

dynamics using ld       at timestep            3710

dynamics using ld       at timestep            3720

dynamics using ld       at timestep            3730

dynamics using ld       at timestep            3740

dynamics using ld       at timestep            3750

dynamics using ld       at timestep            3760

dynamics using ld       at timestep            3770

dynamics using ld       at timestep            3780

dynamics using ld       at timestep            3790

dynamics using ld       at timestep            3800

timestep and time
            3800      7.599999999999385 ps

in the coarse-grained domain

average/maximum/minimum energy (eV) per node is     -2.220848558196420      0.000000000000000 and     -4.444886035321135

ave velocity (Angstrom/ps) is      0.017519474091202     -0.012025042790050     -0.000358179419367

total force (eV/Angstrom) is     -0.047530063505099      0.238123728446864     -0.087241403040282

average/maximum/minimum number of neighbor atoms per intpo is    117.942400000000006             135 and              45

average/maximum/minimum host electron density per intpo is      0.942353422890491      1.017158550915947 and      0.416421406887187

in the atomistic domain

average/maximum/minimum energy (eV) per atom is     -3.892747707655688      0.000000000000000 and     -4.454345568263612

ave velocity (Angstrom/ps) is      0.010798336200694      0.006410943938384      0.000638972388313

total force (eV/Angstrom) is     -6.917264457817631     12.515618458138572    146.634337442743771

average/maximum/minimum number of neighbor atoms per atom is    124.193700745615203             136 and              44

average/maximum/minimum host electron density per atom is      0.966860708100122      1.017622298082146 and      0.402703181533600

in total

total force (eV/Angstrom) is     -6.964794521322730     12.753742186585436    146.547096039703490

ave velocity (Angstrom/ps) is      0.010805462277923      0.006391397208744      0.000637915159477

ave kinetic energy (eV) is       0.000789136955786

global force vector length (eV/Angstrom) is     36.654294803361466

maximum force (eV/Angstrom) is       1.727871824304656

average/maximum/minimum number of neighbor cells per cell is     22.214285714285715              27 and              14

average/maximum/minimum number of atomps per cell is     42.973214285714285             171 and              22

box boundaries/lengths are (Angstrom)
x from     -0.359258495608202 to     77.240567314346990 length is     77.599825809955192
y from     -1.380150401494573 to    129.002899495844332 length is    129.576152773434387
z from    -25.047500024535243 to     25.919686176571638 length is     50.967186201106884

center of mass (Angstrom) is at     38.443105371785279     64.094859687159968      0.466445032467440

dynamics using ld       at timestep            3810

dynamics using ld       at timestep            3820

dynamics using ld       at timestep            3830

dynamics using ld       at timestep            3840

dynamics using ld       at timestep            3850

dynamics using ld       at timestep            3860

dynamics using ld       at timestep            3870

dynamics using ld       at timestep            3880

dynamics using ld       at timestep            3890

dynamics using ld       at timestep            3900

dynamics using ld       at timestep            3910

dynamics using ld       at timestep            3920

dynamics using ld       at timestep            3930

dynamics using ld       at timestep            3940

dynamics using ld       at timestep            3950

dynamics using ld       at timestep            3960

dynamics using ld       at timestep            3970

dynamics using ld       at timestep            3980

dynamics using ld       at timestep            3990

dynamics using ld       at timestep            4000

timestep and time
            4000      7.999999999999341 ps

in the coarse-grained domain

average/maximum/minimum energy (eV) per node is     -2.220614967116126      0.000000000000000 and     -4.444590807725859

ave velocity (Angstrom/ps) is      0.014853283486288      0.005607651367373      0.000061820169387

total force (eV/Angstrom) is     -0.107406117926446      0.008342208946230      0.015057476845197

average/maximum/minimum number of neighbor atoms per intpo is    117.942400000000006             135 and              45

average/maximum/minimum host electron density per intpo is      0.942311150851514      1.016148208327697 and      0.416090309965457

in the atomistic domain

average/maximum/minimum energy (eV) per atom is     -3.892229270541362      0.000000000000000 and     -4.454038781417044

ave velocity (Angstrom/ps) is      0.009441257672546     -0.015550772713247      0.000661303985197

total force (eV/Angstrom) is     -7.597166435516428     -0.916701547293579    151.759095527639914

average/maximum/minimum number of neighbor atoms per atom is    124.193700745615203             136 and              44

average/maximum/minimum host electron density per atom is      0.966872031989149      1.016230299017443 and      0.402690915076885

in total

total force (eV/Angstrom) is     -7.704572553442874     -0.908359338347348    151.774153004485100

ave velocity (Angstrom/ps) is      0.009446995765491     -0.015528339523139      0.000660668383303

ave kinetic energy (eV) is       0.000790009612872

global force vector length (eV/Angstrom) is     36.859795013513434

maximum force (eV/Angstrom) is       1.848369280172439

average/maximum/minimum number of neighbor cells per cell is     22.214285714285715              27 and              14

average/maximum/minimum number of atomps per cell is     42.973214285714285             171 and              22

box boundaries/lengths are (Angstrom)
x from     -0.359258495608202 to     77.240567314346990 length is     77.599825809955192
y from     -1.380150401494573 to    129.002899495844332 length is    129.576152773434387
z from    -25.047500024535243 to     25.919686176571638 length is     50.967186201106884

center of mass (Angstrom) is at     38.444430668577546     64.089407471978888      0.466445032467440

dynamics using ld       at timestep            4010

dynamics using ld       at timestep            4020

dynamics using ld       at timestep            4030

dynamics using ld       at timestep            4040

dynamics using ld       at timestep            4050

dynamics using ld       at timestep            4060

dynamics using ld       at timestep            4070

dynamics using ld       at timestep            4080

dynamics using ld       at timestep            4090

dynamics using ld       at timestep            4100

dynamics using ld       at timestep            4110

dynamics using ld       at timestep            4120

dynamics using ld       at timestep            4130

dynamics using ld       at timestep            4140

dynamics using ld       at timestep            4150

dynamics using ld       at timestep            4160

dynamics using ld       at timestep            4170

dynamics using ld       at timestep            4180

dynamics using ld       at timestep            4190

dynamics using ld       at timestep            4200

Update neighbor list at            4200

timestep and time
            4200      8.399999999999475 ps

in the coarse-grained domain

average/maximum/minimum energy (eV) per node is     -2.220324626215960      0.000000000000000 and     -4.444277713958751

ave velocity (Angstrom/ps) is      0.024947505010285      0.003887318350559     -0.000728531747366

total force (eV/Angstrom) is      0.043861125195106     -0.363046067423647     -0.177447749264812

average/maximum/minimum number of neighbor atoms per intpo is    117.846400000000003             136 and              45

average/maximum/minimum host electron density per intpo is      0.942098908717613      1.017664973826069 and      0.416177136151925

in the atomistic domain

average/maximum/minimum energy (eV) per atom is     -3.891766824597766      0.000000000000000 and     -4.453550746267851

ave velocity (Angstrom/ps) is      0.010262831614717      0.000819822277132      0.000612208804359

total force (eV/Angstrom) is     18.949686057096628     -1.404461860115096    140.492506477200521

average/maximum/minimum number of neighbor atoms per atom is    124.134714888423062             136 and              41

average/maximum/minimum host electron density per atom is      0.967047411880967      1.016614087809594 and      0.402056893169321

in total

total force (eV/Angstrom) is     18.993547182291735     -1.767507927538743    140.315058727935707

ave velocity (Angstrom/ps) is      0.010278401019542      0.000823074585636      0.000610787286029

ave kinetic energy (eV) is       0.000794715493032

global force vector length (eV/Angstrom) is     37.000432750056660

maximum force (eV/Angstrom) is       1.842681253570865

average/maximum/minimum number of neighbor cells per cell is     22.214285714285715              27 and              14

average/maximum/minimum number of atomps per cell is     43.275974025974023             176 and              18

box boundaries/lengths are (Angstrom)
x from     -0.359258495608202 to     77.240567314346990 length is     77.599825809955192
y from     -1.787127827186323 to    129.406481998113861 length is    129.576152773434387
z from    -25.047500024535243 to     25.919686176571638 length is     50.967186201106884

center of mass (Angstrom) is at     38.882896556911710     64.090439508598905      0.466445032467440

dynamics using ld       at timestep            4210

dynamics using ld       at timestep            4220

dynamics using ld       at timestep            4230

dynamics using ld       at timestep            4240

dynamics using ld       at timestep            4250

dynamics using ld       at timestep            4260

dynamics using ld       at timestep            4270

dynamics using ld       at timestep            4280

dynamics using ld       at timestep            4290

dynamics using ld       at timestep            4300

dynamics using ld       at timestep            4310

dynamics using ld       at timestep            4320

dynamics using ld       at timestep            4330

dynamics using ld       at timestep            4340

dynamics using ld       at timestep            4350

dynamics using ld       at timestep            4360

dynamics using ld       at timestep            4370

dynamics using ld       at timestep            4380

dynamics using ld       at timestep            4390

dynamics using ld       at timestep            4400

Update neighbor list at            4400

timestep and time
            4400      8.799999999999608 ps

in the coarse-grained domain

average/maximum/minimum energy (eV) per node is     -2.219972469981641      0.000000000000000 and     -4.443999962932450

ave velocity (Angstrom/ps) is      0.004000697921096      0.002274576727277     -0.001324546398842

total force (eV/Angstrom) is     -0.255525219014222      0.103300841031254     -0.322618441984228

average/maximum/minimum number of neighbor atoms per intpo is    117.864000000000004             136 and              45

average/maximum/minimum host electron density per intpo is      0.942474751215136      1.019257901709404 and      0.417665155217914

in the atomistic domain

average/maximum/minimum energy (eV) per atom is     -3.891253830741197      0.000000000000000 and     -4.453332719789508

ave velocity (Angstrom/ps) is      0.009512549734962     -0.003427568812336      0.000684247284015

total force (eV/Angstrom) is    -17.594956062068231     32.986054541731249    157.024229800255966

average/maximum/minimum number of neighbor atoms per atom is    124.153899222543586             136 and              41

average/maximum/minimum host electron density per atom is      0.967030522789545      1.017676586538199 and      0.401600815092919

in total

total force (eV/Angstrom) is    -17.850481281082455     33.089355382762506    156.701611358271748

ave velocity (Angstrom/ps) is      0.009506705801637     -0.003421523120350      0.000682117463268

ave kinetic energy (eV) is       0.000782156017672

global force vector length (eV/Angstrom) is     37.142565950002847

maximum force (eV/Angstrom) is       1.857458418954847

average/maximum/minimum number of neighbor cells per cell is     22.214285714285715              27 and              14

average/maximum/minimum number of atomps per cell is     43.267045454545453             176 and              18

box boundaries/lengths are (Angstrom)
x from     -0.359258495608202 to     77.240567314346990 length is     77.599825809955192
y from     -1.836698789559374 to    129.458231026735973 length is    129.576152773434387
z from    -25.047500024535243 to     25.919686176571638 length is     50.967186201106884

center of mass (Angstrom) is at     40.787792697923464     64.091450668551246      0.466445032467445

dynamics using ld       at timestep            4410

dynamics using ld       at timestep            4420

dynamics using ld       at timestep            4430

dynamics using ld       at timestep            4440

dynamics using ld       at timestep            4450

dynamics using ld       at timestep            4460

dynamics using ld       at timestep            4470

dynamics using ld       at timestep            4480

dynamics using ld       at timestep            4490

dynamics using ld       at timestep            4500

dynamics using ld       at timestep            4510

dynamics using ld       at timestep            4520

dynamics using ld       at timestep            4530

dynamics using ld       at timestep            4540

dynamics using ld       at timestep            4550

dynamics using ld       at timestep            4560

dynamics using ld       at timestep            4570

dynamics using ld       at timestep            4580

dynamics using ld       at timestep            4590

dynamics using ld       at timestep            4600

Update neighbor list at            4600

timestep and time
            4600      9.199999999999742 ps

in the coarse-grained domain

average/maximum/minimum energy (eV) per node is     -2.219775961531384      0.000000000000000 and     -4.443444853517074

ave velocity (Angstrom/ps) is     -0.000524336640597      0.015186384692866      0.000108487379122

total force (eV/Angstrom) is     -0.250851150687997      0.161666122980215      0.026424162458802

average/maximum/minimum number of neighbor atoms per intpo is    117.771199999999993             135 and              45

average/maximum/minimum host electron density per intpo is      0.942575927189702      1.019044634291574 and      0.415433203476873

in the atomistic domain

average/maximum/minimum energy (eV) per atom is     -3.890720205428047      0.000000000000000 and     -4.455382560530058

ave velocity (Angstrom/ps) is     -0.004705512320514     -0.002503032826536      0.000674896098375

total force (eV/Angstrom) is     23.120079678351001     21.420495143243024    154.878276492069574

average/maximum/minimum number of neighbor atoms per atom is    124.124021545891154             136 and              41

average/maximum/minimum host electron density per atom is      0.966928022395545      1.015911034681660 and      0.401682287178316

in total

total force (eV/Angstrom) is     22.869228527663005     21.582161266223238    154.904700654528369

ave velocity (Angstrom/ps) is     -0.004701079234735     -0.002484277645876      0.000674295564308

ave kinetic energy (eV) is       0.000782993764713

global force vector length (eV/Angstrom) is     37.041093210875701

maximum force (eV/Angstrom) is       1.770217324448872

average/maximum/minimum number of neighbor cells per cell is     22.214285714285715              27 and              14

average/maximum/minimum number of atomps per cell is     43.218750000000000             177 and              18

box boundaries/lengths are (Angstrom)
x from     -0.359258495608202 to     77.240567314346990 length is     77.599825809955192
y from     -1.887233550251475 to    129.509016257039036 length is    129.576152773434387
z from    -25.047500024535243 to     25.919686176571638 length is     50.967186201106884

center of mass (Angstrom) is at     40.855126758050041     64.092414466870295      0.466445032467438

dynamics using ld       at timestep            4610

dynamics using ld       at timestep            4620

dynamics using ld       at timestep            4630

dynamics using ld       at timestep            4640

dynamics using ld       at timestep            4650

dynamics using ld       at timestep            4660

dynamics using ld       at timestep            4670

dynamics using ld       at timestep            4680

dynamics using ld       at timestep            4690

dynamics using ld       at timestep            4700

dynamics using ld       at timestep            4710

dynamics using ld       at timestep            4720

dynamics using ld       at timestep            4730

dynamics using ld       at timestep            4740

dynamics using ld       at timestep            4750

dynamics using ld       at timestep            4760

dynamics using ld       at timestep            4770

dynamics using ld       at timestep            4780

dynamics using ld       at timestep            4790

dynamics using ld       at timestep            4800

Update neighbor list at            4800

timestep and time
            4800      9.599999999999875 ps

in the coarse-grained domain

average/maximum/minimum energy (eV) per node is     -2.219427403610250      0.000000000000000 and     -4.442337573104124

ave velocity (Angstrom/ps) is     -0.018649023556946     -0.007957777639335     -0.000879021112778

total force (eV/Angstrom) is      0.042115277905311      0.041385619112264     -0.214102293527564

average/maximum/minimum number of neighbor atoms per intpo is    117.744000000000000             136 and              45

average/maximum/minimum host electron density per intpo is      0.942408580673337      1.017890758334886 and      0.416125925070793

in the atomistic domain

average/maximum/minimum energy (eV) per atom is     -3.890151293750931      0.000000000000000 and     -4.453720188986843

ave velocity (Angstrom/ps) is     -0.008289752897408     -0.001844964205778      0.000504756782844

total force (eV/Angstrom) is    -21.213620107843767     11.601251575306641    115.833919862125498

average/maximum/minimum number of neighbor atoms per atom is    124.115981638230693             136 and              41

average/maximum/minimum host electron density per atom is      0.966970892289701      1.017423952283510 and      0.400521855282705

in total

total force (eV/Angstrom) is    -21.171504829938456     11.642637194418905    115.619817568597938

ave velocity (Angstrom/ps) is     -0.008300736299915     -0.001851445307836      0.000503289634228

ave kinetic energy (eV) is       0.000785416454449

global force vector length (eV/Angstrom) is     37.130521653783376

maximum force (eV/Angstrom) is       1.765088519273775

average/maximum/minimum number of neighbor cells per cell is     22.214285714285715              27 and              14

average/maximum/minimum number of atomps per cell is     43.268262987012989             176 and              18

box boundaries/lengths are (Angstrom)
x from     -0.359258495608202 to     77.240567314346990 length is     77.599825809955192
y from     -1.937682371596274 to    129.559887426689329 length is    129.576152773434387
z from    -25.047500024535243 to     25.919686176571638 length is     50.967186201106884

center of mass (Angstrom) is at     40.220593677354117     64.092328527522994      0.466445032467442

dynamics using ld       at timestep            4810

dynamics using ld       at timestep            4820

dynamics using ld       at timestep            4830

dynamics using ld       at timestep            4840

dynamics using ld       at timestep            4850

dynamics using ld       at timestep            4860

dynamics using ld       at timestep            4870

dynamics using ld       at timestep            4880

dynamics using ld       at timestep            4890

dynamics using ld       at timestep            4900

dynamics using ld       at timestep            4910

dynamics using ld       at timestep            4920

dynamics using ld       at timestep            4930

dynamics using ld       at timestep            4940

dynamics using ld       at timestep            4950

dynamics using ld       at timestep            4960

dynamics using ld       at timestep            4970

dynamics using ld       at timestep            4980

dynamics using ld       at timestep            4990

dynamics using ld       at timestep            5000

Update neighbor list at            5000

timestep and time
            5000     10.000000000000009 ps

in the coarse-grained domain

average/maximum/minimum energy (eV) per node is     -2.219163766555089      0.000000000000000 and     -4.442099345228919

ave velocity (Angstrom/ps) is     -0.008408295093938     -0.008156333705369     -0.000421224450372

total force (eV/Angstrom) is     -0.000734757681957      0.396310661932576     -0.102597218205097

average/maximum/minimum number of neighbor atoms per intpo is    117.683199999999999             136 and              45

average/maximum/minimum host electron density per intpo is      0.942356626640767      1.016673326699673 and      0.416750750791957

in the atomistic domain

average/maximum/minimum energy (eV) per atom is     -3.889552897962132      0.000000000000000 and     -4.451978946585029

ave velocity (Angstrom/ps) is      0.000517503493688     -0.006169802746500      0.000553950863861

total force (eV/Angstrom) is      9.342621846332070     10.094851045708033    127.123204983009927

average/maximum/minimum number of neighbor atoms per atom is    124.121898797994007             136 and              41

average/maximum/minimum host electron density per atom is      0.967016909950125      1.016211277341511 and      0.400181975976919

in total

total force (eV/Angstrom) is      9.341887088650113     10.491161707640609    127.020607764804836

ave velocity (Angstrom/ps) is      0.000508039927979     -0.006171908963224      0.000552916935571

ave kinetic energy (eV) is       0.000784819332135

global force vector length (eV/Angstrom) is     37.219582176173404

maximum force (eV/Angstrom) is       1.855946634156563

average/maximum/minimum number of neighbor cells per cell is     22.214285714285715              27 and              14

average/maximum/minimum number of atomps per cell is     43.261769480519483             176 and              18

box boundaries/lengths are (Angstrom)
x from     -0.359258495608202 to     77.240567314346990 length is     77.599825809955192
y from     -1.986212079325616 to    129.612677709955165 length is    129.576152773434387
z from    -25.047500024535243 to     25.919686176571638 length is     50.967186201106884

center of mass (Angstrom) is at     39.857865564380717     64.090409413907537      0.466445032467438

dynamics using ld       at timestep            5010

dynamics using ld       at timestep            5020

dynamics using ld       at timestep            5030

dynamics using ld       at timestep            5040

dynamics using ld       at timestep            5050

dynamics using ld       at timestep            5060

dynamics using ld       at timestep            5070

dynamics using ld       at timestep            5080

dynamics using ld       at timestep            5090

dynamics using ld       at timestep            5100

dynamics using ld       at timestep            5110

dynamics using ld       at timestep            5120

dynamics using ld       at timestep            5130

dynamics using ld       at timestep            5140

dynamics using ld       at timestep            5150

dynamics using ld       at timestep            5160

dynamics using ld       at timestep            5170

dynamics using ld       at timestep            5180

dynamics using ld       at timestep            5190

dynamics using ld       at timestep            5200

Update neighbor list at            5200

timestep and time
            5200     10.400000000000142 ps

in the coarse-grained domain

average/maximum/minimum energy (eV) per node is     -2.218783272616706      0.000000000000000 and     -4.441933663318908

ave velocity (Angstrom/ps) is      0.012352084302424      0.015541576038255      0.000285350243297

total force (eV/Angstrom) is      0.011974789863346      0.063717965762307      0.069502473445066

average/maximum/minimum number of neighbor atoms per intpo is    117.625600000000006             136 and              45

average/maximum/minimum host electron density per intpo is      0.942328300456755      1.018395288277717 and      0.415714134991034

in the atomistic domain

average/maximum/minimum energy (eV) per atom is     -3.888988868224676      0.000000000000000 and     -4.453079664587209

ave velocity (Angstrom/ps) is      0.008605939672212      0.002877342418997      0.000549311937140

total force (eV/Angstrom) is      9.329378910603044      8.784082362027709    126.058642634853825

average/maximum/minimum number of neighbor atoms per atom is    124.157401756573890             136 and              41

average/maximum/minimum host electron density per atom is      0.966990461469611      1.015721381178189 and      0.398853851229628

in total

total force (eV/Angstrom) is      9.341353700466390      8.847800327790017    126.128145108298895

ave velocity (Angstrom/ps) is      0.008609911516917      0.002890769655321      0.000549032072116

ave kinetic energy (eV) is       0.000787143949007

global force vector length (eV/Angstrom) is     37.453402861857732

maximum force (eV/Angstrom) is       1.819444060399048

average/maximum/minimum number of neighbor cells per cell is     22.214285714285715              27 and              14

average/maximum/minimum number of atomps per cell is     43.224837662337663             176 and              18

box boundaries/lengths are (Angstrom)
x from     -0.359258495608202 to     77.240567314346990 length is     77.599825809955192
y from     -2.037203019659962 to    129.663006760616014 length is    129.576152773434387
z from    -25.047500024535243 to     25.919686176571638 length is     50.967186201106884

center of mass (Angstrom) is at     39.338450692114677     64.092870646512509      0.466445032467436

dynamics using ld       at timestep            5210

dynamics using ld       at timestep            5220

dynamics using ld       at timestep            5230

dynamics using ld       at timestep            5240

dynamics using ld       at timestep            5250

dynamics using ld       at timestep            5260

dynamics using ld       at timestep            5270

dynamics using ld       at timestep            5280

dynamics using ld       at timestep            5290

dynamics using ld       at timestep            5300

dynamics using ld       at timestep            5310

dynamics using ld       at timestep            5320

dynamics using ld       at timestep            5330

dynamics using ld       at timestep            5340

dynamics using ld       at timestep            5350

dynamics using ld       at timestep            5360

dynamics using ld       at timestep            5370

dynamics using ld       at timestep            5380

dynamics using ld       at timestep            5390

dynamics using ld       at timestep            5400

Update neighbor list at            5400

timestep and time
            5400     10.800000000000276 ps

in the coarse-grained domain

average/maximum/minimum energy (eV) per node is     -2.218295059262500      0.000000000000000 and     -4.440901464829865

ave velocity (Angstrom/ps) is      0.007859122002949      0.016679256550154     -0.000119188718921

total force (eV/Angstrom) is      0.268345232046124      0.080545859333921     -0.029030677093674

average/maximum/minimum number of neighbor atoms per intpo is    117.543999999999997             136 and              45

average/maximum/minimum host electron density per intpo is      0.942278020137020      1.017848155161543 and      0.417681748525753

in the atomistic domain

average/maximum/minimum energy (eV) per atom is     -3.888431722380179      0.000000000000000 and     -4.450762864042787

ave velocity (Angstrom/ps) is      0.002116434950166      0.007229445193849      0.000548388381856

total force (eV/Angstrom) is     10.120778737113520     -3.156191528904290    125.846700898961856

average/maximum/minimum number of neighbor atoms per atom is    124.136917239366355             136 and              41

average/maximum/minimum host electron density per atom is      0.967119365009117      1.016834309049994 and      0.399379590651323

in total

total force (eV/Angstrom) is     10.389123969159643     -3.075645669570369    125.817670221868184

ave velocity (Angstrom/ps) is      0.002122523626236      0.007239464343378      0.000547680584151

ave kinetic energy (eV) is       0.000772944896915

global force vector length (eV/Angstrom) is     37.688152992841701

maximum force (eV/Angstrom) is       1.723042007239451

average/maximum/minimum number of neighbor cells per cell is     22.214285714285715              27 and              14

average/maximum/minimum number of atomps per cell is     43.282873376623378             182 and              18

box boundaries/lengths are (Angstrom)
x from     -0.359258495608202 to     77.240567314346990 length is     77.599825809955192
y from     -2.091548099633691 to    129.709981671637479 length is    129.576152773434387
z from    -25.047500024535243 to     25.919686176571638 length is     50.967186201106884

center of mass (Angstrom) is at     41.582762427172860     64.096224786151879      0.466445032467436

dynamics using ld       at timestep            5410

dynamics using ld       at timestep            5420

dynamics using ld       at timestep            5430

dynamics using ld       at timestep            5440

dynamics using ld       at timestep            5450

dynamics using ld       at timestep            5460

dynamics using ld       at timestep            5470

dynamics using ld       at timestep            5480

dynamics using ld       at timestep            5490

dynamics using ld       at timestep            5500

Elapsed time (in h)

Total time (%)      0.416021037374934

Interaction time (%)      0.542430175356567(    130.385275412817350)

Neighbor time (%)      0.003022050580217(      0.726417731008443)

Communication time (%)      0.078402176606986(     18.845724029173869)

Input/Output time (%)      0.026160086919036(      6.288164436131565)

Other time (%)     -0.233993452087873(    -56.245581609131222)

