Concurrent Atomistic-Continuum (CAC) Simulator
Author: Shuozhi Xu (Georgia Institute of Technology)
Version: 1.0

There are               5 elements              40 nodes           37329 atoms, and            2464 cells

The system contains               1 grains

The lattice space of grain               1 is
x      4.311101947298386 y      2.489015869776651 z      6.096818842642445

The unit length of grain               1 is
x      2.874067964865596 y      4.978031739553295 z      2.032272947547482

The boundaries of grain               1 prior to modification are (Angstrom)
x from     -0.359258495608202 to     77.240567314346990 length is     77.599825809955192
y from     -0.622253967444159 to    128.806571260941524 length is    129.428825228385676
z from    -25.403411844343530 to     27.435684791891013 length is     52.839096636234544

The boundary conditions are
p        in the x direction
s        in the y direction
s        in the z direction

The periodic bounary conditions are applied on direction               1 with periodic length     77.599825809955192

The box boundaries/lengths are (Angstrom)
x from     -0.359258495608202 to     77.240567314346990 length is     77.599825809955192
y from     -1.236244682424448 to    128.339908091009931 length is    129.576152773434387
z from    -25.047500024535243 to     25.919686176571638 length is     50.967186201106884

The lattice_space_max are
x      4.311101947298386 y      2.489015869776651 z      6.096818842642445

The box contains number of lattice_space_max
x     17.999997856368076 y     52.059191083045107 z      8.359635986661038

In coarse-grained domain, there are               5 elements with              40 and nodes

There are               1 element types

The               1 type contains            2197 atoms per element

In atomistic domain, there are           37329 atoms

There are           10985 atomaps in mapping configuration

The unit cell volume is     10.903551999999999 Angstrom^3

The lattice name is Ni      , the type is fcc     , and the lattice parameter is      3.520000000000000 Angstrom

The atomic mass is     58.693399999999997 g/mol

The potential type is eam     

The cutoff radius are      5.803750000000000 and      6.803750000000000 Angstrom

There are               2 modify

The               1 modify style is delete  

The               1 modify shape is sphere  

Group/Modify               1 is inside the bound

Group/Modify               1 is centered at     38.440659030077271,      86.493301474738615, and      0.812909179018984
its radius is       9.754910148227914

The               2 modify style is dislocat

There is a dislocation in modify               2 with line direction               1, slip plane normal direction               3, origin     38.440659030077271     16.800857120992397      0.203227294754743, and character angle     90.000000000000000

The output is done every             200 step
The reduce is done every             200 step
The restart is done every             500 step

The given temperature is     10.000000000000000 k

There are               2 groups:

Group               1 has               4 elements              16 nodes and            2392 atoms

Group               1 has shape block    and style node     in coarse-grained and atom     in atomistic domain, respectively

Group/Modify               1 is inside the bound

Group/Modify               1 has boundary/length
x from     -0.359258495608202 to     77.240567314346990 length is     77.599825809955192
y from     -1.236244682424448 to    128.339908091009931 length is    129.576152773434387
z from    -25.047500024535243 to    -21.999090603214022 length is      3.048409421321221

Group               2 has               1 elements               4 nodes and            1703 atoms

Group               2 has shape block    and style node     in coarse-grained and atom     in atomistic domain, respectively

Group/Modify               2 is inside the bound

Group/Modify               2 has boundary/length
x from     -0.359258495608202 to     77.240567314346990 length is     77.599825809955192
y from     -1.236244682424448 to    128.339908091009931 length is    129.576152773434387
z from     24.336732600868562 to     25.919686176571638 length is      1.582953575703076

Group               1 is assigned displacement      0.000000000000000      0.000000000000000      0.000000000000000 Angstrom

Group               2 is assigned displacement      0.000000000000000      0.000000000000000      0.000000000000000 Angstrom

timestep and time
               0      0.000000000000000 ps

in the coarse-grained domain

average/maximum/minimum energy (eV) per node is     -2.216638822446508      0.000000000000000 and     -4.449872910908674

ave velocity (Angstrom/ps) is      0.000000000000000      0.000000000000000      0.000000000000000

total force (eV/Angstrom) is      0.116641544151252      0.925577397090745     -0.510031977420466

average/maximum/minimum number of neighbor atoms per intpo is    117.195200000000000             135 and              45

average/maximum/minimum host electron density per intpo is      0.940001255010391      1.033100988301012 and      0.412178639140240

in the atomistic domain

average/maximum/minimum energy (eV) per atom is     -3.928497719597664      0.000000000000000 and     -4.457017971519701

ave velocity (Angstrom/ps) is      0.000000000000000      0.000000000000000      0.000000000000000

total force (eV/Angstrom) is     57.164766543764230   -357.751005736559080    174.031992583274928

average/maximum/minimum number of neighbor atoms per atom is    123.380026253047234             135 and              45

average/maximum/minimum host electron density per atom is      0.964040698866220      1.051015498392255 and      0.408143180197694

in total

total force (eV/Angstrom) is     57.281408087915480   -356.825428339468317    173.521960605854474

ave velocity (Angstrom/ps) is      0.000000000000000      0.000000000000000      0.000000000000000

ave kinetic energy (eV) is       0.000000000000000

global force vector length (eV/Angstrom) is     43.275173321083585

maximum force (eV/Angstrom) is       4.457636095891147

average/maximum/minimum number of neighbor cells per cell is     22.214285714285715              27 and              14

average/maximum/minimum number of atomps per cell is     41.969155844155843             160 and               0

box boundaries/lengths are (Angstrom)
x from     -0.359258495608202 to     77.240567314346990 length is     77.599825809955192
y from     -1.236244682424448 to    128.339908091009931 length is    129.576152773434387
z from    -25.047500024535243 to     25.919686176571638 length is     50.967186201106884

center of mass (Angstrom) is at     38.440480568267468     63.925342317593554      0.469011620074421

dynamics using ld       at timestep              10

dynamics using ld       at timestep              20

dynamics using ld       at timestep              30

dynamics using ld       at timestep              40

dynamics using ld       at timestep              50

dynamics using ld       at timestep              60

dynamics using ld       at timestep              70

dynamics using ld       at timestep              80

dynamics using ld       at timestep              90

dynamics using ld       at timestep             100

dynamics using ld       at timestep             110

dynamics using ld       at timestep             120

dynamics using ld       at timestep             130

dynamics using ld       at timestep             140

dynamics using ld       at timestep             150

dynamics using ld       at timestep             160

dynamics using ld       at timestep             170

dynamics using ld       at timestep             180

dynamics using ld       at timestep             190

dynamics using ld       at timestep             200

Update neighbor list at             200

timestep and time
             200      0.400000000000000 ps

in the coarse-grained domain

average/maximum/minimum energy (eV) per node is     -2.221860947016399      0.000000000000000 and     -4.449793779835629

ave velocity (Angstrom/ps) is      0.064755380119596     -0.024129450365971     -0.000441933427862

total force (eV/Angstrom) is     -0.366162344648206     -0.299956369672343     -0.107641283145867

average/maximum/minimum number of neighbor atoms per intpo is    117.428799999999995             135 and              45

average/maximum/minimum host electron density per intpo is      0.940927405627859      1.019421227138963 and      0.414129201873898

in the atomistic domain

average/maximum/minimum energy (eV) per atom is     -3.929631021592129      0.000000000000000 and     -4.455672914249673

ave velocity (Angstrom/ps) is      0.033734060713506     -0.005309283724208      0.000873205865496

total force (eV/Angstrom) is     23.648085019170932    -21.055108846524540    198.483779953782062

average/maximum/minimum number of neighbor atoms per atom is    123.421254252725760             135 and              45

average/maximum/minimum host electron density per atom is      0.963764595239681      1.023114884738760 and      0.407807553134246

in total

total force (eV/Angstrom) is     23.281922674522725    -21.355065216196884    198.376138670636209

ave velocity (Angstrom/ps) is      0.033767266118421     -0.005329428942589      0.000871798132569

ave kinetic energy (eV) is       0.001883177848286

global force vector length (eV/Angstrom) is     36.648151596430417

maximum force (eV/Angstrom) is       2.085816989528837

average/maximum/minimum number of neighbor cells per cell is     22.214285714285715              27 and              14

average/maximum/minimum number of atomps per cell is     42.239042207792210             168 and               0

box boundaries/lengths are (Angstrom)
x from     -0.359258495608202 to     77.240567314346990 length is     77.599825809955192
y from     -1.236244682424448 to    128.392682715894637 length is    129.576152773434387
z from    -25.047500024535243 to     25.919686176571638 length is     50.967186201106884

center of mass (Angstrom) is at     38.451505886750986     63.924085649937787      0.469011620074421

dynamics using ld       at timestep             210

dynamics using ld       at timestep             220

dynamics using ld       at timestep             230

dynamics using ld       at timestep             240

dynamics using ld       at timestep             250

dynamics using ld       at timestep             260

dynamics using ld       at timestep             270

dynamics using ld       at timestep             280

dynamics using ld       at timestep             290

dynamics using ld       at timestep             300

dynamics using ld       at timestep             310

dynamics using ld       at timestep             320

dynamics using ld       at timestep             330

dynamics using ld       at timestep             340

dynamics using ld       at timestep             350

dynamics using ld       at timestep             360

dynamics using ld       at timestep             370

dynamics using ld       at timestep             380

dynamics using ld       at timestep             390

dynamics using ld       at timestep             400

Update neighbor list at             400

timestep and time
             400      0.800000000000001 ps

in the coarse-grained domain

average/maximum/minimum energy (eV) per node is     -2.222869855119242      0.000000000000000 and     -4.449665843837882

ave velocity (Angstrom/ps) is      0.011585429228667     -0.024457751377342     -0.000879216719740

total force (eV/Angstrom) is     -0.206524172497794     -0.156422192658071     -0.214149937319583

average/maximum/minimum number of neighbor atoms per intpo is    117.543999999999997             135 and              45

average/maximum/minimum host electron density per intpo is      0.941246920710634      1.023070286895993 and      0.415258745077648

in the atomistic domain

average/maximum/minimum energy (eV) per atom is     -3.929539270069577      0.000000000000000 and     -4.457228530686426

ave velocity (Angstrom/ps) is      0.063804400442236     -0.030456584247458      0.000802181334522

total force (eV/Angstrom) is     39.068911387202498    -57.684450773917121    182.339571658517883

average/maximum/minimum number of neighbor atoms per atom is    123.477350049559320             135 and              45

average/maximum/minimum host electron density per atom is      0.964012635240600      1.032214264790689 and      0.407503204202428

in total

total force (eV/Angstrom) is     38.862387214704704    -57.840872966575191    182.125421721198308

ave velocity (Angstrom/ps) is      0.063748504944671     -0.030450163061052      0.000800381556038

ave kinetic energy (eV) is       0.001508610627959

global force vector length (eV/Angstrom) is     38.943488114792920

maximum force (eV/Angstrom) is       2.576234716807999

average/maximum/minimum number of neighbor cells per cell is     22.214285714285715              27 and              14

average/maximum/minimum number of atomps per cell is     42.423295454545453             170 and               0

box boundaries/lengths are (Angstrom)
x from     -0.359258495608202 to     77.240567314346990 length is     77.599825809955192
y from     -1.236244682424448 to    128.449492381039477 length is    129.576152773434387
z from    -25.047500024535243 to     25.919686176571638 length is     50.967186201106884

center of mass (Angstrom) is at     38.467247624628648     63.920050609677666      0.469011620074422

dynamics using ld       at timestep             410

dynamics using ld       at timestep             420

dynamics using ld       at timestep             430

dynamics using ld       at timestep             440

dynamics using ld       at timestep             450

dynamics using ld       at timestep             460

dynamics using ld       at timestep             470

dynamics using ld       at timestep             480

dynamics using ld       at timestep             490

dynamics using ld       at timestep             500

dynamics using ld       at timestep             510

dynamics using ld       at timestep             520

dynamics using ld       at timestep             530

dynamics using ld       at timestep             540

dynamics using ld       at timestep             550

dynamics using ld       at timestep             560

dynamics using ld       at timestep             570

dynamics using ld       at timestep             580

dynamics using ld       at timestep             590

dynamics using ld       at timestep             600

Update neighbor list at             600

timestep and time
             600      1.200000000000001 ps

in the coarse-grained domain

average/maximum/minimum energy (eV) per node is     -2.223370617791715      0.000000000000000 and     -4.449461693970066

ave velocity (Angstrom/ps) is      0.018490932592077      0.069088040716738     -0.000507939374699

total force (eV/Angstrom) is      0.092699320889781     -0.055210384921991     -0.123718285619136

average/maximum/minimum number of neighbor atoms per intpo is    117.712000000000003             135 and              45

average/maximum/minimum host electron density per intpo is      0.940840912294432      1.018177737634222 and      0.414368673326902

in the atomistic domain

average/maximum/minimum energy (eV) per atom is     -3.929873388098172      0.000000000000000 and     -4.458046680203304

ave velocity (Angstrom/ps) is      0.002865202306069     -0.058256638786163      0.000687221450940

total force (eV/Angstrom) is    -37.747839178185224     18.115799797871567    156.208652092041262

average/maximum/minimum number of neighbor atoms per atom is    123.538508934072709             136 and              45

average/maximum/minimum host electron density per atom is      0.964026308513856      1.030280140062256 and      0.407323980363287

in total

total force (eV/Angstrom) is    -37.655139857295445     18.060589412949575    156.084933806422129

ave velocity (Angstrom/ps) is      0.002881928180763     -0.058120328283337      0.000685942143680

ave kinetic energy (eV) is       0.001614233007462

global force vector length (eV/Angstrom) is     38.145975327816068

maximum force (eV/Angstrom) is       2.242620196084828

average/maximum/minimum number of neighbor cells per cell is     22.214285714285715              27 and              14

average/maximum/minimum number of atomps per cell is     42.411931818181820             170 and               0

box boundaries/lengths are (Angstrom)
x from     -0.359258495608202 to     77.240567314346990 length is     77.599825809955192
y from     -1.236244682424448 to    128.514056049186621 length is    129.576152773434387
z from    -25.047500024535243 to     25.919686176571638 length is     50.967186201106884

center of mass (Angstrom) is at     38.456520233433217     63.912296606675369      0.469011620074419

dynamics using ld       at timestep             610

dynamics using ld       at timestep             620

dynamics using ld       at timestep             630

dynamics using ld       at timestep             640

dynamics using ld       at timestep             650

dynamics using ld       at timestep             660

dynamics using ld       at timestep             670

dynamics using ld       at timestep             680

dynamics using ld       at timestep             690

dynamics using ld       at timestep             700

dynamics using ld       at timestep             710

dynamics using ld       at timestep             720

dynamics using ld       at timestep             730

dynamics using ld       at timestep             740

dynamics using ld       at timestep             750

dynamics using ld       at timestep             760

dynamics using ld       at timestep             770

dynamics using ld       at timestep             780

dynamics using ld       at timestep             790

dynamics using ld       at timestep             800

Update neighbor list at             800

timestep and time
             800      1.600000000000001 ps

in the coarse-grained domain

average/maximum/minimum energy (eV) per node is     -2.223545972626867      0.000000000000000 and     -4.449470320521987

ave velocity (Angstrom/ps) is     -0.034170021360295     -0.021422447123037      0.001031421671209

total force (eV/Angstrom) is     -0.168376722029864     -0.018385848073829      0.251222345162873

average/maximum/minimum number of neighbor atoms per intpo is    117.801599999999993             135 and              45

average/maximum/minimum host electron density per intpo is      0.941053292242204      1.016101877371538 and      0.414944995879627

in the atomistic domain

average/maximum/minimum energy (eV) per atom is     -3.930262288142080      0.000000000000000 and     -4.457622916871006

ave velocity (Angstrom/ps) is      0.001269280090595      0.014779771165667      0.000711738958449

total force (eV/Angstrom) is     -7.479804392729107     14.815210002240242    161.781596294168452

average/maximum/minimum number of neighbor atoms per atom is    123.593720699724074             136 and              45

average/maximum/minimum host electron density per atom is      0.964044438838410      1.022615597178239 and      0.407040754099595

in total

total force (eV/Angstrom) is     -7.648181114758971     14.796824154166414    162.032818639331339

ave velocity (Angstrom/ps) is      0.001231345651407      0.014741020095755      0.000712081148727

ave kinetic energy (eV) is       0.001534133037485

global force vector length (eV/Angstrom) is     37.681961243214310

maximum force (eV/Angstrom) is       1.823946453716943

average/maximum/minimum number of neighbor cells per cell is     22.214285714285715              27 and              14

average/maximum/minimum number of atomps per cell is     42.423295454545453             168 and               0

box boundaries/lengths are (Angstrom)
x from     -0.359258495608202 to     77.240567314346990 length is     77.599825809955192
y from     -1.236244682424448 to    128.567644670597559 length is    129.576152773434387
z from    -25.047500024535243 to     25.919686176571638 length is     50.967186201106884

center of mass (Angstrom) is at     38.432060096369817     63.923271653411575      0.469011620074421

dynamics using ld       at timestep             810

dynamics using ld       at timestep             820

dynamics using ld       at timestep             830

dynamics using ld       at timestep             840

dynamics using ld       at timestep             850

dynamics using ld       at timestep             860

dynamics using ld       at timestep             870

dynamics using ld       at timestep             880

dynamics using ld       at timestep             890

dynamics using ld       at timestep             900

dynamics using ld       at timestep             910

dynamics using ld       at timestep             920

dynamics using ld       at timestep             930

dynamics using ld       at timestep             940

dynamics using ld       at timestep             950

dynamics using ld       at timestep             960

dynamics using ld       at timestep             970

dynamics using ld       at timestep             980

dynamics using ld       at timestep             990

dynamics using ld       at timestep            1000

Update neighbor list at            1000

timestep and time
            1000      2.000000000000001 ps

in the coarse-grained domain

average/maximum/minimum energy (eV) per node is     -2.223518600230340      0.000000000000000 and     -4.449198329345035

ave velocity (Angstrom/ps) is     -0.032366042767714      0.016406180683582     -0.000250769956085

total force (eV/Angstrom) is     -0.287802980342011     -0.217377747976696     -0.061079787464846

average/maximum/minimum number of neighbor atoms per intpo is    117.823999999999998             134 and              45

average/maximum/minimum host electron density per intpo is      0.941959892797890      1.015370908840578 and      0.414398783041516

in the atomistic domain

average/maximum/minimum energy (eV) per atom is     -3.930195686458532      0.000000000000000 and     -4.457517225539659

ave velocity (Angstrom/ps) is     -0.021210278309207      0.011217776790114      0.000669824020350

total force (eV/Angstrom) is    -36.827256337763856    -10.139018058042286    152.254134696348416

average/maximum/minimum number of neighbor atoms per atom is    123.604757695089603             136 and              45

average/maximum/minimum host electron density per atom is      0.964076483244829      1.016037351862435 and      0.406920346160475

in total

total force (eV/Angstrom) is    -37.115059318105864    -10.356395806018982    152.193054908883568

ave velocity (Angstrom/ps) is     -0.021222219505876      0.011223330488520      0.000668838611078

ave kinetic energy (eV) is       0.001222337209066

global force vector length (eV/Angstrom) is     37.059170928162160

maximum force (eV/Angstrom) is       1.851278528124117

average/maximum/minimum number of neighbor cells per cell is     22.214285714285715              27 and              14

average/maximum/minimum number of atomps per cell is     42.403003246753244             165 and               0

box boundaries/lengths are (Angstrom)
x from     -0.359258495608202 to     77.240567314346990 length is     77.599825809955192
y from     -1.236244682424448 to    128.615587879787881 length is    129.576152773434387
z from    -25.047500024535243 to     25.919686176571638 length is     50.967186201106884

center of mass (Angstrom) is at     38.434403003555417     63.928917065632191      0.469011620074420

dynamics using ld       at timestep            1010

dynamics using ld       at timestep            1020

dynamics using ld       at timestep            1030

dynamics using ld       at timestep            1040

dynamics using ld       at timestep            1050

dynamics using ld       at timestep            1060

dynamics using ld       at timestep            1070

dynamics using ld       at timestep            1080

dynamics using ld       at timestep            1090

dynamics using ld       at timestep            1100

dynamics using ld       at timestep            1110

dynamics using ld       at timestep            1120

dynamics using ld       at timestep            1130

dynamics using ld       at timestep            1140

dynamics using ld       at timestep            1150

dynamics using ld       at timestep            1160

dynamics using ld       at timestep            1170

dynamics using ld       at timestep            1180

dynamics using ld       at timestep            1190

dynamics using ld       at timestep            1200

Update neighbor list at            1200

timestep and time
            1200      2.399999999999957 ps

in the coarse-grained domain

average/maximum/minimum energy (eV) per node is     -2.223489215606270      0.000000000000000 and     -4.449025013262327

ave velocity (Angstrom/ps) is     -0.013301002968139      0.021133308213040     -0.002083400938707

total force (eV/Angstrom) is     -0.451448045316840     -0.130004483694275     -0.507451883498972

average/maximum/minimum number of neighbor atoms per intpo is    117.817599999999999             135 and              45

average/maximum/minimum host electron density per intpo is      0.942275580969926      1.016193629641479 and      0.416057713978383

in the atomistic domain

average/maximum/minimum energy (eV) per atom is     -3.930161860827676      0.000000000000000 and     -4.457816801119041

ave velocity (Angstrom/ps) is     -0.033725831650831      0.010104842278876      0.000687128501672

total force (eV/Angstrom) is     13.715424511308798     14.511175295934526    156.187524288243424

average/maximum/minimum number of neighbor atoms per atom is    123.594015376784810             136 and              45

average/maximum/minimum host electron density per atom is      0.964299385643310      1.014127479783320 and      0.406672944407117

in total

total force (eV/Angstrom) is     13.263976465991957     14.381170812240251    155.680072404744465

ave velocity (Angstrom/ps) is     -0.033703968792651      0.010116647214447      0.000684162910470

ave kinetic energy (eV) is       0.001120352983114

global force vector length (eV/Angstrom) is     36.790862719625473

maximum force (eV/Angstrom) is       1.769239148896204

average/maximum/minimum number of neighbor cells per cell is     22.214285714285715              27 and              14

average/maximum/minimum number of atomps per cell is     42.379058441558442             165 and               0

box boundaries/lengths are (Angstrom)
x from     -0.359258495608202 to     77.240567314346990 length is     77.599825809955192
y from     -1.236244682424448 to    128.661228250319368 length is    129.576152773434387
z from    -25.047500024535243 to     25.919686176571638 length is     50.967186201106884

center of mass (Angstrom) is at     38.428343538707630     63.931219904291027      0.469011620074420

dynamics using ld       at timestep            1210

dynamics using ld       at timestep            1220

dynamics using ld       at timestep            1230

dynamics using ld       at timestep            1240

dynamics using ld       at timestep            1250

dynamics using ld       at timestep            1260

dynamics using ld       at timestep            1270

dynamics using ld       at timestep            1280

dynamics using ld       at timestep            1290

dynamics using ld       at timestep            1300

dynamics using ld       at timestep            1310

dynamics using ld       at timestep            1320

dynamics using ld       at timestep            1330

dynamics using ld       at timestep            1340

dynamics using ld       at timestep            1350

dynamics using ld       at timestep            1360

dynamics using ld       at timestep            1370

dynamics using ld       at timestep            1380

dynamics using ld       at timestep            1390

dynamics using ld       at timestep            1400

timestep and time
            1400      2.799999999999913 ps

in the coarse-grained domain

average/maximum/minimum energy (eV) per node is     -2.223298317824240      0.000000000000000 and     -4.448810549650792

ave velocity (Angstrom/ps) is     -0.005077584981348      0.019204531081341     -0.000473841170130

total force (eV/Angstrom) is     -0.012207938318168      0.574664940308572     -0.115413020026275

average/maximum/minimum number of neighbor atoms per intpo is    117.817599999999999             135 and              45

average/maximum/minimum host electron density per intpo is      0.941860810931981      1.015496951159582 and      0.413439800282816

in the atomistic domain

average/maximum/minimum energy (eV) per atom is     -3.929932234763497      0.000000000000000 and     -4.457120596577186

ave velocity (Angstrom/ps) is     -0.006738563338818      0.012021315968990      0.000640074056702

total force (eV/Angstrom) is      4.973150496764515      8.864819565813566    145.491828725216095

average/maximum/minimum number of neighbor atoms per atom is    123.594015376784810             136 and              45

average/maximum/minimum host electron density per atom is      0.964326382942747      1.014719840079461 and      0.406542451473503

in total

total force (eV/Angstrom) is      4.960942558446347      9.439484506122136    145.376415705189828

ave velocity (Angstrom/ps) is     -0.006736785417699      0.012029004925197      0.000638881715214

ave kinetic energy (eV) is       0.000989310444041

global force vector length (eV/Angstrom) is     36.553049215523352

maximum force (eV/Angstrom) is       1.782793088558692

average/maximum/minimum number of neighbor cells per cell is     22.214285714285715              27 and              14

average/maximum/minimum number of atomps per cell is     42.379058441558442             165 and               0

box boundaries/lengths are (Angstrom)
x from     -0.359258495608202 to     77.240567314346990 length is     77.599825809955192
y from     -1.236244682424448 to    128.661228250319368 length is    129.576152773434387
z from    -25.047500024535243 to     25.919686176571638 length is     50.967186201106884

center of mass (Angstrom) is at     38.434343503665964     63.931740305346644      0.469011620074420

dynamics using ld       at timestep            1410

dynamics using ld       at timestep            1420

dynamics using ld       at timestep            1430

dynamics using ld       at timestep            1440

dynamics using ld       at timestep            1450

dynamics using ld       at timestep            1460

dynamics using ld       at timestep            1470

dynamics using ld       at timestep            1480

dynamics using ld       at timestep            1490

dynamics using ld       at timestep            1500

dynamics using ld       at timestep            1510

dynamics using ld       at timestep            1520

dynamics using ld       at timestep            1530

dynamics using ld       at timestep            1540

dynamics using ld       at timestep            1550

dynamics using ld       at timestep            1560

dynamics using ld       at timestep            1570

dynamics using ld       at timestep            1580

dynamics using ld       at timestep            1590

dynamics using ld       at timestep            1600

timestep and time
            1600      3.199999999999869 ps

in the coarse-grained domain

average/maximum/minimum energy (eV) per node is     -2.223168442234154      0.000000000000000 and     -4.448587598799902

ave velocity (Angstrom/ps) is      0.025535879177307      0.011446735383164     -0.000171858660645

total force (eV/Angstrom) is      0.180957263118526      0.203912751529069     -0.041859442135887

average/maximum/minimum number of neighbor atoms per intpo is    117.817599999999999             135 and              45

average/maximum/minimum host electron density per intpo is      0.941663261319658      1.015556308732125 and      0.415502487558753

in the atomistic domain

average/maximum/minimum energy (eV) per atom is     -3.929805857369250      0.000000000000000 and     -4.457256136739218

ave velocity (Angstrom/ps) is     -0.001082310905088      0.003442768037343      0.000678113480931

total force (eV/Angstrom) is     21.020958512730328      2.640584204254470    154.138367882425911

average/maximum/minimum number of neighbor atoms per atom is    123.594015376784810             136 and              45

average/maximum/minimum host electron density per atom is      0.964477940017620      1.015879913762037 and      0.406372794712839

in total

total force (eV/Angstrom) is     21.201915775848853      2.844496955783539    154.096508440290023

ave velocity (Angstrom/ps) is     -0.001053818636007      0.003451335531625      0.000677203665693

ave kinetic energy (eV) is       0.000936327725821

global force vector length (eV/Angstrom) is     36.410799212531998

maximum force (eV/Angstrom) is       1.818236915555133

average/maximum/minimum number of neighbor cells per cell is     22.214285714285715              27 and              14

average/maximum/minimum number of atomps per cell is     42.379058441558442             165 and               0

box boundaries/lengths are (Angstrom)
x from     -0.359258495608202 to     77.240567314346990 length is     77.599825809955192
y from     -1.236244682424448 to    128.661228250319368 length is    129.576152773434387
z from    -25.047500024535243 to     25.919686176571638 length is     50.967186201106884

center of mass (Angstrom) is at     38.439359983125250     63.930787043194684      0.469011620074420

dynamics using ld       at timestep            1610

dynamics using ld       at timestep            1620

dynamics using ld       at timestep            1630

dynamics using ld       at timestep            1640

dynamics using ld       at timestep            1650

dynamics using ld       at timestep            1660

dynamics using ld       at timestep            1670

dynamics using ld       at timestep            1680

dynamics using ld       at timestep            1690

dynamics using ld       at timestep            1700

dynamics using ld       at timestep            1710

dynamics using ld       at timestep            1720

dynamics using ld       at timestep            1730

dynamics using ld       at timestep            1740

dynamics using ld       at timestep            1750

dynamics using ld       at timestep            1760

dynamics using ld       at timestep            1770

dynamics using ld       at timestep            1780

dynamics using ld       at timestep            1790

dynamics using ld       at timestep            1800

timestep and time
            1800      3.599999999999825 ps

in the coarse-grained domain

average/maximum/minimum energy (eV) per node is     -2.223043217107990      0.000000000000000 and     -4.448589907637263

ave velocity (Angstrom/ps) is     -0.009176304922934      0.015038856043595     -0.000964567288219

total force (eV/Angstrom) is      0.247853672041894     -0.125829370324916     -0.234938689944170

average/maximum/minimum number of neighbor atoms per intpo is    117.817599999999999             135 and              45

average/maximum/minimum host electron density per intpo is      0.941863991400559      1.015490225245531 and      0.416759518743461

in the atomistic domain

average/maximum/minimum energy (eV) per atom is     -3.929552101051483      0.000000000000000 and     -4.457383383649323

ave velocity (Angstrom/ps) is      0.015497752150121      0.001877089328002      0.000553130187389

total force (eV/Angstrom) is    -13.013855331860498      5.581145880894844    125.729080320692091

average/maximum/minimum number of neighbor atoms per atom is    123.594015376784810             136 and              45

average/maximum/minimum host electron density per atom is      0.964216931934413      1.013112707362197 and      0.406177567234529

in total

total force (eV/Angstrom) is    -12.766001659818604      5.455316510569928    125.494141630747919

ave velocity (Angstrom/ps) is      0.015471340892583      0.001891177761426      0.000551505634978

ave kinetic energy (eV) is       0.000890521488964

global force vector length (eV/Angstrom) is     36.279383039951114

maximum force (eV/Angstrom) is       1.872832985442409

average/maximum/minimum number of neighbor cells per cell is     22.214285714285715              27 and              14

average/maximum/minimum number of atomps per cell is     42.379058441558442             165 and               0

box boundaries/lengths are (Angstrom)
x from     -0.359258495608202 to     77.240567314346990 length is     77.599825809955192
y from     -1.236244682424448 to    128.661228250319368 length is    129.576152773434387
z from    -25.047500024535243 to     25.919686176571638 length is     50.967186201106884

center of mass (Angstrom) is at     38.443539004917902     63.927893997152303      0.469011620074420

dynamics using ld       at timestep            1810

dynamics using ld       at timestep            1820

dynamics using ld       at timestep            1830

dynamics using ld       at timestep            1840

dynamics using ld       at timestep            1850

dynamics using ld       at timestep            1860

dynamics using ld       at timestep            1870

dynamics using ld       at timestep            1880

dynamics using ld       at timestep            1890

dynamics using ld       at timestep            1900

dynamics using ld       at timestep            1910

dynamics using ld       at timestep            1920

dynamics using ld       at timestep            1930

dynamics using ld       at timestep            1940

dynamics using ld       at timestep            1950

dynamics using ld       at timestep            1960

dynamics using ld       at timestep            1970

dynamics using ld       at timestep            1980

dynamics using ld       at timestep            1990

dynamics using ld       at timestep            2000

timestep and time
            2000      3.999999999999781 ps

in the coarse-grained domain

average/maximum/minimum energy (eV) per node is     -2.222847344999658      0.000000000000000 and     -4.448038324896389

ave velocity (Angstrom/ps) is      0.023920607912962     -0.003510047582505     -0.000023304363676

total force (eV/Angstrom) is      0.261320042292181     -0.155033093034887     -0.005676220558999

average/maximum/minimum number of neighbor atoms per intpo is    117.817599999999999             135 and              45

average/maximum/minimum host electron density per intpo is      0.941922429716516      1.014146801635693 and      0.415768297291479

in the atomistic domain

average/maximum/minimum energy (eV) per atom is     -3.929309756650345      0.000000000000000 and     -4.456875548161186

ave velocity (Angstrom/ps) is      0.003157226373871      0.005865119416112      0.000715881709860

total force (eV/Angstrom) is    -10.303394541128688      4.356759797546404    162.723263078422775

average/maximum/minimum number of neighbor atoms per atom is    123.594015376784810             136 and              45

average/maximum/minimum host electron density per atom is      0.964241086312120      1.015610749285143 and      0.406032505931321

in total

total force (eV/Angstrom) is    -10.042074498836508      4.201726704511517    162.717586857863779

ave velocity (Angstrom/ps) is      0.003179451621043      0.005855084181560      0.000715090480687

ave kinetic energy (eV) is       0.000858537498462

global force vector length (eV/Angstrom) is     36.241726827306536

maximum force (eV/Angstrom) is       1.915549325029176

average/maximum/minimum number of neighbor cells per cell is     22.214285714285715              27 and              14

average/maximum/minimum number of atomps per cell is     42.379058441558442             165 and               0

box boundaries/lengths are (Angstrom)
x from     -0.359258495608202 to     77.240567314346990 length is     77.599825809955192
y from     -1.236244682424448 to    128.661228250319368 length is    129.576152773434387
z from    -25.047500024535243 to     25.919686176571638 length is     50.967186201106884

center of mass (Angstrom) is at     38.444244822338455     63.927648074885809      0.469011620074420

dynamics using ld       at timestep            2010

dynamics using ld       at timestep            2020

dynamics using ld       at timestep            2030

dynamics using ld       at timestep            2040

dynamics using ld       at timestep            2050

dynamics using ld       at timestep            2060

dynamics using ld       at timestep            2070

dynamics using ld       at timestep            2080

dynamics using ld       at timestep            2090

dynamics using ld       at timestep            2100

dynamics using ld       at timestep            2110

dynamics using ld       at timestep            2120

dynamics using ld       at timestep            2130

dynamics using ld       at timestep            2140

dynamics using ld       at timestep            2150

dynamics using ld       at timestep            2160

dynamics using ld       at timestep            2170

dynamics using ld       at timestep            2180

dynamics using ld       at timestep            2190

dynamics using ld       at timestep            2200

timestep and time
            2200      4.399999999999737 ps

in the coarse-grained domain

average/maximum/minimum energy (eV) per node is     -2.222609133972692      0.000000000000000 and     -4.447543656757013

ave velocity (Angstrom/ps) is     -0.002818403375902     -0.023703724052999      0.000983344858934

total force (eV/Angstrom) is      0.028562923732602      0.146731460905611      0.239512324068001

average/maximum/minimum number of neighbor atoms per intpo is    117.817599999999999             135 and              45

average/maximum/minimum host electron density per intpo is      0.941710855050452      1.014232961762386 and      0.416250378500716

in the atomistic domain

average/maximum/minimum energy (eV) per atom is     -3.929054455555963      0.000000000000000 and     -4.458289981934423

ave velocity (Angstrom/ps) is     -0.001033380975371      0.000661499723144      0.000568549422907

total force (eV/Angstrom) is      8.800091459113565    -11.579583213268172    129.233944718185541

average/maximum/minimum number of neighbor atoms per atom is    123.594015376784810             136 and              45

average/maximum/minimum host electron density per atom is      0.964497291645700      1.014808493934897 and      0.405569764641330

in total

total force (eV/Angstrom) is      8.828654382846167    -11.432851752362561    129.473457042253528

ave velocity (Angstrom/ps) is     -0.001035291673972      0.000635419042605      0.000568993422410

ave kinetic energy (eV) is       0.000850810347859

global force vector length (eV/Angstrom) is     36.246531754813653

maximum force (eV/Angstrom) is       1.763550086863678

average/maximum/minimum number of neighbor cells per cell is     22.214285714285715              27 and              14

average/maximum/minimum number of atomps per cell is     42.379058441558442             165 and               0

box boundaries/lengths are (Angstrom)
x from     -0.359258495608202 to     77.240567314346990 length is     77.599825809955192
y from     -1.236244682424448 to    128.661228250319368 length is    129.576152773434387
z from    -25.047500024535243 to     25.919686176571638 length is     50.967186201106884

center of mass (Angstrom) is at     38.442416656218896     63.926039469729979      0.469011620074420

dynamics using ld       at timestep            2210

dynamics using ld       at timestep            2220

dynamics using ld       at timestep            2230

dynamics using ld       at timestep            2240

dynamics using ld       at timestep            2250

dynamics using ld       at timestep            2260

dynamics using ld       at timestep            2270

dynamics using ld       at timestep            2280

dynamics using ld       at timestep            2290

dynamics using ld       at timestep            2300

dynamics using ld       at timestep            2310

dynamics using ld       at timestep            2320

dynamics using ld       at timestep            2330

dynamics using ld       at timestep            2340

dynamics using ld       at timestep            2350

dynamics using ld       at timestep            2360

dynamics using ld       at timestep            2370

dynamics using ld       at timestep            2380

dynamics using ld       at timestep            2390

dynamics using ld       at timestep            2400

timestep and time
            2400      4.799999999999693 ps

in the coarse-grained domain

average/maximum/minimum energy (eV) per node is     -2.222459080098654      0.000000000000000 and     -4.447665469150014

ave velocity (Angstrom/ps) is     -0.006150929664592      0.002760972617437     -0.000288905789659

total force (eV/Angstrom) is      0.365094798948692      0.355509369710593     -0.070368494317356

average/maximum/minimum number of neighbor atoms per intpo is    117.817599999999999             135 and              45

average/maximum/minimum host electron density per intpo is      0.942082261646261      1.018629551030171 and      0.415906524886257

in the atomistic domain

average/maximum/minimum energy (eV) per atom is     -3.928675395070057      0.000000000000000 and     -4.456006449046413

ave velocity (Angstrom/ps) is     -0.001262811091827     -0.017213662501173      0.000709447603436

total force (eV/Angstrom) is     -5.483619899467612    -25.407467189781219    161.260760575757388

average/maximum/minimum number of neighbor atoms per atom is    123.594015376784810             136 and              45

average/maximum/minimum host electron density per atom is      0.964479174243684      1.015093896969711 and      0.405564523870218

in total

total force (eV/Angstrom) is     -5.118525100518921    -25.051957820070626    161.190392081440024

ave velocity (Angstrom/ps) is     -0.001268043363039     -0.017192281532863      0.000708378960022

ave kinetic energy (eV) is       0.000828686858492

global force vector length (eV/Angstrom) is     36.311582069717517

maximum force (eV/Angstrom) is       1.761640748235568

average/maximum/minimum number of neighbor cells per cell is     22.214285714285715              27 and              14

average/maximum/minimum number of atomps per cell is     42.379058441558442             165 and               0

box boundaries/lengths are (Angstrom)
x from     -0.359258495608202 to     77.240567314346990 length is     77.599825809955192
y from     -1.236244682424448 to    128.661228250319368 length is    129.576152773434387
z from    -25.047500024535243 to     25.919686176571638 length is     50.967186201106884

center of mass (Angstrom) is at     38.439080108526916     63.922793037348526      0.469011620074420

dynamics using ld       at timestep            2410

dynamics using ld       at timestep            2420

dynamics using ld       at timestep            2430

dynamics using ld       at timestep            2440

dynamics using ld       at timestep            2450

dynamics using ld       at timestep            2460

dynamics using ld       at timestep            2470

dynamics using ld       at timestep            2480

dynamics using ld       at timestep            2490

dynamics using ld       at timestep            2500

dynamics using ld       at timestep            2510

dynamics using ld       at timestep            2520

dynamics using ld       at timestep            2530

dynamics using ld       at timestep            2540

dynamics using ld       at timestep            2550

dynamics using ld       at timestep            2560

dynamics using ld       at timestep            2570

dynamics using ld       at timestep            2580

dynamics using ld       at timestep            2590

dynamics using ld       at timestep            2600

Update neighbor list at            2600

timestep and time
            2600      5.199999999999649 ps

in the coarse-grained domain

average/maximum/minimum energy (eV) per node is     -2.222365833552119      0.000000000000000 and     -4.447454436663472

ave velocity (Angstrom/ps) is      0.002110027447027      0.013398395358900     -0.002414793592631

total force (eV/Angstrom) is     -0.242573175362778      0.062913007960433     -0.588168860863706

average/maximum/minimum number of neighbor atoms per intpo is    117.814400000000006             135 and              45

average/maximum/minimum host electron density per intpo is      0.942380789592085      1.017962027482822 and      0.415118931860743

in the atomistic domain

average/maximum/minimum energy (eV) per atom is     -3.928309409331978      0.000000000000000 and     -4.456561324412453

ave velocity (Angstrom/ps) is      0.002409452967325     -0.014895040420412      0.000722850696630

total force (eV/Angstrom) is      3.396012771417638     32.729778065605636    164.307346387174164

average/maximum/minimum number of neighbor atoms per atom is    123.605561359800689             136 and              44

average/maximum/minimum host electron density per atom is      0.964407875643055      1.017140373380247 and      0.404270811811328

in total

total force (eV/Angstrom) is      3.153439596054860     32.792691073566068    163.719177526310460

ave velocity (Angstrom/ps) is      0.002409132460466     -0.014864754958366      0.000719492143509

ave kinetic energy (eV) is       0.000818523908549

global force vector length (eV/Angstrom) is     36.264083930497897

maximum force (eV/Angstrom) is       1.740640447042767

average/maximum/minimum number of neighbor cells per cell is     22.214285714285715              27 and              14

average/maximum/minimum number of atomps per cell is     42.364448051948052             171 and               0

box boundaries/lengths are (Angstrom)
x from     -0.359258495608202 to     77.240567314346990 length is     77.599825809955192
y from     -1.370950710671779 to    129.012099186667143 length is    129.576152773434387
z from    -25.047500024535243 to     25.919686176571638 length is     50.967186201106884

center of mass (Angstrom) is at     38.440332457823679     63.920249059751853      0.469011620074420

dynamics using ld       at timestep            2610

dynamics using ld       at timestep            2620

dynamics using ld       at timestep            2630

dynamics using ld       at timestep            2640

dynamics using ld       at timestep            2650

dynamics using ld       at timestep            2660

dynamics using ld       at timestep            2670

dynamics using ld       at timestep            2680

dynamics using ld       at timestep            2690

dynamics using ld       at timestep            2700

dynamics using ld       at timestep            2710

dynamics using ld       at timestep            2720

dynamics using ld       at timestep            2730

dynamics using ld       at timestep            2740

dynamics using ld       at timestep            2750

dynamics using ld       at timestep            2760

dynamics using ld       at timestep            2770

dynamics using ld       at timestep            2780

dynamics using ld       at timestep            2790

dynamics using ld       at timestep            2800

timestep and time
            2800      5.599999999999605 ps

in the coarse-grained domain

average/maximum/minimum energy (eV) per node is     -2.222229889498633      0.000000000000000 and     -4.447243024767586

ave velocity (Angstrom/ps) is     -0.010188915607510     -0.011547827571331     -0.001480942423371

total force (eV/Angstrom) is     -0.126554265105886     -0.096371963472050     -0.360711665302053

average/maximum/minimum number of neighbor atoms per intpo is    117.814400000000006             135 and              45

average/maximum/minimum host electron density per intpo is      0.942115953230670      1.014677279554987 and      0.416539834816843

in the atomistic domain

average/maximum/minimum energy (eV) per atom is     -3.927940886529095      0.000000000000000 and     -4.455863088958272

ave velocity (Angstrom/ps) is      0.008465299602442     -0.005322205872622      0.000467155088510

total force (eV/Angstrom) is    -12.974963135499273     16.082783663873823    106.186537969965585

average/maximum/minimum number of neighbor atoms per atom is    123.605561359800689             136 and              44

average/maximum/minimum host electron density per atom is      0.964526932393869      1.015429899580255 and      0.405037094374350

in total

total force (eV/Angstrom) is    -13.101517400605159     15.986411700401773    105.825826304663536

ave velocity (Angstrom/ps) is      0.008445332019462     -0.005328869815140      0.000465069833339

ave kinetic energy (eV) is       0.000814931103828

global force vector length (eV/Angstrom) is     36.461375420035274

maximum force (eV/Angstrom) is       1.770155625601654

average/maximum/minimum number of neighbor cells per cell is     22.214285714285715              27 and              14

average/maximum/minimum number of atomps per cell is     42.364448051948052             171 and               0

box boundaries/lengths are (Angstrom)
x from     -0.359258495608202 to     77.240567314346990 length is     77.599825809955192
y from     -1.370950710671779 to    129.012099186667143 length is    129.576152773434387
z from    -25.047500024535243 to     25.919686176571638 length is     50.967186201106884

center of mass (Angstrom) is at     38.443141025009957     63.923139043125481      0.469011620074420

dynamics using ld       at timestep            2810

dynamics using ld       at timestep            2820

dynamics using ld       at timestep            2830

dynamics using ld       at timestep            2840

dynamics using ld       at timestep            2850

dynamics using ld       at timestep            2860

dynamics using ld       at timestep            2870

dynamics using ld       at timestep            2880

dynamics using ld       at timestep            2890

dynamics using ld       at timestep            2900

dynamics using ld       at timestep            2910

dynamics using ld       at timestep            2920

dynamics using ld       at timestep            2930

dynamics using ld       at timestep            2940

dynamics using ld       at timestep            2950

dynamics using ld       at timestep            2960

dynamics using ld       at timestep            2970

dynamics using ld       at timestep            2980

dynamics using ld       at timestep            2990

dynamics using ld       at timestep            3000

timestep and time
            3000      5.999999999999561 ps

in the coarse-grained domain

average/maximum/minimum energy (eV) per node is     -2.221901259238928      0.000000000000000 and     -4.446936538583923

ave velocity (Angstrom/ps) is      0.013109211618232      0.019456786997371      0.000896941878091

total force (eV/Angstrom) is      0.097001949643165      0.087404571874914      0.218467236416265

average/maximum/minimum number of neighbor atoms per intpo is    117.814400000000006             135 and              45

average/maximum/minimum host electron density per intpo is      0.941899738119296      1.015420118856068 and      0.416045824976889

in the atomistic domain

average/maximum/minimum energy (eV) per atom is     -3.927565117545430      0.000000000000000 and     -4.455886976642208

ave velocity (Angstrom/ps) is      0.005521152349785     -0.002936285559415      0.000529802969169

total force (eV/Angstrom) is     11.379964647008153     18.492170725705698    120.426694444686547

average/maximum/minimum number of neighbor atoms per atom is    123.605561359800689             136 and              44

average/maximum/minimum host electron density per atom is      0.964589873601879      1.015392665227375 and      0.403810570472245

in total

total force (eV/Angstrom) is     11.476966596651318     18.579575297580611    120.645161681102806

ave velocity (Angstrom/ps) is      0.005529274653586     -0.002912315881279      0.000530195956842

ave kinetic energy (eV) is       0.000814677440871

global force vector length (eV/Angstrom) is     36.634325160887443

maximum force (eV/Angstrom) is       1.979022419951199

average/maximum/minimum number of neighbor cells per cell is     22.214285714285715              27 and              14

average/maximum/minimum number of atomps per cell is     42.364448051948052             171 and               0

box boundaries/lengths are (Angstrom)
x from     -0.359258495608202 to     77.240567314346990 length is     77.599825809955192
y from     -1.370950710671779 to    129.012099186667143 length is    129.576152773434387
z from    -25.047500024535243 to     25.919686176571638 length is     50.967186201106884

center of mass (Angstrom) is at     38.442817655788694     63.924568355827255      0.469011620074420

dynamics using ld       at timestep            3010

dynamics using ld       at timestep            3020

dynamics using ld       at timestep            3030

dynamics using ld       at timestep            3040

dynamics using ld       at timestep            3050

dynamics using ld       at timestep            3060

dynamics using ld       at timestep            3070

dynamics using ld       at timestep            3080

dynamics using ld       at timestep            3090

dynamics using ld       at timestep            3100

dynamics using ld       at timestep            3110

dynamics using ld       at timestep            3120

dynamics using ld       at timestep            3130

dynamics using ld       at timestep            3140

dynamics using ld       at timestep            3150

dynamics using ld       at timestep            3160

dynamics using ld       at timestep            3170

dynamics using ld       at timestep            3180

dynamics using ld       at timestep            3190

dynamics using ld       at timestep            3200

timestep and time
            3200      6.399999999999517 ps

in the coarse-grained domain

average/maximum/minimum energy (eV) per node is     -2.221650546206153      0.000000000000000 and     -4.446715815287020

ave velocity (Angstrom/ps) is     -0.023279467169015      0.019302385447854      0.000997237266899

total force (eV/Angstrom) is     -0.071600201717805      0.069914503800725      0.242896083985196

average/maximum/minimum number of neighbor atoms per intpo is    117.814400000000006             135 and              45

average/maximum/minimum host electron density per intpo is      0.942110348916976      1.015845538347506 and      0.416408058695531

in the atomistic domain

average/maximum/minimum energy (eV) per atom is     -3.927207260012389      0.000000000000000 and     -4.455485293944481

ave velocity (Angstrom/ps) is      0.005558546602465      0.004469400044770      0.000481038341281

total force (eV/Angstrom) is    -10.545029273579276     -4.395834349335177    109.342266300467415

average/maximum/minimum number of neighbor atoms per atom is    123.605561359800689             136 and              44

average/maximum/minimum host electron density per atom is      0.964523272349106      1.015912718472868 and      0.403842450373784

in total

total force (eV/Angstrom) is    -10.616629475297081     -4.325919845534452    109.585162384452616

ave velocity (Angstrom/ps) is      0.005527678220896      0.004485277360623      0.000481590883683

ave kinetic energy (eV) is       0.000812743658033

global force vector length (eV/Angstrom) is     36.592768937267230

maximum force (eV/Angstrom) is       1.734902728790453

average/maximum/minimum number of neighbor cells per cell is     22.214285714285715              27 and              14

average/maximum/minimum number of atomps per cell is     42.364448051948052             171 and               0

box boundaries/lengths are (Angstrom)
x from     -0.359258495608202 to     77.240567314346990 length is     77.599825809955192
y from     -1.370950710671779 to    129.012099186667143 length is    129.576152773434387
z from    -25.047500024535243 to     25.919686176571638 length is     50.967186201106884

center of mass (Angstrom) is at     38.443439496637353     63.927406743095808      0.469011620074420

dynamics using ld       at timestep            3210

dynamics using ld       at timestep            3220

dynamics using ld       at timestep            3230

dynamics using ld       at timestep            3240

dynamics using ld       at timestep            3250

dynamics using ld       at timestep            3260

dynamics using ld       at timestep            3270

dynamics using ld       at timestep            3280

dynamics using ld       at timestep            3290

dynamics using ld       at timestep            3300

dynamics using ld       at timestep            3310

dynamics using ld       at timestep            3320

dynamics using ld       at timestep            3330

dynamics using ld       at timestep            3340

dynamics using ld       at timestep            3350

dynamics using ld       at timestep            3360

dynamics using ld       at timestep            3370

dynamics using ld       at timestep            3380

dynamics using ld       at timestep            3390

dynamics using ld       at timestep            3400

timestep and time
            3400      6.799999999999473 ps

in the coarse-grained domain

average/maximum/minimum energy (eV) per node is     -2.221396089926727      0.000000000000000 and     -4.445823945611842

ave velocity (Angstrom/ps) is     -0.032554180574508     -0.019652639165768     -0.000302924479410

total force (eV/Angstrom) is     -0.065829284403982      0.121401178910417     -0.073783012563092

average/maximum/minimum number of neighbor atoms per intpo is    117.814400000000006             135 and              45

average/maximum/minimum host electron density per intpo is      0.942032484071227      1.016025329674244 and      0.416626168959574

in the atomistic domain

average/maximum/minimum energy (eV) per atom is     -3.926792740101102      0.000000000000000 and     -4.455175459825755

ave velocity (Angstrom/ps) is     -0.001982081359469      0.011416660861160      0.000495947328595

total force (eV/Angstrom) is     10.964724555246546     15.685207754638814    112.731148893166576

average/maximum/minimum number of neighbor atoms per atom is    123.605561359800689             136 and              44

average/maximum/minimum host electron density per atom is      0.964664641315055      1.015694390129031 and      0.403474178006263

in total

total force (eV/Angstrom) is     10.898895270842564     15.806608933549231    112.657365880603479

ave velocity (Angstrom/ps) is     -0.002014805916417      0.011383404097504      0.000495092211458

ave kinetic energy (eV) is       0.000803276902960

global force vector length (eV/Angstrom) is     36.668956327047091

maximum force (eV/Angstrom) is       1.806926445499196

average/maximum/minimum number of neighbor cells per cell is     22.214285714285715              27 and              14

average/maximum/minimum number of atomps per cell is     42.364448051948052             171 and               0

box boundaries/lengths are (Angstrom)
x from     -0.359258495608202 to     77.240567314346990 length is     77.599825809955192
y from     -1.370950710671779 to    129.012099186667143 length is    129.576152773434387
z from    -25.047500024535243 to     25.919686176571638 length is     50.967186201106884

center of mass (Angstrom) is at     38.438538989356523     63.928478307662886      0.469011620074420

dynamics using ld       at timestep            3410

dynamics using ld       at timestep            3420

dynamics using ld       at timestep            3430

dynamics using ld       at timestep            3440

dynamics using ld       at timestep            3450

dynamics using ld       at timestep            3460

dynamics using ld       at timestep            3470

dynamics using ld       at timestep            3480

dynamics using ld       at timestep            3490

dynamics using ld       at timestep            3500

Elapsed time (in h)

Total time (%)      0.383354387937321

Interaction time (%)      0.410714910576741(    107.137135637506731)

Neighbor time (%)      0.002349131798579(      0.612783333775932)

Communication time (%)      0.119374884615342(     31.139563905255187)

Input/Output time (%)      0.026484821935495(      6.908704522204419)

Other time (%)     -0.175569360988835(    -45.798187398742265)

