Concurrent Atomistic-Continuum (CAC) Simulator
Author: Shuozhi Xu (Georgia Institute of Technology)
Version: 1.0

There are             298 elements            2384 nodes          160784 atoms, and           35520 cells

The system contains               1 grains

The lattice space of               1 grain is
x     4.96021673 y     2.86378246 z     7.01480577

The unit length of               1 grain is
x     3.30681115 y     5.72756493 z     2.33826859

The boundaries of               1 grain are (Angstrom)
x from   -40.09508523 to   389.79036463 length is   429.88544986
y from    -0.71594562 to   520.49246280 length is   521.20840841
z from   -29.22835738 to    31.56662597 length is    60.79498335

The boundary conditions are
s        in the x direction
s        in the y direction
s        in the z direction

The box boundaries/lengths are (Angstrom)
x from   -40.09508523 to   389.79036463 length is   429.88544986
y from    -0.71594562 to   520.49246280 length is   521.20840841
z from   -29.22835738 to    31.56662597 length is    60.79498335

The lattice_space_max are
x     4.96021673 y     2.86378246 z     7.01480577

The box contains number of lattice_space_max
x    86.66666667 y   182.00000000 z     8.66666667

In coarse-grained domain, there are             298 elements with            2384 and nodes

There are               1 element types

The               1 type contains            2197 atoms per element

In atomistic domain, there are          160784 atoms

There are          654706 atomaps in mapping configuration

The unit cell volume is    16.60753125 Angstrom^3

The lattice name is Al       type is fcc      the lattice parameters are (Angstrom)

x     4.05000000 y     4.05000000 z     4.05000000

The atomic mass is    26.98150000 g/mol

The potential type is eam     

The cutoff radius are     6.28658128 and     7.28658128 Angstrom

There are               3 modify

The               1 modify style is delete  

The               1 modify shape is cylinder

Group/Modify               1 is inside the bound

Group/Modify               1 is bounded along
               3 direction from   -29.22835738 to    31.56662597
its centroid axis is at   140.16408497,    199.74882685, and   -22.21355161
its radius is     14.02961154

The               2 modify style is delete  

The               2 modify shape is cylinder

Group/Modify               2 is inside the bound

Group/Modify               2 is bounded along
               3 direction from   -29.22835738 to    31.56662597
its centroid axis is at   197.20657736,    199.74882685, and   -22.21355161
its radius is     14.02961154

The               3 modify style is cg2at   

The               3 modify shape is block   

Group/Modify               3 is inside the bound

Group/Modify               3 has boundary/length
x from   125.28343478 to   214.56733591 length is    89.28390112
y from   191.15747946 to   208.34017424 length is    17.18269478
z from   -29.22835738 to    31.56662597 length is    60.79498335

The output is done every             500 step
The reduce is done every             500 step
The restart is done every            1000 step

The given temperature is    10.00000000 k

There are               8 groups:

Group               1 has             155 elements            1240 nodes and           67301 atoms

Group               1 has velocity     0.00000000     0.00000000     0.00000000

Group               1 has shape block    and it is in unit of node     in coarse-grained and atom     in atomistic domain, respectively

Group/Modify               1 is inside the bound

Group/Modify               1 has boundary/length
x from   -40.09508523 to   389.79036463 length is   429.88544986
y from    -0.71594562 to   520.49246280 length is   521.20840841
z from   -29.22835738 to     0.93530744 length is    30.16366481

Group               2 has              73 elements             584 nodes and           37180 atoms

Group               2 has velocity     0.00000000     0.00000000     0.00000000

Group               2 has shape block    and it is in unit of node     in coarse-grained and atom     in atomistic domain, respectively

Group/Modify               2 is inside the bound

Group/Modify               2 has boundary/length
x from   -48.32415074 to   152.56462679 length is   200.88877753
y from    -0.71594562 to   520.49246280 length is   521.20840841
z from     0.93530744 to    31.56662597 length is    30.63131853

Group               3 has               3 elements              24 nodes and            4901 atoms

Group               3 has velocity     0.00000000     4.00000000     0.00000000

Group               3 has shape block    and it is in unit of node     in coarse-grained and atom     in atomistic domain, respectively

Group/Modify               3 is inside the bound

Group/Modify               3 has boundary/length
x from   152.56462679 to   183.31797051 length is    30.75334372
y from    -0.71594562 to   194.02126192 length is   194.73720754
z from     0.93530744 to    31.56662597 length is    30.63131853

Group               4 has              61 elements             488 nodes and           45318 atoms

Group               4 has velocity     0.00000000     0.00000000     0.00000000

Group               4 has shape block    and it is in unit of node     in coarse-grained and atom     in atomistic domain, respectively

Group/Modify               4 is inside the bound

Group/Modify               4 has boundary/length
x from   183.31797051 to   377.24094204 length is   193.92297153
y from    -0.71594562 to   520.49246280 length is   521.20840841
z from     0.93530744 to    31.56662597 length is    30.63131853

Group               5 has              48 elements             294 nodes and           32994 atoms

Group               5 has velocity     0.00000000     0.00000000     0.00000000

Group               5 has shape block    and it is in unit of node     in coarse-grained and atom     in atomistic domain, respectively

Group/Modify               5 is inside the bound

Group/Modify               5 has boundary/length
x from   -40.09508523 to   389.79036463 length is   429.88544986
y from   371.57577468 to   520.49246280 length is   148.91668812
z from     0.93530744 to    31.56662597 length is    30.63131853

Group               6 has               0 elements               0 nodes and            2470 atoms

Group               6 has velocity     0.00000000     0.00000000     0.00000000

Group               6 has shape block    and it is in unit of null     in coarse-grained and atom     in atomistic domain, respectively

Group/Modify               6 is inside the bound

Group/Modify               6 has boundary/length
x from   125.28343478 to   214.56733591 length is    89.28390112
y from   191.15747946 to   208.34017424 length is    17.18269478
z from   -29.22835738 to    31.56662597 length is    60.79498335

Group               7 has             155 elements             620 nodes and            6217 atoms

Group               7 has velocity     0.00000000     0.00000000     0.00000000

Group               7 has shape block    and it is in unit of node     in coarse-grained and atom     in atomistic domain, respectively

Group/Modify               7 is inside the bound

Group/Modify               7 has boundary/length
x from   -40.09508523 to   389.79036463 length is   429.88544986
y from    -0.71594562 to   520.49246280 length is   521.20840841
z from   -29.22835738 to   -25.72095449 length is     3.50740289

Group               8 has             143 elements             572 nodes and            7135 atoms

Group               8 has velocity     0.00000000     0.00000000     0.00000000

Group               8 has shape block    and it is in unit of node     in coarse-grained and atom     in atomistic domain, respectively

Group/Modify               8 is inside the bound

Group/Modify               8 has boundary/length
x from   -40.09508523 to   389.79036463 length is   429.88544986
y from    -0.71594562 to   520.49246280 length is   521.20840841
z from    28.05945691 to    31.56662597 length is     3.50716906

timestep and time
               0     0.00000000 ps

in the coarse-grained domain

average/maximum/minimum energy (eV) per node is    -3.33002729    -3.28014312 and    -3.35969562

ave velocity (Angstrom/ps) is     0.00000000     0.00000000     0.00000000

total force (eV/Angstrom) is    -0.05191171     0.01069393     0.20793178

average/maximum/minimum number of neighbor atoms per intpo is    76.36166443              86 and              26

average/maximum/minimum host electron density per intpo is     0.94327528     1.00000712 and     0.41037170

in the atomistic domain

average/maximum/minimum energy (eV) per atom is    -3.28177230    -1.90627190 and    -3.36185119

ave velocity (Angstrom/ps) is     0.00000000     0.00000000     0.00000000

total force (eV/Angstrom) is   -25.98680119    -0.51409438   -30.20722698

average/maximum/minimum number of neighbor atoms per atom is    77.36368047              86 and              16

average/maximum/minimum host electron density per atom is     0.94427395     1.00000712 and     0.24141493

in total

total force (eV/Angstrom) is   -26.03871290    -0.50340045   -29.99929519

ave velocity (Angstrom/ps) is     0.00000000     0.00000000     0.00000000

ave kinetic energy (eV) is      0.00000000

global force vector length (eV/Angstrom) is    16.38534964

maximum force (eV/Angstrom) is      0.26473982

average/maximum/minimum number of neighbor cells per cell is    24.70900901              27 and              14

average/maximum/minimum number of atomps per cell is    25.72567568              90 and               0

box boundaries/lengths are (Angstrom)
x from   -40.09508523 to   389.79036463 length is   429.88544986
y from    -0.71594562 to   520.49246280 length is   521.20840841
z from   -29.22835738 to    31.56662597 length is    60.79498335

center of mass (Angstrom) is at   174.80387308   260.24122103     1.16678596

quasi-statics using cg       at timestep               1

dynamics using ld       at timestep             100

dynamics using ld       at timestep             200

Update neighbor list at             200

quasi-statics using cg       at timestep             200

dynamics using ld       at timestep             300

dynamics using ld       at timestep             400

Update neighbor list at             400

quasi-statics using cg       at timestep             400

dynamics using ld       at timestep             500

timestep and time
             500     1.00000000 ps

in the coarse-grained domain

average/maximum/minimum energy (eV) per node is    -3.33000827    -3.27963626 and    -3.36001420

ave velocity (Angstrom/ps) is    -0.00090656    -0.00015186     0.00053877

total force (eV/Angstrom) is    -1.73352856    -1.33085016     3.59899714

average/maximum/minimum number of neighbor atoms per intpo is    76.36053691              89 and              22

average/maximum/minimum host electron density per intpo is     0.94419047     1.02394575 and     0.25371365

in the atomistic domain

average/maximum/minimum energy (eV) per atom is    -3.28141678    -2.00952973 and    -3.37719995

ave velocity (Angstrom/ps) is     0.00026155     0.02498282    -0.00014695

total force (eV/Angstrom) is    -7.99139175   -24.25495418   -66.20508529

average/maximum/minimum number of neighbor atoms per atom is    77.52212907             108 and              19

average/maximum/minimum host electron density per atom is     0.94747988     1.06360887 and     0.28217578

in total

total force (eV/Angstrom) is    -9.72492031   -25.58580433   -62.60608815

ave velocity (Angstrom/ps) is     0.00024448     0.02461559    -0.00013693

ave kinetic energy (eV) is      0.00010859

global force vector length (eV/Angstrom) is    52.15159719

maximum force (eV/Angstrom) is      0.85160616

average/maximum/minimum number of neighbor cells per cell is    24.70900901              27 and              14

average/maximum/minimum number of atomps per cell is    25.72550676              90 and               0

box boundaries/lengths are (Angstrom)
x from   -40.09508523 to   389.79036463 length is   429.88544986
y from    -0.71594562 to   520.49246280 length is   521.20840841
z from   -29.22835738 to    31.56662597 length is    60.79498335

center of mass (Angstrom) is at   174.80389517   260.24119590     1.16680608

dynamics using ld       at timestep             600

Update neighbor list at             600

quasi-statics using cg       at timestep             600

dynamics using ld       at timestep             700

dynamics using ld       at timestep             800

Update neighbor list at             800

quasi-statics using cg       at timestep             800

dynamics using ld       at timestep             900

dynamics using ld       at timestep            1000

Update neighbor list at            1000

quasi-statics using cg       at timestep            1000

timestep and time
            1000     2.00000000 ps

in the coarse-grained domain

average/maximum/minimum energy (eV) per node is    -3.32917508    -3.27878404 and    -3.35976619

ave velocity (Angstrom/ps) is    -0.01054612     0.00294135     0.00013830

total force (eV/Angstrom) is     0.12322871     0.14319403     0.05544644

average/maximum/minimum number of neighbor atoms per intpo is    76.36354362              90 and              22

average/maximum/minimum host electron density per intpo is     0.94382648     1.03264366 and     0.25613138

in the atomistic domain

average/maximum/minimum energy (eV) per atom is    -3.28061390    -2.01832591 and    -3.38961079

ave velocity (Angstrom/ps) is    -0.00402474    -0.00158732     0.00001273

total force (eV/Angstrom) is    -5.23851123   -68.26991638   -11.29845724

average/maximum/minimum number of neighbor atoms per atom is    77.45612126             102 and              19

average/maximum/minimum host electron density per atom is     0.94703682     1.04177839 and     0.28366646

in total

total force (eV/Angstrom) is    -5.11528252   -68.12672235   -11.24301080

ave velocity (Angstrom/ps) is    -0.00412002    -0.00152115     0.00001456

ave kinetic energy (eV) is      0.00072496

global force vector length (eV/Angstrom) is    58.92959515

maximum force (eV/Angstrom) is      0.32990458

average/maximum/minimum number of neighbor cells per cell is    24.70900901              27 and              14

average/maximum/minimum number of atomps per cell is    25.73400901              90 and               0

box boundaries/lengths are (Angstrom)
x from   -40.09508523 to   389.79036463 length is   429.88544986
y from    -0.83924516 to   520.49246280 length is   521.20840841
z from   -29.22835738 to    31.56662597 length is    60.79498335

center of mass (Angstrom) is at   174.80381919   260.24112731     1.16680695

dynamics using ld       at timestep            1100

dynamics using ld       at timestep            1200

quasi-statics using cg       at timestep            1200

dynamics using ld       at timestep            1300

dynamics using ld       at timestep            1400

Update neighbor list at            1400

quasi-statics using cg       at timestep            1400

dynamics using ld       at timestep            1500

timestep and time
            1500     3.00000000 ps

in the coarse-grained domain

average/maximum/minimum energy (eV) per node is    -3.32742797    -3.27664567 and    -3.35805670

ave velocity (Angstrom/ps) is    -0.00016636     0.01458659     0.00011736

total force (eV/Angstrom) is     2.37164792     6.00448719     0.78399946

average/maximum/minimum number of neighbor atoms per intpo is    76.37331544              91 and              22

average/maximum/minimum host electron density per intpo is     0.94329348     1.03510721 and     0.25822582

in the atomistic domain

average/maximum/minimum energy (eV) per atom is    -3.27879608    -2.03269169 and    -3.37718953

ave velocity (Angstrom/ps) is    -0.00140536     0.00866321    -0.00008601

total force (eV/Angstrom) is     8.52197972  -121.18830351   -38.74958014

average/maximum/minimum number of neighbor atoms per atom is    77.46950567             103 and              19

average/maximum/minimum host electron density per atom is     0.94650900     1.04123856 and     0.28862914

in total

total force (eV/Angstrom) is    10.89362764  -115.18381631   -37.96558068

ave velocity (Angstrom/ps) is    -0.00138726     0.00874976    -0.00008304

ave kinetic energy (eV) is      0.00071749

global force vector length (eV/Angstrom) is    59.39823875

maximum force (eV/Angstrom) is      0.40905574

average/maximum/minimum number of neighbor cells per cell is    24.70900901              27 and              14

average/maximum/minimum number of atomps per cell is    25.77207207              90 and               0

box boundaries/lengths are (Angstrom)
x from   -40.09508523 to   389.79036463 length is   429.88544986
y from    -1.30107621 to   520.92844357 length is   521.20840841
z from   -29.22835738 to    31.56662597 length is    60.79498335

center of mass (Angstrom) is at   174.80390680   260.24132527     1.16685923

dynamics using ld       at timestep            1600

quasi-statics using cg       at timestep            1600

dynamics using ld       at timestep            1700

dynamics using ld       at timestep            1800

Update neighbor list at            1800

quasi-statics using cg       at timestep            1800

dynamics using ld       at timestep            1900

dynamics using ld       at timestep            2000

Update neighbor list at            2000

quasi-statics using cg       at timestep            2000

timestep and time
            2000     4.00000000 ps

in the coarse-grained domain

average/maximum/minimum energy (eV) per node is    -3.32457151    -3.27318974 and    -3.35529638

ave velocity (Angstrom/ps) is     0.01074072    -0.00448739    -0.00001400

total force (eV/Angstrom) is     0.10338384     0.80114753     0.08061185

average/maximum/minimum number of neighbor atoms per intpo is    76.43911409              93 and              22

average/maximum/minimum host electron density per intpo is     0.94234592     1.03182086 and     0.26102090

in the atomistic domain

average/maximum/minimum energy (eV) per atom is    -3.27636325    -2.04241013 and    -3.37212651

ave velocity (Angstrom/ps) is    -0.00178413    -0.01168024    -0.00001403

total force (eV/Angstrom) is    14.68298276  -182.57567517    -4.66123147

average/maximum/minimum number of neighbor atoms per atom is    77.52270748             101 and              19

average/maximum/minimum host electron density per atom is     0.94605189     1.04646841 and     0.29336855

in total

total force (eV/Angstrom) is    14.78636660  -181.77452764    -4.58061962

ave velocity (Angstrom/ps) is    -0.00160114    -0.01157515    -0.00001403

ave kinetic energy (eV) is      0.00078761

global force vector length (eV/Angstrom) is    60.52155108

maximum force (eV/Angstrom) is      0.35718913

average/maximum/minimum number of neighbor cells per cell is    24.71008772              27 and              14

average/maximum/minimum number of atomps per cell is    25.07579496              89 and               0

box boundaries/lengths are (Angstrom)
x from   -40.09508523 to   389.79036463 length is   429.88544986
y from    -1.97344051 to   521.58572700 length is   521.20840841
z from   -29.22835738 to    31.56662597 length is    60.79498335

center of mass (Angstrom) is at   174.80384521   260.24117594     1.16678300

dynamics using ld       at timestep            2100

dynamics using ld       at timestep            2200

Update neighbor list at            2200

quasi-statics using cg       at timestep            2200

dynamics using ld       at timestep            2300

dynamics using ld       at timestep            2400

Update neighbor list at            2400

quasi-statics using cg       at timestep            2400

dynamics using ld       at timestep            2500

timestep and time
            2500     5.00000000 ps

in the coarse-grained domain

average/maximum/minimum energy (eV) per node is    -3.32046732    -3.26814808 and    -3.35135031

ave velocity (Angstrom/ps) is     0.00496355     0.00331934     0.00087641

total force (eV/Angstrom) is    -1.57841417     1.34275778     5.85442002

average/maximum/minimum number of neighbor atoms per intpo is    76.67291275              94 and              23

average/maximum/minimum host electron density per intpo is     0.94140534     1.03824069 and     0.26366899

in the atomistic domain

average/maximum/minimum energy (eV) per atom is    -3.27265070    -2.04585944 and    -3.37124632

ave velocity (Angstrom/ps) is    -0.00039050     0.00029880    -0.00003869

total force (eV/Angstrom) is    26.08021063  -161.47688606   -17.42967130

average/maximum/minimum number of neighbor atoms per atom is    77.81755647             102 and              19

average/maximum/minimum host electron density per atom is     0.94515778     1.04754924 and     0.29354378

in total

total force (eV/Angstrom) is    24.50179646  -160.13412828   -11.57525129

ave velocity (Angstrom/ps) is    -0.00031227     0.00034293    -0.00002532

ave kinetic energy (eV) is      0.00072363

global force vector length (eV/Angstrom) is    60.72613643

maximum force (eV/Angstrom) is      0.47318455

average/maximum/minimum number of neighbor cells per cell is    24.71008772              27 and              14

average/maximum/minimum number of atomps per cell is    25.09240680              90 and               0

box boundaries/lengths are (Angstrom)
x from   -40.09508523 to   389.79036463 length is   429.88544986
y from    -2.40862565 to   522.03729871 length is   521.20840841
z from   -29.22835738 to    31.56662597 length is    60.79498335

center of mass (Angstrom) is at   174.80397334   260.24122192     1.16670934

The deformation gradient is reversed

dynamics using ld       at timestep            2600

quasi-statics using cg       at timestep            2600

Update neighbor list at            2600

dynamics using ld       at timestep            2700

dynamics using ld       at timestep            2800

Update neighbor list at            2800

quasi-statics using cg       at timestep            2800

dynamics using ld       at timestep            2900

dynamics using ld       at timestep            3000

Update neighbor list at            3000

quasi-statics using cg       at timestep            3000

timestep and time
            3000     6.00000000 ps

in the coarse-grained domain

average/maximum/minimum energy (eV) per node is    -3.32452826    -3.27195198 and    -3.35771082

ave velocity (Angstrom/ps) is    -0.01811000    -0.00422532     0.00037053

total force (eV/Angstrom) is     0.20869345     0.73694891     0.13653826

average/maximum/minimum number of neighbor atoms per intpo is    76.45030872              94 and              22

average/maximum/minimum host electron density per intpo is     0.94270457     1.03124600 and     0.26298379

in the atomistic domain

average/maximum/minimum energy (eV) per atom is    -3.27673323    -2.05698856 and    -3.37033058

ave velocity (Angstrom/ps) is     0.00055321    -0.01762858     0.00001115

total force (eV/Angstrom) is    -6.06396609  -204.08696450   -37.29830645

average/maximum/minimum number of neighbor atoms per atom is    77.47487312             101 and              19

average/maximum/minimum host electron density per atom is     0.94599747     1.03638350 and     0.29505163

in total

total force (eV/Angstrom) is    -5.85527264  -203.35001559   -37.16176820

ave velocity (Angstrom/ps) is     0.00028053    -0.01743275     0.00001640

ave kinetic energy (eV) is      0.00077957

global force vector length (eV/Angstrom) is    60.49010823

maximum force (eV/Angstrom) is      0.29333710

average/maximum/minimum number of neighbor cells per cell is    24.71008772              27 and              14

average/maximum/minimum number of atomps per cell is    25.07393092              90 and               0

box boundaries/lengths are (Angstrom)
x from   -40.09508523 to   389.79036463 length is   429.88544986
y from    -2.40862565 to   522.03729871 length is   521.20840841
z from   -29.22835738 to    31.56662597 length is    60.79498335

center of mass (Angstrom) is at   174.80388471   260.24111920     1.16684776

The deformation gradient is reversed

dynamics using ld       at timestep            3100

dynamics using ld       at timestep            3200

Update neighbor list at            3200

quasi-statics using cg       at timestep            3200

dynamics using ld       at timestep            3300

dynamics using ld       at timestep            3400

quasi-statics using cg       at timestep            3400

dynamics using ld       at timestep            3500

timestep and time
            3500     7.00000000 ps

in the coarse-grained domain

average/maximum/minimum energy (eV) per node is    -3.32053038    -3.26756173 and    -3.35523154

ave velocity (Angstrom/ps) is     0.00731520    -0.01230425    -0.00017778

total force (eV/Angstrom) is    -1.81411833     4.84951463    -1.18755189

average/maximum/minimum number of neighbor atoms per intpo is    76.51830872              95 and              23

average/maximum/minimum host electron density per intpo is     0.94143876     1.03992174 and     0.26618349

in the atomistic domain

average/maximum/minimum energy (eV) per atom is    -3.27302772    -2.06654056 and    -3.37255032

ave velocity (Angstrom/ps) is    -0.00091016     0.00361068    -0.00010583

total force (eV/Angstrom) is     5.73109585  -277.01016320   -47.67998270

average/maximum/minimum number of neighbor atoms per atom is    77.53708080             100 and              19

average/maximum/minimum host electron density per atom is     0.94521263     1.04067267 and     0.29608260

in total

total force (eV/Angstrom) is     3.91697752  -272.16064857   -48.86753459

ave velocity (Angstrom/ps) is    -0.00078998     0.00337815    -0.00010688

ave kinetic energy (eV) is      0.00072700

global force vector length (eV/Angstrom) is    60.48363706

maximum force (eV/Angstrom) is      0.40829036

average/maximum/minimum number of neighbor cells per cell is    24.71008772              27 and              14

average/maximum/minimum number of atomps per cell is    25.07669956              90 and               0

box boundaries/lengths are (Angstrom)
x from   -40.09508523 to   389.79036463 length is   429.88544986
y from    -2.40862565 to   522.03729871 length is   521.20840841
z from   -29.22835738 to    31.56662597 length is    60.79498335

center of mass (Angstrom) is at   174.80370923   260.24109012     1.16692592

The deformation gradient is reversed

dynamics using ld       at timestep            3600

Update neighbor list at            3600

quasi-statics using cg       at timestep            3600

dynamics using ld       at timestep            3700

dynamics using ld       at timestep            3800

Update neighbor list at            3800

quasi-statics using cg       at timestep            3800

dynamics using ld       at timestep            3900

dynamics using ld       at timestep            4000

Update neighbor list at            4000

quasi-statics using cg       at timestep            4000

timestep and time
            4000     8.00000000 ps

in the coarse-grained domain

average/maximum/minimum energy (eV) per node is    -3.32454607    -3.27273591 and    -3.35793853

ave velocity (Angstrom/ps) is     0.00322237     0.01180363     0.00019724

total force (eV/Angstrom) is     0.32016333     0.77020857     0.19040002

average/maximum/minimum number of neighbor atoms per intpo is    76.46107383              95 and              23

average/maximum/minimum host electron density per intpo is     0.94251471     1.03342725 and     0.26352119

in the atomistic domain

average/maximum/minimum energy (eV) per atom is    -3.27694429    -2.06783922 and    -3.37426065

ave velocity (Angstrom/ps) is     0.00607905    -0.01306507    -0.00012149

total force (eV/Angstrom) is   -24.73476397  -186.51946833   -33.52181261

average/maximum/minimum number of neighbor atoms per atom is    77.45446686             102 and              19

average/maximum/minimum host electron density per atom is     0.94610158     1.03346347 and     0.29705649

in total

total force (eV/Angstrom) is   -24.41460064  -185.74925976   -33.33141259

ave velocity (Angstrom/ps) is     0.00603731    -0.01270172    -0.00011683

ave kinetic energy (eV) is      0.00078784

global force vector length (eV/Angstrom) is    60.19986868

maximum force (eV/Angstrom) is      0.41720760

average/maximum/minimum number of neighbor cells per cell is    24.71008772              27 and              14

average/maximum/minimum number of atomps per cell is    25.07382127              90 and               0

box boundaries/lengths are (Angstrom)
x from   -40.09508523 to   389.79036463 length is   429.88544986
y from    -2.40862565 to   522.03729871 length is   521.20840841
z from   -29.22835738 to    31.56662597 length is    60.79498335

center of mass (Angstrom) is at   174.80385812   260.24113298     1.16681337

The deformation gradient is reversed

dynamics using ld       at timestep            4100

dynamics using ld       at timestep            4200

quasi-statics using cg       at timestep            4200

dynamics using ld       at timestep            4300

dynamics using ld       at timestep            4400

Update neighbor list at            4400

quasi-statics using cg       at timestep            4400

dynamics using ld       at timestep            4500

timestep and time
            4500     9.00000000 ps

in the coarse-grained domain

average/maximum/minimum energy (eV) per node is    -3.32056550    -3.26776406 and    -3.35553845

ave velocity (Angstrom/ps) is    -0.00164731    -0.00312358     0.00029222

total force (eV/Angstrom) is    -1.21517296    -4.12985108     1.95206257

average/maximum/minimum number of neighbor atoms per intpo is    76.65489933              95 and              24

average/maximum/minimum host electron density per intpo is     0.94137126     1.03385533 and     0.26654559

in the atomistic domain

average/maximum/minimum energy (eV) per atom is    -3.27333310    -2.05960391 and    -3.37117916

ave velocity (Angstrom/ps) is    -0.00136638     0.00364736    -0.00021037

total force (eV/Angstrom) is   -40.81717291  -232.05969432   -94.77441219

average/maximum/minimum number of neighbor atoms per atom is    77.71374017             100 and              19

average/maximum/minimum host electron density per atom is     0.94513794     1.02945476 and     0.29285620

in total

total force (eV/Angstrom) is   -42.03234587  -236.18954539   -92.82234962

ave velocity (Angstrom/ps) is    -0.00137048     0.00354843    -0.00020302

ave kinetic energy (eV) is      0.00073184

global force vector length (eV/Angstrom) is    60.17994172

maximum force (eV/Angstrom) is      0.46239537

average/maximum/minimum number of neighbor cells per cell is    24.71008772              27 and              14

average/maximum/minimum number of atomps per cell is    25.09210526              90 and               0

box boundaries/lengths are (Angstrom)
x from   -40.09508523 to   389.79036463 length is   429.88544986
y from    -2.40862565 to   522.03729871 length is   521.20840841
z from   -29.22835738 to    31.56662597 length is    60.79498335

center of mass (Angstrom) is at   174.80396007   260.24123721     1.16669357

The deformation gradient is reversed

dynamics using ld       at timestep            4600

Update neighbor list at            4600

quasi-statics using cg       at timestep            4600

dynamics using ld       at timestep            4700

dynamics using ld       at timestep            4800

Update neighbor list at            4800

quasi-statics using cg       at timestep            4800

dynamics using ld       at timestep            4900

dynamics using ld       at timestep            5000

Update neighbor list at            5000

quasi-statics using cg       at timestep            5000

timestep and time
            5000    10.00000000 ps

in the coarse-grained domain

average/maximum/minimum energy (eV) per node is    -3.32457755    -3.27256862 and    -3.35715666

ave velocity (Angstrom/ps) is    -0.00640593    -0.01347197     0.00003542

total force (eV/Angstrom) is     0.17335924     0.63453319     0.07418428

average/maximum/minimum number of neighbor atoms per intpo is    76.45135570              94 and              23

average/maximum/minimum host electron density per intpo is     0.94244793     1.04111240 and     0.26445466

in the atomistic domain

average/maximum/minimum energy (eV) per atom is    -3.27717805    -2.06995735 and    -3.37057480

ave velocity (Angstrom/ps) is     0.02009948    -0.00265433    -0.00014935

total force (eV/Angstrom) is     9.18120515  -156.03570329   -32.28231531

average/maximum/minimum number of neighbor atoms per atom is    77.45135710             102 and              19

average/maximum/minimum host electron density per atom is     0.94635017     1.03327994 and     0.29790424

in total

total force (eV/Angstrom) is     9.35456439  -155.40117010   -32.20813103

ave velocity (Angstrom/ps) is     0.01971222    -0.00281238    -0.00014665

ave kinetic energy (eV) is      0.00078868

global force vector length (eV/Angstrom) is    60.03179759

maximum force (eV/Angstrom) is      0.48784679

average/maximum/minimum number of neighbor cells per cell is    24.71008772              27 and              14

average/maximum/minimum number of atomps per cell is    25.07384868              90 and               0

box boundaries/lengths are (Angstrom)
x from   -40.09508523 to   389.79036463 length is   429.88544986
y from    -2.40862565 to   522.03729871 length is   521.20840841
z from   -29.22835738 to    31.56662597 length is    60.79498335

center of mass (Angstrom) is at   174.80387330   260.24127338     1.16678576

The deformation gradient is reversed

dynamics using ld       at timestep            5100

dynamics using ld       at timestep            5200

Update neighbor list at            5200

quasi-statics using cg       at timestep            5200

dynamics using ld       at timestep            5300

dynamics using ld       at timestep            5400

Update neighbor list at            5400

quasi-statics using cg       at timestep            5400

dynamics using ld       at timestep            5500

timestep and time
            5500    11.00000000 ps

in the coarse-grained domain

average/maximum/minimum energy (eV) per node is    -3.32061200    -3.26788028 and    -3.35501684

ave velocity (Angstrom/ps) is    -0.00919409     0.00056381     0.00058139

total force (eV/Angstrom) is    -2.70660894    -2.39171216     3.88369171

average/maximum/minimum number of neighbor atoms per intpo is    76.68373154              95 and              24

average/maximum/minimum host electron density per intpo is     0.94144640     1.03876649 and     0.26656166

in the atomistic domain

average/maximum/minimum energy (eV) per atom is    -3.27368990    -2.06371767 and    -3.37457614

ave velocity (Angstrom/ps) is     0.00597819    -0.00886881    -0.00001936

total force (eV/Angstrom) is    11.42926231  -202.10621795    -8.72130601

average/maximum/minimum number of neighbor atoms per atom is    77.66909021              99 and              19

average/maximum/minimum host electron density per atom is     0.94536079     1.03111671 and     0.29668006

in total

total force (eV/Angstrom) is     8.72265337  -204.49793010    -4.83761429

ave velocity (Angstrom/ps) is     0.00575651    -0.00873099    -0.00001058

ave kinetic energy (eV) is      0.00073063

global force vector length (eV/Angstrom) is    59.97208548

maximum force (eV/Angstrom) is      0.41283636

average/maximum/minimum number of neighbor cells per cell is    24.71008772              27 and              14

average/maximum/minimum number of atomps per cell is    25.09240680              90 and               0

box boundaries/lengths are (Angstrom)
x from   -40.09508523 to   389.79036463 length is   429.88544986
y from    -2.40862565 to   522.03729871 length is   521.20840841
z from   -29.22835738 to    31.56662597 length is    60.79498335

center of mass (Angstrom) is at   174.80385144   260.24125024     1.16683289

dynamics using ld       at timestep            5600

Update neighbor list at            5600

quasi-statics using cg       at timestep            5600

dynamics using ld       at timestep            5700

dynamics using ld       at timestep            5800

Update neighbor list at            5800

quasi-statics using cg       at timestep            5800

dynamics using ld       at timestep            5900

dynamics using ld       at timestep            6000

Update neighbor list at            6000

quasi-statics using cg       at timestep            6000

timestep and time
            6000    12.00000000 ps

in the coarse-grained domain

average/maximum/minimum energy (eV) per node is    -3.31563345    -3.26067724 and    -3.35438630

ave velocity (Angstrom/ps) is     0.00390815     0.00456535    -0.00036104

total force (eV/Angstrom) is     0.26504919     1.14648585     0.19321164

average/maximum/minimum number of neighbor atoms per intpo is    78.06910067              96 and              25

average/maximum/minimum host electron density per intpo is     0.94031666     1.03335724 and     0.27030790

in the atomistic domain

average/maximum/minimum energy (eV) per atom is    -3.26964255    -2.06528075 and    -3.37053009

ave velocity (Angstrom/ps) is    -0.00525792    -0.01588103    -0.00007268

total force (eV/Angstrom) is    52.33513973  -256.05372448   -41.24677062

average/maximum/minimum number of neighbor atoms per atom is    78.93188377              99 and              19

average/maximum/minimum host electron density per atom is     0.94455043     1.03236448 and     0.29654146

in total

total force (eV/Angstrom) is    52.60018892  -254.90723863   -41.05355898

ave velocity (Angstrom/ps) is    -0.00512400    -0.01558229    -0.00007689

ave kinetic energy (eV) is      0.00079326

global force vector length (eV/Angstrom) is    61.43849497

maximum force (eV/Angstrom) is      0.41601074

average/maximum/minimum number of neighbor cells per cell is    24.71008772              27 and              14

average/maximum/minimum number of atomps per cell is    25.08218202              87 and               0

box boundaries/lengths are (Angstrom)
x from   -40.09508523 to   389.79036463 length is   429.88544986
y from    -2.97421897 to   522.57718539 length is   521.20840841
z from   -29.22835738 to    31.56662597 length is    60.79498335

center of mass (Angstrom) is at   174.80386647   260.24120160     1.16671923

The deformation gradient is reversed

dynamics using ld       at timestep            6100

dynamics using ld       at timestep            6200

Update neighbor list at            6200

quasi-statics using cg       at timestep            6200

dynamics using ld       at timestep            6300

dynamics using ld       at timestep            6400

Update neighbor list at            6400

quasi-statics using cg       at timestep            6400

dynamics using ld       at timestep            6500

timestep and time
            6500    13.00000000 ps

in the coarse-grained domain

average/maximum/minimum energy (eV) per node is    -3.32099230    -3.26647039 and    -3.35833505

ave velocity (Angstrom/ps) is     0.00603919     0.01285556     0.00036975

total force (eV/Angstrom) is     3.84701652     3.20499106     2.46991953

average/maximum/minimum number of neighbor atoms per intpo is    77.26842953              96 and              24

average/maximum/minimum host electron density per intpo is     0.94156847     1.04105695 and     0.26798605

in the atomistic domain

average/maximum/minimum energy (eV) per atom is    -3.27392703    -2.06767459 and    -3.37316562

ave velocity (Angstrom/ps) is    -0.01704705     0.01488085    -0.00032495

total force (eV/Angstrom) is   -16.89254828  -179.61704638  -146.39825690

average/maximum/minimum number of neighbor atoms per atom is    78.00509379              99 and              19

average/maximum/minimum host electron density per atom is     0.94544333     1.02917841 and     0.29702997

in total

total force (eV/Angstrom) is   -13.04553176  -176.41205531  -143.92833737

ave velocity (Angstrom/ps) is    -0.01670975     0.01485126    -0.00031480

ave kinetic energy (eV) is      0.00075318

global force vector length (eV/Angstrom) is    59.79098205

maximum force (eV/Angstrom) is      0.77186372

average/maximum/minimum number of neighbor cells per cell is    24.71008772              27 and              14

average/maximum/minimum number of atomps per cell is    25.08802083              87 and               0

box boundaries/lengths are (Angstrom)
x from   -40.09508523 to   389.79036463 length is   429.88544986
y from    -2.97421897 to   522.57718539 length is   521.20840841
z from   -29.22835738 to    31.56662597 length is    60.79498335

center of mass (Angstrom) is at   174.80369292   260.24108946     1.16675026

dynamics using ld       at timestep            6600

Update neighbor list at            6600

quasi-statics using cg       at timestep            6600

dynamics using ld       at timestep            6700

dynamics using ld       at timestep            6800

Update neighbor list at            6800

quasi-statics using cg       at timestep            6800

dynamics using ld       at timestep            6900

dynamics using ld       at timestep            7000

Update neighbor list at            7000

quasi-statics using cg       at timestep            7000

timestep and time
            7000    14.00000000 ps

in the coarse-grained domain

average/maximum/minimum energy (eV) per node is    -3.32490310    -3.27161984 and    -3.35960006

ave velocity (Angstrom/ps) is     0.00392222    -0.00008677    -0.00050310

total force (eV/Angstrom) is     0.35967274     0.51751495     0.25267187

average/maximum/minimum number of neighbor atoms per intpo is    76.55492617              94 and              23

average/maximum/minimum host electron density per intpo is     0.94254847     1.04191244 and     0.26451263

in the atomistic domain

average/maximum/minimum energy (eV) per atom is    -3.27763170    -2.07187710 and    -3.37763483

ave velocity (Angstrom/ps) is     0.00434535     0.00616958    -0.00022072

total force (eV/Angstrom) is   -45.39861153  -111.49525124   -66.32383975

average/maximum/minimum number of neighbor atoms per atom is    77.43307792              99 and              19

average/maximum/minimum host electron density per atom is     0.94671136     1.03568918 and     0.30043528

in total

total force (eV/Angstrom) is   -45.03893879  -110.97773629   -66.07116788

ave velocity (Angstrom/ps) is     0.00433917     0.00607817    -0.00022485

ave kinetic energy (eV) is      0.00081063

global force vector length (eV/Angstrom) is    60.17378490

maximum force (eV/Angstrom) is      0.57122599

average/maximum/minimum number of neighbor cells per cell is    24.71008772              27 and              14

average/maximum/minimum number of atomps per cell is    25.07201206              90 and               0

box boundaries/lengths are (Angstrom)
x from   -40.09508523 to   389.79036463 length is   429.88544986
y from    -2.97421897 to   522.57718539 length is   521.20840841
z from   -29.22835738 to    31.56662597 length is    60.79498335

center of mass (Angstrom) is at   174.80385627   260.24118540     1.16669471

The deformation gradient is reversed

dynamics using ld       at timestep            7100

dynamics using ld       at timestep            7200

Update neighbor list at            7200

quasi-statics using cg       at timestep            7200

dynamics using ld       at timestep            7300

dynamics using ld       at timestep            7400

Update neighbor list at            7400

quasi-statics using cg       at timestep            7400

dynamics using ld       at timestep            7500

timestep and time
            7500    15.00000000 ps

in the coarse-grained domain

average/maximum/minimum energy (eV) per node is    -3.32172034    -3.26823886 and    -3.35875077

ave velocity (Angstrom/ps) is     0.00540272    -0.00727552     0.00033112

total force (eV/Angstrom) is    -2.85008023    -0.00247747     2.21186254

average/maximum/minimum number of neighbor atoms per intpo is    76.75734228              95 and              23

average/maximum/minimum host electron density per intpo is     0.94164509     1.05155897 and     0.26632507

in the atomistic domain

average/maximum/minimum energy (eV) per atom is    -3.27442761    -2.06887237 and    -3.37230225

ave velocity (Angstrom/ps) is    -0.00545440    -0.01407538    -0.00017120

total force (eV/Angstrom) is   -53.47336027  -188.58314116   -77.13070379

average/maximum/minimum number of neighbor atoms per atom is    77.60226764              99 and              19

average/maximum/minimum host electron density per atom is     0.94585063     1.03842871 and     0.29999961

in total

total force (eV/Angstrom) is   -56.32344050  -188.58561863   -74.91884125

ave velocity (Angstrom/ps) is    -0.00529577    -0.01397603    -0.00016386

ave kinetic energy (eV) is      0.00074145

global force vector length (eV/Angstrom) is    59.77140051

maximum force (eV/Angstrom) is      0.68094110

average/maximum/minimum number of neighbor cells per cell is    24.71008772              27 and              14

average/maximum/minimum number of atomps per cell is    25.09344846              90 and               0

box boundaries/lengths are (Angstrom)
x from   -40.09508523 to   389.79036463 length is   429.88544986
y from    -2.97421897 to   522.57718539 length is   521.20840841
z from   -29.22835738 to    31.56662597 length is    60.79498335

center of mass (Angstrom) is at   174.80389825   260.24130446     1.16677718

dynamics using ld       at timestep            7600

Update neighbor list at            7600

quasi-statics using cg       at timestep            7600

dynamics using ld       at timestep            7700

dynamics using ld       at timestep            7800

Update neighbor list at            7800

quasi-statics using cg       at timestep            7800

dynamics using ld       at timestep            7900

dynamics using ld       at timestep            8000

Update neighbor list at            8000

quasi-statics using cg       at timestep            8000

timestep and time
            8000    16.00000000 ps

in the coarse-grained domain

average/maximum/minimum energy (eV) per node is    -3.31829762    -3.26212455 and    -3.35681013

ave velocity (Angstrom/ps) is    -0.00861845     0.00675187     0.00027076

total force (eV/Angstrom) is     0.27169081     1.01746099     0.13309101

average/maximum/minimum number of neighbor atoms per intpo is    77.78998658              97 and              25

average/maximum/minimum host electron density per intpo is     0.94070131     1.05493382 and     0.27164223

in the atomistic domain

average/maximum/minimum energy (eV) per atom is    -3.27059578    -2.06660324 and    -3.37307420

ave velocity (Angstrom/ps) is     0.00073810    -0.01598555    -0.00019172

total force (eV/Angstrom) is    18.00585806  -261.54989600   -59.14259615

average/maximum/minimum number of neighbor atoms per atom is    78.76604637              98 and              19

average/maximum/minimum host electron density per atom is     0.94479680     1.04207163 and     0.29519511

in total

total force (eV/Angstrom) is    18.27754886  -260.53243501   -59.00950514

ave velocity (Angstrom/ps) is     0.00060139    -0.01565334    -0.00018496

ave kinetic energy (eV) is      0.00083243

global force vector length (eV/Angstrom) is    61.22561791

maximum force (eV/Angstrom) is      0.40052874

average/maximum/minimum number of neighbor cells per cell is    24.71008772              27 and              14

average/maximum/minimum number of atomps per cell is    25.08045504              89 and               0

box boundaries/lengths are (Angstrom)
x from   -40.09508523 to   389.79036463 length is   429.88544986
y from    -2.97421897 to   522.57718539 length is   521.20840841
z from   -29.22835738 to    31.56662597 length is    60.79498335

center of mass (Angstrom) is at   174.80390840   260.24118390     1.16682470

The deformation gradient is reversed

dynamics using ld       at timestep            8100

dynamics using ld       at timestep            8200

Update neighbor list at            8200

quasi-statics using cg       at timestep            8200

dynamics using ld       at timestep            8300

dynamics using ld       at timestep            8400

Update neighbor list at            8400

quasi-statics using cg       at timestep            8400

dynamics using ld       at timestep            8500

timestep and time
            8500    17.00000000 ps

in the coarse-grained domain

average/maximum/minimum energy (eV) per node is    -3.32372638    -3.26630728 and    -3.35876332

ave velocity (Angstrom/ps) is    -0.00274649    -0.01113591     0.00028842

total force (eV/Angstrom) is     1.16804795    -0.20351093     1.92663431

average/maximum/minimum number of neighbor atoms per intpo is    77.07242953              98 and              24

average/maximum/minimum host electron density per intpo is     0.94191587     1.04802747 and     0.26853012

in the atomistic domain

average/maximum/minimum energy (eV) per atom is    -3.27461134    -2.06774639 and    -3.37673220

ave velocity (Angstrom/ps) is     0.00445930    -0.00122192     0.00006538

total force (eV/Angstrom) is    -1.27155298  -133.93192168    29.45366073

average/maximum/minimum number of neighbor atoms per atom is    77.90252140              98 and              19

average/maximum/minimum host electron density per atom is     0.94599198     1.03719893 and     0.29723174

in total

total force (eV/Angstrom) is    -0.10350503  -134.13543261    31.38029504

ave velocity (Angstrom/ps) is     0.00435402    -0.00136677     0.00006864

ave kinetic energy (eV) is      0.00097803

global force vector length (eV/Angstrom) is    60.31651580

maximum force (eV/Angstrom) is      0.71631921

average/maximum/minimum number of neighbor cells per cell is    24.71008772              27 and              14

average/maximum/minimum number of atomps per cell is    25.09336623              85 and               0

box boundaries/lengths are (Angstrom)
x from   -40.09508523 to   389.79036463 length is   429.88544986
y from    -2.97421897 to   522.57718539 length is   521.20840841
z from   -29.22835738 to    31.56662597 length is    60.79498335

center of mass (Angstrom) is at   174.80393220   260.24130534     1.16662559

dynamics using ld       at timestep            8600

Update neighbor list at            8600

quasi-statics using cg       at timestep            8600

dynamics using ld       at timestep            8700

dynamics using ld       at timestep            8800

Update neighbor list at            8800

quasi-statics using cg       at timestep            8800

dynamics using ld       at timestep            8900

dynamics using ld       at timestep            9000

Update neighbor list at            9000

quasi-statics using cg       at timestep            9000

timestep and time
            9000    18.00000000 ps

in the coarse-grained domain

average/maximum/minimum energy (eV) per node is    -3.32695568    -3.27269042 and    -3.36008341

ave velocity (Angstrom/ps) is     0.00757115    -0.00178752     0.00005062

total force (eV/Angstrom) is     0.28114957     0.34028651    -0.26068712

average/maximum/minimum number of neighbor atoms per intpo is    76.62034899              97 and              23

average/maximum/minimum host electron density per intpo is     0.94290661     1.04535895 and     0.26760626

in the atomistic domain

average/maximum/minimum energy (eV) per atom is    -3.27801188    -2.07228497 and    -3.37780932

ave velocity (Angstrom/ps) is     0.01398470     0.03447693     0.00037549

total force (eV/Angstrom) is     6.25169450   -55.02055193   132.43200563

average/maximum/minimum number of neighbor atoms per atom is    77.49968902             100 and              19

average/maximum/minimum host electron density per atom is     0.94677042     1.03518894 and     0.29818309

in total

total force (eV/Angstrom) is     6.53284407   -54.68026543   132.17131850

ave velocity (Angstrom/ps) is     0.01389099     0.03394708     0.00037074

ave kinetic energy (eV) is      0.00101686

global force vector length (eV/Angstrom) is    60.54747007

maximum force (eV/Angstrom) is      0.37100700

average/maximum/minimum number of neighbor cells per cell is    24.71008772              27 and              14

average/maximum/minimum number of atomps per cell is    25.05962171              90 and               0

box boundaries/lengths are (Angstrom)
x from   -40.09508523 to   389.79036463 length is   429.88544986
y from    -2.97421897 to   522.57718539 length is   521.20840841
z from   -29.22835738 to    31.56662597 length is    60.79498335

center of mass (Angstrom) is at   174.80391483   260.24120307     1.16680977

The deformation gradient is reversed

dynamics using ld       at timestep            9100

dynamics using ld       at timestep            9200

Update neighbor list at            9200

quasi-statics using cg       at timestep            9200

dynamics using ld       at timestep            9300

dynamics using ld       at timestep            9400

Update neighbor list at            9400

quasi-statics using cg       at timestep            9400

dynamics using ld       at timestep            9500

timestep and time
            9500    19.00000000 ps

in the coarse-grained domain

average/maximum/minimum energy (eV) per node is    -3.32580385    -3.26869848 and    -3.35904337

ave velocity (Angstrom/ps) is    -0.00378592     0.00492541    -0.00018274

total force (eV/Angstrom) is     0.17718441    -0.46842722    -1.22073080

average/maximum/minimum number of neighbor atoms per intpo is    76.66995973              95 and              23

average/maximum/minimum host electron density per intpo is     0.94263553     1.04299505 and     0.26989133

in the atomistic domain

average/maximum/minimum energy (eV) per atom is    -3.27631665    -2.06914476 and    -3.37877366

ave velocity (Angstrom/ps) is     0.00421563     0.02808283     0.00027422

total force (eV/Angstrom) is   -11.29173891   -75.85947509   123.54293492

average/maximum/minimum number of neighbor atoms per atom is    77.56639964             101 and              19

average/maximum/minimum host electron density per atom is     0.94572778     1.03957029 and     0.29815158

in total

total force (eV/Angstrom) is   -11.11455450   -76.32790231   122.32220412

ave velocity (Angstrom/ps) is     0.00409872     0.02774448     0.00026755

ave kinetic energy (eV) is      0.00102975

global force vector length (eV/Angstrom) is    60.10009609

maximum force (eV/Angstrom) is      0.57771457

average/maximum/minimum number of neighbor cells per cell is    24.71008772              27 and              14

average/maximum/minimum number of atomps per cell is    25.09306469              90 and               0

box boundaries/lengths are (Angstrom)
x from   -40.09508523 to   389.89852951 length is   429.88544986
y from    -2.97421897 to   522.57718539 length is   521.20840841
z from   -29.22835738 to    31.56662597 length is    60.79498335

center of mass (Angstrom) is at   174.80379614   260.24112737     1.16672241

dynamics using ld       at timestep            9600

Update neighbor list at            9600

quasi-statics using cg       at timestep            9600

dynamics using ld       at timestep            9700

dynamics using ld       at timestep            9800

Update neighbor list at            9800

quasi-statics using cg       at timestep            9800

dynamics using ld       at timestep            9900

dynamics using ld       at timestep           10000

The deformation gradient is reversed

Update neighbor list at           10000

quasi-statics using cg       at timestep           10000

timestep and time
           10000    20.00000000 ps

in the coarse-grained domain

average/maximum/minimum energy (eV) per node is    -3.32437008    -3.26159310 and    -3.35684368

ave velocity (Angstrom/ps) is     0.00681040    -0.01493302    -0.00006901

total force (eV/Angstrom) is     0.37224471     0.76983116    -0.05153466

average/maximum/minimum number of neighbor atoms per intpo is    76.76539597              97 and              24

average/maximum/minimum host electron density per intpo is     0.94215405     1.04682007 and     0.27206734

in the atomistic domain

average/maximum/minimum energy (eV) per atom is    -3.27508908    -2.05612770 and    -3.37737847

ave velocity (Angstrom/ps) is    -0.00532088     0.03331173     0.00001336

total force (eV/Angstrom) is     8.27911214  -147.19508709    45.14206155

average/maximum/minimum number of neighbor atoms per atom is    77.88475843             100 and              19

average/maximum/minimum host electron density per atom is     0.94569859     1.04236940 and     0.29106143

in total

total force (eV/Angstrom) is     8.65135685  -146.42525593    45.09052689

ave velocity (Angstrom/ps) is    -0.00514363     0.03260684     0.00001215

ave kinetic energy (eV) is      0.00129167

global force vector length (eV/Angstrom) is    61.76601702

maximum force (eV/Angstrom) is      0.48536190

average/maximum/minimum number of neighbor cells per cell is    24.71008772              27 and              14

average/maximum/minimum number of atomps per cell is    25.08182566              86 and               0

box boundaries/lengths are (Angstrom)
x from   -40.09508523 to   390.01015440 length is   429.88544986
y from    -2.97421897 to   522.57718539 length is   521.20840841
z from   -29.22835738 to    31.56662597 length is    60.79498335

center of mass (Angstrom) is at   174.80376917   260.24128050     1.16677427

dynamics using ld       at timestep           10100

dynamics using ld       at timestep           10200

Update neighbor list at           10200

quasi-statics using cg       at timestep           10200

dynamics using ld       at timestep           10300

dynamics using ld       at timestep           10400

Update neighbor list at           10400

quasi-statics using cg       at timestep           10400

dynamics using ld       at timestep           10500

timestep and time
           10500    21.00000000 ps

in the coarse-grained domain

average/maximum/minimum energy (eV) per node is    -3.32783011    -3.26733538 and    -3.35906388

ave velocity (Angstrom/ps) is    -0.00191807    -0.02160453     0.00008448

total force (eV/Angstrom) is    -2.10523920    -3.60891909     0.56434704

average/maximum/minimum number of neighbor atoms per intpo is    76.49570470              95 and              23

average/maximum/minimum host electron density per intpo is     0.94319847     1.03920365 and     0.26158967

in the atomistic domain

average/maximum/minimum energy (eV) per atom is    -3.27849528    -2.06076823 and    -3.38858309

ave velocity (Angstrom/ps) is     0.00896401     0.00987230    -0.00001644

total force (eV/Angstrom) is   -18.88656351  -142.99942533    -7.40737248

average/maximum/minimum number of neighbor atoms per atom is    77.51999577             101 and              19

average/maximum/minimum host electron density per atom is     0.94672331     1.03525572 and     0.29307968

in total

total force (eV/Angstrom) is   -20.99180271  -146.60834442    -6.84302545

ave velocity (Angstrom/ps) is     0.00880502     0.00941240    -0.00001497

ave kinetic energy (eV) is      0.00115133

global force vector length (eV/Angstrom) is    60.67841816

maximum force (eV/Angstrom) is      0.96724132

average/maximum/minimum number of neighbor cells per cell is    24.71008772              27 and              14

average/maximum/minimum number of atomps per cell is    25.09717654              85 and               0

box boundaries/lengths are (Angstrom)
x from   -40.09508523 to   390.01015440 length is   429.88544986
y from    -2.97421897 to   522.57718539 length is   521.20840841
z from   -29.22835738 to    31.56662597 length is    60.79498335

center of mass (Angstrom) is at   174.80389486   260.24123082     1.16672579

The deformation gradient is reversed

dynamics using ld       at timestep           10600

Update neighbor list at           10600

quasi-statics using cg       at timestep           10600

dynamics using ld       at timestep           10700

dynamics using ld       at timestep           10800

Update neighbor list at           10800

quasi-statics using cg       at timestep           10800

dynamics using ld       at timestep           10900

dynamics using ld       at timestep           11000

Update neighbor list at           11000

quasi-statics using cg       at timestep           11000

timestep and time
           11000    22.00000000 ps

in the coarse-grained domain

average/maximum/minimum energy (eV) per node is    -3.32587103    -3.26332365 and    -3.35736741

ave velocity (Angstrom/ps) is    -0.00320035    -0.00523770    -0.00044471

total force (eV/Angstrom) is     0.21643217     0.61750207     0.18077170

average/maximum/minimum number of neighbor atoms per intpo is    76.43994631              97 and              23

average/maximum/minimum host electron density per intpo is     0.94275954     1.04061796 and     0.26588837

in the atomistic domain

average/maximum/minimum energy (eV) per atom is    -3.27753730    -2.06861282 and    -3.37581684

ave velocity (Angstrom/ps) is    -0.00126029    -0.01230514    -0.00009244

total force (eV/Angstrom) is   -11.08756127  -164.05062566   -43.08205123

average/maximum/minimum number of neighbor atoms per atom is    77.50829685             100 and              19

average/maximum/minimum host electron density per atom is     0.94634200     1.03516450 and     0.28303110

in total

total force (eV/Angstrom) is   -10.87112910  -163.43312359   -42.90127954

ave velocity (Angstrom/ps) is    -0.00128864    -0.01220188    -0.00009759

ave kinetic energy (eV) is      0.00092365

global force vector length (eV/Angstrom) is    60.30879987

maximum force (eV/Angstrom) is      0.59701618

average/maximum/minimum number of neighbor cells per cell is    24.71008772              27 and              14

average/maximum/minimum number of atomps per cell is    25.08273026              89 and               0

box boundaries/lengths are (Angstrom)
x from   -40.20172970 to   390.01015440 length is   429.88544986
y from    -2.97421897 to   522.57718539 length is   521.20840841
z from   -29.22835738 to    31.56662597 length is    60.79498335

center of mass (Angstrom) is at   174.80390912   260.24122089     1.16670858

dynamics using ld       at timestep           11100

dynamics using ld       at timestep           11200

Update neighbor list at           11200

quasi-statics using cg       at timestep           11200

dynamics using ld       at timestep           11300

dynamics using ld       at timestep           11400

Update neighbor list at           11400

quasi-statics using cg       at timestep           11400

dynamics using ld       at timestep           11500

timestep and time
           11500    23.00000000 ps

in the coarse-grained domain

average/maximum/minimum energy (eV) per node is    -3.32267611    -3.26134380 and    -3.35392434

ave velocity (Angstrom/ps) is     0.00442178    -0.00020527    -0.00005365

total force (eV/Angstrom) is     7.27252709    -0.00327830    -0.35838352

average/maximum/minimum number of neighbor atoms per intpo is    76.49401342              97 and              23

average/maximum/minimum host electron density per intpo is     0.94184494     1.03254205 and     0.26940424

in the atomistic domain

average/maximum/minimum energy (eV) per atom is    -3.27501270    -2.06207600 and    -3.38097007

ave velocity (Angstrom/ps) is    -0.00495627     0.01925102    -0.00022326

total force (eV/Angstrom) is   -16.77256595  -130.99818160  -100.58130434

average/maximum/minimum number of neighbor atoms per atom is    77.53532068             100 and              19

average/maximum/minimum host electron density per atom is     0.94541670     1.03817863 and     0.29263185

in total

total force (eV/Angstrom) is    -9.50003886  -131.00145991  -100.93968786

ave velocity (Angstrom/ps) is    -0.00481925     0.01896675    -0.00022078

ave kinetic energy (eV) is      0.00084500

global force vector length (eV/Angstrom) is    59.71908678

maximum force (eV/Angstrom) is      0.85710243

average/maximum/minimum number of neighbor cells per cell is    24.71008772              27 and              14

average/maximum/minimum number of atomps per cell is    25.07384868              92 and               0

box boundaries/lengths are (Angstrom)
x from   -40.20172970 to   390.01015440 length is   429.88544986
y from    -3.26355429 to   522.92498036 length is   521.20840841
z from   -29.22835738 to    31.56662597 length is    60.79498335

center of mass (Angstrom) is at   174.80385253   260.24136482     1.16670998

dynamics using ld       at timestep           11600

Update neighbor list at           11600

quasi-statics using cg       at timestep           11600

dynamics using ld       at timestep           11700

dynamics using ld       at timestep           11800

Update neighbor list at           11800

quasi-statics using cg       at timestep           11800

dynamics using ld       at timestep           11900

dynamics using ld       at timestep           12000

Update neighbor list at           12000

quasi-statics using cg       at timestep           12000

timestep and time
           12000    24.00000000 ps

in the coarse-grained domain

average/maximum/minimum energy (eV) per node is    -3.31819239    -3.26566783 and    -3.35014525

ave velocity (Angstrom/ps) is    -0.00136529     0.00508736    -0.00002158

total force (eV/Angstrom) is     0.34295308     0.95962473     0.14528506

average/maximum/minimum number of neighbor atoms per intpo is    77.74987919              96 and              24

average/maximum/minimum host electron density per intpo is     0.94081522     1.03588058 and     0.27153906

in the atomistic domain

average/maximum/minimum energy (eV) per atom is    -3.27196185    -1.97062797 and    -3.37280679

ave velocity (Angstrom/ps) is    -0.00533033    -0.01041362    -0.00010722

total force (eV/Angstrom) is    28.78641090  -232.10636483   -70.82595234

average/maximum/minimum number of neighbor atoms per atom is    78.21661981              98 and              19

average/maximum/minimum host electron density per atom is     0.94462672     1.04167073 and     0.25588194

in total

total force (eV/Angstrom) is    29.12936398  -231.14674011   -70.68066727

ave velocity (Angstrom/ps) is    -0.00527239    -0.01018714    -0.00010597

ave kinetic energy (eV) is      0.00083900

global force vector length (eV/Angstrom) is    60.91604629

maximum force (eV/Angstrom) is      0.42016334

average/maximum/minimum number of neighbor cells per cell is    24.71008772              27 and              14

average/maximum/minimum number of atomps per cell is    25.08522478              90 and               0

box boundaries/lengths are (Angstrom)
x from   -40.20172970 to   390.01015440 length is   429.88544986
y from    -3.92441935 to   523.59354677 length is   521.20840841
z from   -29.22835738 to    31.56662597 length is    60.79498335

center of mass (Angstrom) is at   174.80392073   260.24136274     1.16677775

The deformation gradient is reversed

dynamics using ld       at timestep           12100

dynamics using ld       at timestep           12200

Update neighbor list at           12200

quasi-statics using cg       at timestep           12200

dynamics using ld       at timestep           12300

dynamics using ld       at timestep           12400

Update neighbor list at           12400

quasi-statics using cg       at timestep           12400

dynamics using ld       at timestep           12500

timestep and time
           12500    25.00000000 ps

in the coarse-grained domain

average/maximum/minimum energy (eV) per node is    -3.32278849    -3.27006836 and    -3.35844318

ave velocity (Angstrom/ps) is    -0.00141823    -0.00886258    -0.00015722

total force (eV/Angstrom) is    -2.96913200     0.16882486    -1.05025966

average/maximum/minimum number of neighbor atoms per intpo is    76.58757047              93 and              24

average/maximum/minimum host electron density per intpo is     0.94202772     1.04015215 and     0.26894146

in the atomistic domain

average/maximum/minimum energy (eV) per atom is    -3.27567130    -1.98227297 and    -3.37481909

ave velocity (Angstrom/ps) is     0.02375131    -0.00110124    -0.00023105

total force (eV/Angstrom) is    54.34540678  -229.89929072  -104.09091189

average/maximum/minimum number of neighbor atoms per atom is    77.49740646              98 and              19

average/maximum/minimum host electron density per atom is     0.94554439     1.04005651 and     0.25538181

in total

total force (eV/Angstrom) is    51.37627478  -229.73046586  -105.14117155

ave velocity (Angstrom/ps) is     0.02338357    -0.00121464    -0.00022997

ave kinetic energy (eV) is      0.00074235

global force vector length (eV/Angstrom) is    59.40567326

maximum force (eV/Angstrom) is      0.49715565

average/maximum/minimum number of neighbor cells per cell is    24.71008772              27 and              14

average/maximum/minimum number of atomps per cell is    25.08530702              95 and               0

box boundaries/lengths are (Angstrom)
x from   -40.20172970 to   390.01015440 length is   429.88544986
y from    -3.92441935 to   523.59354677 length is   521.20840841
z from   -29.22835738 to    31.56662597 length is    60.79498335

center of mass (Angstrom) is at   174.80396912   260.24133429     1.16694020

The deformation gradient is reversed

dynamics using ld       at timestep           12600

Update neighbor list at           12600

quasi-statics using cg       at timestep           12600

dynamics using ld       at timestep           12700

dynamics using ld       at timestep           12800

Update neighbor list at           12800

quasi-statics using cg       at timestep           12800

dynamics using ld       at timestep           12900

dynamics using ld       at timestep           13000

Update neighbor list at           13000

quasi-statics using cg       at timestep           13000

timestep and time
           13000    26.00000000 ps

in the coarse-grained domain

average/maximum/minimum energy (eV) per node is    -3.31835937    -3.26571129 and    -3.35611875

ave velocity (Angstrom/ps) is     0.00917307    -0.00021021    -0.00062770

total force (eV/Angstrom) is     0.16251412     0.70582168     0.32937435

average/maximum/minimum number of neighbor atoms per intpo is    77.72722148              96 and              24

average/maximum/minimum host electron density per intpo is     0.94090083     1.04218006 and     0.27132396

in the atomistic domain

average/maximum/minimum energy (eV) per atom is    -3.27247970    -1.98616640 and    -3.37282150

ave velocity (Angstrom/ps) is    -0.00575609     0.00531370    -0.00031326

total force (eV/Angstrom) is    20.81229643  -199.86229341  -101.24901108

average/maximum/minimum number of neighbor atoms per atom is    78.10819485              98 and              19

average/maximum/minimum host electron density per atom is     0.94465666     1.03016050 and     0.26075477

in total

total force (eV/Angstrom) is    20.97481055  -199.15647173  -100.91963673

ave velocity (Angstrom/ps) is    -0.00553797     0.00523300    -0.00031785

ave kinetic energy (eV) is      0.00079116

global force vector length (eV/Angstrom) is    60.45030276

maximum force (eV/Angstrom) is      0.36220090

average/maximum/minimum number of neighbor cells per cell is    24.71008772              27 and              14

average/maximum/minimum number of atomps per cell is    25.08412829              94 and               0

box boundaries/lengths are (Angstrom)
x from   -40.20172970 to   390.01015440 length is   429.88544986
y from    -3.92441935 to   523.59354677 length is   521.20840841
z from   -29.22835738 to    31.56662597 length is    60.79498335

center of mass (Angstrom) is at   174.80389083   260.24126781     1.16666931

The deformation gradient is reversed

dynamics using ld       at timestep           13100

dynamics using ld       at timestep           13200

Update neighbor list at           13200

quasi-statics using cg       at timestep           13200

dynamics using ld       at timestep           13300

dynamics using ld       at timestep           13400

Update neighbor list at           13400

quasi-statics using cg       at timestep           13400

dynamics using ld       at timestep           13500

timestep and time
           13500    27.00000000 ps

in the coarse-grained domain

average/maximum/minimum energy (eV) per node is    -3.32292928    -3.27058887 and    -3.35862077

ave velocity (Angstrom/ps) is     0.00136489    -0.00109737    -0.00034825

total force (eV/Angstrom) is     1.03797191     0.80825180    -2.32630339

average/maximum/minimum number of neighbor atoms per intpo is    76.61446980              94 and              24

average/maximum/minimum host electron density per intpo is     0.94206010     1.03464904 and     0.26752653

in the atomistic domain

average/maximum/minimum energy (eV) per atom is    -3.27592944    -1.99282310 and    -3.37474869

ave velocity (Angstrom/ps) is     0.01299761     0.01736938    -0.00036801

total force (eV/Angstrom) is    -7.55394509  -140.87085659  -165.79545543

average/maximum/minimum number of neighbor atoms per atom is    77.45311723              97 and              19

average/maximum/minimum host electron density per atom is     0.94576329     1.02878367 and     0.26243835

in total

total force (eV/Angstrom) is    -6.51597318  -140.06260479  -168.12175883

ave velocity (Angstrom/ps) is     0.01282765     0.01709957    -0.00036772

ave kinetic energy (eV) is      0.00072802

global force vector length (eV/Angstrom) is    59.25122687

maximum force (eV/Angstrom) is      0.53888656

average/maximum/minimum number of neighbor cells per cell is    24.71008772              27 and              14

average/maximum/minimum number of atomps per cell is    25.08519737              95 and               0

box boundaries/lengths are (Angstrom)
x from   -40.20172970 to   390.01015440 length is   429.88544986
y from    -3.92441935 to   523.59354677 length is   521.20840841
z from   -29.22835738 to    31.56662597 length is    60.79498335

center of mass (Angstrom) is at   174.80379367   260.24115616     1.16657822

The deformation gradient is reversed

dynamics using ld       at timestep           13600

Update neighbor list at           13600

quasi-statics using cg       at timestep           13600

dynamics using ld       at timestep           13700

dynamics using ld       at timestep           13800

Update neighbor list at           13800

quasi-statics using cg       at timestep           13800

dynamics using ld       at timestep           13900

dynamics using ld       at timestep           14000

Update neighbor list at           14000

quasi-statics using cg       at timestep           14000

timestep and time
           14000    28.00000000 ps

in the coarse-grained domain

average/maximum/minimum energy (eV) per node is    -3.31884661    -3.26509769 and    -3.35772411

ave velocity (Angstrom/ps) is     0.00419987     0.00272004    -0.00040684

total force (eV/Angstrom) is     0.43208504     0.79743036     0.33740914

average/maximum/minimum number of neighbor atoms per intpo is    77.68128859              96 and              24

average/maximum/minimum host electron density per intpo is     0.94089428     1.03888807 and     0.27276760

in the atomistic domain

average/maximum/minimum energy (eV) per atom is    -3.27281330    -1.99326916 and    -3.37053397

ave velocity (Angstrom/ps) is     0.00525253    -0.00045330    -0.00029236

total force (eV/Angstrom) is    17.67314511  -194.53008235  -121.50619134

average/maximum/minimum number of neighbor atoms per atom is    78.05991268              97 and              19

average/maximum/minimum host electron density per atom is     0.94477160     1.03115134 and     0.26229951

in total

total force (eV/Angstrom) is    18.10523015  -193.73265199  -121.16878220

ave velocity (Angstrom/ps) is     0.00523715    -0.00040694    -0.00029404

ave kinetic energy (eV) is      0.00079661

global force vector length (eV/Angstrom) is    60.36928970

maximum force (eV/Angstrom) is      0.23917644

average/maximum/minimum number of neighbor cells per cell is    24.71008772              27 and              14

average/maximum/minimum number of atomps per cell is    25.08462171              90 and               0

box boundaries/lengths are (Angstrom)
x from   -40.20172970 to   390.01015440 length is   429.88544986
y from    -3.92441935 to   523.59354677 length is   521.20840841
z from   -29.22835738 to    31.56662597 length is    60.79498335

center of mass (Angstrom) is at   174.80390959   260.24120309     1.16670672

The deformation gradient is reversed

dynamics using ld       at timestep           14100

dynamics using ld       at timestep           14200

Update neighbor list at           14200

quasi-statics using cg       at timestep           14200

dynamics using ld       at timestep           14300

dynamics using ld       at timestep           14400

Update neighbor list at           14400

quasi-statics using cg       at timestep           14400

dynamics using ld       at timestep           14500

timestep and time
           14500    29.00000000 ps

in the coarse-grained domain

average/maximum/minimum energy (eV) per node is    -3.32344905    -3.26893271 and    -3.35933845

ave velocity (Angstrom/ps) is    -0.00576619    -0.00429995     0.00088159

total force (eV/Angstrom) is     2.10614820     4.24998562     5.88907971

average/maximum/minimum number of neighbor atoms per intpo is    76.67076510              94 and              24

average/maximum/minimum host electron density per intpo is     0.94212658     1.04688935 and     0.27053693

in the atomistic domain

average/maximum/minimum energy (eV) per atom is    -3.27608031    -1.99362092 and    -3.37857945

ave velocity (Angstrom/ps) is    -0.00590051    -0.01611531    -0.00034801

total force (eV/Angstrom) is   -78.83868818  -197.55371010  -156.78413580

average/maximum/minimum number of neighbor atoms per atom is    77.44537392              99 and              19

average/maximum/minimum host electron density per atom is     0.94559195     1.03378135 and     0.26311257

in total

total force (eV/Angstrom) is   -76.73253998  -193.30372449  -150.89505609

ave velocity (Angstrom/ps) is    -0.00589855    -0.01594268    -0.00033004

ave kinetic energy (eV) is      0.00073581

global force vector length (eV/Angstrom) is    59.23519656

maximum force (eV/Angstrom) is      0.62612516

average/maximum/minimum number of neighbor cells per cell is    24.71008772              27 and              14

average/maximum/minimum number of atomps per cell is    25.08593750              95 and               0

box boundaries/lengths are (Angstrom)
x from   -40.20172970 to   390.01015440 length is   429.88544986
y from    -3.92441935 to   523.59354677 length is   521.20840841
z from   -29.22835738 to    31.56662597 length is    60.79498335

center of mass (Angstrom) is at   174.80396562   260.24116272     1.16681974

The deformation gradient is reversed

dynamics using ld       at timestep           14600

Update neighbor list at           14600

quasi-statics using cg       at timestep           14600

dynamics using ld       at timestep           14700

dynamics using ld       at timestep           14800

Update neighbor list at           14800

quasi-statics using cg       at timestep           14800

dynamics using ld       at timestep           14900

dynamics using ld       at timestep           15000

Update neighbor list at           15000

quasi-statics using cg       at timestep           15000

timestep and time
           15000    30.00000000 ps

in the coarse-grained domain

average/maximum/minimum energy (eV) per node is    -3.32016781    -3.26563456 and    -3.35789620

ave velocity (Angstrom/ps) is     0.00076893     0.00066666     0.00084444

total force (eV/Angstrom) is     0.29391419     1.02276888     0.30783180

average/maximum/minimum number of neighbor atoms per intpo is    77.50306040              97 and              24

average/maximum/minimum host electron density per intpo is     0.94115244     1.05957178 and     0.27027137

in the atomistic domain

average/maximum/minimum energy (eV) per atom is    -3.27297432    -1.99666814 and    -3.37428567

ave velocity (Angstrom/ps) is     0.00431318    -0.02081172    -0.00021097

total force (eV/Angstrom) is     3.94488137  -254.71925478   -89.47819750

average/maximum/minimum number of neighbor atoms per atom is    78.01513210              96 and              19

average/maximum/minimum host electron density per atom is     0.94496289     1.03032300 and     0.26362678

in total

total force (eV/Angstrom) is     4.23879556  -253.69648590   -89.17036570

ave velocity (Angstrom/ps) is     0.00426140    -0.02049791    -0.00019555

ave kinetic energy (eV) is      0.00079410

global force vector length (eV/Angstrom) is    60.25468758

maximum force (eV/Angstrom) is      0.25542762

average/maximum/minimum number of neighbor cells per cell is    24.71008772              27 and              14

average/maximum/minimum number of atomps per cell is    25.08577303              95 and               0

box boundaries/lengths are (Angstrom)
x from   -40.20172970 to   390.01015440 length is   429.88544986
y from    -3.92441935 to   523.59354677 length is   521.20840841
z from   -29.22835738 to    31.56662597 length is    60.79498335

center of mass (Angstrom) is at   174.80379929   260.24128442     1.16691575

Elapsed time (in unit of s)

total time (%) 23257.53757316

force time (%) 20503.59078780(    88.15890643)

neigh time (%)   693.18981192(     2.98049529)

comm time (%)  1332.41376710(     5.72895459)

io time (%)  1803.02484736(     7.75243227)

other time (%) -1074.68164101(    -4.62078858)

